#
# There is insufficient memory for the Java Runtime Environment to continue.
# Native memory allocation (malloc) failed to allocate 1048576 bytes for AllocateHeap
# Possible reasons:
#   The system is out of physical RAM or swap space
#   The process is running with CompressedOops enabled, and the Java Heap may be blocking the growth of the native heap
# Possible solutions:
#   Reduce memory load on the system
#   Increase physical memory or swap space
#   Check if swap backing store is full
#   Decrease Java heap size (-Xmx/-Xms)
#   Decrease number of Java threads
#   Decrease Java thread stack sizes (-Xss)
#   Set larger code cache with -XX:ReservedCodeCacheSize=
#   JVM is running with Unscaled Compressed Oops mode in which the Java heap is
#     placed in the first 4GB address space. The Java Heap base address is the
#     maximum limit for the native heap growth. Please use -XX:HeapBaseMinAddress
#     to set the Java Heap base and to place the Java Heap above 4GB virtual address.
# This output file may be truncated or incomplete.
#
#  Out of Memory Error (./src/hotspot/share/memory/allocation.cpp:46), pid=3812, tid=4188
#
# JRE version: OpenJDK Runtime Environment Corretto-11.0.18.10.1 (11.0.18+10) (build 11.0.18+10-LTS)
# Java VM: OpenJDK 64-Bit Server VM Corretto-11.0.18.10.1 (11.0.18+10-LTS, mixed mode, tiered, compressed oops, g1 gc, windows-amd64)
# No core dump will be written. Minidumps are not enabled by default on client versions of Windows
#

---------------  S U M M A R Y ------------

Command Line: --add-opens=java.base/java.util=ALL-UNNAMED --add-opens=java.base/java.lang=ALL-UNNAMED --add-opens=java.base/java.lang.invoke=ALL-UNNAMED --add-opens=java.base/java.util=ALL-UNNAMED --add-opens=java.prefs/java.util.prefs=ALL-UNNAMED --add-opens=java.prefs/java.util.prefs=ALL-UNNAMED --add-opens=java.base/java.nio.charset=ALL-UNNAMED --add-opens=java.base/java.net=ALL-UNNAMED --add-opens=java.base/java.util.concurrent.atomic=ALL-UNNAMED -Xmx2048m -Dfile.encoding=UTF-8 -Duser.country=US -Duser.language=en -Duser.variant org.gradle.launcher.daemon.bootstrap.GradleDaemon 7.5

Host: Intel(R) Core(TM) i5-6300HQ CPU @ 2.30GHz, 4 cores, 7G,  Windows 10 , 64 bit Build 18362 (10.0.18362.329)
Time: Thu Mar 16 21:44:19 2023 SE Asia Standard Time elapsed time: 14.125088 seconds (0d 0h 0m 14s)

---------------  T H R E A D  ---------------

Current thread (0x000001386279f000):  VMThread "VM Thread" [stack: 0x0000002787d00000,0x0000002787e00000] [id=4188]

Stack: [0x0000002787d00000,0x0000002787e00000]
[error occurred during error reporting (printing stack bounds), id 0xc0000005, EXCEPTION_ACCESS_VIOLATION (0xc0000005) at pc=0x000001384c6b112d]

Native frames: (J=compiled Java code, j=interpreted, Vv=VM code, C=native code)
V  [jvm.dll+0x622d9a]
V  [jvm.dll+0x7b0289]
V  [jvm.dll+0x7b1978]
V  [jvm.dll+0x7b1fb5]
V  [jvm.dll+0x7b1f6b]
V  [jvm.dll+0x622127]
V  [jvm.dll+0x622838]
C  [ntdll.dll+0xa11ff]
C  [ntdll.dll+0x6a289]
C  [ntdll.dll+0x9fe6e]
C  0x000001384c6b112d

VM_Operation (0x00000027890efc70): CollectForMetadataAllocation, mode: safepoint, requested by thread 0x0000013863efd800


---------------  P R O C E S S  ---------------

Threads class SMR info:
_java_thread_list=0x0000013868b7da40, length=77, elements={
0x0000013843f3c800, 0x00000138627b1000, 0x00000138627b4000, 0x00000138627af000,
0x00000138627bd800, 0x00000138627be800, 0x00000138627c1800, 0x00000138627c5000,
0x00000138627cc800, 0x0000013863260800, 0x00000138650f3000, 0x0000013864f3b800,
0x00000138633a9800, 0x000001386521c000, 0x0000013865233800, 0x0000013864219800,
0x0000013863efd800, 0x0000013864980000, 0x000001386545d800, 0x0000013865182000,
0x0000013865402000, 0x0000013865401800, 0x0000013865406000, 0x0000013865404000,
0x0000013865400800, 0x0000013865407000, 0x0000013865403000, 0x0000013865404800,
0x0000013865405800, 0x0000013866775800, 0x0000013866774800, 0x0000013866770800,
0x000001386676f800, 0x0000013866777800, 0x0000013866773800, 0x000001386677a000,
0x0000013866778800, 0x0000013866777000, 0x0000013866779800, 0x000001386677b000,
0x000001386677c000, 0x0000013866776000, 0x000001386677c800, 0x000001386677e800,
0x000001386677d800, 0x0000013868884800, 0x0000013868882800, 0x0000013868882000,
0x0000013868885000, 0x0000013868886000, 0x0000013868887000, 0x0000013868881000,
0x0000013868883800, 0x000001386888b800, 0x000001386888b000, 0x0000013868889000,
0x0000013868888800, 0x000001386888c800, 0x0000013868887800, 0x000001386888d800,
0x000001386888e000, 0x000001386888f000, 0x0000013868890000, 0x000001386888a000,
0x0000013869671800, 0x0000013869674000, 0x0000013869674800, 0x0000013869677000,
0x0000013869672000, 0x0000013869676000, 0x0000013869678000, 0x0000013869675800,
0x0000013869678800, 0x0000013869673000, 0x000001386967d800, 0x000001386967d000,
0x000001386967e800
}

Java Threads: ( => current thread )
  0x0000013843f3c800 JavaThread "main" [_thread_blocked, id=1652, stack(0x0000002787700000,0x0000002787800000)]
  0x00000138627b1000 JavaThread "Reference Handler" daemon [_thread_blocked, id=4640, stack(0x0000002787e00000,0x0000002787f00000)]
  0x00000138627b4000 JavaThread "Finalizer" daemon [_thread_blocked, id=1668, stack(0x0000002787f00000,0x0000002788000000)]
  0x00000138627af000 JavaThread "Signal Dispatcher" daemon [_thread_blocked, id=9996, stack(0x0000002788000000,0x0000002788100000)]
  0x00000138627bd800 JavaThread "Attach Listener" daemon [_thread_blocked, id=13112, stack(0x0000002788100000,0x0000002788200000)]
  0x00000138627be800 JavaThread "Service Thread" daemon [_thread_blocked, id=6612, stack(0x0000002788200000,0x0000002788300000)]
  0x00000138627c1800 JavaThread "C2 CompilerThread0" daemon [_thread_blocked, id=11952, stack(0x0000002788300000,0x0000002788400000)]
  0x00000138627c5000 JavaThread "C1 CompilerThread0" daemon [_thread_blocked, id=6148, stack(0x0000002788400000,0x0000002788500000)]
  0x00000138627cc800 JavaThread "Sweeper thread" daemon [_thread_blocked, id=9204, stack(0x0000002788500000,0x0000002788600000)]
  0x0000013863260800 JavaThread "Common-Cleaner" daemon [_thread_blocked, id=11364, stack(0x0000002788600000,0x0000002788700000)]
  0x00000138650f3000 JavaThread "Daemon health stats" [_thread_blocked, id=2236, stack(0x0000002788b00000,0x0000002788c00000)]
  0x0000013864f3b800 JavaThread "Incoming local TCP Connector on port 49962" [_thread_in_native, id=600, stack(0x0000002788800000,0x0000002788900000)]
  0x00000138633a9800 JavaThread "Daemon periodic checks" [_thread_blocked, id=2704, stack(0x0000002788c00000,0x0000002788d00000)]
  0x000001386521c000 JavaThread "Daemon" [_thread_blocked, id=2700, stack(0x0000002788d00000,0x0000002788e00000)]
  0x0000013865233800 JavaThread "Handler for socket connection from /127.0.0.1:49962 to /127.0.0.1:49963" [_thread_in_native, id=11796, stack(0x0000002788e00000,0x0000002788f00000)]
  0x0000013864219800 JavaThread "Cancel handler" [_thread_blocked, id=2396, stack(0x0000002788f00000,0x0000002789000000)]
  0x0000013863efd800 JavaThread "Daemon worker" [_thread_blocked, id=11976, stack(0x0000002789000000,0x0000002789100000)]
  0x0000013864980000 JavaThread "Asynchronous log dispatcher for DefaultDaemonConnection: socket connection from /127.0.0.1:49962 to /127.0.0.1:49963" [_thread_blocked, id=2388, stack(0x0000002789100000,0x0000002789200000)]
  0x000001386545d800 JavaThread "Stdin handler" [_thread_blocked, id=3600, stack(0x0000002789200000,0x0000002789300000)]
  0x0000013865182000 JavaThread "Daemon client event forwarder" [_thread_blocked, id=1392, stack(0x0000002789300000,0x0000002789400000)]
  0x0000013865402000 JavaThread "Cache worker for journal cache (C:\Users\ad\.gradle\caches\journal-1)" [_thread_blocked, id=4260, stack(0x0000002789400000,0x0000002789500000)]
  0x0000013865401800 JavaThread "File lock request listener" [_thread_in_native, id=2148, stack(0x0000002789500000,0x0000002789600000)]
  0x0000013865406000 JavaThread "Cache worker for file hash cache (C:\Users\ad\.gradle\caches\7.5\fileHashes)" [_thread_blocked, id=4736, stack(0x0000002789700000,0x0000002789800000)]
  0x0000013865404000 JavaThread "File watcher server" daemon [_thread_in_native, id=10108, stack(0x0000002789900000,0x0000002789a00000)]
  0x0000013865400800 JavaThread "File watcher consumer" daemon [_thread_blocked, id=8512, stack(0x0000002789a00000,0x0000002789b00000)]
  0x0000013865407000 JavaThread "Cache worker for checksums cache (D:\SAVE DATA\Android\Source code\ConquerTheExam\.gradle\7.5\checksums)" [_thread_blocked, id=8528, stack(0x0000002789b00000,0x0000002789c00000)]
  0x0000013865403000 JavaThread "Cache worker for cache directory md-rule (C:\Users\ad\.gradle\caches\7.5\md-rule)" [_thread_blocked, id=7672, stack(0x0000002789c00000,0x0000002789d00000)]
  0x0000013865404800 JavaThread "Cache worker for file content cache (C:\Users\ad\.gradle\caches\7.5\fileContent)" [_thread_blocked, id=8556, stack(0x0000002789d00000,0x0000002789e00000)]
  0x0000013865405800 JavaThread "Cache worker for file hash cache (D:\SAVE DATA\Android\Source code\ConquerTheExam\.gradle\7.5\fileHashes)" [_thread_blocked, id=9488, stack(0x0000002789e00000,0x0000002789f00000)]
  0x0000013866775800 JavaThread "Cache worker for cache directory md-supplier (C:\Users\ad\.gradle\caches\7.5\md-supplier)" [_thread_blocked, id=3932, stack(0x0000002789f00000,0x000000278a000000)]
  0x0000013866774800 JavaThread "Cache worker for execution history cache (C:\Users\ad\.gradle\caches\7.5\executionHistory)" [_thread_blocked, id=3968, stack(0x000000278a000000,0x000000278a100000)]
  0x0000013866770800 JavaThread "jar transforms" [_thread_blocked, id=3456, stack(0x0000002789800000,0x0000002789900000)]
  0x000001386676f800 JavaThread "jar transforms Thread 2" [_thread_blocked, id=8024, stack(0x000000278a100000,0x000000278a200000)]
  0x0000013866777800 JavaThread "jar transforms Thread 3" [_thread_blocked, id=12048, stack(0x000000278a300000,0x000000278a400000)]
  0x0000013866773800 JavaThread "jar transforms Thread 4" [_thread_blocked, id=3268, stack(0x000000278a400000,0x000000278a500000)]
  0x000001386677a000 JavaThread "Cache worker for dependencies-accessors (D:\SAVE DATA\Android\Source code\ConquerTheExam\.gradle\7.5\dependencies-accessors)" [_thread_blocked, id=8736, stack(0x000000278a500000,0x000000278a600000)]
  0x0000013866778800 JavaThread "Cache worker for Build Output Cleanup Cache (D:\SAVE DATA\Android\Source code\ConquerTheExam\.gradle\buildOutputCleanup)" [_thread_blocked, id=10596, stack(0x000000278a600000,0x000000278a700000)]
  0x0000013866777000 JavaThread "Unconstrained build operations" [_thread_blocked, id=12268, stack(0x000000278a800000,0x000000278a900000)]
  0x0000013866779800 JavaThread "Unconstrained build operations Thread 2" [_thread_blocked, id=10492, stack(0x000000278a900000,0x000000278aa00000)]
  0x000001386677b000 JavaThread "Unconstrained build operations Thread 3" [_thread_blocked, id=12280, stack(0x000000278aa00000,0x000000278ab00000)]
  0x000001386677c000 JavaThread "Unconstrained build operations Thread 4" [_thread_blocked, id=12272, stack(0x000000278ab00000,0x000000278ac00000)]
  0x0000013866776000 JavaThread "Unconstrained build operations Thread 5" [_thread_blocked, id=12284, stack(0x000000278ac00000,0x000000278ad00000)]
  0x000001386677c800 JavaThread "Unconstrained build operations Thread 6" [_thread_blocked, id=12264, stack(0x000000278ad00000,0x000000278ae00000)]
  0x000001386677e800 JavaThread "Unconstrained build operations Thread 7" [_thread_blocked, id=8376, stack(0x000000278ae00000,0x000000278af00000)]
  0x000001386677d800 JavaThread "Unconstrained build operations Thread 8" [_thread_blocked, id=12228, stack(0x000000278af00000,0x000000278b000000)]
  0x0000013868884800 JavaThread "Unconstrained build operations Thread 9" [_thread_blocked, id=4664, stack(0x000000278b000000,0x000000278b100000)]
  0x0000013868882800 JavaThread "Unconstrained build operations Thread 10" [_thread_blocked, id=9872, stack(0x000000278b100000,0x000000278b200000)]
  0x0000013868882000 JavaThread "Unconstrained build operations Thread 11" [_thread_blocked, id=2124, stack(0x000000278b200000,0x000000278b300000)]
  0x0000013868885000 JavaThread "Unconstrained build operations Thread 12" [_thread_blocked, id=1128, stack(0x000000278b300000,0x000000278b400000)]
  0x0000013868886000 JavaThread "Unconstrained build operations Thread 13" [_thread_blocked, id=10604, stack(0x000000278b400000,0x000000278b500000)]
  0x0000013868887000 JavaThread "Unconstrained build operations Thread 14" [_thread_blocked, id=1756, stack(0x000000278b500000,0x000000278b600000)]
  0x0000013868881000 JavaThread "Unconstrained build operations Thread 15" [_thread_blocked, id=1760, stack(0x000000278b600000,0x000000278b700000)]
  0x0000013868883800 JavaThread "Unconstrained build operations Thread 16" [_thread_blocked, id=10764, stack(0x000000278b700000,0x000000278b800000)]
  0x000001386888b800 JavaThread "Unconstrained build operations Thread 17" [_thread_blocked, id=12168, stack(0x000000278b800000,0x000000278b900000)]
  0x000001386888b000 JavaThread "Unconstrained build operations Thread 18" [_thread_blocked, id=1876, stack(0x000000278b900000,0x000000278ba00000)]
  0x0000013868889000 JavaThread "Unconstrained build operations Thread 19" [_thread_blocked, id=1872, stack(0x000000278ba00000,0x000000278bb00000)]
  0x0000013868888800 JavaThread "Unconstrained build operations Thread 20" [_thread_blocked, id=1880, stack(0x000000278bb00000,0x000000278bc00000)]
  0x000001386888c800 JavaThread "Unconstrained build operations Thread 21" [_thread_blocked, id=1808, stack(0x000000278bc00000,0x000000278bd00000)]
  0x0000013868887800 JavaThread "Unconstrained build operations Thread 22" [_thread_blocked, id=3276, stack(0x000000278bd00000,0x000000278be00000)]
  0x000001386888d800 JavaThread "Unconstrained build operations Thread 23" [_thread_blocked, id=3292, stack(0x000000278be00000,0x000000278bf00000)]
  0x000001386888e000 JavaThread "Unconstrained build operations Thread 24" [_thread_blocked, id=3220, stack(0x000000278bf00000,0x000000278c000000)]
  0x000001386888f000 JavaThread "Unconstrained build operations Thread 25" [_thread_blocked, id=3200, stack(0x000000278c000000,0x000000278c100000)]
  0x0000013868890000 JavaThread "Unconstrained build operations Thread 26" [_thread_blocked, id=12464, stack(0x000000278c100000,0x000000278c200000)]
  0x000001386888a000 JavaThread "Unconstrained build operations Thread 27" [_thread_blocked, id=13196, stack(0x000000278c200000,0x000000278c300000)]
  0x0000013869671800 JavaThread "Unconstrained build operations Thread 28" [_thread_blocked, id=10560, stack(0x000000278c300000,0x000000278c400000)]
  0x0000013869674000 JavaThread "Unconstrained build operations Thread 29" [_thread_blocked, id=3364, stack(0x000000278c400000,0x000000278c500000)]
  0x0000013869674800 JavaThread "Unconstrained build operations Thread 30" [_thread_blocked, id=12044, stack(0x000000278c500000,0x000000278c600000)]
  0x0000013869677000 JavaThread "Unconstrained build operations Thread 31" [_thread_blocked, id=12080, stack(0x000000278c600000,0x000000278c700000)]
  0x0000013869672000 JavaThread "Unconstrained build operations Thread 32" [_thread_blocked, id=12096, stack(0x000000278c700000,0x000000278c800000)]
  0x0000013869676000 JavaThread "Unconstrained build operations Thread 33" [_thread_blocked, id=10948, stack(0x000000278c800000,0x000000278c900000)]
  0x0000013869678000 JavaThread "Unconstrained build operations Thread 34" [_thread_blocked, id=7912, stack(0x000000278c900000,0x000000278ca00000)]
  0x0000013869675800 JavaThread "Unconstrained build operations Thread 35" [_thread_blocked, id=10952, stack(0x000000278ca00000,0x000000278cb00000)]
  0x0000013869678800 JavaThread "Unconstrained build operations Thread 36" [_thread_blocked, id=12084, stack(0x000000278cb00000,0x000000278cc00000)]
  0x0000013869673000 JavaThread "Unconstrained build operations Thread 37" [_thread_blocked, id=12112, stack(0x000000278cc00000,0x000000278cd00000)]
  0x000001386967d800 JavaThread "Unconstrained build operations Thread 38" [_thread_blocked, id=10584, stack(0x000000278cd00000,0x000000278ce00000)]
  0x000001386967d000 JavaThread "Unconstrained build operations Thread 39" [_thread_blocked, id=10252, stack(0x000000278ce00000,0x000000278cf00000)]
  0x000001386967e800 JavaThread "Unconstrained build operations Thread 40" [_thread_blocked, id=10552, stack(0x000000278cf00000,0x000000278d000000)]

Other Threads:
=>0x000001386279f000 VMThread "VM Thread" [stack: 0x0000002787d00000,0x0000002787e00000] [id=4188]
  0x0000013863266000 WatcherThread [stack: 0x0000002788700000,0x0000002788800000] [id=12628]
  0x0000013843f56000 GCTaskThread "GC Thread#0" [stack: 0x0000002787800000,0x0000002787900000] [id=4508]
  0x00000138638ae800 GCTaskThread "GC Thread#1" [stack: 0x0000002788900000,0x0000002788a00000] [id=2256]
  0x0000013863d13000 GCTaskThread "GC Thread#2" [stack: 0x0000002788a00000,0x0000002788b00000] [id=12936]
  0x000001386519c000 GCTaskThread "GC Thread#3" [stack: 0x0000002789600000,0x0000002789700000] [id=10380]
  0x0000013843f87800 ConcurrentGCThread "G1 Main Marker" [stack: 0x0000002787900000,0x0000002787a00000] [id=4180]
  0x0000013843f8a800 ConcurrentGCThread "G1 Conc#0" [stack: 0x0000002787a00000,0x0000002787b00000] [id=4152]
  0x00000138625f0800 ConcurrentGCThread "G1 Refine#0" [stack: 0x0000002787b00000,0x0000002787c00000] [id=10324]
  0x00000138625f1800 ConcurrentGCThread "G1 Young RemSet Sampling" [stack: 0x0000002787c00000,0x0000002787d00000] [id=9720]

Threads with active compile tasks:

VM state:at safepoint (normal execution)

VM Mutex/Monitor currently owned by a thread:  ([mutex/lock_event])
[0x0000013843f38c50] Threads_lock - owner thread: 0x000001386279f000
[0x0000013843f39a60] Heap_lock - owner thread: 0x0000013863efd800

Heap address: 0x0000000080000000, size: 2048 MB, Compressed Oops mode: 32-bit
Narrow klass base: 0x0000000000000000, Narrow klass shift: 3
Compressed class space size: 1073741824 Address: 0x0000000100000000

Heap:
 garbage-first heap   total 155648K, used 52655K [0x0000000080000000, 0x0000000100000000)
  region size 1024K, 11 young (11264K), 11 survivors (11264K)
 Metaspace       used 56924K, capacity 58223K, committed 58396K, reserved 1107968K
  class space    used 7173K, capacity 7687K, committed 7808K, reserved 1048576K
Heap Regions: E=young(eden), S=young(survivor), O=old, HS=humongous(starts), HC=humongous(continues), CS=collection set, F=free, A=archive, TAMS=top-at-mark-start (previous, next)
|   0|0x0000000080000000, 0x0000000080100000, 0x0000000080100000|100%|HS|  |TAMS 0x0000000080100000, 0x0000000080100000| Complete 
|   1|0x0000000080100000, 0x0000000080200000, 0x0000000080200000|100%|HC|  |TAMS 0x0000000080200000, 0x0000000080200000| Complete 
|   2|0x0000000080200000, 0x0000000080300000, 0x0000000080300000|100%|HC|  |TAMS 0x0000000080300000, 0x0000000080300000| Complete 
|   3|0x0000000080300000, 0x0000000080400000, 0x0000000080400000|100%| O|  |TAMS 0x0000000080400000, 0x0000000080400000| Untracked 
|   4|0x0000000080400000, 0x0000000080500000, 0x0000000080500000|100%| O|  |TAMS 0x0000000080500000, 0x0000000080500000| Untracked 
|   5|0x0000000080500000, 0x0000000080600000, 0x0000000080600000|100%| O|  |TAMS 0x0000000080600000, 0x0000000080600000| Untracked 
|   6|0x0000000080600000, 0x0000000080700000, 0x0000000080700000|100%| O|  |TAMS 0x0000000080700000, 0x0000000080700000| Untracked 
|   7|0x0000000080700000, 0x0000000080800000, 0x0000000080800000|100%| O|  |TAMS 0x0000000080800000, 0x0000000080800000| Untracked 
|   8|0x0000000080800000, 0x0000000080900000, 0x0000000080900000|100%| O|  |TAMS 0x0000000080900000, 0x0000000080900000| Untracked 
|   9|0x0000000080900000, 0x0000000080a00000, 0x0000000080a00000|100%| O|  |TAMS 0x0000000080a00000, 0x0000000080a00000| Untracked 
|  10|0x0000000080a00000, 0x0000000080b00000, 0x0000000080b00000|100%| O|  |TAMS 0x0000000080b00000, 0x0000000080b00000| Untracked 
|  11|0x0000000080b00000, 0x0000000080c00000, 0x0000000080c00000|100%| O|  |TAMS 0x0000000080c00000, 0x0000000080c00000| Untracked 
|  12|0x0000000080c00000, 0x0000000080d00000, 0x0000000080d00000|100%| O|  |TAMS 0x0000000080d00000, 0x0000000080d00000| Untracked 
|  13|0x0000000080d00000, 0x0000000080e00000, 0x0000000080e00000|100%| O|  |TAMS 0x0000000080e00000, 0x0000000080e00000| Untracked 
|  14|0x0000000080e00000, 0x0000000080f00000, 0x0000000080f00000|100%| O|  |TAMS 0x0000000080f00000, 0x0000000080f00000| Untracked 
|  15|0x0000000080f00000, 0x0000000081000000, 0x0000000081000000|100%| O|  |TAMS 0x0000000081000000, 0x0000000081000000| Untracked 
|  16|0x0000000081000000, 0x0000000081100000, 0x0000000081100000|100%| O|  |TAMS 0x000000008105c000, 0x0000000081100000| Untracked 
|  17|0x0000000081100000, 0x0000000081200000, 0x0000000081200000|100%|HS|  |TAMS 0x0000000081100000, 0x0000000081200000| Complete 
|  18|0x0000000081200000, 0x0000000081300000, 0x0000000081300000|100%| O|  |TAMS 0x0000000081200000, 0x0000000081300000| Untracked 
|  19|0x0000000081300000, 0x0000000081400000, 0x0000000081400000|100%| O|  |TAMS 0x0000000081300000, 0x0000000081400000| Untracked 
|  20|0x0000000081400000, 0x0000000081500000, 0x0000000081500000|100%| O|  |TAMS 0x0000000081400000, 0x0000000081500000| Untracked 
|  21|0x0000000081500000, 0x0000000081600000, 0x0000000081600000|100%| O|  |TAMS 0x0000000081500000, 0x0000000081600000| Untracked 
|  22|0x0000000081600000, 0x0000000081700000, 0x0000000081700000|100%| O|  |TAMS 0x0000000081600000, 0x0000000081700000| Untracked 
|  23|0x0000000081700000, 0x0000000081800000, 0x0000000081800000|100%| O|  |TAMS 0x0000000081700000, 0x0000000081800000| Untracked 
|  24|0x0000000081800000, 0x0000000081900000, 0x0000000081900000|100%| O|  |TAMS 0x0000000081800000, 0x0000000081900000| Untracked 
|  25|0x0000000081900000, 0x0000000081a00000, 0x0000000081a00000|100%| O|  |TAMS 0x0000000081900000, 0x0000000081a00000| Untracked 
|  26|0x0000000081a00000, 0x0000000081b00000, 0x0000000081b00000|100%| O|  |TAMS 0x0000000081a00000, 0x0000000081b00000| Untracked 
|  27|0x0000000081b00000, 0x0000000081c00000, 0x0000000081c00000|100%| O|  |TAMS 0x0000000081b00000, 0x0000000081c00000| Untracked 
|  28|0x0000000081c00000, 0x0000000081d00000, 0x0000000081d00000|100%| O|  |TAMS 0x0000000081c00000, 0x0000000081d00000| Untracked 
|  29|0x0000000081d00000, 0x0000000081e00000, 0x0000000081e00000|100%| O|  |TAMS 0x0000000081d00000, 0x0000000081e00000| Untracked 
|  30|0x0000000081e00000, 0x0000000081f00000, 0x0000000081f00000|100%|HS|  |TAMS 0x0000000081e00000, 0x0000000081f00000| Complete 
|  31|0x0000000081f00000, 0x0000000082000000, 0x0000000082000000|100%|HC|  |TAMS 0x0000000081f00000, 0x0000000082000000| Complete 
|  32|0x0000000082000000, 0x0000000082100000, 0x0000000082100000|100%|HS|  |TAMS 0x0000000082000000, 0x0000000082100000| Complete 
|  33|0x0000000082100000, 0x0000000082200000, 0x0000000082200000|100%|HS|  |TAMS 0x0000000082100000, 0x0000000082200000| Complete 
|  34|0x0000000082200000, 0x0000000082300000, 0x0000000082300000|100%|HC|  |TAMS 0x0000000082200000, 0x0000000082300000| Complete 
|  35|0x0000000082300000, 0x0000000082400000, 0x0000000082400000|100%|HC|  |TAMS 0x0000000082300000, 0x0000000082400000| Complete 
|  36|0x0000000082400000, 0x0000000082500000, 0x0000000082500000|100%|HC|  |TAMS 0x0000000082400000, 0x0000000082500000| Complete 
|  37|0x0000000082500000, 0x0000000082500000, 0x0000000082600000|  0%| F|  |TAMS 0x0000000082500000, 0x0000000082500000| Untracked 
|  38|0x0000000082600000, 0x0000000082700000, 0x0000000082700000|100%| O|  |TAMS 0x0000000082600000, 0x0000000082700000| Untracked 
|  39|0x0000000082700000, 0x0000000082800000, 0x0000000082800000|100%| O|  |TAMS 0x0000000082700000, 0x0000000082800000| Untracked 
|  40|0x0000000082800000, 0x0000000082900000, 0x0000000082900000|100%| O|  |TAMS 0x0000000082800000, 0x0000000082900000| Untracked 
|  41|0x0000000082900000, 0x000000008296be00, 0x0000000082a00000| 42%| O|  |TAMS 0x0000000082900000, 0x000000008296be00| Untracked 
|  42|0x0000000082a00000, 0x0000000082a00000, 0x0000000082b00000|  0%| F|  |TAMS 0x0000000082a00000, 0x0000000082a00000| Untracked 
|  43|0x0000000082b00000, 0x0000000082b00000, 0x0000000082c00000|  0%| F|  |TAMS 0x0000000082b00000, 0x0000000082b00000| Untracked 
|  44|0x0000000082c00000, 0x0000000082c00000, 0x0000000082d00000|  0%| F|  |TAMS 0x0000000082c00000, 0x0000000082c00000| Untracked 
|  45|0x0000000082d00000, 0x0000000082d00000, 0x0000000082e00000|  0%| F|  |TAMS 0x0000000082d00000, 0x0000000082d00000| Untracked 
|  46|0x0000000082e00000, 0x0000000082e00000, 0x0000000082f00000|  0%| F|  |TAMS 0x0000000082e00000, 0x0000000082e00000| Untracked 
|  47|0x0000000082f00000, 0x0000000082f00000, 0x0000000083000000|  0%| F|  |TAMS 0x0000000082f00000, 0x0000000082f00000| Untracked 
|  48|0x0000000083000000, 0x0000000083000000, 0x0000000083100000|  0%| F|  |TAMS 0x0000000083000000, 0x0000000083000000| Untracked 
|  49|0x0000000083100000, 0x0000000083100000, 0x0000000083200000|  0%| F|  |TAMS 0x0000000083100000, 0x0000000083100000| Untracked 
|  50|0x0000000083200000, 0x0000000083200000, 0x0000000083300000|  0%| F|  |TAMS 0x0000000083200000, 0x0000000083200000| Untracked 
|  51|0x0000000083300000, 0x0000000083300000, 0x0000000083400000|  0%| F|  |TAMS 0x0000000083300000, 0x0000000083300000| Untracked 
|  52|0x0000000083400000, 0x0000000083400000, 0x0000000083500000|  0%| F|  |TAMS 0x0000000083400000, 0x0000000083400000| Untracked 
|  53|0x0000000083500000, 0x0000000083500000, 0x0000000083600000|  0%| F|  |TAMS 0x0000000083500000, 0x0000000083500000| Untracked 
|  54|0x0000000083600000, 0x0000000083600000, 0x0000000083700000|  0%| F|  |TAMS 0x0000000083600000, 0x0000000083600000| Untracked 
|  55|0x0000000083700000, 0x0000000083700000, 0x0000000083800000|  0%| F|  |TAMS 0x0000000083700000, 0x0000000083700000| Untracked 
|  56|0x0000000083800000, 0x0000000083800000, 0x0000000083900000|  0%| F|  |TAMS 0x0000000083800000, 0x0000000083800000| Untracked 
|  57|0x0000000083900000, 0x0000000083900000, 0x0000000083a00000|  0%| F|  |TAMS 0x0000000083900000, 0x0000000083900000| Untracked 
|  58|0x0000000083a00000, 0x0000000083a00000, 0x0000000083b00000|  0%| F|  |TAMS 0x0000000083a00000, 0x0000000083a00000| Untracked 
|  59|0x0000000083b00000, 0x0000000083b00000, 0x0000000083c00000|  0%| F|  |TAMS 0x0000000083b00000, 0x0000000083b00000| Untracked 
|  60|0x0000000083c00000, 0x0000000083c00000, 0x0000000083d00000|  0%| F|  |TAMS 0x0000000083c00000, 0x0000000083c00000| Untracked 
|  61|0x0000000083d00000, 0x0000000083d00000, 0x0000000083e00000|  0%| F|  |TAMS 0x0000000083d00000, 0x0000000083d00000| Untracked 
|  62|0x0000000083e00000, 0x0000000083e00000, 0x0000000083f00000|  0%| F|  |TAMS 0x0000000083e00000, 0x0000000083e00000| Untracked 
|  63|0x0000000083f00000, 0x0000000083f00000, 0x0000000084000000|  0%| F|  |TAMS 0x0000000083f00000, 0x0000000083f00000| Untracked 
|  64|0x0000000084000000, 0x0000000084100000, 0x0000000084100000|100%| S|CS|TAMS 0x0000000084000000, 0x0000000084000000| Complete 
|  65|0x0000000084100000, 0x0000000084200000, 0x0000000084200000|100%| S|CS|TAMS 0x0000000084100000, 0x0000000084100000| Complete 
|  66|0x0000000084200000, 0x0000000084300000, 0x0000000084300000|100%| S|CS|TAMS 0x0000000084200000, 0x0000000084200000| Complete 
|  67|0x0000000084300000, 0x0000000084400000, 0x0000000084400000|100%| S|CS|TAMS 0x0000000084300000, 0x0000000084300000| Complete 
|  68|0x0000000084400000, 0x0000000084500000, 0x0000000084500000|100%| S|CS|TAMS 0x0000000084400000, 0x0000000084400000| Complete 
|  69|0x0000000084500000, 0x0000000084600000, 0x0000000084600000|100%| S|CS|TAMS 0x0000000084500000, 0x0000000084500000| Complete 
|  70|0x0000000084600000, 0x0000000084600000, 0x0000000084700000|  0%| F|  |TAMS 0x0000000084600000, 0x0000000084600000| Untracked 
|  71|0x0000000084700000, 0x0000000084700000, 0x0000000084800000|  0%| F|  |TAMS 0x0000000084700000, 0x0000000084700000| Untracked 
|  72|0x0000000084800000, 0x0000000084800000, 0x0000000084900000|  0%| F|  |TAMS 0x0000000084800000, 0x0000000084800000| Untracked 
|  73|0x0000000084900000, 0x0000000084900000, 0x0000000084a00000|  0%| F|  |TAMS 0x0000000084900000, 0x0000000084900000| Untracked 
|  74|0x0000000084a00000, 0x0000000084a00000, 0x0000000084b00000|  0%| F|  |TAMS 0x0000000084a00000, 0x0000000084a00000| Untracked 
|  75|0x0000000084b00000, 0x0000000084c00000, 0x0000000084c00000|100%| S|CS|TAMS 0x0000000084b00000, 0x0000000084b00000| Complete 
|  76|0x0000000084c00000, 0x0000000084d00000, 0x0000000084d00000|100%| S|CS|TAMS 0x0000000084c00000, 0x0000000084c00000| Complete 
|  77|0x0000000084d00000, 0x0000000084e00000, 0x0000000084e00000|100%| S|CS|TAMS 0x0000000084d00000, 0x0000000084d00000| Complete 
|  78|0x0000000084e00000, 0x0000000084f00000, 0x0000000084f00000|100%| S|CS|TAMS 0x0000000084e00000, 0x0000000084e00000| Complete 
|  79|0x0000000084f00000, 0x0000000085000000, 0x0000000085000000|100%| S|CS|TAMS 0x0000000084f00000, 0x0000000084f00000| Complete 
|  80|0x0000000085000000, 0x0000000085000000, 0x0000000085100000|  0%| F|  |TAMS 0x0000000085000000, 0x0000000085000000| Untracked 
|  81|0x0000000085100000, 0x0000000085100000, 0x0000000085200000|  0%| F|  |TAMS 0x0000000085100000, 0x0000000085100000| Untracked 
|  82|0x0000000085200000, 0x0000000085200000, 0x0000000085300000|  0%| F|  |TAMS 0x0000000085200000, 0x0000000085200000| Untracked 
|  83|0x0000000085300000, 0x0000000085300000, 0x0000000085400000|  0%| F|  |TAMS 0x0000000085300000, 0x0000000085300000| Untracked 
|  84|0x0000000085400000, 0x0000000085400000, 0x0000000085500000|  0%| F|  |TAMS 0x0000000085400000, 0x0000000085400000| Untracked 
|  85|0x0000000085500000, 0x0000000085500000, 0x0000000085600000|  0%| F|  |TAMS 0x0000000085500000, 0x0000000085500000| Untracked 
|  86|0x0000000085600000, 0x0000000085600000, 0x0000000085700000|  0%| F|  |TAMS 0x0000000085600000, 0x0000000085600000| Untracked 
|  87|0x0000000085700000, 0x0000000085700000, 0x0000000085800000|  0%| F|  |TAMS 0x0000000085700000, 0x0000000085700000| Untracked 
|  88|0x0000000085800000, 0x0000000085800000, 0x0000000085900000|  0%| F|  |TAMS 0x0000000085800000, 0x0000000085800000| Untracked 
|  89|0x0000000085900000, 0x0000000085900000, 0x0000000085a00000|  0%| F|  |TAMS 0x0000000085900000, 0x0000000085900000| Untracked 
|  90|0x0000000085a00000, 0x0000000085a00000, 0x0000000085b00000|  0%| F|  |TAMS 0x0000000085a00000, 0x0000000085a00000| Untracked 
|  91|0x0000000085b00000, 0x0000000085b00000, 0x0000000085c00000|  0%| F|  |TAMS 0x0000000085b00000, 0x0000000085b00000| Untracked 
|  92|0x0000000085c00000, 0x0000000085c00000, 0x0000000085d00000|  0%| F|  |TAMS 0x0000000085c00000, 0x0000000085c00000| Untracked 
|  93|0x0000000085d00000, 0x0000000085d00000, 0x0000000085e00000|  0%| F|  |TAMS 0x0000000085d00000, 0x0000000085d00000| Untracked 
|  94|0x0000000085e00000, 0x0000000085e00000, 0x0000000085f00000|  0%| F|  |TAMS 0x0000000085e00000, 0x0000000085e00000| Untracked 
|  95|0x0000000085f00000, 0x0000000085f00000, 0x0000000086000000|  0%| F|  |TAMS 0x0000000085f00000, 0x0000000085f00000| Untracked 
|  96|0x0000000086000000, 0x0000000086000000, 0x0000000086100000|  0%| F|  |TAMS 0x0000000086000000, 0x0000000086000000| Untracked 
|  97|0x0000000086100000, 0x0000000086100000, 0x0000000086200000|  0%| F|  |TAMS 0x0000000086100000, 0x0000000086100000| Untracked 
|  98|0x0000000086200000, 0x0000000086200000, 0x0000000086300000|  0%| F|  |TAMS 0x0000000086200000, 0x0000000086200000| Untracked 
|  99|0x0000000086300000, 0x0000000086300000, 0x0000000086400000|  0%| F|  |TAMS 0x0000000086300000, 0x0000000086300000| Untracked 
| 100|0x0000000086400000, 0x0000000086400000, 0x0000000086500000|  0%| F|  |TAMS 0x0000000086400000, 0x0000000086400000| Untracked 
| 101|0x0000000086500000, 0x0000000086500000, 0x0000000086600000|  0%| F|  |TAMS 0x0000000086500000, 0x0000000086500000| Untracked 
| 102|0x0000000086600000, 0x0000000086600000, 0x0000000086700000|  0%| F|  |TAMS 0x0000000086600000, 0x0000000086600000| Untracked 
| 103|0x0000000086700000, 0x0000000086700000, 0x0000000086800000|  0%| F|  |TAMS 0x0000000086700000, 0x0000000086700000| Untracked 
| 104|0x0000000086800000, 0x0000000086800000, 0x0000000086900000|  0%| F|  |TAMS 0x0000000086800000, 0x0000000086800000| Untracked 
| 105|0x0000000086900000, 0x0000000086900000, 0x0000000086a00000|  0%| F|  |TAMS 0x0000000086900000, 0x0000000086900000| Untracked 
| 106|0x0000000086a00000, 0x0000000086a00000, 0x0000000086b00000|  0%| F|  |TAMS 0x0000000086a00000, 0x0000000086a00000| Untracked 
| 107|0x0000000086b00000, 0x0000000086b00000, 0x0000000086c00000|  0%| F|  |TAMS 0x0000000086b00000, 0x0000000086b00000| Untracked 
| 108|0x0000000086c00000, 0x0000000086c00000, 0x0000000086d00000|  0%| F|  |TAMS 0x0000000086c00000, 0x0000000086c00000| Untracked 
| 109|0x0000000086d00000, 0x0000000086d00000, 0x0000000086e00000|  0%| F|  |TAMS 0x0000000086d00000, 0x0000000086d00000| Untracked 
| 110|0x0000000086e00000, 0x0000000086e00000, 0x0000000086f00000|  0%| F|  |TAMS 0x0000000086e00000, 0x0000000086e00000| Untracked 
| 111|0x0000000086f00000, 0x0000000086f00000, 0x0000000087000000|  0%| F|  |TAMS 0x0000000086f00000, 0x0000000086f00000| Untracked 
| 112|0x0000000087000000, 0x0000000087000000, 0x0000000087100000|  0%| F|  |TAMS 0x0000000087000000, 0x0000000087000000| Untracked 
| 113|0x0000000087100000, 0x0000000087100000, 0x0000000087200000|  0%| F|  |TAMS 0x0000000087100000, 0x0000000087100000| Untracked 
| 114|0x0000000087200000, 0x0000000087200000, 0x0000000087300000|  0%| F|  |TAMS 0x0000000087200000, 0x0000000087200000| Untracked 
| 115|0x0000000087300000, 0x0000000087300000, 0x0000000087400000|  0%| F|  |TAMS 0x0000000087300000, 0x0000000087300000| Untracked 
| 116|0x0000000087400000, 0x0000000087400000, 0x0000000087500000|  0%| F|  |TAMS 0x0000000087400000, 0x0000000087400000| Untracked 
| 117|0x0000000087500000, 0x0000000087500000, 0x0000000087600000|  0%| F|  |TAMS 0x0000000087500000, 0x0000000087500000| Untracked 
| 118|0x0000000087600000, 0x0000000087600000, 0x0000000087700000|  0%| F|  |TAMS 0x0000000087600000, 0x0000000087600000| Untracked 
| 119|0x0000000087700000, 0x0000000087700000, 0x0000000087800000|  0%| F|  |TAMS 0x0000000087700000, 0x0000000087700000| Untracked 
| 120|0x0000000087800000, 0x0000000087800000, 0x0000000087900000|  0%| F|  |TAMS 0x0000000087800000, 0x0000000087800000| Untracked 
| 121|0x0000000087900000, 0x0000000087900000, 0x0000000087a00000|  0%| F|  |TAMS 0x0000000087900000, 0x0000000087900000| Untracked 
| 122|0x0000000087a00000, 0x0000000087a00000, 0x0000000087b00000|  0%| F|  |TAMS 0x0000000087a00000, 0x0000000087a00000| Untracked 
| 123|0x0000000087b00000, 0x0000000087b00000, 0x0000000087c00000|  0%| F|  |TAMS 0x0000000087b00000, 0x0000000087b00000| Untracked 
| 124|0x0000000087c00000, 0x0000000087c00000, 0x0000000087d00000|  0%| F|  |TAMS 0x0000000087c00000, 0x0000000087c00000| Untracked 
| 125|0x0000000087d00000, 0x0000000087d00000, 0x0000000087e00000|  0%| F|  |TAMS 0x0000000087d00000, 0x0000000087d00000| Untracked 
| 126|0x0000000087e00000, 0x0000000087e00000, 0x0000000087f00000|  0%| F|  |TAMS 0x0000000087e00000, 0x0000000087e00000| Untracked 
| 127|0x0000000087f00000, 0x0000000087f00000, 0x0000000088000000|  0%| F|  |TAMS 0x0000000087f00000, 0x0000000087f00000| Untracked 
| 128|0x0000000088000000, 0x0000000088000000, 0x0000000088100000|  0%| F|  |TAMS 0x0000000088000000, 0x0000000088000000| Untracked 
| 129|0x0000000088100000, 0x0000000088100000, 0x0000000088200000|  0%| F|  |TAMS 0x0000000088100000, 0x0000000088100000| Untracked 
| 130|0x0000000088200000, 0x0000000088200000, 0x0000000088300000|  0%| F|  |TAMS 0x0000000088200000, 0x0000000088200000| Untracked 
| 131|0x0000000088300000, 0x0000000088300000, 0x0000000088400000|  0%| F|  |TAMS 0x0000000088300000, 0x0000000088300000| Untracked 
| 132|0x0000000088400000, 0x0000000088400000, 0x0000000088500000|  0%| F|  |TAMS 0x0000000088400000, 0x0000000088400000| Untracked 
| 133|0x0000000088500000, 0x0000000088500000, 0x0000000088600000|  0%| F|  |TAMS 0x0000000088500000, 0x0000000088500000| Untracked 
| 134|0x0000000088600000, 0x0000000088600000, 0x0000000088700000|  0%| F|  |TAMS 0x0000000088600000, 0x0000000088600000| Untracked 
| 135|0x0000000088700000, 0x0000000088700000, 0x0000000088800000|  0%| F|  |TAMS 0x0000000088700000, 0x0000000088700000| Untracked 
| 136|0x0000000088800000, 0x0000000088800000, 0x0000000088900000|  0%| F|  |TAMS 0x0000000088800000, 0x0000000088800000| Untracked 
| 137|0x0000000088900000, 0x0000000088900000, 0x0000000088a00000|  0%| F|  |TAMS 0x0000000088900000, 0x0000000088900000| Untracked 
| 138|0x0000000088a00000, 0x0000000088a00000, 0x0000000088b00000|  0%| F|  |TAMS 0x0000000088a00000, 0x0000000088a00000| Untracked 
| 139|0x0000000088b00000, 0x0000000088b00000, 0x0000000088c00000|  0%| F|  |TAMS 0x0000000088b00000, 0x0000000088b00000| Untracked 
| 140|0x0000000088c00000, 0x0000000088c00000, 0x0000000088d00000|  0%| F|  |TAMS 0x0000000088c00000, 0x0000000088c00000| Untracked 
| 141|0x0000000088d00000, 0x0000000088d00000, 0x0000000088e00000|  0%| F|  |TAMS 0x0000000088d00000, 0x0000000088d00000| Untracked 
| 142|0x0000000088e00000, 0x0000000088e00000, 0x0000000088f00000|  0%| F|  |TAMS 0x0000000088e00000, 0x0000000088e00000| Untracked 
| 143|0x0000000088f00000, 0x0000000088f00000, 0x0000000089000000|  0%| F|  |TAMS 0x0000000088f00000, 0x0000000088f00000| Untracked 
| 144|0x0000000089000000, 0x0000000089000000, 0x0000000089100000|  0%| F|  |TAMS 0x0000000089000000, 0x0000000089000000| Untracked 
| 145|0x0000000089100000, 0x0000000089100000, 0x0000000089200000|  0%| F|  |TAMS 0x0000000089100000, 0x0000000089100000| Untracked 
| 146|0x0000000089200000, 0x0000000089200000, 0x0000000089300000|  0%| F|  |TAMS 0x0000000089200000, 0x0000000089200000| Untracked 
| 147|0x0000000089300000, 0x0000000089300000, 0x0000000089400000|  0%| F|  |TAMS 0x0000000089300000, 0x0000000089300000| Untracked 
| 148|0x0000000089400000, 0x0000000089400000, 0x0000000089500000|  0%| F|  |TAMS 0x0000000089400000, 0x0000000089400000| Untracked 
| 149|0x0000000089500000, 0x0000000089500000, 0x0000000089600000|  0%| F|  |TAMS 0x0000000089500000, 0x0000000089500000| Untracked 
| 150|0x0000000089600000, 0x0000000089600000, 0x0000000089700000|  0%| F|  |TAMS 0x0000000089600000, 0x0000000089600000| Untracked 
| 151|0x0000000089700000, 0x0000000089700000, 0x0000000089800000|  0%| F|  |TAMS 0x0000000089700000, 0x0000000089700000| Untracked 

Card table byte_map: [0x000001385bab0000,0x000001385beb0000] _byte_map_base: 0x000001385b6b0000

Marking Bits (Prev, Next): (CMBitMap*) 0x0000013843f7e728, (CMBitMap*) 0x0000013843f7e760
 Prev Bits: [0x000001385c2b0000, 0x000001385e2b0000)
 Next Bits: [0x000001385e2b0000, 0x00000138602b0000)

Polling page: 0x0000013841df0000

Metaspace:

Usage:
  Non-class:     49.35 MB capacity,    48.58 MB ( 98%) used,   635.86 KB (  1%) free+waste,   149.31 KB ( <1%) overhead. 
      Class:      7.51 MB capacity,     7.01 MB ( 93%) used,   443.52 KB (  6%) free+waste,    70.06 KB ( <1%) overhead. 
       Both:     56.86 MB capacity,    55.59 MB ( 98%) used,     1.05 MB (  2%) free+waste,   219.38 KB ( <1%) overhead. 

Virtual space:
  Non-class space:       58.00 MB reserved,      49.40 MB ( 85%) committed 
      Class space:        1.00 GB reserved,       7.63 MB ( <1%) committed 
             Both:        1.06 GB reserved,      57.03 MB (  5%) committed 

Chunk freelists:
   Non-Class:  52.00 KB
       Class:  25.00 KB
        Both:  77.00 KB

MaxMetaspaceSize: 17179869184.00 GB
CompressedClassSpaceSize: 1.00 GB
Initial GC threshold: 20.80 MB
Current GC threshold: 59.54 MB
CDS: off

CodeHeap 'non-profiled nmethods': size=120064Kb used=3492Kb max_used=3492Kb free=116571Kb
 bounds [0x0000013854170000, 0x00000138544e0000, 0x000001385b6b0000]
CodeHeap 'profiled nmethods': size=120000Kb used=12202Kb max_used=12202Kb free=107797Kb
 bounds [0x000001384cc40000, 0x000001384d830000, 0x0000013854170000]
CodeHeap 'non-nmethods': size=5696Kb used=2331Kb max_used=2374Kb free=3364Kb
 bounds [0x000001384c6b0000, 0x000001384c920000, 0x000001384cc40000]
 total_blobs=6938 nmethods=6095 adapters=755
 compilation: enabled
              stopped_count=0, restarted_count=0
 full_count=0

Compilation events (20 events):
Event: 13.902 Thread 0x00000138627c5000 6096       3       javax.management.ObjectName::construct (1135 bytes)
Event: 13.906 Thread 0x00000138627c5000 nmethod 6096 0x000001384d81f090 code [0x000001384d81f700, 0x000001384d823348]
Event: 13.960 Thread 0x00000138627c1800 6097       4       java.io.BufferedReader::readLine (6 bytes)
Event: 13.961 Thread 0x00000138627c1800 nmethod 6097 0x00000138544d8c90 code [0x00000138544d8e20, 0x00000138544d8ea8]
Event: 13.970 Thread 0x00000138627c5000 6098   !   3       sun.nio.cs.StreamDecoder::readBytes (289 bytes)
Event: 13.971 Thread 0x00000138627c5000 nmethod 6098 0x000001384d824b10 code [0x000001384d824e20, 0x000001384d825dc8]
Event: 13.971 Thread 0x00000138627c5000 6099       3       java.nio.HeapByteBuffer::compact (85 bytes)
Event: 13.971 Thread 0x00000138627c5000 nmethod 6099 0x000001384d826610 code [0x000001384d826820, 0x000001384d826e28]
Event: 14.030 Thread 0x00000138627c1800 6100       4       java.util.concurrent.atomic.AtomicReferenceArray::get (12 bytes)
Event: 14.032 Thread 0x00000138627c5000 6101       3       com.google.common.collect.MapMakerInternalMap$StrongKeyWeakValueSegment::self (5 bytes)
Event: 14.032 Thread 0x00000138627c1800 nmethod 6100 0x00000138544d8f90 code [0x00000138544d9120, 0x00000138544d91b8]
Event: 14.032 Thread 0x00000138627c5000 nmethod 6101 0x000001384d827010 code [0x000001384d8271c0, 0x000001384d827318]
Event: 14.032 Thread 0x00000138627c5000 6102       3       com.google.common.collect.MapMakerInternalMap$StrongKeyWeakValueSegment::self (2 bytes)
Event: 14.032 Thread 0x00000138627c5000 nmethod 6102 0x000001384d827410 code [0x000001384d8275c0, 0x000001384d8276b8]
Event: 14.034 Thread 0x00000138627c5000 6103       3       com.google.common.collect.MapMakerInternalMap$Segment::getEntry (80 bytes)
Event: 14.036 Thread 0x00000138627c5000 nmethod 6103 0x000001384d827790 code [0x000001384d827b00, 0x000001384d8292a8]
Event: 14.044 Thread 0x00000138627c5000 6105       3       org.gradle.internal.util.Trie::find (135 bytes)
Event: 14.045 Thread 0x00000138627c5000 nmethod 6105 0x000001384d829a10 code [0x000001384d829c40, 0x000001384d82a398]
Event: 14.045 Thread 0x00000138627c5000 6104       3       org.gradle.internal.classloader.FilteringClassLoader$TrieSet::find (9 bytes)
Event: 14.045 Thread 0x00000138627c5000 nmethod 6104 0x000001384d82a610 code [0x000001384d82a7c0, 0x000001384d82a908]

GC Heap History (20 events):
Event: 0.589 GC heap before
{Heap before GC invocations=0 (full 0):
 garbage-first heap   total 129024K, used 16384K [0x0000000080000000, 0x0000000100000000)
  region size 1024K, 14 young (14336K), 0 survivors (0K)
 Metaspace       used 6753K, capacity 6935K, committed 7168K, reserved 1056768K
  class space    used 571K, capacity 649K, committed 768K, reserved 1048576K
}
Event: 0.596 GC heap after
{Heap after GC invocations=1 (full 0):
 garbage-first heap   total 129024K, used 4294K [0x0000000080000000, 0x0000000100000000)
  region size 1024K, 2 young (2048K), 2 survivors (2048K)
 Metaspace       used 6753K, capacity 6935K, committed 7168K, reserved 1056768K
  class space    used 571K, capacity 649K, committed 768K, reserved 1048576K
}
Event: 1.616 GC heap before
{Heap before GC invocations=1 (full 0):
 garbage-first heap   total 129024K, used 58566K [0x0000000080000000, 0x0000000100000000)
  region size 1024K, 51 young (52224K), 2 survivors (2048K)
 Metaspace       used 11134K, capacity 11331K, committed 11520K, reserved 1058816K
  class space    used 1162K, capacity 1246K, committed 1280K, reserved 1048576K
}
Event: 1.624 GC heap after
{Heap after GC invocations=2 (full 0):
 garbage-first heap   total 129024K, used 14374K [0x0000000080000000, 0x0000000100000000)
  region size 1024K, 7 young (7168K), 7 survivors (7168K)
 Metaspace       used 11134K, capacity 11331K, committed 11520K, reserved 1058816K
  class space    used 1162K, capacity 1246K, committed 1280K, reserved 1048576K
}
Event: 3.054 GC heap before
{Heap before GC invocations=2 (full 0):
 garbage-first heap   total 129024K, used 54310K [0x0000000080000000, 0x0000000100000000)
  region size 1024K, 46 young (47104K), 7 survivors (7168K)
 Metaspace       used 19208K, capacity 19585K, committed 19840K, reserved 1067008K
  class space    used 2255K, capacity 2382K, committed 2432K, reserved 1048576K
}
Event: 3.063 GC heap after
{Heap after GC invocations=3 (full 0):
 garbage-first heap   total 129024K, used 17082K [0x0000000080000000, 0x0000000100000000)
  region size 1024K, 3 young (3072K), 3 survivors (3072K)
 Metaspace       used 19208K, capacity 19585K, committed 19840K, reserved 1067008K
  class space    used 2255K, capacity 2382K, committed 2432K, reserved 1048576K
}
Event: 3.269 GC heap before
{Heap before GC invocations=3 (full 0):
 garbage-first heap   total 129024K, used 33466K [0x0000000080000000, 0x0000000100000000)
  region size 1024K, 21 young (21504K), 3 survivors (3072K)
 Metaspace       used 20821K, capacity 21198K, committed 21296K, reserved 1069056K
  class space    used 2519K, capacity 2687K, committed 2688K, reserved 1048576K
}
Event: 3.273 GC heap after
{Heap after GC invocations=4 (full 0):
 garbage-first heap   total 129024K, used 17568K [0x0000000080000000, 0x0000000100000000)
  region size 1024K, 4 young (4096K), 4 survivors (4096K)
 Metaspace       used 20821K, capacity 21198K, committed 21296K, reserved 1069056K
  class space    used 2519K, capacity 2687K, committed 2688K, reserved 1048576K
}
Event: 4.072 GC heap before
{Heap before GC invocations=5 (full 0):
 garbage-first heap   total 129024K, used 67744K [0x0000000080000000, 0x0000000100000000)
  region size 1024K, 54 young (55296K), 4 survivors (4096K)
 Metaspace       used 26182K, capacity 26789K, committed 27008K, reserved 1073152K
  class space    used 3399K, capacity 3622K, committed 3712K, reserved 1048576K
}
Event: 4.077 GC heap after
{Heap after GC invocations=6 (full 0):
 garbage-first heap   total 129024K, used 19511K [0x0000000080000000, 0x0000000100000000)
  region size 1024K, 6 young (6144K), 6 survivors (6144K)
 Metaspace       used 26182K, capacity 26789K, committed 27008K, reserved 1073152K
  class space    used 3399K, capacity 3622K, committed 3712K, reserved 1048576K
}
Event: 4.937 GC heap before
{Heap before GC invocations=6 (full 0):
 garbage-first heap   total 129024K, used 77879K [0x0000000080000000, 0x0000000100000000)
  region size 1024K, 63 young (64512K), 6 survivors (6144K)
 Metaspace       used 32088K, capacity 32849K, committed 33024K, reserved 1077248K
  class space    used 4304K, capacity 4607K, committed 4608K, reserved 1048576K
}
Event: 4.945 GC heap after
{Heap after GC invocations=7 (full 0):
 garbage-first heap   total 129024K, used 21737K [0x0000000080000000, 0x0000000100000000)
  region size 1024K, 5 young (5120K), 5 survivors (5120K)
 Metaspace       used 32088K, capacity 32849K, committed 33024K, reserved 1077248K
  class space    used 4304K, capacity 4607K, committed 4608K, reserved 1048576K
}
Event: 5.323 GC heap before
{Heap before GC invocations=7 (full 0):
 garbage-first heap   total 129024K, used 33001K [0x0000000080000000, 0x0000000100000000)
  region size 1024K, 17 young (17408K), 5 survivors (5120K)
 Metaspace       used 34921K, capacity 35832K, committed 36048K, reserved 1081344K
  class space    used 4549K, capacity 4855K, committed 4864K, reserved 1048576K
}
Event: 5.335 GC heap after
{Heap after GC invocations=8 (full 0):
 garbage-first heap   total 155648K, used 22713K [0x0000000080000000, 0x0000000100000000)
  region size 1024K, 6 young (6144K), 6 survivors (6144K)
 Metaspace       used 34921K, capacity 35832K, committed 36048K, reserved 1081344K
  class space    used 4549K, capacity 4855K, committed 4864K, reserved 1048576K
}
Event: 6.691 GC heap before
{Heap before GC invocations=9 (full 0):
 garbage-first heap   total 155648K, used 109753K [0x0000000080000000, 0x0000000100000000)
  region size 1024K, 89 young (91136K), 6 survivors (6144K)
 Metaspace       used 42489K, capacity 43540K, committed 43676K, reserved 1087488K
  class space    used 5414K, capacity 5789K, committed 5888K, reserved 1048576K
}
Event: 6.707 GC heap after
{Heap after GC invocations=10 (full 0):
 garbage-first heap   total 155648K, used 29580K [0x0000000080000000, 0x0000000100000000)
  region size 1024K, 12 young (12288K), 12 survivors (12288K)
 Metaspace       used 42489K, capacity 43540K, committed 43676K, reserved 1087488K
  class space    used 5414K, capacity 5789K, committed 5888K, reserved 1048576K
}
Event: 8.823 GC heap before
{Heap before GC invocations=10 (full 0):
 garbage-first heap   total 155648K, used 108428K [0x0000000080000000, 0x0000000100000000)
  region size 1024K, 89 young (91136K), 12 survivors (12288K)
 Metaspace       used 48952K, capacity 50151K, committed 50460K, reserved 1093632K
  class space    used 6216K, capacity 6668K, committed 6784K, reserved 1048576K
}
Event: 8.838 GC heap after
{Heap after GC invocations=11 (full 0):
 garbage-first heap   total 155648K, used 33783K [0x0000000080000000, 0x0000000100000000)
  region size 1024K, 5 young (5120K), 5 survivors (5120K)
 Metaspace       used 48952K, capacity 50151K, committed 50460K, reserved 1093632K
  class space    used 6216K, capacity 6668K, committed 6784K, reserved 1048576K
}
Event: 14.050 GC heap before
{Heap before GC invocations=11 (full 0):
 garbage-first heap   total 155648K, used 115703K [0x0000000080000000, 0x0000000100000000)
  region size 1024K, 77 young (78848K), 5 survivors (5120K)
 Metaspace       used 56924K, capacity 58223K, committed 58396K, reserved 1105920K
  class space    used 7173K, capacity 7687K, committed 7808K, reserved 1048576K
}
Event: 14.062 GC heap after
{Heap after GC invocations=12 (full 0):
 garbage-first heap   total 155648K, used 52655K [0x0000000080000000, 0x0000000100000000)
  region size 1024K, 11 young (11264K), 11 survivors (11264K)
 Metaspace       used 56924K, capacity 58223K, committed 58396K, reserved 1105920K
  class space    used 7173K, capacity 7687K, committed 7808K, reserved 1048576K
}

Deoptimization events (20 events):
Event: 10.727 Thread 0x0000013863efd800 Uncommon trap: trap_request=0xffffff4d fr.pc=0x00000138541ca4b8 relative=0x0000000000000558
Event: 10.727 Thread 0x0000013863efd800 Uncommon trap: reason=unstable_if action=reinterpret pc=0x00000138541ca4b8 method=java.util.jar.Manifest$FastInputStream.readLine([BII)I @ 130 c2
Event: 10.727 Thread 0x0000013863efd800 DEOPT PACKING pc=0x00000138541ca4b8 sp=0x00000027890f7690
Event: 10.727 Thread 0x0000013863efd800 DEOPT UNPACKING pc=0x000001384c6fa1af sp=0x00000027890f7620 mode 2
Event: 10.740 Thread 0x0000013863efd800 DEOPT PACKING pc=0x000001384d662b18 sp=0x00000027890f7670
Event: 10.740 Thread 0x0000013863efd800 DEOPT UNPACKING pc=0x000001384c6fa95e sp=0x00000027890f6b70 mode 0
Event: 10.872 Thread 0x0000013863efd800 DEOPT PACKING pc=0x000001384d7f2f84 sp=0x00000027890f0910
Event: 10.872 Thread 0x0000013863efd800 DEOPT UNPACKING pc=0x000001384c6fa95e sp=0x00000027890efee8 mode 0
Event: 11.045 Thread 0x0000013863efd800 DEOPT PACKING pc=0x000001384d7f2f84 sp=0x00000027890f0910
Event: 11.045 Thread 0x0000013863efd800 DEOPT UNPACKING pc=0x000001384c6fa95e sp=0x00000027890efee8 mode 0
Event: 11.116 Thread 0x0000013863efd800 DEOPT PACKING pc=0x000001384d24934c sp=0x00000027890f0790
Event: 11.116 Thread 0x0000013863efd800 DEOPT UNPACKING pc=0x000001384c6fa95e sp=0x00000027890efd30 mode 0
Event: 11.670 Thread 0x0000013863efd800 DEOPT PACKING pc=0x000001384d7f2f84 sp=0x00000027890f0910
Event: 11.670 Thread 0x0000013863efd800 DEOPT UNPACKING pc=0x000001384c6fa95e sp=0x00000027890efee8 mode 0
Event: 12.084 Thread 0x0000013863efd800 DEOPT PACKING pc=0x000001384d7f2f84 sp=0x00000027890f07e0
Event: 12.084 Thread 0x0000013863efd800 DEOPT UNPACKING pc=0x000001384c6fa95e sp=0x00000027890efdb8 mode 0
Event: 12.236 Thread 0x0000013863efd800 DEOPT PACKING pc=0x000001384d7f2f84 sp=0x00000027890f07e0
Event: 12.236 Thread 0x0000013863efd800 DEOPT UNPACKING pc=0x000001384c6fa95e sp=0x00000027890efdb8 mode 0
Event: 12.603 Thread 0x0000013863efd800 DEOPT PACKING pc=0x000001384d7f2f84 sp=0x00000027890f07e0
Event: 12.603 Thread 0x0000013863efd800 DEOPT UNPACKING pc=0x000001384c6fa95e sp=0x00000027890efdb8 mode 0

Classes redefined (0 events):
No events

Internal exceptions (20 events):
Event: 11.048 Thread 0x0000013863efd800 Exception <a 'java/security/PrivilegedActionException'{0x000000008595d8d8}> (0x000000008595d8d8) thrown at [./src/hotspot/share/prims/jvm.cpp, line 1306]
Event: 11.049 Thread 0x0000013863efd800 Exception <a 'java/security/PrivilegedActionException'{0x0000000085960770}> (0x0000000085960770) thrown at [./src/hotspot/share/prims/jvm.cpp, line 1306]
Event: 11.049 Thread 0x0000013863efd800 Exception <a 'java/security/PrivilegedActionException'{0x0000000085961cd8}> (0x0000000085961cd8) thrown at [./src/hotspot/share/prims/jvm.cpp, line 1306]
Event: 11.536 Thread 0x0000013863efd800 Exception <a 'java/security/PrivilegedActionException'{0x000000008584f5e8}> (0x000000008584f5e8) thrown at [./src/hotspot/share/prims/jvm.cpp, line 1306]
Event: 11.536 Thread 0x0000013863efd800 Exception <a 'java/security/PrivilegedActionException'{0x0000000085850b50}> (0x0000000085850b50) thrown at [./src/hotspot/share/prims/jvm.cpp, line 1306]
Event: 11.536 Thread 0x0000013863efd800 Exception <a 'java/security/PrivilegedActionException'{0x00000000858539e8}> (0x00000000858539e8) thrown at [./src/hotspot/share/prims/jvm.cpp, line 1306]
Event: 11.536 Thread 0x0000013863efd800 Exception <a 'java/security/PrivilegedActionException'{0x0000000085854f50}> (0x0000000085854f50) thrown at [./src/hotspot/share/prims/jvm.cpp, line 1306]
Event: 11.536 Thread 0x0000013863efd800 Exception <a 'java/security/PrivilegedActionException'{0x0000000085857eb8}> (0x0000000085857eb8) thrown at [./src/hotspot/share/prims/jvm.cpp, line 1306]
Event: 11.536 Thread 0x0000013863efd800 Exception <a 'java/security/PrivilegedActionException'{0x0000000085859420}> (0x0000000085859420) thrown at [./src/hotspot/share/prims/jvm.cpp, line 1306]
Event: 11.536 Thread 0x0000013863efd800 Exception <a 'java/security/PrivilegedActionException'{0x000000008585c2d8}> (0x000000008585c2d8) thrown at [./src/hotspot/share/prims/jvm.cpp, line 1306]
Event: 11.536 Thread 0x0000013863efd800 Exception <a 'java/security/PrivilegedActionException'{0x000000008585d840}> (0x000000008585d840) thrown at [./src/hotspot/share/prims/jvm.cpp, line 1306]
Event: 11.536 Thread 0x0000013863efd800 Exception <a 'java/security/PrivilegedActionException'{0x0000000085860730}> (0x0000000085860730) thrown at [./src/hotspot/share/prims/jvm.cpp, line 1306]
Event: 11.536 Thread 0x0000013863efd800 Exception <a 'java/security/PrivilegedActionException'{0x0000000085861c98}> (0x0000000085861c98) thrown at [./src/hotspot/share/prims/jvm.cpp, line 1306]
Event: 11.537 Thread 0x0000013863efd800 Exception <a 'java/security/PrivilegedActionException'{0x0000000085864c00}> (0x0000000085864c00) thrown at [./src/hotspot/share/prims/jvm.cpp, line 1306]
Event: 11.537 Thread 0x0000013863efd800 Exception <a 'java/security/PrivilegedActionException'{0x0000000085866168}> (0x0000000085866168) thrown at [./src/hotspot/share/prims/jvm.cpp, line 1306]
Event: 14.013 Thread 0x0000013863efd800 Exception <a 'java/io/IOException'{0x0000000085278918}> (0x0000000085278918) thrown at [./src/hotspot/share/prims/jni.cpp, line 617]
Event: 14.013 Thread 0x0000013863efd800 Exception <a 'java/security/PrivilegedActionException'{0x0000000085279e90}> (0x0000000085279e90) thrown at [./src/hotspot/share/prims/jvm.cpp, line 1306]
Event: 14.013 Thread 0x0000013863efd800 Exception <a 'java/security/PrivilegedActionException'{0x000000008527b3f8}> (0x000000008527b3f8) thrown at [./src/hotspot/share/prims/jvm.cpp, line 1306]
Event: 14.024 Thread 0x0000013863efd800 Exception <a 'java/lang/ClassNotFoundException'{0x000000008528eb68}: org/gradle/api/internal/plugins/DefaultObjectConfigurationActionBeanInfo> (0x000000008528eb68) thrown at [./src/hotspot/share/classfile/systemDictionary.cpp, line 230]
Event: 14.025 Thread 0x0000013863efd800 Exception <a 'java/lang/ClassNotFoundException'{0x00000000852c5ff8}: org/gradle/api/internal/plugins/DefaultObjectConfigurationActionCustomizer> (0x00000000852c5ff8) thrown at [./src/hotspot/share/classfile/systemDictionary.cpp, line 230]

Events (20 events):
Event: 14.045 loading class com/google/common/base/CharMatcher$Invisible done
Event: 14.045 loading class com/google/common/base/CharMatcher$JavaIsoControl
Event: 14.045 loading class com/google/common/base/CharMatcher$JavaIsoControl done
Event: 14.046 loading class com/google/common/base/CharMatcher$IsNot
Event: 14.046 loading class com/google/common/base/CharMatcher$IsNot done
Event: 14.046 loading class com/google/common/base/CharMatcher$BitSetMatcher
Event: 14.046 loading class com/google/common/base/CharMatcher$BitSetMatcher done
Event: 14.046 loading class com/google/common/base/CharMatcher$1
Event: 14.046 loading class com/google/common/base/CharMatcher$1 done
Event: 14.047 loading class com/google/common/base/CharMatcher$NegatedFastMatcher
Event: 14.047 loading class com/google/common/base/CharMatcher$NegatedFastMatcher done
Event: 14.047 loading class com/google/common/base/Preconditions
Event: 14.047 loading class com/google/common/base/Preconditions done
Event: 14.049 loading class com/google/common/base/Splitter$1
Event: 14.049 loading class com/google/common/base/Splitter$1 done
Event: 14.049 loading class com/google/common/base/Splitter$SplittingIterator
Event: 14.049 loading class com/google/common/base/Splitter$SplittingIterator done
Event: 14.049 loading class com/google/common/base/AbstractIterator
Event: 14.049 loading class com/google/common/base/AbstractIterator done
Event: 14.050 Executing VM operation: CollectForMetadataAllocation


Dynamic libraries:
0x00007ff654a50000 - 0x00007ff654a5d000 	C:\Users\ad\.jdks\corretto-11.0.18\bin\java.exe
0x00007ffbd4920000 - 0x00007ffbd4b10000 	C:\Windows\SYSTEM32\ntdll.dll
0x00007ffbd36b0000 - 0x00007ffbd3762000 	C:\Windows\System32\KERNEL32.DLL
0x00007ffbd18d0000 - 0x00007ffbd1b73000 	C:\Windows\System32\KERNELBASE.dll
0x00007ffbd1c10000 - 0x00007ffbd1d0a000 	C:\Windows\System32\ucrtbase.dll
0x00007ffba6e00000 - 0x00007ffba6e17000 	C:\Users\ad\.jdks\corretto-11.0.18\bin\jli.dll
0x00007ffbd2b90000 - 0x00007ffbd2d24000 	C:\Windows\System32\USER32.dll
0x00007ffbd1b80000 - 0x00007ffbd1ba1000 	C:\Windows\System32\win32u.dll
0x00007ffbd3650000 - 0x00007ffbd3676000 	C:\Windows\System32\GDI32.dll
0x00007ffba5150000 - 0x00007ffba5169000 	C:\Users\ad\.jdks\corretto-11.0.18\bin\VCRUNTIME140.dll
0x00007ffbd1de0000 - 0x00007ffbd1f74000 	C:\Windows\System32\gdi32full.dll
0x00007ffbd1d40000 - 0x00007ffbd1dde000 	C:\Windows\System32\msvcp_win.dll
0x00007ffbc2760000 - 0x00007ffbc29e5000 	C:\Windows\WinSxS\amd64_microsoft.windows.common-controls_6595b64144ccf1df_6.0.18362.535_none_e6c3b34713100821\COMCTL32.dll
0x00007ffbd29d0000 - 0x00007ffbd2a6e000 	C:\Windows\System32\msvcrt.dll
0x00007ffbd2e20000 - 0x00007ffbd3156000 	C:\Windows\System32\combase.dll
0x00007ffbd42e0000 - 0x00007ffbd4400000 	C:\Windows\System32\RPCRT4.dll
0x00007ffbd2080000 - 0x00007ffbd2100000 	C:\Windows\System32\bcryptPrimitives.dll
0x00007ffbd3680000 - 0x00007ffbd36ae000 	C:\Windows\System32\IMM32.DLL
0x00007ffb76ba0000 - 0x00007ffb76c3b000 	C:\Users\ad\.jdks\corretto-11.0.18\bin\msvcp140.dll
0x00007ffb6bc30000 - 0x00007ffb6c7ba000 	C:\Users\ad\.jdks\corretto-11.0.18\bin\server\jvm.dll
0x00007ffbd2a80000 - 0x00007ffbd2b23000 	C:\Windows\System32\ADVAPI32.dll
0x00007ffbd3800000 - 0x00007ffbd3897000 	C:\Windows\System32\sechost.dll
0x00007ffbd2a70000 - 0x00007ffbd2a78000 	C:\Windows\System32\PSAPI.DLL
0x00007ffbba580000 - 0x00007ffbba589000 	C:\Windows\SYSTEM32\WSOCK32.dll
0x00007ffbcd7f0000 - 0x00007ffbcd814000 	C:\Windows\SYSTEM32\WINMM.dll
0x00007ffbd41c0000 - 0x00007ffbd422f000 	C:\Windows\System32\WS2_32.dll
0x00007ffbc9580000 - 0x00007ffbc958a000 	C:\Windows\SYSTEM32\VERSION.dll
0x00007ffbcd7c0000 - 0x00007ffbcd7ed000 	C:\Windows\SYSTEM32\WINMMBASE.dll
0x00007ffbd2030000 - 0x00007ffbd207a000 	C:\Windows\System32\cfgmgr32.dll
0x00007ffbd1800000 - 0x00007ffbd1811000 	C:\Windows\System32\kernel.appcore.dll
0x00007ffbaf2c0000 - 0x00007ffbaf2d0000 	C:\Users\ad\.jdks\corretto-11.0.18\bin\verify.dll
0x00007ffbd0100000 - 0x00007ffbd02f4000 	C:\Windows\SYSTEM32\DBGHELP.DLL
0x00007ffbb7f30000 - 0x00007ffbb7f5a000 	C:\Windows\SYSTEM32\dbgcore.DLL
0x00007ffba4970000 - 0x00007ffba4998000 	C:\Users\ad\.jdks\corretto-11.0.18\bin\java.dll
0x00007ffbacbc0000 - 0x00007ffbacbca000 	C:\Users\ad\.jdks\corretto-11.0.18\bin\jimage.dll
0x00007ffb7bcf0000 - 0x00007ffb7bd08000 	C:\Users\ad\.jdks\corretto-11.0.18\bin\zip.dll
0x00007ffbd3ad0000 - 0x00007ffbd41b5000 	C:\Windows\System32\SHELL32.dll
0x00007ffbd4760000 - 0x00007ffbd4809000 	C:\Windows\System32\shcore.dll
0x00007ffbd2250000 - 0x00007ffbd29cf000 	C:\Windows\System32\windows.storage.dll
0x00007ffbd1820000 - 0x00007ffbd183f000 	C:\Windows\System32\profapi.dll
0x00007ffbd1860000 - 0x00007ffbd18aa000 	C:\Windows\System32\powrprof.dll
0x00007ffbd17f0000 - 0x00007ffbd1800000 	C:\Windows\System32\UMPDC.dll
0x00007ffbd2dc0000 - 0x00007ffbd2e12000 	C:\Windows\System32\shlwapi.dll
0x00007ffbd18b0000 - 0x00007ffbd18c7000 	C:\Windows\System32\cryptsp.dll
0x00007ffb7bcd0000 - 0x00007ffb7bce9000 	C:\Users\ad\.jdks\corretto-11.0.18\bin\net.dll
0x00007ffbc3680000 - 0x00007ffbc3770000 	C:\Windows\SYSTEM32\WINHTTP.dll
0x00007ffbd1060000 - 0x00007ffbd10c7000 	C:\Windows\system32\mswsock.dll
0x00007ffb76b80000 - 0x00007ffb76b93000 	C:\Users\ad\.jdks\corretto-11.0.18\bin\nio.dll
0x00007ffba6e20000 - 0x00007ffba6e47000 	C:\Users\ad\.gradle\native\e1d6ef7f7dcc3fd88c89a11ec53ec762bb8ba0a96d01ffa2cd45eb1d1d8dd5c5\windows-amd64\native-platform.dll
0x00007ffbb8fc0000 - 0x00007ffbb9104000 	C:\Users\ad\.gradle\native\0d407fdbe67a94daf76414ababcb853783967236a71b16ec16e742cd7a986fd3\windows-amd64\native-platform-file-events.dll
0x00007ffbcd3b0000 - 0x00007ffbcd3b9000 	C:\Users\ad\.jdks\corretto-11.0.18\bin\management.dll
0x00007ffbcce40000 - 0x00007ffbcce4b000 	C:\Users\ad\.jdks\corretto-11.0.18\bin\management_ext.dll
0x00007ffbd0bd0000 - 0x00007ffbd0c03000 	C:\Windows\system32\rsaenh.dll
0x00007ffbd1d10000 - 0x00007ffbd1d36000 	C:\Windows\System32\bcrypt.dll
0x00007ffbd16e0000 - 0x00007ffbd1705000 	C:\Windows\SYSTEM32\USERENV.dll
0x00007ffbd1230000 - 0x00007ffbd123c000 	C:\Windows\SYSTEM32\CRYPTBASE.dll
0x00007ffbd0d70000 - 0x00007ffbd0daa000 	C:\Windows\SYSTEM32\IPHLPAPI.DLL
0x00007ffbd2d30000 - 0x00007ffbd2d38000 	C:\Windows\System32\NSI.dll
0x00007ffbc9540000 - 0x00007ffbc9556000 	C:\Windows\SYSTEM32\dhcpcsvc6.DLL
0x00007ffbc9620000 - 0x00007ffbc963c000 	C:\Windows\SYSTEM32\dhcpcsvc.DLL
0x00007ffbd0db0000 - 0x00007ffbd0e7a000 	C:\Windows\SYSTEM32\DNSAPI.dll
0x00007ffbcce10000 - 0x00007ffbcce35000 	C:\Users\ad\.jdks\corretto-11.0.18\bin\sunec.dll
0x00007ffbc3b20000 - 0x00007ffbc3b2a000 	C:\Windows\System32\rasadhlp.dll
0x00007ffbc4f90000 - 0x00007ffbc5007000 	C:\Windows\System32\fwpuclnt.dll
0x00007ffbcce00000 - 0x00007ffbcce0e000 	C:\Users\ad\.jdks\corretto-11.0.18\bin\sunmscapi.dll
0x00007ffbd2100000 - 0x00007ffbd2249000 	C:\Windows\System32\CRYPT32.dll
0x00007ffbd1840000 - 0x00007ffbd1852000 	C:\Windows\System32\MSASN1.dll
0x00007ffbd1330000 - 0x00007ffbd1356000 	C:\Windows\SYSTEM32\ncrypt.dll
0x00007ffbd12f0000 - 0x00007ffbd132b000 	C:\Windows\SYSTEM32\NTASN1.dll

dbghelp: loaded successfully - version: 4.0.5 - missing functions: none
symbol engine: initialized successfully - sym options: 0x614 - pdb path: .;C:\Users\ad\.jdks\corretto-11.0.18\bin;C:\Windows\SYSTEM32;C:\Windows\WinSxS\amd64_microsoft.windows.common-controls_6595b64144ccf1df_6.0.18362.535_none_e6c3b34713100821;C:\Users\ad\.jdks\corretto-11.0.18\bin\server;C:\Users\ad\.gradle\native\e1d6ef7f7dcc3fd88c89a11ec53ec762bb8ba0a96d01ffa2cd45eb1d1d8dd5c5\windows-amd64;C:\Users\ad\.gradle\native\0d407fdbe67a94daf76414ababcb853783967236a71b16ec16e742cd7a986fd3\windows-amd64

VM Arguments:
jvm_args: --add-opens=java.base/java.util=ALL-UNNAMED --add-opens=java.base/java.lang=ALL-UNNAMED --add-opens=java.base/java.lang.invoke=ALL-UNNAMED --add-opens=java.base/java.util=ALL-UNNAMED --add-opens=java.prefs/java.util.prefs=ALL-UNNAMED --add-opens=java.prefs/java.util.prefs=ALL-UNNAMED --add-opens=java.base/java.nio.charset=ALL-UNNAMED --add-opens=java.base/java.net=ALL-UNNAMED --add-opens=java.base/java.util.concurrent.atomic=ALL-UNNAMED -Xmx2048m -Dfile.encoding=UTF-8 -Duser.country=US -Duser.language=en -Duser.variant 
java_command: org.gradle.launcher.daemon.bootstrap.GradleDaemon 7.5
java_class_path (initial): C:\Users\ad\.gradle\wrapper\dists\gradle-7.5-bin\f1w0cc9nuo0eivz97x2xlu9sv\gradle-7.5\lib\gradle-launcher-7.5.jar
Launcher Type: SUN_STANDARD

[Global flags]
     intx CICompilerCount                          = 3                                         {product} {ergonomic}
     uint ConcGCThreads                            = 1                                         {product} {ergonomic}
     uint G1ConcRefinementThreads                  = 4                                         {product} {ergonomic}
   size_t G1HeapRegionSize                         = 1048576                                   {product} {ergonomic}
    uintx GCDrainStackTargetSize                   = 64                                        {product} {ergonomic}
   size_t InitialHeapSize                          = 132120576                                 {product} {ergonomic}
   size_t MarkStackSize                            = 4194304                                   {product} {ergonomic}
   size_t MaxHeapSize                              = 2147483648                                {product} {command line}
   size_t MaxNewSize                               = 1287651328                                {product} {ergonomic}
   size_t MinHeapDeltaBytes                        = 1048576                                   {product} {ergonomic}
    uintx NonNMethodCodeHeapSize                   = 5830732                                {pd product} {ergonomic}
    uintx NonProfiledCodeHeapSize                  = 122913754                              {pd product} {ergonomic}
    uintx ProfiledCodeHeapSize                     = 122913754                              {pd product} {ergonomic}
    uintx ReservedCodeCacheSize                    = 251658240                              {pd product} {ergonomic}
     bool SegmentedCodeCache                       = true                                      {product} {ergonomic}
     bool UseCompressedClassPointers               = true                                 {lp64_product} {ergonomic}
     bool UseCompressedOops                        = true                                 {lp64_product} {ergonomic}
     bool UseG1GC                                  = true                                      {product} {ergonomic}
     bool UseLargePagesIndividualAllocation        = false                                  {pd product} {ergonomic}

Logging:
Log output configuration:
 #0: stdout all=warning uptime,level,tags
 #1: stderr all=off uptime,level,tags

Environment Variables:
PATH=C:\Program Files\Common Files\Oracle\Java\javapath;C:\Windows\system32;C:\Windows;C:\Windows\System32\Wbem;C:\Windows\System32\WindowsPowerShell\v1.0\;C:\Windows\System32\OpenSSH\;C:\Program Files (x86)\NVIDIA Corporation\PhysX\Common;C:\FPC\3.2.2\bin\i386-Win32;C:\Program Files\Azure Data Studio\bin;D:\SAVE DATA\XAMPP\DATA\php;D:\SAVE DATA\XAMPP\Composer;C:\Program Files\Cloudflare\Cloudflare WARP\;D:\VDK\XC8\bin;C:\Program Files\Git\cmd;C:\Users\ad\AppData\Local\Microsoft\WindowsApps;C:\Users\ad\AppData\Local\Programs\Microsoft VS Code\bin;C:\Program Files\Azure Data Studio\bin;C:\Users\ad\AppData\Local\GitHubDesktop\bin;C:\Users\ad\AppData\Roaming\Composer\vendor\bin
USERNAME=ad
OS=Windows_NT
PROCESSOR_IDENTIFIER=Intel64 Family 6 Model 94 Stepping 3, GenuineIntel
TMP=C:\Users\ad\AppData\Local\Temp
TEMP=C:\Users\ad\AppData\Local\Temp



---------------  S Y S T E M  ---------------

OS: Windows 10 , 64 bit Build 18362 (10.0.18362.329)
OS uptime: 0 days 0:05 hours

CPU:total 4 (initial active 4) (4 cores per cpu, 1 threads per core) family 6 model 94 stepping 3 microcode 0xcc, cmov, cx8, fxsr, mmx, sse, sse2, sse3, ssse3, sse4.1, sse4.2, popcnt, avx, avx2, aes, clmul, erms, rtm, 3dnowpref, lzcnt, tsc, tscinvbit, bmi1, bmi2, adx, fma

Memory: 4k page, system-wide physical 8058M (634M free)
TotalPageFile size 8058M (AvailPageFile size 0M)
current process WorkingSet (physical memory assigned to process): 312M, peak: 312M
current process commit charge ("private bytes"): 359M, peak: 363M

vm_info: OpenJDK 64-Bit Server VM (11.0.18+10-LTS) for windows-amd64 JRE (11.0.18+10-LTS), built on Jan 10 2023 20:17:52 by "Administrator" with MS VC++ 15.9 (VS2017)

END.
