#
# There is insufficient memory for the Java Runtime Environment to continue.
# Native memory allocation (mmap) failed to map 132120576 bytes for Failed to commit area from 0x0000000082000000 to 0x0000000089e00000 of length 132120576.
# Possible reasons:
#   The system is out of physical RAM or swap space
#   The process is running with CompressedOops enabled, and the Java Heap may be blocking the growth of the native heap
# Possible solutions:
#   Reduce memory load on the system
#   Increase physical memory or swap space
#   Check if swap backing store is full
#   Decrease Java heap size (-Xmx/-Xms)
#   Decrease number of Java threads
#   Decrease Java thread stack sizes (-Xss)
#   Set larger code cache with -XX:ReservedCodeCacheSize=
# This output file may be truncated or incomplete.
#
#  Out of Memory Error (./src/hotspot/os/windows/os_windows.cpp:3386), pid=10604, tid=3868
#
# JRE version:  (11.0.18+10) (build )
# Java VM: OpenJDK 64-Bit Server VM (11.0.18+10-LTS, mixed mode, sharing, tiered, compressed oops, g1 gc, windows-amd64)
# No core dump will be written. Minidumps are not enabled by default on client versions of Windows
#

---------------  S U M M A R Y ------------

Command Line: org.jetbrains.kotlin.cli.jvm.K2JVMCompiler @D:\SAVE DATA\Android\Source code\ConquerTheExam\app\build\20230316_6174497256767036641.compiler.options

Host: Intel(R) Core(TM) i5-6300HQ CPU @ 2.30GHz, 4 cores, 7G,  Windows 10 , 64 bit Build 18362 (10.0.18362.329)
Time: Thu Mar 16 21:51:32 2023 SE Asia Standard Time elapsed time: 0.015604 seconds (0d 0h 0m 0s)

---------------  T H R E A D  ---------------

Current thread (0x0000022476aee000):  JavaThread "Unknown thread" [_thread_in_vm, id=3868, stack(0x00000066d0800000,0x00000066d0900000)]

Stack: [0x00000066d0800000,0x00000066d0900000]
Native frames: (J=compiled Java code, j=interpreted, Vv=VM code, C=native code)
V  [jvm.dll+0x622d9a]
V  [jvm.dll+0x7b0289]
V  [jvm.dll+0x7b1978]
V  [jvm.dll+0x7b2053]
V  [jvm.dll+0x24fe08]
V  [jvm.dll+0x6200aa]
V  [jvm.dll+0x614665]
V  [jvm.dll+0x30a3ec]
V  [jvm.dll+0x30a272]
V  [jvm.dll+0x30ef86]
V  [jvm.dll+0x35552f]
V  [jvm.dll+0x354f60]
V  [jvm.dll+0x2e7408]
V  [jvm.dll+0x2e8566]
V  [jvm.dll+0x78a0d7]
V  [jvm.dll+0x78b85f]
V  [jvm.dll+0x362279]
V  [jvm.dll+0x76d040]
V  [jvm.dll+0x3d0bbf]
V  [jvm.dll+0x3d2f51]
C  [jli.dll+0x5207]
C  [ucrtbase.dll+0x20e72]
C  [KERNEL32.DLL+0x17bd4]
C  [ntdll.dll+0x6ced1]


---------------  P R O C E S S  ---------------

Threads class SMR info:
_java_thread_list=0x0000022476a14a00, length=0, elements={
}

Java Threads: ( => current thread )

Other Threads:
  0x0000022478ad6800 GCTaskThread "GC Thread#0" [stack: 0x00000066d0900000,0x00000066d0a00000] [id=5620]
  0x0000022478b07800 ConcurrentGCThread "G1 Main Marker" [stack: 0x00000066d0a00000,0x00000066d0b00000] [id=10192]
  0x0000022478b0b000 ConcurrentGCThread "G1 Conc#0" [stack: 0x00000066d0b00000,0x00000066d0c00000] [id=9180]

[error occurred during error reporting (printing all threads), id 0xc0000005, EXCEPTION_ACCESS_VIOLATION (0xc0000005) at pc=0x00007ffb7b216bd7]

VM state:not at safepoint (not fully initialized)

VM Mutex/Monitor currently owned by a thread:  ([mutex/lock_event])
[0x0000022476aeb590] Heap_lock - owner thread: 0x0000022476aee000

Heap address: 0x0000000082000000, size: 2016 MB, Compressed Oops mode: Non-zero based: 0x0000000082000000
Narrow klass base: 0x0000000000000000, Narrow klass shift: 0

GC Heap History (0 events):
No events

Deoptimization events (0 events):
No events

Classes redefined (0 events):
No events

Internal exceptions (0 events):
No events

Events (1 events):
Event: 0.008 Loaded shared library C:\Users\ad\.jdks\corretto-11.0.18\bin\zip.dll


Dynamic libraries:
0x00007ff654a50000 - 0x00007ff654a5d000 	C:\Users\ad\.jdks\corretto-11.0.18\bin\java.exe
0x00007ffbd4920000 - 0x00007ffbd4b10000 	C:\Windows\SYSTEM32\ntdll.dll
0x00007ffbd36b0000 - 0x00007ffbd3762000 	C:\Windows\System32\KERNEL32.DLL
0x00007ffbd18d0000 - 0x00007ffbd1b73000 	C:\Windows\System32\KERNELBASE.dll
0x00007ffbd1c10000 - 0x00007ffbd1d0a000 	C:\Windows\System32\ucrtbase.dll
0x00007ffbcc520000 - 0x00007ffbcc539000 	C:\Users\ad\.jdks\corretto-11.0.18\bin\VCRUNTIME140.dll
0x00007ffbcd910000 - 0x00007ffbcd927000 	C:\Users\ad\.jdks\corretto-11.0.18\bin\jli.dll
0x00007ffbd2b90000 - 0x00007ffbd2d24000 	C:\Windows\System32\USER32.dll
0x00007ffbc2760000 - 0x00007ffbc29e5000 	C:\Windows\WinSxS\amd64_microsoft.windows.common-controls_6595b64144ccf1df_6.0.18362.535_none_e6c3b34713100821\COMCTL32.dll
0x00007ffbd1b80000 - 0x00007ffbd1ba1000 	C:\Windows\System32\win32u.dll
0x00007ffbd29d0000 - 0x00007ffbd2a6e000 	C:\Windows\System32\msvcrt.dll
0x00007ffbd3650000 - 0x00007ffbd3676000 	C:\Windows\System32\GDI32.dll
0x00007ffbd2e20000 - 0x00007ffbd3156000 	C:\Windows\System32\combase.dll
0x00007ffbd1de0000 - 0x00007ffbd1f74000 	C:\Windows\System32\gdi32full.dll
0x00007ffbd42e0000 - 0x00007ffbd4400000 	C:\Windows\System32\RPCRT4.dll
0x00007ffbd1d40000 - 0x00007ffbd1dde000 	C:\Windows\System32\msvcp_win.dll
0x00007ffbd2080000 - 0x00007ffbd2100000 	C:\Windows\System32\bcryptPrimitives.dll
0x00007ffbd3680000 - 0x00007ffbd36ae000 	C:\Windows\System32\IMM32.DLL
0x00007ffbac760000 - 0x00007ffbac7fb000 	C:\Users\ad\.jdks\corretto-11.0.18\bin\msvcp140.dll
0x00007ffb7af20000 - 0x00007ffb7baaa000 	C:\Users\ad\.jdks\corretto-11.0.18\bin\server\jvm.dll
0x00007ffbd2a80000 - 0x00007ffbd2b23000 	C:\Windows\System32\ADVAPI32.dll
0x00007ffbd3800000 - 0x00007ffbd3897000 	C:\Windows\System32\sechost.dll
0x00007ffbd2a70000 - 0x00007ffbd2a78000 	C:\Windows\System32\PSAPI.DLL
0x00007ffbcd7f0000 - 0x00007ffbcd814000 	C:\Windows\SYSTEM32\WINMM.dll
0x00007ffbba580000 - 0x00007ffbba589000 	C:\Windows\SYSTEM32\WSOCK32.dll
0x00007ffbc9580000 - 0x00007ffbc958a000 	C:\Windows\SYSTEM32\VERSION.dll
0x00007ffbd41c0000 - 0x00007ffbd422f000 	C:\Windows\System32\ws2_32.DLL
0x00007ffbcd7c0000 - 0x00007ffbcd7ed000 	C:\Windows\SYSTEM32\winmmbase.dll
0x00007ffbd2030000 - 0x00007ffbd207a000 	C:\Windows\System32\cfgmgr32.dll
0x00007ffbd1800000 - 0x00007ffbd1811000 	C:\Windows\System32\kernel.appcore.dll
0x00007ffbcc510000 - 0x00007ffbcc520000 	C:\Users\ad\.jdks\corretto-11.0.18\bin\verify.dll
0x00007ffbd0100000 - 0x00007ffbd02f4000 	C:\Windows\SYSTEM32\DBGHELP.DLL
0x00007ffbb7f30000 - 0x00007ffbb7f5a000 	C:\Windows\SYSTEM32\dbgcore.DLL
0x00007ffbbdbb0000 - 0x00007ffbbdbd8000 	C:\Users\ad\.jdks\corretto-11.0.18\bin\java.dll
0x00007ffbc32b0000 - 0x00007ffbc32ba000 	C:\Users\ad\.jdks\corretto-11.0.18\bin\jimage.dll
0x00007ffbc29f0000 - 0x00007ffbc2a08000 	C:\Users\ad\.jdks\corretto-11.0.18\bin\zip.dll

dbghelp: loaded successfully - version: 4.0.5 - missing functions: none
symbol engine: initialized successfully - sym options: 0x614 - pdb path: .;C:\Users\ad\.jdks\corretto-11.0.18\bin;C:\Windows\SYSTEM32;C:\Windows\WinSxS\amd64_microsoft.windows.common-controls_6595b64144ccf1df_6.0.18362.535_none_e6c3b34713100821;C:\Users\ad\.jdks\corretto-11.0.18\bin\server

VM Arguments:
java_command: org.jetbrains.kotlin.cli.jvm.K2JVMCompiler @D:\SAVE DATA\Android\Source code\ConquerTheExam\app\build\20230316_6174497256767036641.compiler.options
java_class_path (initial): C:\Users\ad\.gradle\caches\modules-2\files-2.1\org.jetbrains.kotlin\kotlin-compiler-embeddable\1.8.0\eb9118d4bcceaa2a94b2ae2a33a4ddba7c9a947f\kotlin-compiler-embeddable-1.8.0.jar;C:\Users\ad\.gradle\caches\modules-2\files-2.1\org.jetbrains.kotlin\kotlin-stdlib\1.8.0\1796921c7a3e2e2665a83e6c8d33399336cd39bc\kotlin-stdlib-1.8.0.jar;C:\Users\ad\.gradle\caches\modules-2\files-2.1\org.jetbrains.kotlin\kotlin-script-runtime\1.8.0\b2f7e760d283cb339974851c222a4c1d48f2d3d\kotlin-script-runtime-1.8.0.jar;C:\Users\ad\.gradle\caches\modules-2\files-2.1\org.jetbrains.kotlin\kotlin-reflect\1.6.10\1cbe9c92c12a94eea200d23c2bbaedaf3daf5132\kotlin-reflect-1.6.10.jar;C:\Users\ad\.gradle\caches\modules-2\files-2.1\org.jetbrains.kotlin\kotlin-daemon-embeddable\1.8.0\d255216c551685dc3a7e852b53617f5f01aaaa5c\kotlin-daemon-embeddable-1.8.0.jar;C:\Users\ad\.gradle\caches\modules-2\files-2.1\org.jetbrains.intellij.deps\trove4j\1.0.20200330\3afb14d5f9ceb459d724e907a21145e8ff394f02\trove4j-1.0.20200330.jar;C:\Users\ad\.gradle\caches\modules-2\files-2.1\net.java.dev.jna\jna\5.6.0\330f2244e9030119ab3030fc3fededc86713d9cc\jna-5.6.0.jar;C:\Users\ad\.gradle\caches\modules-2\files-2.1\org.jetbrains.kotlin\kotlin-stdlib-common\1.8.0\f7197e7cc76453ac59f8b0f8d5137cc600becd36\kotlin-stdlib-common-1.8.0.jar;C:\Users\ad\.gradle\caches\modules-2\files-2.1\org.jetbrains\annotations\13.0\919f0dfe192fb4e063e7dacadee7f8bb9a2672a9\annotations-13.0.jar
Launcher Type: SUN_STANDARD

[Global flags]
     intx CICompilerCount                          = 3                                         {product} {ergonomic}
     uint ConcGCThreads                            = 1                                         {product} {ergonomic}
     uint G1ConcRefinementThreads                  = 4                                         {product} {ergonomic}
   size_t G1HeapRegionSize                         = 1048576                                   {product} {ergonomic}
    uintx GCDrainStackTargetSize                   = 64                                        {product} {ergonomic}
   size_t InitialHeapSize                          = 132120576                                 {product} {ergonomic}
   size_t MarkStackSize                            = 4194304                                   {product} {ergonomic}
   size_t MaxHeapSize                              = 2113929216                                {product} {ergonomic}
   size_t MinHeapDeltaBytes                        = 1048576                                   {product} {ergonomic}
    uintx NonNMethodCodeHeapSize                   = 5830732                                {pd product} {ergonomic}
    uintx NonProfiledCodeHeapSize                  = 122913754                              {pd product} {ergonomic}
    uintx ProfiledCodeHeapSize                     = 122913754                              {pd product} {ergonomic}
    uintx ReservedCodeCacheSize                    = 251658240                              {pd product} {ergonomic}
     bool SegmentedCodeCache                       = true                                      {product} {ergonomic}
     bool UseCompressedClassPointers               = true                                 {lp64_product} {ergonomic}
     bool UseCompressedOops                        = true                                 {lp64_product} {ergonomic}
     bool UseG1GC                                  = true                                      {product} {ergonomic}
     bool UseLargePagesIndividualAllocation        = false                                  {pd product} {ergonomic}

Logging:
Log output configuration:
 #0: stdout all=warning uptime,level,tags
 #1: stderr all=off uptime,level,tags

Environment Variables:
PATH=C:\Program Files\Common Files\Oracle\Java\javapath;C:\Windows\system32;C:\Windows;C:\Windows\System32\Wbem;C:\Windows\System32\WindowsPowerShell\v1.0\;C:\Windows\System32\OpenSSH\;C:\Program Files (x86)\NVIDIA Corporation\PhysX\Common;C:\FPC\3.2.2\bin\i386-Win32;C:\Program Files\Azure Data Studio\bin;D:\SAVE DATA\XAMPP\DATA\php;D:\SAVE DATA\XAMPP\Composer;C:\Program Files\Cloudflare\Cloudflare WARP\;D:\VDK\XC8\bin;C:\Program Files\Git\cmd;C:\Users\ad\AppData\Local\Microsoft\WindowsApps;C:\Users\ad\AppData\Local\Programs\Microsoft VS Code\bin;C:\Program Files\Azure Data Studio\bin;C:\Users\ad\AppData\Local\GitHubDesktop\bin;C:\Users\ad\AppData\Roaming\Composer\vendor\bin
USERNAME=ad
OS=Windows_NT
PROCESSOR_IDENTIFIER=Intel64 Family 6 Model 94 Stepping 3, GenuineIntel
TMP=C:\Users\ad\AppData\Local\Temp
TEMP=C:\Users\ad\AppData\Local\Temp



---------------  S Y S T E M  ---------------

OS: Windows 10 , 64 bit Build 18362 (10.0.18362.329)
OS uptime: 0 days 0:12 hours

CPU:total 4 (initial active 4) (4 cores per cpu, 1 threads per core) family 6 model 94 stepping 3 microcode 0xcc, cmov, cx8, fxsr, mmx, sse, sse2, sse3, ssse3, sse4.1, sse4.2, popcnt, avx, avx2, aes, clmul, erms, rtm, 3dnowpref, lzcnt, tsc, tscinvbit, bmi1, bmi2, adx, fma

Memory: 4k page, system-wide physical 8058M (649M free)
TotalPageFile size 8058M (AvailPageFile size 96M)
current process WorkingSet (physical memory assigned to process): 9M, peak: 9M
current process commit charge ("private bytes"): 51M, peak: 177M

vm_info: OpenJDK 64-Bit Server VM (11.0.18+10-LTS) for windows-amd64 JRE (11.0.18+10-LTS), built on Jan 10 2023 20:17:52 by "Administrator" with MS VC++ 15.9 (VS2017)

END.
