#
# There is insufficient memory for the Java Runtime Environment to continue.
# Native memory allocation (malloc) failed to allocate 704816 bytes for Chunk::new
# Possible reasons:
#   The system is out of physical RAM or swap space
#   The process is running with CompressedOops enabled, and the Java Heap may be blocking the growth of the native heap
# Possible solutions:
#   Reduce memory load on the system
#   Increase physical memory or swap space
#   Check if swap backing store is full
#   Decrease Java heap size (-Xmx/-Xms)
#   Decrease number of Java threads
#   Decrease Java thread stack sizes (-Xss)
#   Set larger code cache with -XX:ReservedCodeCacheSize=
#   JVM is running with Unscaled Compressed Oops mode in which the Java heap is
#     placed in the first 4GB address space. The Java Heap base address is the
#     maximum limit for the native heap growth. Please use -XX:HeapBaseMinAddress
#     to set the Java Heap base and to place the Java Heap above 4GB virtual address.
# This output file may be truncated or incomplete.
#
#  Out of Memory Error (./src/hotspot/share/memory/arena.cpp:197), pid=12948, tid=12172
#
# JRE version: OpenJDK Runtime Environment Corretto-11.0.18.10.1 (11.0.18+10) (build 11.0.18+10-LTS)
# Java VM: OpenJDK 64-Bit Server VM Corretto-11.0.18.10.1 (11.0.18+10-LTS, mixed mode, tiered, compressed oops, g1 gc, windows-amd64)
# No core dump will be written. Minidumps are not enabled by default on client versions of Windows
#

---------------  S U M M A R Y ------------

Command Line: --add-opens=java.base/java.util=ALL-UNNAMED --add-opens=java.base/java.lang=ALL-UNNAMED --add-opens=java.base/java.lang.invoke=ALL-UNNAMED --add-opens=java.base/java.util=ALL-UNNAMED --add-opens=java.prefs/java.util.prefs=ALL-UNNAMED --add-opens=java.prefs/java.util.prefs=ALL-UNNAMED --add-opens=java.base/java.nio.charset=ALL-UNNAMED --add-opens=java.base/java.net=ALL-UNNAMED --add-opens=java.base/java.util.concurrent.atomic=ALL-UNNAMED -Xmx2048m -Dfile.encoding=UTF-8 -Duser.country=US -Duser.language=en -Duser.variant org.gradle.launcher.daemon.bootstrap.GradleDaemon 7.5

Host: Intel(R) Core(TM) i5-6300HQ CPU @ 2.30GHz, 4 cores, 7G,  Windows 10 , 64 bit Build 18362 (10.0.18362.329)
Time: Tue Apr 11 03:08:42 2023 SE Asia Standard Time elapsed time: 142.081064 seconds (0d 0h 2m 22s)

---------------  T H R E A D  ---------------

Current thread (0x0000016be71e1800):  JavaThread "C2 CompilerThread0" daemon [_thread_in_native, id=12172, stack(0x000000538e900000,0x000000538ea00000)]


Current CompileTask:
C2: 142081 3629       4       java.util.regex.Pattern::compile (498 bytes)

Stack: [0x000000538e900000,0x000000538ea00000]
Native frames: (J=compiled Java code, j=interpreted, Vv=VM code, C=native code)
V  [jvm.dll+0x622d9a]
V  [jvm.dll+0x7b0289]
V  [jvm.dll+0x7b1978]
V  [jvm.dll+0x7b2053]
V  [jvm.dll+0x24fe08]
V  [jvm.dll+0xc264c]
V  [jvm.dll+0xc2c0c]
V  [jvm.dll+0x2c3d84]
V  [jvm.dll+0x53197c]
V  [jvm.dll+0x21137b]
V  [jvm.dll+0x20b0e4]
V  [jvm.dll+0x2082fb]
V  [jvm.dll+0x18a3c1]
V  [jvm.dll+0x217ac4]
V  [jvm.dll+0x215d0b]
V  [jvm.dll+0x772d90]
V  [jvm.dll+0x76bcc4]
V  [jvm.dll+0x621c05]
C  [ucrtbase.dll+0x20e72]
C  [KERNEL32.DLL+0x17bd4]
C  [ntdll.dll+0x6ced1]


---------------  P R O C E S S  ---------------

Threads class SMR info:
_java_thread_list=0x0000016be8ef33e0, length=36, elements={
0x0000016bc690e000, 0x0000016be71c5800, 0x0000016be71cf800, 0x0000016be71d3800,
0x0000016be71dc800, 0x0000016be71de800, 0x0000016be71e1800, 0x0000016be71e5800,
0x0000016be7b8c800, 0x0000016be7c96000, 0x0000016be8f0f800, 0x0000016be898d800,
0x0000016be905e000, 0x0000016bea566800, 0x0000016be80a3000, 0x0000016be9ed6800,
0x0000016be88ef800, 0x0000016be8d28800, 0x0000016be9dc7800, 0x0000016be905d000,
0x0000016be8989800, 0x0000016be8987800, 0x0000016be8988000, 0x0000016be8989000,
0x0000016bea5a8800, 0x0000016bea5ac800, 0x0000016bea5ad000, 0x0000016bea5aa000,
0x0000016bea5aa800, 0x0000016bea5ae000, 0x0000016bea5ab800, 0x0000016bea5af000,
0x0000016bea5a9000, 0x0000016bea5b1800, 0x0000016bea5b3800, 0x0000016bea5b0800
}

Java Threads: ( => current thread )
  0x0000016bc690e000 JavaThread "main" [_thread_blocked, id=5652, stack(0x000000538dd00000,0x000000538de00000)]
  0x0000016be71c5800 JavaThread "Reference Handler" daemon [_thread_blocked, id=7288, stack(0x000000538e400000,0x000000538e500000)]
  0x0000016be71cf800 JavaThread "Finalizer" daemon [_thread_blocked, id=1460, stack(0x000000538e500000,0x000000538e600000)]
  0x0000016be71d3800 JavaThread "Signal Dispatcher" daemon [_thread_blocked, id=1920, stack(0x000000538e600000,0x000000538e700000)]
  0x0000016be71dc800 JavaThread "Attach Listener" daemon [_thread_blocked, id=5956, stack(0x000000538e700000,0x000000538e800000)]
  0x0000016be71de800 JavaThread "Service Thread" daemon [_thread_blocked, id=7948, stack(0x000000538e800000,0x000000538e900000)]
=>0x0000016be71e1800 JavaThread "C2 CompilerThread0" daemon [_thread_in_native, id=12172, stack(0x000000538e900000,0x000000538ea00000)]
  0x0000016be71e5800 JavaThread "C1 CompilerThread0" daemon [_thread_blocked, id=10892, stack(0x000000538ea00000,0x000000538eb00000)]
  0x0000016be7b8c800 JavaThread "Sweeper thread" daemon [_thread_blocked, id=1096, stack(0x000000538eb00000,0x000000538ec00000)]
  0x0000016be7c96000 JavaThread "Common-Cleaner" daemon [_thread_blocked, id=6068, stack(0x000000538ec00000,0x000000538ed00000)]
  0x0000016be8f0f800 JavaThread "Daemon health stats" [_thread_blocked, id=9972, stack(0x000000538f000000,0x000000538f100000)]
  0x0000016be898d800 JavaThread "Incoming local TCP Connector on port 63307" [_thread_in_native, id=12308, stack(0x000000538f100000,0x000000538f200000)]
  0x0000016be905e000 JavaThread "Daemon periodic checks" [_thread_blocked, id=12968, stack(0x000000538f200000,0x000000538f300000)]
  0x0000016bea566800 JavaThread "Daemon" [_thread_blocked, id=8780, stack(0x000000538f300000,0x000000538f400000)]
  0x0000016be80a3000 JavaThread "Handler for socket connection from /127.0.0.1:63307 to /127.0.0.1:63335" [_thread_in_native, id=1244, stack(0x000000538f400000,0x000000538f500000)]
  0x0000016be9ed6800 JavaThread "Cancel handler" [_thread_blocked, id=1256, stack(0x000000538da00000,0x000000538db00000)]
  0x0000016be88ef800 JavaThread "Daemon worker" [_thread_in_vm, id=11820, stack(0x000000538db00000,0x000000538dc00000)]
  0x0000016be8d28800 JavaThread "Asynchronous log dispatcher for DefaultDaemonConnection: socket connection from /127.0.0.1:63307 to /127.0.0.1:63335" [_thread_blocked, id=1956, stack(0x000000538dc00000,0x000000538dd00000)]
  0x0000016be9dc7800 JavaThread "Stdin handler" [_thread_blocked, id=2868, stack(0x000000538f700000,0x000000538f800000)]
  0x0000016be905d000 JavaThread "Daemon client event forwarder" [_thread_blocked, id=8784, stack(0x000000538f800000,0x000000538f900000)]
  0x0000016be8989800 JavaThread "Cache worker for journal cache (C:\Users\ad\.gradle\caches\journal-1)" [_thread_blocked, id=5456, stack(0x000000538f900000,0x000000538fa00000)]
  0x0000016be8987800 JavaThread "File lock request listener" [_thread_in_native, id=7484, stack(0x000000538fa00000,0x000000538fb00000)]
  0x0000016be8988000 JavaThread "Cache worker for file hash cache (C:\Users\ad\.gradle\caches\7.5\fileHashes)" [_thread_blocked, id=6536, stack(0x000000538fc00000,0x000000538fd00000)]
  0x0000016be8989000 JavaThread "File watcher server" daemon [_thread_in_native, id=6432, stack(0x000000538f500000,0x000000538f600000)]
  0x0000016bea5a8800 JavaThread "File watcher consumer" daemon [_thread_blocked, id=2360, stack(0x000000538fd00000,0x000000538fe00000)]
  0x0000016bea5ac800 JavaThread "jar transforms" [_thread_blocked, id=11408, stack(0x000000538fe00000,0x000000538ff00000)]
  0x0000016bea5ad000 JavaThread "jar transforms Thread 2" [_thread_blocked, id=1212, stack(0x000000538ff00000,0x0000005390000000)]
  0x0000016bea5aa000 JavaThread "jar transforms Thread 3" [_thread_blocked, id=8668, stack(0x0000005390000000,0x0000005390100000)]
  0x0000016bea5aa800 JavaThread "jar transforms Thread 4" [_thread_blocked, id=1668, stack(0x0000005390100000,0x0000005390200000)]
  0x0000016bea5ae000 JavaThread "File lock release action executor" [_thread_blocked, id=5796, stack(0x0000005390200000,0x0000005390300000)]
  0x0000016bea5ab800 JavaThread "Cache worker for checksums cache (D:\SAVE DATA\Android\Source code\ConquerTheExam\.gradle\7.5\checksums)" [_thread_blocked, id=4084, stack(0x0000005390300000,0x0000005390400000)]
  0x0000016bea5af000 JavaThread "Cache worker for cache directory md-rule (C:\Users\ad\.gradle\caches\7.5\md-rule)" [_thread_blocked, id=4100, stack(0x0000005390400000,0x0000005390500000)]
  0x0000016bea5a9000 JavaThread "Cache worker for file content cache (C:\Users\ad\.gradle\caches\7.5\fileContent)" [_thread_blocked, id=12168, stack(0x0000005390500000,0x0000005390600000)]
  0x0000016bea5b1800 JavaThread "Cache worker for file hash cache (D:\SAVE DATA\Android\Source code\ConquerTheExam\.gradle\7.5\fileHashes)" [_thread_blocked, id=6756, stack(0x0000005390600000,0x0000005390700000)]
  0x0000016bea5b3800 JavaThread "Cache worker for cache directory md-supplier (C:\Users\ad\.gradle\caches\7.5\md-supplier)" [_thread_blocked, id=13012, stack(0x0000005390700000,0x0000005390800000)]
  0x0000016bea5b0800 JavaThread "Cache worker for execution history cache (C:\Users\ad\.gradle\caches\7.5\executionHistory)" [_thread_blocked, id=10100, stack(0x0000005390800000,0x0000005390900000)]

Other Threads:
  0x0000016be71c4000 VMThread "VM Thread" [stack: 0x000000538e300000,0x000000538e400000] [id=11296]
  0x0000016be7cc1000 WatcherThread [stack: 0x000000538ed00000,0x000000538ee00000] [id=7084]
  0x0000016bc6a2a000 GCTaskThread "GC Thread#0" [stack: 0x000000538de00000,0x000000538df00000] [id=5844]
  0x0000016be802b000 GCTaskThread "GC Thread#1" [stack: 0x000000538ee00000,0x000000538ef00000] [id=7960]
  0x0000016be7fb0800 GCTaskThread "GC Thread#2" [stack: 0x000000538ef00000,0x000000538f000000] [id=2284]
  0x0000016be8798800 GCTaskThread "GC Thread#3" [stack: 0x000000538fb00000,0x000000538fc00000] [id=11184]
  0x0000016bc6a5b000 ConcurrentGCThread "G1 Main Marker" [stack: 0x000000538df00000,0x000000538e000000] [id=6036]
  0x0000016bc6a5e000 ConcurrentGCThread "G1 Conc#0" [stack: 0x000000538e000000,0x000000538e100000] [id=8800]
  0x0000016bc6ade000 ConcurrentGCThread "G1 Refine#0" [stack: 0x000000538e100000,0x000000538e200000] [id=1248]
  0x0000016be7010800 ConcurrentGCThread "G1 Young RemSet Sampling" [stack: 0x000000538e200000,0x000000538e300000] [id=1136]

Threads with active compile tasks:
C2 CompilerThread0   142113 3629       4       java.util.regex.Pattern::compile (498 bytes)

VM state:not at safepoint (normal execution)

VM Mutex/Monitor currently owned by a thread: None

Heap address: 0x0000000080000000, size: 2048 MB, Compressed Oops mode: 32-bit
Narrow klass base: 0x0000000000000000, Narrow klass shift: 3
Compressed class space size: 1073741824 Address: 0x0000000100000000

Heap:
 garbage-first heap   total 129024K, used 81729K [0x0000000080000000, 0x0000000100000000)
  region size 1024K, 43 young (44032K), 3 survivors (3072K)
 Metaspace       used 40218K, capacity 41403K, committed 41648K, reserved 1085440K
  class space    used 5174K, capacity 5584K, committed 5632K, reserved 1048576K
Heap Regions: E=young(eden), S=young(survivor), O=old, HS=humongous(starts), HC=humongous(continues), CS=collection set, F=free, A=archive, TAMS=top-at-mark-start (previous, next)
|   0|0x0000000080000000, 0x0000000080100000, 0x0000000080100000|100%|HS|  |TAMS 0x0000000080100000, 0x0000000080000000| Complete 
|   1|0x0000000080100000, 0x0000000080200000, 0x0000000080200000|100%|HC|  |TAMS 0x0000000080200000, 0x0000000080100000| Complete 
|   2|0x0000000080200000, 0x0000000080300000, 0x0000000080300000|100%|HC|  |TAMS 0x0000000080300000, 0x0000000080200000| Complete 
|   3|0x0000000080300000, 0x0000000080400000, 0x0000000080400000|100%| O|  |TAMS 0x0000000080400000, 0x0000000080300000| Untracked 
|   4|0x0000000080400000, 0x0000000080500000, 0x0000000080500000|100%| O|  |TAMS 0x0000000080500000, 0x0000000080400000| Untracked 
|   5|0x0000000080500000, 0x0000000080600000, 0x0000000080600000|100%| O|  |TAMS 0x0000000080600000, 0x0000000080500000| Untracked 
|   6|0x0000000080600000, 0x0000000080700000, 0x0000000080700000|100%| O|  |TAMS 0x0000000080700000, 0x0000000080600000| Untracked 
|   7|0x0000000080700000, 0x0000000080800000, 0x0000000080800000|100%| O|  |TAMS 0x0000000080800000, 0x0000000080700000| Untracked 
|   8|0x0000000080800000, 0x0000000080900000, 0x0000000080900000|100%| O|  |TAMS 0x0000000080900000, 0x0000000080800000| Untracked 
|   9|0x0000000080900000, 0x0000000080a00000, 0x0000000080a00000|100%| O|  |TAMS 0x0000000080a00000, 0x0000000080900000| Untracked 
|  10|0x0000000080a00000, 0x0000000080b00000, 0x0000000080b00000|100%| O|  |TAMS 0x0000000080b00000, 0x0000000080a00000| Untracked 
|  11|0x0000000080b00000, 0x0000000080c00000, 0x0000000080c00000|100%| O|  |TAMS 0x0000000080c00000, 0x0000000080b00000| Untracked 
|  12|0x0000000080c00000, 0x0000000080d00000, 0x0000000080d00000|100%| O|  |TAMS 0x0000000080d00000, 0x0000000080c00000| Untracked 
|  13|0x0000000080d00000, 0x0000000080e00000, 0x0000000080e00000|100%| O|  |TAMS 0x0000000080e00000, 0x0000000080d00000| Untracked 
|  14|0x0000000080e00000, 0x0000000080f00000, 0x0000000080f00000|100%|HS|  |TAMS 0x0000000080f00000, 0x0000000080e00000| Complete 
|  15|0x0000000080f00000, 0x0000000081000000, 0x0000000081000000|100%|HC|  |TAMS 0x0000000081000000, 0x0000000080f00000| Complete 
|  16|0x0000000081000000, 0x0000000081100000, 0x0000000081100000|100%|HS|  |TAMS 0x0000000081100000, 0x0000000081000000| Complete 
|  17|0x0000000081100000, 0x0000000081200000, 0x0000000081200000|100%|HC|  |TAMS 0x0000000081200000, 0x0000000081100000| Complete 
|  18|0x0000000081200000, 0x0000000081300000, 0x0000000081300000|100%|HC|  |TAMS 0x0000000081300000, 0x0000000081200000| Complete 
|  19|0x0000000081300000, 0x0000000081400000, 0x0000000081400000|100%|HS|  |TAMS 0x0000000081400000, 0x0000000081300000| Complete 
|  20|0x0000000081400000, 0x0000000081500000, 0x0000000081500000|100%|HC|  |TAMS 0x0000000081500000, 0x0000000081400000| Complete 
|  21|0x0000000081500000, 0x0000000081600000, 0x0000000081600000|100%|HC|  |TAMS 0x0000000081600000, 0x0000000081500000| Complete 
|  22|0x0000000081600000, 0x0000000081700000, 0x0000000081700000|100%|HC|  |TAMS 0x0000000081700000, 0x0000000081600000| Complete 
|  23|0x0000000081700000, 0x0000000081800000, 0x0000000081800000|100%|HC|  |TAMS 0x0000000081800000, 0x0000000081700000| Complete 
|  24|0x0000000081800000, 0x0000000081900000, 0x0000000081900000|100%|HS|  |TAMS 0x0000000081900000, 0x0000000081800000| Complete 
|  25|0x0000000081900000, 0x0000000081a00000, 0x0000000081a00000|100%|HC|  |TAMS 0x0000000081a00000, 0x0000000081900000| Complete 
|  26|0x0000000081a00000, 0x0000000081b00000, 0x0000000081b00000|100%|HS|  |TAMS 0x0000000081b00000, 0x0000000081a00000| Complete 
|  27|0x0000000081b00000, 0x0000000081c00000, 0x0000000081c00000|100%|HC|  |TAMS 0x0000000081c00000, 0x0000000081b00000| Complete 
|  28|0x0000000081c00000, 0x0000000081d00000, 0x0000000081d00000|100%|HC|  |TAMS 0x0000000081d00000, 0x0000000081c00000| Complete 
|  29|0x0000000081d00000, 0x0000000081e00000, 0x0000000081e00000|100%| O|  |TAMS 0x0000000081e00000, 0x0000000081d00000| Untracked 
|  30|0x0000000081e00000, 0x0000000081f00000, 0x0000000081f00000|100%| O|  |TAMS 0x0000000081f00000, 0x0000000081e00000| Untracked 
|  31|0x0000000081f00000, 0x0000000082000000, 0x0000000082000000|100%| O|  |TAMS 0x0000000082000000, 0x0000000081f00000| Untracked 
|  32|0x0000000082000000, 0x0000000082100000, 0x0000000082100000|100%| O|  |TAMS 0x0000000082100000, 0x0000000082000000| Untracked 
|  33|0x0000000082100000, 0x0000000082200000, 0x0000000082200000|100%| O|  |TAMS 0x0000000082200000, 0x0000000082100000| Untracked 
|  34|0x0000000082200000, 0x0000000082300000, 0x0000000082300000|100%| O|  |TAMS 0x0000000082300000, 0x0000000082200000| Untracked 
|  35|0x0000000082300000, 0x0000000082400000, 0x0000000082400000|100%| O|  |TAMS 0x0000000082400000, 0x0000000082300000| Untracked 
|  36|0x0000000082400000, 0x0000000082500000, 0x0000000082500000|100%| O|  |TAMS 0x0000000082500000, 0x0000000082400000| Untracked 
|  37|0x0000000082500000, 0x0000000082600000, 0x0000000082600000|100%| O|  |TAMS 0x0000000082600000, 0x0000000082500000| Untracked 
|  38|0x0000000082600000, 0x000000008269da00, 0x0000000082700000| 61%| O|  |TAMS 0x000000008269da00, 0x0000000082600000| Untracked 
|  39|0x0000000082700000, 0x0000000082700000, 0x0000000082800000|  0%| F|  |TAMS 0x0000000082700000, 0x0000000082700000| Untracked 
|  40|0x0000000082800000, 0x0000000082800000, 0x0000000082900000|  0%| F|  |TAMS 0x0000000082800000, 0x0000000082800000| Untracked 
|  41|0x0000000082900000, 0x0000000082900000, 0x0000000082a00000|  0%| F|  |TAMS 0x0000000082900000, 0x0000000082900000| Untracked 
|  42|0x0000000082a00000, 0x0000000082a00000, 0x0000000082b00000|  0%| F|  |TAMS 0x0000000082a00000, 0x0000000082a00000| Untracked 
|  43|0x0000000082b00000, 0x0000000082b00000, 0x0000000082c00000|  0%| F|  |TAMS 0x0000000082b00000, 0x0000000082b00000| Untracked 
|  44|0x0000000082c00000, 0x0000000082c00000, 0x0000000082d00000|  0%| F|  |TAMS 0x0000000082c00000, 0x0000000082c00000| Untracked 
|  45|0x0000000082d00000, 0x0000000082d00000, 0x0000000082e00000|  0%| F|  |TAMS 0x0000000082d00000, 0x0000000082d00000| Untracked 
|  46|0x0000000082e00000, 0x0000000082e00000, 0x0000000082f00000|  0%| F|  |TAMS 0x0000000082e00000, 0x0000000082e00000| Untracked 
|  47|0x0000000082f00000, 0x0000000082f00000, 0x0000000083000000|  0%| F|  |TAMS 0x0000000082f00000, 0x0000000082f00000| Untracked 
|  48|0x0000000083000000, 0x0000000083000000, 0x0000000083100000|  0%| F|  |TAMS 0x0000000083000000, 0x0000000083000000| Untracked 
|  49|0x0000000083100000, 0x0000000083100000, 0x0000000083200000|  0%| F|  |TAMS 0x0000000083100000, 0x0000000083100000| Untracked 
|  50|0x0000000083200000, 0x0000000083200000, 0x0000000083300000|  0%| F|  |TAMS 0x0000000083200000, 0x0000000083200000| Untracked 
|  51|0x0000000083300000, 0x0000000083300000, 0x0000000083400000|  0%| F|  |TAMS 0x0000000083300000, 0x0000000083300000| Untracked 
|  52|0x0000000083400000, 0x0000000083400000, 0x0000000083500000|  0%| F|  |TAMS 0x0000000083400000, 0x0000000083400000| Untracked 
|  53|0x0000000083500000, 0x0000000083500000, 0x0000000083600000|  0%| F|  |TAMS 0x0000000083500000, 0x0000000083500000| Untracked 
|  54|0x0000000083600000, 0x0000000083600000, 0x0000000083700000|  0%| F|  |TAMS 0x0000000083600000, 0x0000000083600000| Untracked 
|  55|0x0000000083700000, 0x0000000083700000, 0x0000000083800000|  0%| F|  |TAMS 0x0000000083700000, 0x0000000083700000| Untracked 
|  56|0x0000000083800000, 0x0000000083800000, 0x0000000083900000|  0%| F|  |TAMS 0x0000000083800000, 0x0000000083800000| Untracked 
|  57|0x0000000083900000, 0x0000000083900000, 0x0000000083a00000|  0%| F|  |TAMS 0x0000000083900000, 0x0000000083900000| Untracked 
|  58|0x0000000083a00000, 0x0000000083a00000, 0x0000000083b00000|  0%| F|  |TAMS 0x0000000083a00000, 0x0000000083a00000| Untracked 
|  59|0x0000000083b00000, 0x0000000083b00000, 0x0000000083c00000|  0%| F|  |TAMS 0x0000000083b00000, 0x0000000083b00000| Untracked 
|  60|0x0000000083c00000, 0x0000000083c00000, 0x0000000083d00000|  0%| F|  |TAMS 0x0000000083c00000, 0x0000000083c00000| Untracked 
|  61|0x0000000083d00000, 0x0000000083d00000, 0x0000000083e00000|  0%| F|  |TAMS 0x0000000083d00000, 0x0000000083d00000| Untracked 
|  62|0x0000000083e00000, 0x0000000083e00000, 0x0000000083f00000|  0%| F|  |TAMS 0x0000000083e00000, 0x0000000083e00000| Untracked 
|  63|0x0000000083f00000, 0x0000000083f00000, 0x0000000084000000|  0%| F|  |TAMS 0x0000000083f00000, 0x0000000083f00000| Untracked 
|  64|0x0000000084000000, 0x0000000084000000, 0x0000000084100000|  0%| F|  |TAMS 0x0000000084000000, 0x0000000084000000| Untracked 
|  65|0x0000000084100000, 0x0000000084100000, 0x0000000084200000|  0%| F|  |TAMS 0x0000000084100000, 0x0000000084100000| Untracked 
|  66|0x0000000084200000, 0x0000000084200000, 0x0000000084300000|  0%| F|  |TAMS 0x0000000084200000, 0x0000000084200000| Untracked 
|  67|0x0000000084300000, 0x0000000084300000, 0x0000000084400000|  0%| F|  |TAMS 0x0000000084300000, 0x0000000084300000| Untracked 
|  68|0x0000000084400000, 0x0000000084400000, 0x0000000084500000|  0%| F|  |TAMS 0x0000000084400000, 0x0000000084400000| Untracked 
|  69|0x0000000084500000, 0x0000000084500000, 0x0000000084600000|  0%| F|  |TAMS 0x0000000084500000, 0x0000000084500000| Untracked 
|  70|0x0000000084600000, 0x0000000084600000, 0x0000000084700000|  0%| F|  |TAMS 0x0000000084600000, 0x0000000084600000| Untracked 
|  71|0x0000000084700000, 0x0000000084700000, 0x0000000084800000|  0%| F|  |TAMS 0x0000000084700000, 0x0000000084700000| Untracked 
|  72|0x0000000084800000, 0x0000000084800000, 0x0000000084900000|  0%| F|  |TAMS 0x0000000084800000, 0x0000000084800000| Untracked 
|  73|0x0000000084900000, 0x0000000084900000, 0x0000000084a00000|  0%| F|  |TAMS 0x0000000084900000, 0x0000000084900000| Untracked 
|  74|0x0000000084a00000, 0x0000000084a00000, 0x0000000084b00000|  0%| F|  |TAMS 0x0000000084a00000, 0x0000000084a00000| Untracked 
|  75|0x0000000084b00000, 0x0000000084b00000, 0x0000000084c00000|  0%| F|  |TAMS 0x0000000084b00000, 0x0000000084b00000| Untracked 
|  76|0x0000000084c00000, 0x0000000084c00000, 0x0000000084d00000|  0%| F|  |TAMS 0x0000000084c00000, 0x0000000084c00000| Untracked 
|  77|0x0000000084d00000, 0x0000000084d00000, 0x0000000084e00000|  0%| F|  |TAMS 0x0000000084d00000, 0x0000000084d00000| Untracked 
|  78|0x0000000084e00000, 0x0000000084e00000, 0x0000000084f00000|  0%| F|  |TAMS 0x0000000084e00000, 0x0000000084e00000| Untracked 
|  79|0x0000000084f00000, 0x0000000084f00000, 0x0000000085000000|  0%| F|  |TAMS 0x0000000084f00000, 0x0000000084f00000| Untracked 
|  80|0x0000000085000000, 0x0000000085000000, 0x0000000085100000|  0%| F|  |TAMS 0x0000000085000000, 0x0000000085000000| Untracked 
|  81|0x0000000085100000, 0x0000000085100000, 0x0000000085200000|  0%| F|  |TAMS 0x0000000085100000, 0x0000000085100000| Untracked 
|  82|0x0000000085200000, 0x0000000085200000, 0x0000000085300000|  0%| F|  |TAMS 0x0000000085200000, 0x0000000085200000| Untracked 
|  83|0x0000000085300000, 0x0000000085400000, 0x0000000085400000|100%| E|  |TAMS 0x0000000085300000, 0x0000000085300000| Complete 
|  84|0x0000000085400000, 0x0000000085432c08, 0x0000000085500000| 19%| S|CS|TAMS 0x0000000085400000, 0x0000000085400000| Complete 
|  85|0x0000000085500000, 0x0000000085600000, 0x0000000085600000|100%| S|CS|TAMS 0x0000000085500000, 0x0000000085500000| Complete 
|  86|0x0000000085600000, 0x0000000085700000, 0x0000000085700000|100%| S|CS|TAMS 0x0000000085600000, 0x0000000085600000| Complete 
|  87|0x0000000085700000, 0x0000000085800000, 0x0000000085800000|100%| E|CS|TAMS 0x0000000085700000, 0x0000000085700000| Complete 
|  88|0x0000000085800000, 0x0000000085900000, 0x0000000085900000|100%| E|CS|TAMS 0x0000000085800000, 0x0000000085800000| Complete 
|  89|0x0000000085900000, 0x0000000085a00000, 0x0000000085a00000|100%| E|CS|TAMS 0x0000000085900000, 0x0000000085900000| Complete 
|  90|0x0000000085a00000, 0x0000000085b00000, 0x0000000085b00000|100%| E|CS|TAMS 0x0000000085a00000, 0x0000000085a00000| Complete 
|  91|0x0000000085b00000, 0x0000000085c00000, 0x0000000085c00000|100%| E|CS|TAMS 0x0000000085b00000, 0x0000000085b00000| Complete 
|  92|0x0000000085c00000, 0x0000000085d00000, 0x0000000085d00000|100%| E|CS|TAMS 0x0000000085c00000, 0x0000000085c00000| Complete 
|  93|0x0000000085d00000, 0x0000000085e00000, 0x0000000085e00000|100%| E|CS|TAMS 0x0000000085d00000, 0x0000000085d00000| Complete 
|  94|0x0000000085e00000, 0x0000000085f00000, 0x0000000085f00000|100%| E|CS|TAMS 0x0000000085e00000, 0x0000000085e00000| Complete 
|  95|0x0000000085f00000, 0x0000000086000000, 0x0000000086000000|100%| E|CS|TAMS 0x0000000085f00000, 0x0000000085f00000| Complete 
|  96|0x0000000086000000, 0x0000000086100000, 0x0000000086100000|100%| E|CS|TAMS 0x0000000086000000, 0x0000000086000000| Complete 
|  97|0x0000000086100000, 0x0000000086200000, 0x0000000086200000|100%| E|CS|TAMS 0x0000000086100000, 0x0000000086100000| Complete 
|  98|0x0000000086200000, 0x0000000086300000, 0x0000000086300000|100%| E|CS|TAMS 0x0000000086200000, 0x0000000086200000| Complete 
|  99|0x0000000086300000, 0x0000000086400000, 0x0000000086400000|100%| E|CS|TAMS 0x0000000086300000, 0x0000000086300000| Complete 
| 100|0x0000000086400000, 0x0000000086500000, 0x0000000086500000|100%| E|CS|TAMS 0x0000000086400000, 0x0000000086400000| Complete 
| 101|0x0000000086500000, 0x0000000086600000, 0x0000000086600000|100%| E|CS|TAMS 0x0000000086500000, 0x0000000086500000| Complete 
| 102|0x0000000086600000, 0x0000000086700000, 0x0000000086700000|100%| E|CS|TAMS 0x0000000086600000, 0x0000000086600000| Complete 
| 103|0x0000000086700000, 0x0000000086800000, 0x0000000086800000|100%| E|CS|TAMS 0x0000000086700000, 0x0000000086700000| Complete 
| 104|0x0000000086800000, 0x0000000086900000, 0x0000000086900000|100%| E|CS|TAMS 0x0000000086800000, 0x0000000086800000| Complete 
| 105|0x0000000086900000, 0x0000000086a00000, 0x0000000086a00000|100%| E|CS|TAMS 0x0000000086900000, 0x0000000086900000| Complete 
| 106|0x0000000086a00000, 0x0000000086b00000, 0x0000000086b00000|100%| E|CS|TAMS 0x0000000086a00000, 0x0000000086a00000| Complete 
| 107|0x0000000086b00000, 0x0000000086c00000, 0x0000000086c00000|100%| E|CS|TAMS 0x0000000086b00000, 0x0000000086b00000| Complete 
| 108|0x0000000086c00000, 0x0000000086d00000, 0x0000000086d00000|100%| E|CS|TAMS 0x0000000086c00000, 0x0000000086c00000| Complete 
| 109|0x0000000086d00000, 0x0000000086e00000, 0x0000000086e00000|100%| E|CS|TAMS 0x0000000086d00000, 0x0000000086d00000| Complete 
| 110|0x0000000086e00000, 0x0000000086f00000, 0x0000000086f00000|100%| E|CS|TAMS 0x0000000086e00000, 0x0000000086e00000| Complete 
| 111|0x0000000086f00000, 0x0000000087000000, 0x0000000087000000|100%| E|CS|TAMS 0x0000000086f00000, 0x0000000086f00000| Complete 
| 112|0x0000000087000000, 0x0000000087100000, 0x0000000087100000|100%| E|CS|TAMS 0x0000000087000000, 0x0000000087000000| Complete 
| 113|0x0000000087100000, 0x0000000087200000, 0x0000000087200000|100%| E|CS|TAMS 0x0000000087100000, 0x0000000087100000| Complete 
| 114|0x0000000087200000, 0x0000000087300000, 0x0000000087300000|100%| E|CS|TAMS 0x0000000087200000, 0x0000000087200000| Complete 
| 115|0x0000000087300000, 0x0000000087400000, 0x0000000087400000|100%| E|CS|TAMS 0x0000000087300000, 0x0000000087300000| Complete 
| 116|0x0000000087400000, 0x0000000087500000, 0x0000000087500000|100%| E|CS|TAMS 0x0000000087400000, 0x0000000087400000| Complete 
| 117|0x0000000087500000, 0x0000000087600000, 0x0000000087600000|100%| E|CS|TAMS 0x0000000087500000, 0x0000000087500000| Complete 
| 118|0x0000000087600000, 0x0000000087700000, 0x0000000087700000|100%| E|CS|TAMS 0x0000000087600000, 0x0000000087600000| Complete 
| 119|0x0000000087700000, 0x0000000087800000, 0x0000000087800000|100%| E|CS|TAMS 0x0000000087700000, 0x0000000087700000| Complete 
| 120|0x0000000087800000, 0x0000000087900000, 0x0000000087900000|100%| E|CS|TAMS 0x0000000087800000, 0x0000000087800000| Complete 
| 121|0x0000000087900000, 0x0000000087a00000, 0x0000000087a00000|100%| E|CS|TAMS 0x0000000087900000, 0x0000000087900000| Complete 
| 122|0x0000000087a00000, 0x0000000087b00000, 0x0000000087b00000|100%| E|CS|TAMS 0x0000000087a00000, 0x0000000087a00000| Complete 
| 123|0x0000000087b00000, 0x0000000087c00000, 0x0000000087c00000|100%| E|CS|TAMS 0x0000000087b00000, 0x0000000087b00000| Complete 
| 124|0x0000000087c00000, 0x0000000087d00000, 0x0000000087d00000|100%| E|CS|TAMS 0x0000000087c00000, 0x0000000087c00000| Complete 
| 125|0x0000000087d00000, 0x0000000087e00000, 0x0000000087e00000|100%| E|CS|TAMS 0x0000000087d00000, 0x0000000087d00000| Complete 

Card table byte_map: [0x0000016be0370000,0x0000016be0770000] _byte_map_base: 0x0000016bdff70000

Marking Bits (Prev, Next): (CMBitMap*) 0x0000016bc6a525e8, (CMBitMap*) 0x0000016bc6a52620
 Prev Bits: [0x0000016be0b70000, 0x0000016be2b70000)
 Next Bits: [0x0000016be2b70000, 0x0000016be4b70000)

Polling page: 0x0000016bc67d0000

Metaspace:

Usage:
  Non-class:     34.98 MB capacity,    34.23 MB ( 98%) used,   668.45 KB (  2%) free+waste,   103.06 KB ( <1%) overhead. 
      Class:      5.45 MB capacity,     5.05 MB ( 93%) used,   359.83 KB (  6%) free+waste,    50.06 KB ( <1%) overhead. 
       Both:     40.43 MB capacity,    39.28 MB ( 97%) used,     1.00 MB (  2%) free+waste,   153.13 KB ( <1%) overhead. 

Virtual space:
  Non-class space:       36.00 MB reserved,      35.17 MB ( 98%) committed 
      Class space:        1.00 GB reserved,       5.50 MB ( <1%) committed 
             Both:        1.04 GB reserved,      40.67 MB (  4%) committed 

Chunk freelists:
   Non-Class:  5.00 KB
       Class:  0 bytes
        Both:  5.00 KB

MaxMetaspaceSize: 17179869184.00 GB
CompressedClassSpaceSize: 1.00 GB
Initial GC threshold: 20.80 MB
Current GC threshold: 58.62 MB
CDS: off

CodeHeap 'non-profiled nmethods': size=120064Kb used=1892Kb max_used=1892Kb free=118171Kb
 bounds [0x0000016bd8410000, 0x0000016bd8680000, 0x0000016bdf950000]
CodeHeap 'profiled nmethods': size=120000Kb used=7782Kb max_used=7782Kb free=112217Kb
 bounds [0x0000016bd0ee0000, 0x0000016bd1680000, 0x0000016bd8410000]
CodeHeap 'non-nmethods': size=5696Kb used=1586Kb max_used=1601Kb free=4109Kb
 bounds [0x0000016bd0950000, 0x0000016bd0bc0000, 0x0000016bd0ee0000]
 total_blobs=4335 nmethods=3704 adapters=543
 compilation: enabled
              stopped_count=0, restarted_count=0
 full_count=0

Compilation events (20 events):
Event: 142.006 Thread 0x0000016be71e5800 3657       3       org.codehaus.groovy.util.ComplexKeyHashMap::hash (31 bytes)
Event: 142.006 Thread 0x0000016be71e5800 nmethod 3657 0x0000016bd1651e90 code [0x0000016bd1652040, 0x0000016bd1652138]
Event: 142.006 Thread 0x0000016be71e5800 3658       3       groovy.lang.MetaClassImpl::checkIfGroovyObjectMethod (57 bytes)
Event: 142.007 Thread 0x0000016be71e5800 nmethod 3658 0x0000016bd1652210 code [0x0000016bd16524a0, 0x0000016bd16531d8]
Event: 142.007 Thread 0x0000016be71e5800 3660       3       org.codehaus.groovy.runtime.metaclass.MetaMethodIndex::copyNonPrivateMethods (149 bytes)
Event: 142.008 Thread 0x0000016be71e5800 nmethod 3660 0x0000016bd1653490 code [0x0000016bd1653720, 0x0000016bd1654398]
Event: 142.008 Thread 0x0000016be71e5800 3661       3       groovy.lang.MetaClassImpl$1::methodNameAction (169 bytes)
Event: 142.009 Thread 0x0000016be71e5800 nmethod 3661 0x0000016bd1654790 code [0x0000016bd1654a60, 0x0000016bd1655d88]
Event: 142.009 Thread 0x0000016be71e5800 3662   !   2       jdk.internal.loader.URLClassPath$JarLoader::getResource (353 bytes)
Event: 142.010 Thread 0x0000016be71e5800 nmethod 3662 0x0000016bd1656210 code [0x0000016bd16565a0, 0x0000016bd1657598]
Event: 142.010 Thread 0x0000016be71e5800 3659       3       groovy.lang.MetaClassImpl::isGenericGetMethod (44 bytes)
Event: 142.011 Thread 0x0000016be71e5800 nmethod 3659 0x0000016bd1658590 code [0x0000016bd1658780, 0x0000016bd1658c08]
Event: 142.011 Thread 0x0000016be71e5800 3663       1       java.util.TreeMap$Entry::getValue (5 bytes)
Event: 142.011 Thread 0x0000016be71e5800 nmethod 3663 0x0000016bd85e7e90 code [0x0000016bd85e8040, 0x0000016bd85e80f8]
Event: 142.012 Thread 0x0000016be71e5800 3665   !   3       com.sun.beans.TypeResolver::resolve (261 bytes)
Event: 142.013 Thread 0x0000016be71e5800 nmethod 3665 0x0000016bd1658d90 code [0x0000016bd16591a0, 0x0000016bd165b298]
Event: 142.013 Thread 0x0000016be71e5800 3666       3       groovy.lang.MetaClassImpl::filterPropertyMethod (305 bytes)
Event: 142.014 Thread 0x0000016be71e5800 nmethod 3666 0x0000016bd165ba10 code [0x0000016bd165bd40, 0x0000016bd165d748]
Event: 142.014 Thread 0x0000016be71e5800 3667       1       org.codehaus.groovy.util.ComplexKeyHashMap$Entry::getValue (5 bytes)
Event: 142.014 Thread 0x0000016be71e5800 nmethod 3667 0x0000016bd85e8190 code [0x0000016bd85e8340, 0x0000016bd85e83f8]

GC Heap History (16 events):
Event: 8.719 GC heap before
{Heap before GC invocations=0 (full 0):
 garbage-first heap   total 129024K, used 16384K [0x0000000080000000, 0x0000000100000000)
  region size 1024K, 14 young (14336K), 0 survivors (0K)
 Metaspace       used 6781K, capacity 6983K, committed 7168K, reserved 1056768K
  class space    used 571K, capacity 649K, committed 768K, reserved 1048576K
}
Event: 8.746 GC heap after
{Heap after GC invocations=1 (full 0):
 garbage-first heap   total 129024K, used 4073K [0x0000000080000000, 0x0000000100000000)
  region size 1024K, 2 young (2048K), 2 survivors (2048K)
 Metaspace       used 6781K, capacity 6983K, committed 7168K, reserved 1056768K
  class space    used 571K, capacity 649K, committed 768K, reserved 1048576K
}
Event: 9.945 GC heap before
{Heap before GC invocations=1 (full 0):
 garbage-first heap   total 129024K, used 19433K [0x0000000080000000, 0x0000000100000000)
  region size 1024K, 14 young (14336K), 2 survivors (2048K)
 Metaspace       used 9910K, capacity 10112K, committed 10368K, reserved 1058816K
  class space    used 1010K, capacity 1101K, committed 1152K, reserved 1048576K
}
Event: 9.949 GC heap after
{Heap after GC invocations=2 (full 0):
 garbage-first heap   total 129024K, used 9216K [0x0000000080000000, 0x0000000100000000)
  region size 1024K, 2 young (2048K), 2 survivors (2048K)
 Metaspace       used 9910K, capacity 10112K, committed 10368K, reserved 1058816K
  class space    used 1010K, capacity 1101K, committed 1152K, reserved 1048576K
}
Event: 20.643 GC heap before
{Heap before GC invocations=2 (full 0):
 garbage-first heap   total 129024K, used 40960K [0x0000000080000000, 0x0000000100000000)
  region size 1024K, 33 young (33792K), 2 survivors (2048K)
 Metaspace       used 10971K, capacity 11195K, committed 11520K, reserved 1058816K
  class space    used 1114K, capacity 1206K, committed 1280K, reserved 1048576K
}
Event: 20.651 GC heap after
{Heap after GC invocations=3 (full 0):
 garbage-first heap   total 129024K, used 13640K [0x0000000080000000, 0x0000000100000000)
  region size 1024K, 5 young (5120K), 5 survivors (5120K)
 Metaspace       used 10971K, capacity 11195K, committed 11520K, reserved 1058816K
  class space    used 1114K, capacity 1206K, committed 1280K, reserved 1048576K
}
Event: 132.552 GC heap before
{Heap before GC invocations=3 (full 0):
 garbage-first heap   total 129024K, used 57672K [0x0000000080000000, 0x0000000100000000)
  region size 1024K, 48 young (49152K), 5 survivors (5120K)
 Metaspace       used 19153K, capacity 19583K, committed 19840K, reserved 1067008K
  class space    used 2230K, capacity 2395K, committed 2432K, reserved 1048576K
}
Event: 132.572 GC heap after
{Heap after GC invocations=4 (full 0):
 garbage-first heap   total 129024K, used 16575K [0x0000000080000000, 0x0000000100000000)
  region size 1024K, 6 young (6144K), 6 survivors (6144K)
 Metaspace       used 19153K, capacity 19583K, committed 19840K, reserved 1067008K
  class space    used 2230K, capacity 2395K, committed 2432K, reserved 1048576K
}
Event: 132.909 GC heap before
{Heap before GC invocations=4 (full 0):
 garbage-first heap   total 129024K, used 29887K [0x0000000080000000, 0x0000000100000000)
  region size 1024K, 20 young (20480K), 6 survivors (6144K)
 Metaspace       used 20791K, capacity 21186K, committed 21296K, reserved 1069056K
  class space    used 2474K, capacity 2631K, committed 2688K, reserved 1048576K
}
Event: 132.914 GC heap after
{Heap after GC invocations=5 (full 0):
 garbage-first heap   total 129024K, used 16927K [0x0000000080000000, 0x0000000100000000)
  region size 1024K, 4 young (4096K), 4 survivors (4096K)
 Metaspace       used 20791K, capacity 21186K, committed 21296K, reserved 1069056K
  class space    used 2474K, capacity 2631K, committed 2688K, reserved 1048576K
}
Event: 134.310 GC heap before
{Heap before GC invocations=6 (full 0):
 garbage-first heap   total 129024K, used 63007K [0x0000000080000000, 0x0000000100000000)
  region size 1024K, 50 young (51200K), 4 survivors (4096K)
 Metaspace       used 25144K, capacity 25691K, committed 25904K, reserved 1071104K
  class space    used 3192K, capacity 3395K, committed 3456K, reserved 1048576K
}
Event: 134.315 GC heap after
{Heap after GC invocations=7 (full 0):
 garbage-first heap   total 129024K, used 18596K [0x0000000080000000, 0x0000000100000000)
  region size 1024K, 5 young (5120K), 5 survivors (5120K)
 Metaspace       used 25144K, capacity 25691K, committed 25904K, reserved 1071104K
  class space    used 3192K, capacity 3395K, committed 3456K, reserved 1048576K
}
Event: 137.726 GC heap before
{Heap before GC invocations=7 (full 0):
 garbage-first heap   total 129024K, used 87204K [0x0000000080000000, 0x0000000100000000)
  region size 1024K, 58 young (59392K), 5 survivors (5120K)
 Metaspace       used 29978K, capacity 30864K, committed 31152K, reserved 1077248K
  class space    used 3946K, capacity 4246K, committed 4352K, reserved 1048576K
}
Event: 137.735 GC heap after
{Heap after GC invocations=8 (full 0):
 garbage-first heap   total 129024K, used 39739K [0x0000000080000000, 0x0000000100000000)
  region size 1024K, 8 young (8192K), 8 survivors (8192K)
 Metaspace       used 29978K, capacity 30864K, committed 31152K, reserved 1077248K
  class space    used 3946K, capacity 4246K, committed 4352K, reserved 1048576K
}
Event: 139.780 GC heap before
{Heap before GC invocations=8 (full 0):
 garbage-first heap   total 129024K, used 78651K [0x0000000080000000, 0x0000000100000000)
  region size 1024K, 47 young (48128K), 8 survivors (8192K)
 Metaspace       used 34635K, capacity 35634K, committed 35888K, reserved 1081344K
  class space    used 4638K, capacity 4986K, committed 4992K, reserved 1048576K
}
Event: 139.798 GC heap after
{Heap after GC invocations=9 (full 0):
 garbage-first heap   total 129024K, used 41793K [0x0000000080000000, 0x0000000100000000)
  region size 1024K, 3 young (3072K), 3 survivors (3072K)
 Metaspace       used 34635K, capacity 35634K, committed 35888K, reserved 1081344K
  class space    used 4638K, capacity 4986K, committed 4992K, reserved 1048576K
}

Deoptimization events (20 events):
Event: 141.701 Thread 0x0000016be88ef800 Uncommon trap: trap_request=0xffffff4d fr.pc=0x0000016bd85709a4 relative=0x00000000000005a4
Event: 141.701 Thread 0x0000016be88ef800 Uncommon trap: reason=unstable_if action=reinterpret pc=0x0000016bd85709a4 method=java.lang.StringCoding.decode(Ljava/nio/charset/Charset;[BII)Ljava/lang/StringCoding$Result; @ 4 c2
Event: 141.701 Thread 0x0000016be88ef800 DEOPT PACKING pc=0x0000016bd85709a4 sp=0x000000538dbf7500
Event: 141.701 Thread 0x0000016be88ef800 DEOPT UNPACKING pc=0x0000016bd099a1af sp=0x000000538dbf7488 mode 2
Event: 141.907 Thread 0x0000016be88ef800 Uncommon trap: trap_request=0xffffffbe fr.pc=0x0000016bd85dfed0 relative=0x0000000000000970
Event: 141.908 Thread 0x0000016be88ef800 Uncommon trap: reason=profile_predicate action=maybe_recompile pc=0x0000016bd85dfed0 method=jdk.internal.jimage.ImageStringsReader.charsFromByteBuffer([CLjava/nio/ByteBuffer;)V @ 6 c2
Event: 141.908 Thread 0x0000016be88ef800 DEOPT PACKING pc=0x0000016bd85dfed0 sp=0x000000538dbf7140
Event: 141.908 Thread 0x0000016be88ef800 DEOPT UNPACKING pc=0x0000016bd099a1af sp=0x000000538dbf7018 mode 2
Event: 141.908 Thread 0x0000016be88ef800 Uncommon trap: trap_request=0xffffffbe fr.pc=0x0000016bd85dfed0 relative=0x0000000000000970
Event: 141.908 Thread 0x0000016be88ef800 Uncommon trap: reason=profile_predicate action=maybe_recompile pc=0x0000016bd85dfed0 method=jdk.internal.jimage.ImageStringsReader.charsFromByteBuffer([CLjava/nio/ByteBuffer;)V @ 6 c2
Event: 141.908 Thread 0x0000016be88ef800 DEOPT PACKING pc=0x0000016bd85dfed0 sp=0x000000538dbf7090
Event: 141.908 Thread 0x0000016be88ef800 DEOPT UNPACKING pc=0x0000016bd099a1af sp=0x000000538dbf6f68 mode 2
Event: 141.908 Thread 0x0000016be88ef800 Uncommon trap: trap_request=0xffffffbe fr.pc=0x0000016bd85dfed0 relative=0x0000000000000970
Event: 141.908 Thread 0x0000016be88ef800 Uncommon trap: reason=profile_predicate action=maybe_recompile pc=0x0000016bd85dfed0 method=jdk.internal.jimage.ImageStringsReader.charsFromByteBuffer([CLjava/nio/ByteBuffer;)V @ 6 c2
Event: 141.908 Thread 0x0000016be88ef800 DEOPT PACKING pc=0x0000016bd85dfed0 sp=0x000000538dbf6eb0
Event: 141.908 Thread 0x0000016be88ef800 DEOPT UNPACKING pc=0x0000016bd099a1af sp=0x000000538dbf6d88 mode 2
Event: 141.908 Thread 0x0000016be88ef800 Uncommon trap: trap_request=0xffffffbe fr.pc=0x0000016bd85dfed0 relative=0x0000000000000970
Event: 141.908 Thread 0x0000016be88ef800 Uncommon trap: reason=profile_predicate action=maybe_recompile pc=0x0000016bd85dfed0 method=jdk.internal.jimage.ImageStringsReader.charsFromByteBuffer([CLjava/nio/ByteBuffer;)V @ 6 c2
Event: 141.908 Thread 0x0000016be88ef800 DEOPT PACKING pc=0x0000016bd85dfed0 sp=0x000000538dbf6eb0
Event: 141.908 Thread 0x0000016be88ef800 DEOPT UNPACKING pc=0x0000016bd099a1af sp=0x000000538dbf6d88 mode 2

Classes redefined (0 events):
No events

Internal exceptions (20 events):
Event: 139.255 Thread 0x0000016be88ef800 Exception <a 'java/lang/NoSuchMethodError'{0x0000000085d9be58}: 'java.lang.Object java.lang.invoke.Invokers$Holder.linkToTargetMethod(java.lang.Object, long, java.lang.Object)'> (0x0000000085d9be58) thrown at [./src/hotspot/share/interpreter/linkResolver.cpp, line 773]
Event: 139.287 Thread 0x0000016be88ef800 Exception <a 'java/lang/NoSuchMethodError'{0x0000000085deb050}: 'int java.lang.invoke.DirectMethodHandle$Holder.invokeStatic(java.lang.Object, java.lang.Object, java.lang.Object, java.lang.Object, java.lang.Object)'> (0x0000000085deb050) thrown at [./src/hotspot/share/interpreter/linkResolver.cpp, line 773]
Event: 139.888 Thread 0x0000016be88ef800 Exception <a 'java/lang/NoSuchMethodError'{0x0000000087db4c78}: 'void java.lang.invoke.DirectMethodHandle$Holder.invokeStaticInit(java.lang.Object, java.lang.Object, java.lang.Object)'> (0x0000000087db4c78) thrown at [./src/hotspot/share/interpreter/linkResolver.cpp, line 773]
Event: 139.889 Thread 0x0000016be88ef800 Exception <a 'java/lang/NoSuchMethodError'{0x0000000087dbc178}: 'void java.lang.invoke.DirectMethodHandle$Holder.invokeStaticInit(java.lang.Object, java.lang.Object, java.lang.Object, java.lang.Object)'> (0x0000000087dbc178) thrown at [./src/hotspot/share/interpreter/linkResolver.cpp, line 773]
Event: 139.893 Thread 0x0000016be88ef800 Exception <a 'java/lang/NoSuchMethodError'{0x0000000087ddecc8}: 'void java.lang.invoke.DirectMethodHandle$Holder.invokeStaticInit(java.lang.Object, java.lang.Object, java.lang.Object, java.lang.Object, java.lang.Object)'> (0x0000000087ddecc8) thrown at [./src/hotspot/share/interpreter/linkResolver.cpp, line 773]
Event: 140.094 Thread 0x0000016be88ef800 Exception <a 'java/lang/NoSuchMethodError'{0x0000000087c5a118}: 'int java.lang.invoke.DirectMethodHandle$Holder.invokeStaticInit(java.lang.Object, java.lang.Object, java.lang.Object, java.lang.Object)'> (0x0000000087c5a118) thrown at [./src/hotspot/share/interpreter/linkResolver.cpp, line 773]
Event: 141.011 Thread 0x0000016be88ef800 Exception <a 'java/lang/NoSuchMethodError'{0x000000008734a708}: 'java.lang.Object java.lang.invoke.DirectMethodHandle$Holder.invokeStatic(java.lang.Object, java.lang.Object, java.lang.Object, java.lang.Object, java.lang.Object, java.lang.Object, java.lang.Object, java.lang.Object, java.lang.Object, java.lang.Object, java.lang.Object, int)'> (0x000000008734a708) thrown at [./src/hotspot/share/interpreter/linkResolver.cpp, line 773]
Event: 141.013 Thread 0x0000016be88ef800 Exception <a 'java/lang/NoSuchMethodError'{0x00000000873695f8}: 'java.lang.Object java.lang.invoke.DirectMethodHandle$Holder.invokeStatic(java.lang.Object, java.lang.Object, java.lang.Object, java.lang.Object, java.lang.Object, java.lang.Object, java.lang.Object, java.lang.Object, java.lang.Object, java.lang.Object, java.lang.Object, int, int)'> (0x00000000873695f8) thrown at [./src/hotspot/share/interpreter/linkResolver.cpp, line 773]
Event: 141.021 Thread 0x0000016be88ef800 Exception <a 'java/lang/NoSuchMethodError'{0x00000000873895b8}: 'java.lang.Object java.lang.invoke.DirectMethodHandle$Holder.invokeStatic(java.lang.Object, java.lang.Object, java.lang.Object, java.lang.Object, java.lang.Object, java.lang.Object, java.lang.Object, java.lang.Object, java.lang.Object, java.lang.Object, java.lang.Object, int, int, java.lang.Object)'> (0x00000000873895b8) thrown at [./src/hotspot/share/interpreter/linkResolver.cpp, line 773]
Event: 141.025 Thread 0x0000016be88ef800 Exception <a 'java/lang/NoSuchMethodError'{0x00000000873aac00}: 'java.lang.Object java.lang.invoke.DirectMethodHandle$Holder.invokeStatic(java.lang.Object, java.lang.Object, java.lang.Object, java.lang.Object, java.lang.Object, java.lang.Object, java.lang.Object, java.lang.Object, java.lang.Object, java.lang.Object, java.lang.Object, int, int, java.lang.Object, java.lang.Object)'> (0x00000000873aac00) thrown at [./src/hotspot/share/interpreter/linkResolver.cpp, line 773]
Event: 141.108 Thread 0x0000016be88ef800 Exception <a 'java/lang/ClassNotFoundException'{0x00000000873dc508}: groovy/lang/ExpandoMetaClassBeanInfo> (0x00000000873dc508) thrown at [./src/hotspot/share/classfile/systemDictionary.cpp, line 230]
Event: 141.111 Thread 0x0000016be88ef800 Exception <a 'java/lang/ClassNotFoundException'{0x00000000873fdfa8}: groovy/lang/MetaClassImplBeanInfo> (0x00000000873fdfa8) thrown at [./src/hotspot/share/classfile/systemDictionary.cpp, line 230]
Event: 141.111 Thread 0x0000016be88ef800 Exception <a 'java/lang/ClassNotFoundException'{0x0000000087208458}: java/lang/ObjectBeanInfo> (0x0000000087208458) thrown at [./src/hotspot/share/classfile/systemDictionary.cpp, line 230]
Event: 141.124 Thread 0x0000016be88ef800 Exception <a 'java/lang/ClassNotFoundException'{0x00000000872148c0}: java/lang/ObjectCustomizer> (0x00000000872148c0) thrown at [./src/hotspot/share/classfile/systemDictionary.cpp, line 230]
Event: 141.160 Thread 0x0000016be88ef800 Exception <a 'java/lang/ClassNotFoundException'{0x000000008723d1f0}: groovy/lang/MetaClassImplCustomizer> (0x000000008723d1f0) thrown at [./src/hotspot/share/classfile/systemDictionary.cpp, line 230]
Event: 141.165 Thread 0x0000016be88ef800 Exception <a 'java/lang/ClassNotFoundException'{0x000000008727e730}: groovy/lang/ExpandoMetaClassCustomizer> (0x000000008727e730) thrown at [./src/hotspot/share/classfile/systemDictionary.cpp, line 230]
Event: 142.009 Thread 0x0000016be88ef800 Exception <a 'java/lang/ClassNotFoundException'{0x0000000085a1e7f8}: groovy/lang/BindingBeanInfo> (0x0000000085a1e7f8) thrown at [./src/hotspot/share/classfile/systemDictionary.cpp, line 230]
Event: 142.010 Thread 0x0000016be88ef800 Exception <a 'java/lang/ClassNotFoundException'{0x0000000085a41590}: groovy/lang/GroovyObjectSupportBeanInfo> (0x0000000085a41590) thrown at [./src/hotspot/share/classfile/systemDictionary.cpp, line 230]
Event: 142.010 Thread 0x0000016be88ef800 Exception <a 'java/lang/ClassNotFoundException'{0x0000000085a64388}: groovy/lang/GroovyObjectSupportCustomizer> (0x0000000085a64388) thrown at [./src/hotspot/share/classfile/systemDictionary.cpp, line 230]
Event: 142.011 Thread 0x0000016be88ef800 Exception <a 'java/lang/ClassNotFoundException'{0x0000000085a891e8}: groovy/lang/BindingCustomizer> (0x0000000085a891e8) thrown at [./src/hotspot/share/classfile/systemDictionary.cpp, line 230]

Events (20 events):
Event: 142.009 loading class groovy/lang/GroovyObjectSupportBeanInfo
Event: 142.009 loading class groovy/lang/GroovyObjectSupportBeanInfo done
Event: 142.009 loading class groovy/lang/GroovyObjectSupportBeanInfo
Event: 142.009 loading class groovy/lang/GroovyObjectSupportBeanInfo done
Event: 142.010 loading class groovy/lang/GroovyObjectSupportBeanInfo
Event: 142.010 loading class groovy/lang/GroovyObjectSupportBeanInfo done
Event: 142.010 loading class groovy/lang/GroovyObjectSupportCustomizer
Event: 142.010 loading class groovy/lang/GroovyObjectSupportCustomizer done
Event: 142.010 loading class groovy/lang/GroovyObjectSupportCustomizer
Event: 142.010 loading class groovy/lang/GroovyObjectSupportCustomizer done
Event: 142.010 loading class groovy/lang/GroovyObjectSupportCustomizer
Event: 142.010 loading class groovy/lang/GroovyObjectSupportCustomizer done
Event: 142.011 loading class groovy/lang/BindingCustomizer
Event: 142.011 loading class groovy/lang/BindingCustomizer done
Event: 142.011 loading class groovy/lang/BindingCustomizer
Event: 142.011 loading class groovy/lang/BindingCustomizer done
Event: 142.011 loading class groovy/lang/BindingCustomizer
Event: 142.011 loading class groovy/lang/BindingCustomizer done
Event: 142.012 loading class groovy/runtime/metaclass/ijmapper_e3t5zm1yuio9eii7mv7av4jo4MetaClass
Event: 142.012 loading class groovy/runtime/metaclass/ijmapper_e3t5zm1yuio9eii7mv7av4jo4MetaClass done


Dynamic libraries:
0x00007ff6d49a0000 - 0x00007ff6d49ad000 	C:\Users\ad\.jdks\corretto-11.0.18\bin\java.exe
0x00007ffa499e0000 - 0x00007ffa49bd0000 	C:\Windows\SYSTEM32\ntdll.dll
0x00007ffa48820000 - 0x00007ffa488d2000 	C:\Windows\System32\KERNEL32.DLL
0x00007ffa46e10000 - 0x00007ffa470b3000 	C:\Windows\System32\KERNELBASE.dll
0x00007ffa46d10000 - 0x00007ffa46e0a000 	C:\Windows\System32\ucrtbase.dll
0x00007ffa40800000 - 0x00007ffa40817000 	C:\Users\ad\.jdks\corretto-11.0.18\bin\jli.dll
0x00007ffa41e80000 - 0x00007ffa41e99000 	C:\Users\ad\.jdks\corretto-11.0.18\bin\VCRUNTIME140.dll
0x00007ffa47b60000 - 0x00007ffa47cf4000 	C:\Windows\System32\USER32.dll
0x00007ffa46b10000 - 0x00007ffa46b31000 	C:\Windows\System32\win32u.dll
0x00007ffa491f0000 - 0x00007ffa49216000 	C:\Windows\System32\GDI32.dll
0x00007ffa46970000 - 0x00007ffa46b04000 	C:\Windows\System32\gdi32full.dll
0x00007ffa46ba0000 - 0x00007ffa46c3e000 	C:\Windows\System32\msvcp_win.dll
0x00007ffa3c260000 - 0x00007ffa3c4e5000 	C:\Windows\WinSxS\amd64_microsoft.windows.common-controls_6595b64144ccf1df_6.0.18362.535_none_e6c3b34713100821\COMCTL32.dll
0x00007ffa49150000 - 0x00007ffa491ee000 	C:\Windows\System32\msvcrt.dll
0x00007ffa49470000 - 0x00007ffa497a6000 	C:\Windows\System32\combase.dll
0x00007ffa47e90000 - 0x00007ffa47fb0000 	C:\Windows\System32\RPCRT4.dll
0x00007ffa46c90000 - 0x00007ffa46d10000 	C:\Windows\System32\bcryptPrimitives.dll
0x00007ffa47e60000 - 0x00007ffa47e8e000 	C:\Windows\System32\IMM32.DLL
0x00007ffa21bc0000 - 0x00007ffa21c5b000 	C:\Users\ad\.jdks\corretto-11.0.18\bin\msvcp140.dll
0x00007ff9fc5c0000 - 0x00007ff9fd14a000 	C:\Users\ad\.jdks\corretto-11.0.18\bin\server\jvm.dll
0x00007ffa47fb0000 - 0x00007ffa48053000 	C:\Windows\System32\ADVAPI32.dll
0x00007ffa49330000 - 0x00007ffa493c7000 	C:\Windows\System32\sechost.dll
0x00007ffa49140000 - 0x00007ffa49148000 	C:\Windows\System32\PSAPI.DLL
0x00007ffa3fc70000 - 0x00007ffa3fc7a000 	C:\Windows\SYSTEM32\VERSION.dll
0x00007ffa3bbc0000 - 0x00007ffa3bbc9000 	C:\Windows\SYSTEM32\WSOCK32.dll
0x00007ffa487b0000 - 0x00007ffa4881f000 	C:\Windows\System32\WS2_32.dll
0x00007ffa3ebb0000 - 0x00007ffa3ebd4000 	C:\Windows\SYSTEM32\WINMM.dll
0x00007ffa3e970000 - 0x00007ffa3e99d000 	C:\Windows\SYSTEM32\WINMMBASE.dll
0x00007ffa470c0000 - 0x00007ffa4710a000 	C:\Windows\System32\cfgmgr32.dll
0x00007ffa468c0000 - 0x00007ffa468d1000 	C:\Windows\System32\kernel.appcore.dll
0x00007ffa42c40000 - 0x00007ffa42c50000 	C:\Users\ad\.jdks\corretto-11.0.18\bin\verify.dll
0x00007ffa451c0000 - 0x00007ffa453b4000 	C:\Windows\SYSTEM32\DBGHELP.DLL
0x00007ffa3a3c0000 - 0x00007ffa3a3ea000 	C:\Windows\SYSTEM32\dbgcore.DLL
0x00007ffa3e0b0000 - 0x00007ffa3e0d8000 	C:\Users\ad\.jdks\corretto-11.0.18\bin\java.dll
0x00007ffa42230000 - 0x00007ffa4223a000 	C:\Users\ad\.jdks\corretto-11.0.18\bin\jimage.dll
0x00007ffa3ac40000 - 0x00007ffa3ac58000 	C:\Users\ad\.jdks\corretto-11.0.18\bin\zip.dll
0x00007ffa488e0000 - 0x00007ffa48fc5000 	C:\Windows\System32\SHELL32.dll
0x00007ffa49280000 - 0x00007ffa49329000 	C:\Windows\System32\shcore.dll
0x00007ffa47110000 - 0x00007ffa4788f000 	C:\Windows\System32\windows.storage.dll
0x00007ffa46930000 - 0x00007ffa4694f000 	C:\Windows\System32\profapi.dll
0x00007ffa468e0000 - 0x00007ffa4692a000 	C:\Windows\System32\powrprof.dll
0x00007ffa468b0000 - 0x00007ffa468c0000 	C:\Windows\System32\UMPDC.dll
0x00007ffa482e0000 - 0x00007ffa48332000 	C:\Windows\System32\shlwapi.dll
0x00007ffa46c70000 - 0x00007ffa46c87000 	C:\Windows\System32\cryptsp.dll
0x00007ffa3ac20000 - 0x00007ffa3ac39000 	C:\Users\ad\.jdks\corretto-11.0.18\bin\net.dll
0x00007ffa3e2c0000 - 0x00007ffa3e3b0000 	C:\Windows\SYSTEM32\WINHTTP.dll
0x00007ffa46120000 - 0x00007ffa46187000 	C:\Windows\system32\mswsock.dll
0x00007ffa3a3a0000 - 0x00007ffa3a3b3000 	C:\Users\ad\.jdks\corretto-11.0.18\bin\nio.dll
0x00007ffa41d50000 - 0x00007ffa41d77000 	C:\Users\ad\.gradle\native\e1d6ef7f7dcc3fd88c89a11ec53ec762bb8ba0a96d01ffa2cd45eb1d1d8dd5c5\windows-amd64\native-platform.dll
0x00007ff9ff470000 - 0x00007ff9ff5b4000 	C:\Users\ad\.gradle\native\0d407fdbe67a94daf76414ababcb853783967236a71b16ec16e742cd7a986fd3\windows-amd64\native-platform-file-events.dll
0x00007ffa41d40000 - 0x00007ffa41d49000 	C:\Users\ad\.jdks\corretto-11.0.18\bin\management.dll
0x00007ffa41c70000 - 0x00007ffa41c7b000 	C:\Users\ad\.jdks\corretto-11.0.18\bin\management_ext.dll
0x00007ffa45c90000 - 0x00007ffa45cc3000 	C:\Windows\system32\rsaenh.dll
0x00007ffa46c40000 - 0x00007ffa46c66000 	C:\Windows\System32\bcrypt.dll
0x00007ffa467a0000 - 0x00007ffa467c5000 	C:\Windows\SYSTEM32\USERENV.dll
0x00007ffa462f0000 - 0x00007ffa462fc000 	C:\Windows\SYSTEM32\CRYPTBASE.dll
0x00007ffa45e30000 - 0x00007ffa45e6a000 	C:\Windows\SYSTEM32\IPHLPAPI.DLL
0x00007ffa490a0000 - 0x00007ffa490a8000 	C:\Windows\System32\NSI.dll
0x00007ffa3f520000 - 0x00007ffa3f536000 	C:\Windows\SYSTEM32\dhcpcsvc6.DLL
0x00007ffa3faf0000 - 0x00007ffa3fb0c000 	C:\Windows\SYSTEM32\dhcpcsvc.DLL
0x00007ffa45e70000 - 0x00007ffa45f3a000 	C:\Windows\SYSTEM32\DNSAPI.dll

dbghelp: loaded successfully - version: 4.0.5 - missing functions: none
symbol engine: initialized successfully - sym options: 0x614 - pdb path: .;C:\Users\ad\.jdks\corretto-11.0.18\bin;C:\Windows\SYSTEM32;C:\Windows\WinSxS\amd64_microsoft.windows.common-controls_6595b64144ccf1df_6.0.18362.535_none_e6c3b34713100821;C:\Users\ad\.jdks\corretto-11.0.18\bin\server;C:\Users\ad\.gradle\native\e1d6ef7f7dcc3fd88c89a11ec53ec762bb8ba0a96d01ffa2cd45eb1d1d8dd5c5\windows-amd64;C:\Users\ad\.gradle\native\0d407fdbe67a94daf76414ababcb853783967236a71b16ec16e742cd7a986fd3\windows-amd64

VM Arguments:
jvm_args: --add-opens=java.base/java.util=ALL-UNNAMED --add-opens=java.base/java.lang=ALL-UNNAMED --add-opens=java.base/java.lang.invoke=ALL-UNNAMED --add-opens=java.base/java.util=ALL-UNNAMED --add-opens=java.prefs/java.util.prefs=ALL-UNNAMED --add-opens=java.prefs/java.util.prefs=ALL-UNNAMED --add-opens=java.base/java.nio.charset=ALL-UNNAMED --add-opens=java.base/java.net=ALL-UNNAMED --add-opens=java.base/java.util.concurrent.atomic=ALL-UNNAMED -Xmx2048m -Dfile.encoding=UTF-8 -Duser.country=US -Duser.language=en -Duser.variant 
java_command: org.gradle.launcher.daemon.bootstrap.GradleDaemon 7.5
java_class_path (initial): C:\Users\ad\.gradle\wrapper\dists\gradle-7.5-bin\f1w0cc9nuo0eivz97x2xlu9sv\gradle-7.5\lib\gradle-launcher-7.5.jar
Launcher Type: SUN_STANDARD

[Global flags]
     intx CICompilerCount                          = 3                                         {product} {ergonomic}
     uint ConcGCThreads                            = 1                                         {product} {ergonomic}
     uint G1ConcRefinementThreads                  = 4                                         {product} {ergonomic}
   size_t G1HeapRegionSize                         = 1048576                                   {product} {ergonomic}
    uintx GCDrainStackTargetSize                   = 64                                        {product} {ergonomic}
   size_t InitialHeapSize                          = 132120576                                 {product} {ergonomic}
   size_t MarkStackSize                            = 4194304                                   {product} {ergonomic}
   size_t MaxHeapSize                              = 2147483648                                {product} {command line}
   size_t MaxNewSize                               = 1287651328                                {product} {ergonomic}
   size_t MinHeapDeltaBytes                        = 1048576                                   {product} {ergonomic}
    uintx NonNMethodCodeHeapSize                   = 5830732                                {pd product} {ergonomic}
    uintx NonProfiledCodeHeapSize                  = 122913754                              {pd product} {ergonomic}
    uintx ProfiledCodeHeapSize                     = 122913754                              {pd product} {ergonomic}
    uintx ReservedCodeCacheSize                    = 251658240                              {pd product} {ergonomic}
     bool SegmentedCodeCache                       = true                                      {product} {ergonomic}
     bool UseCompressedClassPointers               = true                                 {lp64_product} {ergonomic}
     bool UseCompressedOops                        = true                                 {lp64_product} {ergonomic}
     bool UseG1GC                                  = true                                      {product} {ergonomic}
     bool UseLargePagesIndividualAllocation        = false                                  {pd product} {ergonomic}

Logging:
Log output configuration:
 #0: stdout all=warning uptime,level,tags
 #1: stderr all=off uptime,level,tags

Environment Variables:
PATH=C:\Program Files\Common Files\Oracle\Java\javapath;C:\Windows\system32;C:\Windows;C:\Windows\System32\Wbem;C:\Windows\System32\WindowsPowerShell\v1.0\;C:\Windows\System32\OpenSSH\;C:\Program Files (x86)\NVIDIA Corporation\PhysX\Common;C:\FPC\3.2.2\bin\i386-Win32;C:\Program Files\Azure Data Studio\bin;D:\SAVE DATA\XAMPP\DATA\php;D:\SAVE DATA\XAMPP\Composer;C:\Program Files\Cloudflare\Cloudflare WARP\;D:\VDK\XC8\bin;C:\Program Files\Git\cmd;C:\Users\ad\AppData\Local\Microsoft\WindowsApps;C:\Users\ad\AppData\Local\Programs\Microsoft VS Code\bin;C:\Program Files\Azure Data Studio\bin;C:\Users\ad\AppData\Local\GitHubDesktop\bin;C:\Users\ad\AppData\Roaming\Composer\vendor\bin
USERNAME=ad
OS=Windows_NT
PROCESSOR_IDENTIFIER=Intel64 Family 6 Model 94 Stepping 3, GenuineIntel
TMP=C:\Users\ad\AppData\Local\Temp
TEMP=C:\Users\ad\AppData\Local\Temp



---------------  S Y S T E M  ---------------

OS: Windows 10 , 64 bit Build 18362 (10.0.18362.329)
OS uptime: 0 days 2:22 hours

CPU:total 4 (initial active 4) (4 cores per cpu, 1 threads per core) family 6 model 94 stepping 3 microcode 0xcc, cmov, cx8, fxsr, mmx, sse, sse2, sse3, ssse3, sse4.1, sse4.2, popcnt, avx, avx2, aes, clmul, erms, rtm, 3dnowpref, lzcnt, tsc, tscinvbit, bmi1, bmi2, adx, fma

Memory: 4k page, system-wide physical 8058M (228M free)
TotalPageFile size 16250M (AvailPageFile size 1M)
current process WorkingSet (physical memory assigned to process): 202M, peak: 202M
current process commit charge ("private bytes"): 286M, peak: 287M

vm_info: OpenJDK 64-Bit Server VM (11.0.18+10-LTS) for windows-amd64 JRE (11.0.18+10-LTS), built on Jan 10 2023 20:17:52 by "Administrator" with MS VC++ 15.9 (VS2017)

END.
