#
# There is insufficient memory for the Java Runtime Environment to continue.
# Native memory allocation (mmap) failed to map 191889408 bytes for Failed to commit area from 0x000000008b700000 to 0x0000000096e00000 of length 191889408.
# Possible reasons:
#   The system is out of physical RAM or swap space
#   The process is running with CompressedOops enabled, and the Java Heap may be blocking the growth of the native heap
# Possible solutions:
#   Reduce memory load on the system
#   Increase physical memory or swap space
#   Check if swap backing store is full
#   Decrease Java heap size (-Xmx/-Xms)
#   Decrease number of Java threads
#   Decrease Java thread stack sizes (-Xss)
#   Set larger code cache with -XX:ReservedCodeCacheSize=
#   JVM is running with Unscaled Compressed Oops mode in which the Java heap is
#     placed in the first 4GB address space. The Java Heap base address is the
#     maximum limit for the native heap growth. Please use -XX:HeapBaseMinAddress
#     to set the Java Heap base and to place the Java Heap above 4GB virtual address.
# This output file may be truncated or incomplete.
#
#  Out of Memory Error (./src/hotspot/os/windows/os_windows.cpp:3386), pid=4108, tid=12580
#
# JRE version: OpenJDK Runtime Environment Corretto-11.0.18.10.1 (11.0.18+10) (build 11.0.18+10-LTS)
# Java VM: OpenJDK 64-Bit Server VM Corretto-11.0.18.10.1 (11.0.18+10-LTS, mixed mode, tiered, compressed oops, g1 gc, windows-amd64)
# No core dump will be written. Minidumps are not enabled by default on client versions of Windows
#

---------------  S U M M A R Y ------------

Command Line: --add-opens=java.base/java.util=ALL-UNNAMED --add-opens=java.base/java.lang=ALL-UNNAMED --add-opens=java.base/java.lang.invoke=ALL-UNNAMED --add-opens=java.base/java.util=ALL-UNNAMED --add-opens=java.prefs/java.util.prefs=ALL-UNNAMED --add-opens=java.prefs/java.util.prefs=ALL-UNNAMED --add-opens=java.base/java.nio.charset=ALL-UNNAMED --add-opens=java.base/java.net=ALL-UNNAMED --add-opens=java.base/java.util.concurrent.atomic=ALL-UNNAMED -Xmx2048m -Dfile.encoding=UTF-8 -Duser.country=US -Duser.language=en -Duser.variant org.gradle.launcher.daemon.bootstrap.GradleDaemon 7.5

Host: Intel(R) Core(TM) i5-6300HQ CPU @ 2.30GHz, 4 cores, 7G,  Windows 10 , 64 bit Build 18362 (10.0.18362.329)
Time: Fri Mar 17 22:31:43 2023 SE Asia Standard Time elapsed time: 195.396173 seconds (0d 0h 3m 15s)

---------------  T H R E A D  ---------------

Current thread (0x00000160464bc800):  VMThread "VM Thread" [stack: 0x0000004d8db00000,0x0000004d8dc00000] [id=12580]

Stack: [0x0000004d8db00000,0x0000004d8dc00000]
[error occurred during error reporting (printing stack bounds), id 0xc0000005, EXCEPTION_ACCESS_VIOLATION (0xc0000005) at pc=0x00000160303d112d]

Native frames: (J=compiled Java code, j=interpreted, Vv=VM code, C=native code)
V  [jvm.dll+0x622d9a]
V  [jvm.dll+0x7b0289]
V  [jvm.dll+0x7b1978]
V  [jvm.dll+0x7b1fb5]
V  [jvm.dll+0x7b1f6b]
V  [jvm.dll+0x622127]
V  [jvm.dll+0x622838]
C  [ntdll.dll+0xa11ff]
C  [ntdll.dll+0x6a289]
C  [ntdll.dll+0x9fe6e]
C  0x00000160303d112d

VM_Operation (0x0000004d8f0fc390): G1CollectForAllocation, mode: safepoint, requested by thread 0x000001604dd4f000


---------------  P R O C E S S  ---------------

Threads class SMR info:
_java_thread_list=0x000001604ac633a0, length=105, elements={
0x0000016027c61000, 0x00000160464d1800, 0x00000160464dc000, 0x00000160464cb000,
0x00000160464cc000, 0x00000160464ce000, 0x00000160464e5800, 0x00000160464ec800,
0x00000160464ee000, 0x0000016046f94000, 0x0000016048c52000, 0x0000016047126800,
0x000001604890d800, 0x00000160496de000, 0x00000160496db800, 0x00000160496d8000,
0x00000160496dd000, 0x00000160496da000, 0x00000160496de800, 0x0000016049de5000,
0x0000016049de3800, 0x0000016049de4000, 0x0000016049de6800, 0x0000016049de1000,
0x000001604c1bf000, 0x000001604c710000, 0x000001604c715800, 0x000001604c716800,
0x000001604c714000, 0x000001604c711000, 0x0000016050345000, 0x0000016050341800,
0x000001604c1bb000, 0x000001604c1bc800, 0x000001604c1bc000, 0x000001604c1ba000,
0x000001604c1b7000, 0x000001604c1b8800, 0x000001604c1b9800, 0x000001604c1bd800,
0x000001604c1b7800, 0x000001604c1c3000, 0x000001604c1c0000, 0x000001604c1be800,
0x000001604c1c4000, 0x000001604c1c5000, 0x000001604c1c5800, 0x000001604c1c0800,
0x000001604c1c1800, 0x000001604c1c2800, 0x0000016050342800, 0x0000016050341000,
0x0000016050344000, 0x000001605033f000, 0x0000016050346800, 0x0000016050347800,
0x0000016050349000, 0x0000016050348000, 0x0000016050349800, 0x000001605034b800,
0x000001605034a800, 0x0000016050345800, 0x000001605034c000, 0x000001605034d000,
0x000001605034e000, 0x000001604c711800, 0x000001604c712800, 0x000001604c70c800,
0x000001604c713000, 0x000001604c70d800, 0x000001604c70e800, 0x000001604c715000,
0x000001604c70f000, 0x000001604c717800, 0x000001604c718000, 0x000001604c719000,
0x000001604c71b800, 0x000001604c719800, 0x000001604c71a800, 0x0000016049de7800,
0x0000016049de1800, 0x0000016049de8000, 0x0000016049de2800, 0x0000016049dea800,
0x0000016049dea000, 0x0000016049deb800, 0x0000016049dec000, 0x0000016049de9000,
0x0000016049ded000, 0x0000016049dee000, 0x0000016049dee800, 0x0000016049def800,
0x00000160496da800, 0x00000160496d9000, 0x00000160496dc000, 0x000001604dd4f000,
0x000001604dd4d000, 0x000001604dd4e000, 0x000001604dd49000, 0x000001604dd4f800,
0x000001604dd4a000, 0x000001604a070000, 0x000001604dd50800, 0x000001604dd4b000,
0x000001604dd51800
}

Java Threads: ( => current thread )
  0x0000016027c61000 JavaThread "main" [_thread_blocked, id=4976, stack(0x0000004d8d500000,0x0000004d8d600000)]
  0x00000160464d1800 JavaThread "Reference Handler" daemon [_thread_blocked, id=2064, stack(0x0000004d8dc00000,0x0000004d8dd00000)]
  0x00000160464dc000 JavaThread "Finalizer" daemon [_thread_blocked, id=6960, stack(0x0000004d8dd00000,0x0000004d8de00000)]
  0x00000160464cb000 JavaThread "Signal Dispatcher" daemon [_thread_blocked, id=2328, stack(0x0000004d8de00000,0x0000004d8df00000)]
  0x00000160464cc000 JavaThread "Attach Listener" daemon [_thread_blocked, id=8844, stack(0x0000004d8df00000,0x0000004d8e000000)]
  0x00000160464ce000 JavaThread "Service Thread" daemon [_thread_blocked, id=9492, stack(0x0000004d8e000000,0x0000004d8e100000)]
  0x00000160464e5800 JavaThread "C2 CompilerThread0" daemon [_thread_blocked, id=13628, stack(0x0000004d8e100000,0x0000004d8e200000)]
  0x00000160464ec800 JavaThread "C1 CompilerThread0" daemon [_thread_blocked, id=6540, stack(0x0000004d8e200000,0x0000004d8e300000)]
  0x00000160464ee000 JavaThread "Sweeper thread" daemon [_thread_blocked, id=13408, stack(0x0000004d8e300000,0x0000004d8e400000)]
  0x0000016046f94000 JavaThread "Common-Cleaner" daemon [_thread_blocked, id=13568, stack(0x0000004d8e400000,0x0000004d8e500000)]
  0x0000016048c52000 JavaThread "Daemon health stats" [_thread_blocked, id=6088, stack(0x0000004d8e900000,0x0000004d8ea00000)]
  0x0000016047126800 JavaThread "Incoming local TCP Connector on port 49336" [_thread_in_native, id=12332, stack(0x0000004d8e600000,0x0000004d8e700000)]
  0x000001604890d800 JavaThread "Daemon periodic checks" [_thread_blocked, id=12692, stack(0x0000004d8ea00000,0x0000004d8eb00000)]
  0x00000160496de000 JavaThread "Cache worker for journal cache (C:\Users\ad\.gradle\caches\journal-1)" [_thread_blocked, id=3700, stack(0x0000004d8f400000,0x0000004d8f500000)]
  0x00000160496db800 JavaThread "File lock request listener" [_thread_in_native, id=6672, stack(0x0000004d8f500000,0x0000004d8f600000)]
  0x00000160496d8000 JavaThread "Cache worker for file hash cache (C:\Users\ad\.gradle\caches\7.5\fileHashes)" [_thread_blocked, id=11876, stack(0x0000004d8f600000,0x0000004d8f700000)]
  0x00000160496dd000 JavaThread "File watcher server" daemon [_thread_blocked, id=8172, stack(0x0000004d8f700000,0x0000004d8f800000)]
  0x00000160496da000 JavaThread "File watcher consumer" daemon [_thread_blocked, id=12756, stack(0x0000004d8f800000,0x0000004d8f900000)]
  0x00000160496de800 JavaThread "Cache worker for file content cache (C:\Users\ad\.gradle\caches\7.5\fileContent)" [_thread_blocked, id=7632, stack(0x0000004d8fb00000,0x0000004d8fc00000)]
  0x0000016049de5000 JavaThread "Cache worker for execution history cache (C:\Users\ad\.gradle\caches\7.5\executionHistory)" [_thread_blocked, id=12916, stack(0x0000004d8fe00000,0x0000004d8ff00000)]
  0x0000016049de3800 JavaThread "jar transforms" [_thread_blocked, id=2312, stack(0x0000004d8ff00000,0x0000004d90000000)]
  0x0000016049de4000 JavaThread "jar transforms Thread 2" [_thread_blocked, id=8652, stack(0x0000004d90000000,0x0000004d90100000)]
  0x0000016049de6800 JavaThread "jar transforms Thread 3" [_thread_blocked, id=1336, stack(0x0000004d90100000,0x0000004d90200000)]
  0x0000016049de1000 JavaThread "jar transforms Thread 4" [_thread_blocked, id=1740, stack(0x0000004d90200000,0x0000004d90300000)]
  0x000001604c1bf000 JavaThread "Memory manager" [_thread_blocked, id=11612, stack(0x0000004d92e00000,0x0000004d92f00000)]
  0x000001604c710000 JavaThread "RMI Scheduler(0)" daemon [_thread_blocked, id=11988, stack(0x0000004d90400000,0x0000004d90500000)]
  0x000001604c715800 JavaThread "RMI GC Daemon" daemon [_thread_blocked, id=9556, stack(0x0000004d93500000,0x0000004d93600000)]
  0x000001604c716800 JavaThread "RMI TCP Accept-0" daemon [_thread_in_native, id=4836, stack(0x0000004d93600000,0x0000004d93700000)]
  0x000001604c714000 JavaThread "RMI Reaper" [_thread_blocked, id=10520, stack(0x0000004d93700000,0x0000004d93800000)]
  0x000001604c711000 JavaThread "Cache worker for Java compile cache (C:\Users\ad\.gradle\caches\7.5\javaCompile)" [_thread_blocked, id=14324, stack(0x0000004d93a00000,0x0000004d93b00000)]
  0x0000016050345000 JavaThread "ForkJoinPool.commonPool-worker-5" daemon [_thread_blocked, id=1140, stack(0x0000004d94300000,0x0000004d94400000)]
  0x0000016050341800 JavaThread "ForkJoinPool.commonPool-worker-7" daemon [_thread_blocked, id=2252, stack(0x0000004d94400000,0x0000004d94500000)]
  0x000001604c1bb000 JavaThread "Daemon Thread 2" [_thread_blocked, id=10656, stack(0x0000004d8d200000,0x0000004d8d300000)]
  0x000001604c1bc800 JavaThread "Handler for socket connection from /127.0.0.1:49336 to /127.0.0.1:49454" [_thread_in_native, id=13964, stack(0x0000004d8d400000,0x0000004d8d500000)]
  0x000001604c1bc000 JavaThread "Cancel handler" [_thread_blocked, id=12708, stack(0x0000004d8eb00000,0x0000004d8ec00000)]
  0x000001604c1ba000 JavaThread "Daemon worker Thread 2" [_thread_blocked, id=4148, stack(0x0000004d8ec00000,0x0000004d8ed00000)]
  0x000001604c1b7000 JavaThread "Asynchronous log dispatcher for DefaultDaemonConnection: socket connection from /127.0.0.1:49336 to /127.0.0.1:49454" [_thread_blocked, id=11676, stack(0x0000004d8ed00000,0x0000004d8ee00000)]
  0x000001604c1b8800 JavaThread "Stdin handler" [_thread_blocked, id=5488, stack(0x0000004d8ee00000,0x0000004d8ef00000)]
  0x000001604c1b9800 JavaThread "Daemon client event forwarder" [_thread_blocked, id=14216, stack(0x0000004d8ef00000,0x0000004d8f000000)]
  0x000001604c1bd800 JavaThread "Cache worker for checksums cache (D:\SAVE DATA\Android\Source code\ConquerTheExam\.gradle\7.5\checksums)" [_thread_blocked, id=13572, stack(0x0000004d8f100000,0x0000004d8f200000)]
  0x000001604c1b7800 JavaThread "Cache worker for cache directory md-rule (C:\Users\ad\.gradle\caches\7.5\md-rule)" [_thread_blocked, id=10568, stack(0x0000004d8f200000,0x0000004d8f300000)]
  0x000001604c1c3000 JavaThread "Cache worker for file hash cache (D:\SAVE DATA\Android\Source code\ConquerTheExam\.gradle\7.5\fileHashes)" [_thread_blocked, id=12220, stack(0x0000004d8f900000,0x0000004d8fa00000)]
  0x000001604c1c0000 JavaThread "Cache worker for cache directory md-supplier (C:\Users\ad\.gradle\caches\7.5\md-supplier)" [_thread_blocked, id=6260, stack(0x0000004d8fa00000,0x0000004d8fb00000)]
  0x000001604c1be800 JavaThread "Cache worker for dependencies-accessors (D:\SAVE DATA\Android\Source code\ConquerTheExam\.gradle\7.5\dependencies-accessors)" [_thread_blocked, id=2668, stack(0x0000004d8fc00000,0x0000004d8fd00000)]
  0x000001604c1c4000 JavaThread "Cache worker for Build Output Cleanup Cache (D:\SAVE DATA\Android\Source code\ConquerTheExam\.gradle\buildOutputCleanup)" [_thread_blocked, id=9276, stack(0x0000004d8fd00000,0x0000004d8fe00000)]
  0x000001604c1c5000 JavaThread "Unconstrained build operations" [_thread_blocked, id=13460, stack(0x0000004d90300000,0x0000004d90400000)]
  0x000001604c1c5800 JavaThread "Unconstrained build operations Thread 2" [_thread_blocked, id=2700, stack(0x0000004d90500000,0x0000004d90600000)]
  0x000001604c1c0800 JavaThread "Unconstrained build operations Thread 3" [_thread_blocked, id=4004, stack(0x0000004d90600000,0x0000004d90700000)]
  0x000001604c1c1800 JavaThread "Unconstrained build operations Thread 4" [_thread_blocked, id=4588, stack(0x0000004d90700000,0x0000004d90800000)]
  0x000001604c1c2800 JavaThread "Unconstrained build operations Thread 5" [_thread_blocked, id=11232, stack(0x0000004d90800000,0x0000004d90900000)]
  0x0000016050342800 JavaThread "Unconstrained build operations Thread 6" [_thread_blocked, id=9552, stack(0x0000004d90900000,0x0000004d90a00000)]
  0x0000016050341000 JavaThread "Unconstrained build operations Thread 7" [_thread_blocked, id=3728, stack(0x0000004d90a00000,0x0000004d90b00000)]
  0x0000016050344000 JavaThread "Unconstrained build operations Thread 8" [_thread_blocked, id=13180, stack(0x0000004d90b00000,0x0000004d90c00000)]
  0x000001605033f000 JavaThread "Unconstrained build operations Thread 9" [_thread_blocked, id=9236, stack(0x0000004d90c00000,0x0000004d90d00000)]
  0x0000016050346800 JavaThread "Unconstrained build operations Thread 10" [_thread_blocked, id=4828, stack(0x0000004d90d00000,0x0000004d90e00000)]
  0x0000016050347800 JavaThread "Unconstrained build operations Thread 11" [_thread_blocked, id=2400, stack(0x0000004d90e00000,0x0000004d90f00000)]
  0x0000016050349000 JavaThread "Unconstrained build operations Thread 12" [_thread_blocked, id=12664, stack(0x0000004d90f00000,0x0000004d91000000)]
  0x0000016050348000 JavaThread "Unconstrained build operations Thread 13" [_thread_blocked, id=11592, stack(0x0000004d91000000,0x0000004d91100000)]
  0x0000016050349800 JavaThread "Unconstrained build operations Thread 14" [_thread_blocked, id=13480, stack(0x0000004d91100000,0x0000004d91200000)]
  0x000001605034b800 JavaThread "Unconstrained build operations Thread 15" [_thread_blocked, id=13500, stack(0x0000004d91200000,0x0000004d91300000)]
  0x000001605034a800 JavaThread "Unconstrained build operations Thread 16" [_thread_blocked, id=6512, stack(0x0000004d91300000,0x0000004d91400000)]
  0x0000016050345800 JavaThread "Unconstrained build operations Thread 17" [_thread_blocked, id=628, stack(0x0000004d91400000,0x0000004d91500000)]
  0x000001605034c000 JavaThread "Unconstrained build operations Thread 18" [_thread_blocked, id=1496, stack(0x0000004d91500000,0x0000004d91600000)]
  0x000001605034d000 JavaThread "Unconstrained build operations Thread 19" [_thread_blocked, id=1392, stack(0x0000004d91600000,0x0000004d91700000)]
  0x000001605034e000 JavaThread "Unconstrained build operations Thread 20" [_thread_blocked, id=12948, stack(0x0000004d91700000,0x0000004d91800000)]
  0x000001604c711800 JavaThread "Unconstrained build operations Thread 21" [_thread_blocked, id=12936, stack(0x0000004d91800000,0x0000004d91900000)]
  0x000001604c712800 JavaThread "Unconstrained build operations Thread 22" [_thread_blocked, id=7400, stack(0x0000004d91900000,0x0000004d91a00000)]
  0x000001604c70c800 JavaThread "Unconstrained build operations Thread 23" [_thread_blocked, id=1096, stack(0x0000004d91a00000,0x0000004d91b00000)]
  0x000001604c713000 JavaThread "Unconstrained build operations Thread 24" [_thread_blocked, id=13056, stack(0x0000004d91b00000,0x0000004d91c00000)]
  0x000001604c70d800 JavaThread "Unconstrained build operations Thread 25" [_thread_blocked, id=7296, stack(0x0000004d91c00000,0x0000004d91d00000)]
  0x000001604c70e800 JavaThread "Unconstrained build operations Thread 26" [_thread_blocked, id=12880, stack(0x0000004d91d00000,0x0000004d91e00000)]
  0x000001604c715000 JavaThread "Unconstrained build operations Thread 27" [_thread_blocked, id=10576, stack(0x0000004d91e00000,0x0000004d91f00000)]
  0x000001604c70f000 JavaThread "Unconstrained build operations Thread 28" [_thread_blocked, id=5268, stack(0x0000004d91f00000,0x0000004d92000000)]
  0x000001604c717800 JavaThread "Unconstrained build operations Thread 29" [_thread_blocked, id=14004, stack(0x0000004d92000000,0x0000004d92100000)]
  0x000001604c718000 JavaThread "Unconstrained build operations Thread 30" [_thread_blocked, id=4348, stack(0x0000004d92100000,0x0000004d92200000)]
  0x000001604c719000 JavaThread "Unconstrained build operations Thread 31" [_thread_blocked, id=12124, stack(0x0000004d92200000,0x0000004d92300000)]
  0x000001604c71b800 JavaThread "Unconstrained build operations Thread 32" [_thread_blocked, id=12136, stack(0x0000004d92300000,0x0000004d92400000)]
  0x000001604c719800 JavaThread "Unconstrained build operations Thread 33" [_thread_blocked, id=11512, stack(0x0000004d92400000,0x0000004d92500000)]
  0x000001604c71a800 JavaThread "Unconstrained build operations Thread 34" [_thread_blocked, id=8808, stack(0x0000004d92500000,0x0000004d92600000)]
  0x0000016049de7800 JavaThread "Unconstrained build operations Thread 35" [_thread_blocked, id=13676, stack(0x0000004d92600000,0x0000004d92700000)]
  0x0000016049de1800 JavaThread "Unconstrained build operations Thread 36" [_thread_blocked, id=3952, stack(0x0000004d92700000,0x0000004d92800000)]
  0x0000016049de8000 JavaThread "Unconstrained build operations Thread 37" [_thread_blocked, id=13496, stack(0x0000004d92800000,0x0000004d92900000)]
  0x0000016049de2800 JavaThread "Unconstrained build operations Thread 38" [_thread_blocked, id=7784, stack(0x0000004d92900000,0x0000004d92a00000)]
  0x0000016049dea800 JavaThread "Unconstrained build operations Thread 39" [_thread_blocked, id=6384, stack(0x0000004d92a00000,0x0000004d92b00000)]
  0x0000016049dea000 JavaThread "Unconstrained build operations Thread 40" [_thread_blocked, id=4876, stack(0x0000004d92b00000,0x0000004d92c00000)]
  0x0000016049deb800 JavaThread "build event listener" [_thread_blocked, id=13048, stack(0x0000004d92c00000,0x0000004d92d00000)]
  0x0000016049dec000 JavaThread "included builds" [_thread_blocked, id=13824, stack(0x0000004d92d00000,0x0000004d92e00000)]
  0x0000016049de9000 JavaThread "Execution worker" [_thread_blocked, id=10536, stack(0x0000004d92f00000,0x0000004d93000000)]
  0x0000016049ded000 JavaThread "Execution worker Thread 2" [_thread_blocked, id=5420, stack(0x0000004d93000000,0x0000004d93100000)]
  0x0000016049dee000 JavaThread "Execution worker Thread 3" [_thread_blocked, id=8332, stack(0x0000004d93100000,0x0000004d93200000)]
  0x0000016049dee800 JavaThread "Cache worker for execution history cache (D:\SAVE DATA\Android\Source code\ConquerTheExam\.gradle\7.5\executionHistory)" [_thread_blocked, id=10504, stack(0x0000004d93200000,0x0000004d93300000)]
  0x0000016049def800 JavaThread "WorkerExecutor Queue" [_thread_blocked, id=7548, stack(0x0000004d93300000,0x0000004d93400000)]
  0x00000160496da800 JavaThread "pool-7-thread-1" [_thread_blocked, id=10204, stack(0x0000004d93400000,0x0000004d93500000)]
  0x00000160496d9000 JavaThread "stderr" [_thread_in_native, id=2248, stack(0x0000004d93800000,0x0000004d93900000)]
  0x00000160496dc000 JavaThread "stdout" [_thread_in_native, id=11296, stack(0x0000004d93900000,0x0000004d93a00000)]
  0x000001604dd4f000 JavaThread "WorkerExecutor Queue Thread 2" [_thread_blocked, id=4696, stack(0x0000004d8f000000,0x0000004d8f100000)]
  0x000001604dd4d000 JavaThread "RMI TCP Connection(2)-127.0.0.1" daemon [_thread_in_native, id=8880, stack(0x0000004d93c00000,0x0000004d93d00000)]
  0x000001604dd4e000 JavaThread "Build operations" [_thread_blocked, id=7552, stack(0x0000004d93b00000,0x0000004d93c00000)]
  0x000001604dd49000 JavaThread "Build operations Thread 2" [_thread_blocked, id=11156, stack(0x0000004d93e00000,0x0000004d93f00000)]
  0x000001604dd4f800 JavaThread "Build operations Thread 3" [_thread_blocked, id=10492, stack(0x0000004d93f00000,0x0000004d94000000)]
  0x000001604dd4a000 JavaThread "Build operations Thread 4" [_thread_blocked, id=10292, stack(0x0000004d94000000,0x0000004d94100000)]
  0x000001604a070000 JavaThread "C2 CompilerThread1" daemon [_thread_blocked, id=10044, stack(0x0000004d93d00000,0x0000004d93e00000)]
  0x000001604dd50800 JavaThread "WorkerExecutor Queue Thread 3" [_thread_blocked, id=3652, stack(0x0000004d94100000,0x0000004d94200000)]
  0x000001604dd4b000 JavaThread "WorkerExecutor Queue Thread 4" [_thread_blocked, id=1772, stack(0x0000004d94200000,0x0000004d94300000)]
  0x000001604dd51800 JavaThread "WorkerExecutor Queue Thread 5" [_thread_blocked, id=13876, stack(0x0000004d94500000,0x0000004d94600000)]

Other Threads:
=>0x00000160464bc800 VMThread "VM Thread" [stack: 0x0000004d8db00000,0x0000004d8dc00000] [id=12580]
  0x0000016046fe6800 WatcherThread [stack: 0x0000004d8e500000,0x0000004d8e600000] [id=11672]
  0x0000016027c7a000 GCTaskThread "GC Thread#0" [stack: 0x0000004d8d600000,0x0000004d8d700000] [id=2344]
  0x00000160477d1000 GCTaskThread "GC Thread#1" [stack: 0x0000004d8e700000,0x0000004d8e800000] [id=3748]
  0x00000160477d1800 GCTaskThread "GC Thread#2" [stack: 0x0000004d8e800000,0x0000004d8e900000] [id=4180]
  0x0000016049246000 GCTaskThread "GC Thread#3" [stack: 0x0000004d8f300000,0x0000004d8f400000] [id=1420]
  0x0000016027caa800 ConcurrentGCThread "G1 Main Marker" [stack: 0x0000004d8d700000,0x0000004d8d800000] [id=1168]
  0x0000016027cad000 ConcurrentGCThread "G1 Conc#0" [stack: 0x0000004d8d800000,0x0000004d8d900000] [id=4016]
  0x0000016046310800 ConcurrentGCThread "G1 Refine#0" [stack: 0x0000004d8d900000,0x0000004d8da00000] [id=8472]
  0x0000016046311800 ConcurrentGCThread "G1 Young RemSet Sampling" [stack: 0x0000004d8da00000,0x0000004d8db00000] [id=8228]

Threads with active compile tasks:
C2 CompilerThread0   195448 20414       4       java.util.TimSort::mergeHi (732 bytes)
C2 CompilerThread1   195448 20420 %     4       com.android.tools.r8.internal.XT::g @ 113 (316 bytes)

VM state:at safepoint (normal execution)

VM Mutex/Monitor currently owned by a thread:  ([mutex/lock_event])
[0x0000016027c5c130] Threads_lock - owner thread: 0x00000160464bc800
[0x0000016027c5b440] Heap_lock - owner thread: 0x000001604dd4f000

Heap address: 0x0000000080000000, size: 2048 MB, Compressed Oops mode: 32-bit
Narrow klass base: 0x0000000000000000, Narrow klass shift: 3
Compressed class space size: 1073741824 Address: 0x0000000100000000

Heap:
 garbage-first heap   total 374784K, used 134570K [0x0000000080000000, 0x0000000100000000)
  region size 1024K, 1 young (1024K), 1 survivors (1024K)
 Metaspace       used 130144K, capacity 134296K, committed 134812K, reserved 1165312K
  class space    used 16649K, capacity 18202K, committed 18432K, reserved 1048576K
Heap Regions: E=young(eden), S=young(survivor), O=old, HS=humongous(starts), HC=humongous(continues), CS=collection set, F=free, A=archive, TAMS=top-at-mark-start (previous, next)
|   0|0x0000000080000000, 0x0000000080100000, 0x0000000080100000|100%|HS|  |TAMS 0x0000000080100000, 0x0000000080100000| Complete 
|   1|0x0000000080100000, 0x0000000080200000, 0x0000000080200000|100%|HC|  |TAMS 0x0000000080200000, 0x0000000080200000| Complete 
|   2|0x0000000080200000, 0x0000000080300000, 0x0000000080300000|100%|HC|  |TAMS 0x0000000080300000, 0x0000000080300000| Complete 
|   3|0x0000000080300000, 0x0000000080400000, 0x0000000080400000|100%| O|  |TAMS 0x0000000080400000, 0x0000000080400000| Untracked 
|   4|0x0000000080400000, 0x0000000080500000, 0x0000000080500000|100%| O|  |TAMS 0x0000000080500000, 0x0000000080500000| Untracked 
|   5|0x0000000080500000, 0x0000000080600000, 0x0000000080600000|100%| O|  |TAMS 0x0000000080600000, 0x0000000080600000| Untracked 
|   6|0x0000000080600000, 0x0000000080700000, 0x0000000080700000|100%| O|  |TAMS 0x0000000080700000, 0x0000000080700000| Untracked 
|   7|0x0000000080700000, 0x0000000080800000, 0x0000000080800000|100%| O|  |TAMS 0x0000000080800000, 0x0000000080800000| Untracked 
|   8|0x0000000080800000, 0x0000000080900000, 0x0000000080900000|100%| O|  |TAMS 0x0000000080900000, 0x0000000080900000| Untracked 
|   9|0x0000000080900000, 0x0000000080a00000, 0x0000000080a00000|100%| O|  |TAMS 0x0000000080a00000, 0x0000000080a00000| Untracked 
|  10|0x0000000080a00000, 0x0000000080b00000, 0x0000000080b00000|100%| O|  |TAMS 0x0000000080b00000, 0x0000000080b00000| Untracked 
|  11|0x0000000080b00000, 0x0000000080c00000, 0x0000000080c00000|100%| O|  |TAMS 0x0000000080c00000, 0x0000000080c00000| Untracked 
|  12|0x0000000080c00000, 0x0000000080d00000, 0x0000000080d00000|100%| O|  |TAMS 0x0000000080d00000, 0x0000000080d00000| Untracked 
|  13|0x0000000080d00000, 0x0000000080e00000, 0x0000000080e00000|100%| O|  |TAMS 0x0000000080e00000, 0x0000000080e00000| Untracked 
|  14|0x0000000080e00000, 0x0000000080f00000, 0x0000000080f00000|100%| O|  |TAMS 0x0000000080f00000, 0x0000000080f00000| Untracked 
|  15|0x0000000080f00000, 0x0000000081000000, 0x0000000081000000|100%| O|  |TAMS 0x0000000081000000, 0x0000000081000000| Untracked 
|  16|0x0000000081000000, 0x0000000081100000, 0x0000000081100000|100%|HS|  |TAMS 0x0000000081100000, 0x0000000081100000| Complete 
|  17|0x0000000081100000, 0x0000000081200000, 0x0000000081200000|100%| O|  |TAMS 0x0000000081200000, 0x0000000081200000| Untracked 
|  18|0x0000000081200000, 0x0000000081300000, 0x0000000081300000|100%| O|  |TAMS 0x0000000081300000, 0x0000000081300000| Untracked 
|  19|0x0000000081300000, 0x0000000081400000, 0x0000000081400000|100%| O|  |TAMS 0x0000000081400000, 0x0000000081400000| Untracked 
|  20|0x0000000081400000, 0x0000000081500000, 0x0000000081500000|100%| O|  |TAMS 0x0000000081500000, 0x0000000081500000| Untracked 
|  21|0x0000000081500000, 0x0000000081600000, 0x0000000081600000|100%| O|  |TAMS 0x0000000081600000, 0x0000000081600000| Untracked 
|  22|0x0000000081600000, 0x0000000081700000, 0x0000000081700000|100%| O|  |TAMS 0x0000000081700000, 0x0000000081700000| Untracked 
|  23|0x0000000081700000, 0x0000000081800000, 0x0000000081800000|100%| O|  |TAMS 0x0000000081800000, 0x0000000081800000| Untracked 
|  24|0x0000000081800000, 0x0000000081900000, 0x0000000081900000|100%| O|  |TAMS 0x0000000081900000, 0x0000000081900000| Untracked 
|  25|0x0000000081900000, 0x0000000081a00000, 0x0000000081a00000|100%| O|  |TAMS 0x0000000081a00000, 0x0000000081a00000| Untracked 
|  26|0x0000000081a00000, 0x0000000081b00000, 0x0000000081b00000|100%| O|  |TAMS 0x0000000081b00000, 0x0000000081b00000| Untracked 
|  27|0x0000000081b00000, 0x0000000081c00000, 0x0000000081c00000|100%| O|  |TAMS 0x0000000081c00000, 0x0000000081c00000| Untracked 
|  28|0x0000000081c00000, 0x0000000081d00000, 0x0000000081d00000|100%| O|  |TAMS 0x0000000081d00000, 0x0000000081d00000| Untracked 
|  29|0x0000000081d00000, 0x0000000081e00000, 0x0000000081e00000|100%|HS|  |TAMS 0x0000000081e00000, 0x0000000081e00000| Complete 
|  30|0x0000000081e00000, 0x0000000081f00000, 0x0000000081f00000|100%|HC|  |TAMS 0x0000000081f00000, 0x0000000081f00000| Complete 
|  31|0x0000000081f00000, 0x0000000082000000, 0x0000000082000000|100%|HS|  |TAMS 0x0000000082000000, 0x0000000082000000| Complete 
|  32|0x0000000082000000, 0x0000000082100000, 0x0000000082100000|100%|HS|  |TAMS 0x0000000082100000, 0x0000000082100000| Complete 
|  33|0x0000000082100000, 0x0000000082200000, 0x0000000082200000|100%|HC|  |TAMS 0x0000000082200000, 0x0000000082200000| Complete 
|  34|0x0000000082200000, 0x0000000082300000, 0x0000000082300000|100%|HC|  |TAMS 0x0000000082300000, 0x0000000082300000| Complete 
|  35|0x0000000082300000, 0x0000000082400000, 0x0000000082400000|100%|HC|  |TAMS 0x0000000082400000, 0x0000000082400000| Complete 
|  36|0x0000000082400000, 0x0000000082500000, 0x0000000082500000|100%| O|  |TAMS 0x0000000082500000, 0x0000000082500000| Untracked 
|  37|0x0000000082500000, 0x0000000082600000, 0x0000000082600000|100%| O|  |TAMS 0x0000000082600000, 0x0000000082600000| Untracked 
|  38|0x0000000082600000, 0x0000000082700000, 0x0000000082700000|100%| O|  |TAMS 0x0000000082700000, 0x0000000082700000| Untracked 
|  39|0x0000000082700000, 0x0000000082800000, 0x0000000082800000|100%| O|  |TAMS 0x0000000082800000, 0x0000000082800000| Untracked 
|  40|0x0000000082800000, 0x0000000082900000, 0x0000000082900000|100%| O|  |TAMS 0x0000000082900000, 0x0000000082900000| Untracked 
|  41|0x0000000082900000, 0x0000000082a00000, 0x0000000082a00000|100%| O|  |TAMS 0x0000000082a00000, 0x0000000082a00000| Untracked 
|  42|0x0000000082a00000, 0x0000000082b00000, 0x0000000082b00000|100%| O|  |TAMS 0x0000000082b00000, 0x0000000082b00000| Untracked 
|  43|0x0000000082b00000, 0x0000000082c00000, 0x0000000082c00000|100%| O|  |TAMS 0x0000000082c00000, 0x0000000082c00000| Untracked 
|  44|0x0000000082c00000, 0x0000000082d00000, 0x0000000082d00000|100%| O|  |TAMS 0x0000000082d00000, 0x0000000082d00000| Untracked 
|  45|0x0000000082d00000, 0x0000000082e00000, 0x0000000082e00000|100%| O|  |TAMS 0x0000000082e00000, 0x0000000082e00000| Untracked 
|  46|0x0000000082e00000, 0x0000000082f00000, 0x0000000082f00000|100%| O|  |TAMS 0x0000000082f00000, 0x0000000082f00000| Untracked 
|  47|0x0000000082f00000, 0x0000000083000000, 0x0000000083000000|100%| O|  |TAMS 0x0000000083000000, 0x0000000083000000| Untracked 
|  48|0x0000000083000000, 0x0000000083100000, 0x0000000083100000|100%| O|  |TAMS 0x0000000083100000, 0x0000000083100000| Untracked 
|  49|0x0000000083100000, 0x0000000083200000, 0x0000000083200000|100%| O|  |TAMS 0x0000000083200000, 0x0000000083200000| Untracked 
|  50|0x0000000083200000, 0x0000000083300000, 0x0000000083300000|100%| O|  |TAMS 0x0000000083300000, 0x0000000083300000| Untracked 
|  51|0x0000000083300000, 0x0000000083400000, 0x0000000083400000|100%| O|  |TAMS 0x0000000083400000, 0x0000000083400000| Untracked 
|  52|0x0000000083400000, 0x0000000083500000, 0x0000000083500000|100%| O|  |TAMS 0x0000000083500000, 0x0000000083500000| Untracked 
|  53|0x0000000083500000, 0x0000000083600000, 0x0000000083600000|100%| O|  |TAMS 0x0000000083600000, 0x0000000083600000| Untracked 
|  54|0x0000000083600000, 0x0000000083700000, 0x0000000083700000|100%| O|  |TAMS 0x0000000083700000, 0x0000000083700000| Untracked 
|  55|0x0000000083700000, 0x0000000083800000, 0x0000000083800000|100%| O|  |TAMS 0x0000000083800000, 0x0000000083800000| Untracked 
|  56|0x0000000083800000, 0x0000000083900000, 0x0000000083900000|100%| O|  |TAMS 0x0000000083900000, 0x0000000083900000| Untracked 
|  57|0x0000000083900000, 0x0000000083a00000, 0x0000000083a00000|100%| O|  |TAMS 0x0000000083a00000, 0x0000000083a00000| Untracked 
|  58|0x0000000083a00000, 0x0000000083b00000, 0x0000000083b00000|100%| O|  |TAMS 0x0000000083a00000, 0x0000000083b00000| Untracked 
|  59|0x0000000083b00000, 0x0000000083c00000, 0x0000000083c00000|100%| O|  |TAMS 0x0000000083c00000, 0x0000000083c00000| Untracked 
|  60|0x0000000083c00000, 0x0000000083d00000, 0x0000000083d00000|100%| O|  |TAMS 0x0000000083d00000, 0x0000000083d00000| Untracked 
|  61|0x0000000083d00000, 0x0000000083e00000, 0x0000000083e00000|100%| O|  |TAMS 0x0000000083e00000, 0x0000000083e00000| Untracked 
|  62|0x0000000083e00000, 0x0000000083f00000, 0x0000000083f00000|100%| O|  |TAMS 0x0000000083f00000, 0x0000000083f00000| Untracked 
|  63|0x0000000083f00000, 0x0000000084000000, 0x0000000084000000|100%| O|  |TAMS 0x0000000084000000, 0x0000000084000000| Untracked 
|  64|0x0000000084000000, 0x0000000084100000, 0x0000000084100000|100%| O|  |TAMS 0x0000000084100000, 0x0000000084100000| Untracked 
|  65|0x0000000084100000, 0x0000000084200000, 0x0000000084200000|100%| O|  |TAMS 0x0000000084100000, 0x0000000084200000| Untracked 
|  66|0x0000000084200000, 0x0000000084300000, 0x0000000084300000|100%| O|  |TAMS 0x0000000084300000, 0x0000000084300000| Untracked 
|  67|0x0000000084300000, 0x0000000084400000, 0x0000000084400000|100%| O|  |TAMS 0x0000000084300000, 0x0000000084400000| Untracked 
|  68|0x0000000084400000, 0x0000000084500000, 0x0000000084500000|100%| O|  |TAMS 0x0000000084500000, 0x0000000084500000| Untracked 
|  69|0x0000000084500000, 0x0000000084600000, 0x0000000084600000|100%| O|  |TAMS 0x0000000084500000, 0x0000000084600000| Untracked 
|  70|0x0000000084600000, 0x0000000084700000, 0x0000000084700000|100%| O|  |TAMS 0x0000000084600000, 0x0000000084700000| Untracked 
|  71|0x0000000084700000, 0x0000000084800000, 0x0000000084800000|100%| O|  |TAMS 0x0000000084800000, 0x0000000084800000| Untracked 
|  72|0x0000000084800000, 0x0000000084900000, 0x0000000084900000|100%| O|  |TAMS 0x0000000084800000, 0x0000000084900000| Untracked 
|  73|0x0000000084900000, 0x0000000084a00000, 0x0000000084a00000|100%| O|  |TAMS 0x0000000084900000, 0x0000000084a00000| Untracked 
|  74|0x0000000084a00000, 0x0000000084b00000, 0x0000000084b00000|100%| O|  |TAMS 0x0000000084a00000, 0x0000000084b00000| Untracked 
|  75|0x0000000084b00000, 0x0000000084c00000, 0x0000000084c00000|100%| O|  |TAMS 0x0000000084b00000, 0x0000000084c00000| Untracked 
|  76|0x0000000084c00000, 0x0000000084d00000, 0x0000000084d00000|100%| O|  |TAMS 0x0000000084c00000, 0x0000000084d00000| Untracked 
|  77|0x0000000084d00000, 0x0000000084e00000, 0x0000000084e00000|100%| O|  |TAMS 0x0000000084d00000, 0x0000000084e00000| Untracked 
|  78|0x0000000084e00000, 0x0000000084f00000, 0x0000000084f00000|100%| O|  |TAMS 0x0000000084f00000, 0x0000000084f00000| Untracked 
|  79|0x0000000084f00000, 0x0000000085000000, 0x0000000085000000|100%| O|  |TAMS 0x0000000085000000, 0x0000000085000000| Untracked 
|  80|0x0000000085000000, 0x0000000085100000, 0x0000000085100000|100%| O|  |TAMS 0x0000000085100000, 0x0000000085100000| Untracked 
|  81|0x0000000085100000, 0x0000000085200000, 0x0000000085200000|100%| O|  |TAMS 0x0000000085200000, 0x0000000085200000| Untracked 
|  82|0x0000000085200000, 0x0000000085300000, 0x0000000085300000|100%| O|  |TAMS 0x0000000085300000, 0x0000000085300000| Untracked 
|  83|0x0000000085300000, 0x0000000085400000, 0x0000000085400000|100%| O|  |TAMS 0x0000000085400000, 0x0000000085400000| Untracked 
|  84|0x0000000085400000, 0x0000000085500000, 0x0000000085500000|100%| O|  |TAMS 0x0000000085500000, 0x0000000085500000| Untracked 
|  85|0x0000000085500000, 0x0000000085600000, 0x0000000085600000|100%| O|  |TAMS 0x0000000085600000, 0x0000000085600000| Untracked 
|  86|0x0000000085600000, 0x0000000085700000, 0x0000000085700000|100%| O|  |TAMS 0x0000000085700000, 0x0000000085700000| Untracked 
|  87|0x0000000085700000, 0x0000000085800000, 0x0000000085800000|100%| O|  |TAMS 0x0000000085800000, 0x0000000085800000| Untracked 
|  88|0x0000000085800000, 0x0000000085900000, 0x0000000085900000|100%| O|  |TAMS 0x0000000085900000, 0x0000000085900000| Untracked 
|  89|0x0000000085900000, 0x0000000085a00000, 0x0000000085a00000|100%| O|  |TAMS 0x0000000085a00000, 0x0000000085a00000| Untracked 
|  90|0x0000000085a00000, 0x0000000085af3000, 0x0000000085b00000| 94%| O|  |TAMS 0x0000000085a00000, 0x0000000085af3000| Untracked 
|  91|0x0000000085b00000, 0x0000000085c00000, 0x0000000085c00000|100%| O|  |TAMS 0x0000000085c00000, 0x0000000085c00000| Untracked 
|  92|0x0000000085c00000, 0x0000000085d00000, 0x0000000085d00000|100%| O|  |TAMS 0x0000000085d00000, 0x0000000085d00000| Untracked 
|  93|0x0000000085d00000, 0x0000000085e00000, 0x0000000085e00000|100%| O|  |TAMS 0x0000000085e00000, 0x0000000085e00000| Untracked 
|  94|0x0000000085e00000, 0x0000000085e00000, 0x0000000085f00000|  0%| F|  |TAMS 0x0000000085e00000, 0x0000000085e00000| Untracked 
|  95|0x0000000085f00000, 0x0000000086000000, 0x0000000086000000|100%| O|  |TAMS 0x0000000086000000, 0x0000000086000000| Untracked 
|  96|0x0000000086000000, 0x0000000086100000, 0x0000000086100000|100%| O|  |TAMS 0x0000000086100000, 0x0000000086100000| Untracked 
|  97|0x0000000086100000, 0x0000000086200000, 0x0000000086200000|100%| O|  |TAMS 0x0000000086200000, 0x0000000086200000| Untracked 
|  98|0x0000000086200000, 0x0000000086200000, 0x0000000086300000|  0%| F|  |TAMS 0x0000000086200000, 0x0000000086200000| Untracked 
|  99|0x0000000086300000, 0x0000000086400000, 0x0000000086400000|100%| O|  |TAMS 0x0000000086400000, 0x0000000086400000| Untracked 
| 100|0x0000000086400000, 0x0000000086500000, 0x0000000086500000|100%| O|  |TAMS 0x0000000086500000, 0x0000000086500000| Untracked 
| 101|0x0000000086500000, 0x0000000086500000, 0x0000000086600000|  0%| F|  |TAMS 0x0000000086500000, 0x0000000086500000| Untracked 
| 102|0x0000000086600000, 0x0000000086700000, 0x0000000086700000|100%| O|  |TAMS 0x0000000086600000, 0x0000000086700000| Untracked 
| 103|0x0000000086700000, 0x0000000086800000, 0x0000000086800000|100%| O|  |TAMS 0x0000000086700000, 0x0000000086800000| Untracked 
| 104|0x0000000086800000, 0x0000000086900000, 0x0000000086900000|100%| O|  |TAMS 0x0000000086900000, 0x0000000086900000| Untracked 
| 105|0x0000000086900000, 0x0000000086a00000, 0x0000000086a00000|100%| O|  |TAMS 0x0000000086a00000, 0x0000000086a00000| Untracked 
| 106|0x0000000086a00000, 0x0000000086b00000, 0x0000000086b00000|100%| O|  |TAMS 0x0000000086b00000, 0x0000000086b00000| Untracked 
| 107|0x0000000086b00000, 0x0000000086c00000, 0x0000000086c00000|100%| O|  |TAMS 0x0000000086c00000, 0x0000000086c00000| Untracked 
| 108|0x0000000086c00000, 0x0000000086d00000, 0x0000000086d00000|100%| O|  |TAMS 0x0000000086d00000, 0x0000000086d00000| Untracked 
| 109|0x0000000086d00000, 0x0000000086d00000, 0x0000000086e00000|  0%| F|  |TAMS 0x0000000086d00000, 0x0000000086d00000| Untracked 
| 110|0x0000000086e00000, 0x0000000086e00000, 0x0000000086f00000|  0%| F|  |TAMS 0x0000000086e00000, 0x0000000086e00000| Untracked 
| 111|0x0000000086f00000, 0x0000000087000000, 0x0000000087000000|100%| O|  |TAMS 0x0000000086f00000, 0x0000000087000000| Untracked 
| 112|0x0000000087000000, 0x0000000087100000, 0x0000000087100000|100%| O|  |TAMS 0x0000000087100000, 0x0000000087100000| Untracked 
| 113|0x0000000087100000, 0x0000000087200000, 0x0000000087200000|100%| O|  |TAMS 0x0000000087200000, 0x0000000087200000| Untracked 
| 114|0x0000000087200000, 0x0000000087300000, 0x0000000087300000|100%| O|  |TAMS 0x0000000087300000, 0x0000000087300000| Untracked 
| 115|0x0000000087300000, 0x0000000087300000, 0x0000000087400000|  0%| F|  |TAMS 0x0000000087300000, 0x0000000087300000| Untracked 
| 116|0x0000000087400000, 0x0000000087500000, 0x0000000087500000|100%| O|  |TAMS 0x0000000087400000, 0x0000000087500000| Untracked 
| 117|0x0000000087500000, 0x0000000087500000, 0x0000000087600000|  0%| F|  |TAMS 0x0000000087500000, 0x0000000087500000| Untracked 
| 118|0x0000000087600000, 0x0000000087700000, 0x0000000087700000|100%| O|  |TAMS 0x0000000087600000, 0x0000000087700000| Untracked 
| 119|0x0000000087700000, 0x0000000087800000, 0x0000000087800000|100%| O|  |TAMS 0x0000000087700000, 0x0000000087800000| Untracked 
| 120|0x0000000087800000, 0x0000000087900000, 0x0000000087900000|100%| O|  |TAMS 0x0000000087800000, 0x0000000087900000| Untracked 
| 121|0x0000000087900000, 0x0000000087a00000, 0x0000000087a00000|100%| O|  |TAMS 0x0000000087a00000, 0x0000000087a00000| Untracked 
| 122|0x0000000087a00000, 0x0000000087a00000, 0x0000000087b00000|  0%| F|  |TAMS 0x0000000087a00000, 0x0000000087a00000| Untracked 
| 123|0x0000000087b00000, 0x0000000087b00000, 0x0000000087c00000|  0%| F|  |TAMS 0x0000000087b00000, 0x0000000087b00000| Untracked 
| 124|0x0000000087c00000, 0x0000000087c00000, 0x0000000087d00000|  0%| F|  |TAMS 0x0000000087c00000, 0x0000000087c00000| Untracked 
| 125|0x0000000087d00000, 0x0000000087e00000, 0x0000000087e00000|100%| O|  |TAMS 0x0000000087e00000, 0x0000000087e00000| Untracked 
| 126|0x0000000087e00000, 0x0000000087e00000, 0x0000000087f00000|  0%| F|  |TAMS 0x0000000087e00000, 0x0000000087e00000| Untracked 
| 127|0x0000000087f00000, 0x0000000087f00000, 0x0000000088000000|  0%| F|  |TAMS 0x0000000087f00000, 0x0000000087f00000| Untracked 
| 128|0x0000000088000000, 0x0000000088000000, 0x0000000088100000|  0%| F|  |TAMS 0x0000000088000000, 0x0000000088000000| Untracked 
| 129|0x0000000088100000, 0x0000000088100000, 0x0000000088200000|  0%| F|  |TAMS 0x0000000088100000, 0x0000000088100000| Untracked 
| 130|0x0000000088200000, 0x0000000088200000, 0x0000000088300000|  0%| F|  |TAMS 0x0000000088200000, 0x0000000088200000| Untracked 
| 131|0x0000000088300000, 0x0000000088400000, 0x0000000088400000|100%| O|  |TAMS 0x0000000088400000, 0x0000000088400000| Untracked 
| 132|0x0000000088400000, 0x0000000088500000, 0x0000000088500000|100%| O|  |TAMS 0x0000000088500000, 0x0000000088500000| Untracked 
| 133|0x0000000088500000, 0x0000000088600000, 0x0000000088600000|100%| O|  |TAMS 0x0000000088600000, 0x0000000088600000| Untracked 
| 134|0x0000000088600000, 0x0000000088600000, 0x0000000088700000|  0%| F|  |TAMS 0x0000000088600000, 0x0000000088600000| Untracked 
| 135|0x0000000088700000, 0x0000000088700000, 0x0000000088800000|  0%| F|  |TAMS 0x0000000088700000, 0x0000000088700000| Untracked 
| 136|0x0000000088800000, 0x0000000088800000, 0x0000000088900000|  0%| F|  |TAMS 0x0000000088800000, 0x0000000088800000| Untracked 
| 137|0x0000000088900000, 0x0000000088a00000, 0x0000000088a00000|100%| O|  |TAMS 0x0000000088a00000, 0x0000000088a00000| Untracked 
| 138|0x0000000088a00000, 0x0000000088a00000, 0x0000000088b00000|  0%| F|  |TAMS 0x0000000088a00000, 0x0000000088a00000| Untracked 
| 139|0x0000000088b00000, 0x0000000088c00000, 0x0000000088c00000|100%| O|  |TAMS 0x0000000088c00000, 0x0000000088c00000| Untracked 
| 140|0x0000000088c00000, 0x0000000088c00000, 0x0000000088d00000|  0%| F|  |TAMS 0x0000000088c00000, 0x0000000088c00000| Untracked 
| 141|0x0000000088d00000, 0x0000000088d00000, 0x0000000088e00000|  0%| F|  |TAMS 0x0000000088d00000, 0x0000000088d00000| Untracked 
| 142|0x0000000088e00000, 0x0000000088e00000, 0x0000000088f00000|  0%| F|  |TAMS 0x0000000088e00000, 0x0000000088e00000| Untracked 
| 143|0x0000000088f00000, 0x0000000089000000, 0x0000000089000000|100%| O|  |TAMS 0x0000000088f00000, 0x0000000089000000| Untracked 
| 144|0x0000000089000000, 0x0000000089000000, 0x0000000089100000|  0%| F|  |TAMS 0x0000000089000000, 0x0000000089000000| Untracked 
| 145|0x0000000089100000, 0x0000000089100000, 0x0000000089200000|  0%| F|  |TAMS 0x0000000089100000, 0x0000000089100000| Untracked 
| 146|0x0000000089200000, 0x0000000089200000, 0x0000000089300000|  0%| F|  |TAMS 0x0000000089200000, 0x0000000089200000| Untracked 
| 147|0x0000000089300000, 0x0000000089300000, 0x0000000089400000|  0%| F|  |TAMS 0x0000000089300000, 0x0000000089300000| Untracked 
| 148|0x0000000089400000, 0x0000000089500000, 0x0000000089500000|100%| O|  |TAMS 0x0000000089500000, 0x0000000089500000| Untracked 
| 149|0x0000000089500000, 0x0000000089600000, 0x0000000089600000|100%| O|  |TAMS 0x0000000089600000, 0x0000000089600000| Untracked 
| 150|0x0000000089600000, 0x0000000089600000, 0x0000000089700000|  0%| F|  |TAMS 0x0000000089600000, 0x0000000089600000| Untracked 
| 151|0x0000000089700000, 0x0000000089700000, 0x0000000089800000|  0%| F|  |TAMS 0x0000000089700000, 0x0000000089700000| Untracked 
| 152|0x0000000089800000, 0x0000000089900000, 0x0000000089900000|100%| O|  |TAMS 0x0000000089900000, 0x0000000089900000| Untracked 
| 153|0x0000000089900000, 0x0000000089a00000, 0x0000000089a00000|100%| O|  |TAMS 0x0000000089a00000, 0x0000000089a00000| Untracked 
| 154|0x0000000089a00000, 0x0000000089b00000, 0x0000000089b00000|100%| O|  |TAMS 0x0000000089b00000, 0x0000000089b00000| Untracked 
| 155|0x0000000089b00000, 0x0000000089c00000, 0x0000000089c00000|100%| O|  |TAMS 0x0000000089bd9a00, 0x0000000089c00000| Untracked 
| 156|0x0000000089c00000, 0x0000000089d00000, 0x0000000089d00000|100%| O|  |TAMS 0x0000000089c00000, 0x0000000089d00000| Untracked 
| 157|0x0000000089d00000, 0x0000000089e00000, 0x0000000089e00000|100%| O|  |TAMS 0x0000000089d00000, 0x0000000089e00000| Untracked 
| 158|0x0000000089e00000, 0x0000000089f00000, 0x0000000089f00000|100%| O|  |TAMS 0x0000000089e00000, 0x0000000089f00000| Untracked 
| 159|0x0000000089f00000, 0x0000000089f00000, 0x000000008a000000|  0%| F|  |TAMS 0x0000000089f00000, 0x0000000089f00000| Untracked 
| 160|0x000000008a000000, 0x000000008a000000, 0x000000008a100000|  0%| F|  |TAMS 0x000000008a000000, 0x000000008a000000| Untracked 
| 161|0x000000008a100000, 0x000000008a100000, 0x000000008a200000|  0%| F|  |TAMS 0x000000008a100000, 0x000000008a100000| Untracked 
| 162|0x000000008a200000, 0x000000008a200000, 0x000000008a300000|  0%| F|  |TAMS 0x000000008a200000, 0x000000008a200000| Untracked 
| 163|0x000000008a300000, 0x000000008a300000, 0x000000008a400000|  0%| F|  |TAMS 0x000000008a300000, 0x000000008a300000| Untracked 
| 164|0x000000008a400000, 0x000000008a400000, 0x000000008a500000|  0%| F|  |TAMS 0x000000008a400000, 0x000000008a400000| Untracked 
| 165|0x000000008a500000, 0x000000008a500000, 0x000000008a600000|  0%| F|  |TAMS 0x000000008a500000, 0x000000008a500000| Untracked 
| 166|0x000000008a600000, 0x000000008a600000, 0x000000008a700000|  0%| F|  |TAMS 0x000000008a600000, 0x000000008a600000| Untracked 
| 167|0x000000008a700000, 0x000000008a700000, 0x000000008a800000|  0%| F|  |TAMS 0x000000008a700000, 0x000000008a700000| Untracked 
| 168|0x000000008a800000, 0x000000008a800000, 0x000000008a900000|  0%| F|  |TAMS 0x000000008a800000, 0x000000008a800000| Untracked 
| 169|0x000000008a900000, 0x000000008a900000, 0x000000008aa00000|  0%| F|  |TAMS 0x000000008a900000, 0x000000008a900000| Untracked 
| 170|0x000000008aa00000, 0x000000008aa00000, 0x000000008ab00000|  0%| F|  |TAMS 0x000000008aa00000, 0x000000008aa00000| Untracked 
| 171|0x000000008ab00000, 0x000000008ab00000, 0x000000008ac00000|  0%| F|  |TAMS 0x000000008ab00000, 0x000000008ab00000| Untracked 
| 172|0x000000008ac00000, 0x000000008ac00000, 0x000000008ad00000|  0%| F|  |TAMS 0x000000008ac00000, 0x000000008ac00000| Untracked 
| 173|0x000000008ad00000, 0x000000008ad00000, 0x000000008ae00000|  0%| F|  |TAMS 0x000000008ad00000, 0x000000008ad00000| Untracked 
| 174|0x000000008ae00000, 0x000000008ae00000, 0x000000008af00000|  0%| F|  |TAMS 0x000000008ae00000, 0x000000008ae00000| Untracked 
| 175|0x000000008af00000, 0x000000008af00000, 0x000000008b000000|  0%| F|  |TAMS 0x000000008af00000, 0x000000008af00000| Untracked 
| 176|0x000000008b000000, 0x000000008b000000, 0x000000008b100000|  0%| F|  |TAMS 0x000000008b000000, 0x000000008b000000| Untracked 
| 177|0x000000008b100000, 0x000000008b100000, 0x000000008b200000|  0%| F|  |TAMS 0x000000008b100000, 0x000000008b100000| Untracked 
| 178|0x000000008b200000, 0x000000008b200000, 0x000000008b300000|  0%| F|  |TAMS 0x000000008b200000, 0x000000008b200000| Untracked 
| 179|0x000000008b300000, 0x000000008b300000, 0x000000008b400000|  0%| F|  |TAMS 0x000000008b300000, 0x000000008b300000| Untracked 
| 180|0x000000008b400000, 0x000000008b477bf0, 0x000000008b500000| 46%| S|CS|TAMS 0x000000008b400000, 0x000000008b400000| Complete 
| 181|0x000000008b500000, 0x000000008b500000, 0x000000008b600000|  0%| F|  |TAMS 0x000000008b500000, 0x000000008b500000| Untracked 
| 182|0x000000008b600000, 0x000000008b600000, 0x000000008b700000|  0%| F|  |TAMS 0x000000008b600000, 0x000000008b600000| Untracked 

Card table byte_map: [0x000001603f7d0000,0x000001603fbd0000] _byte_map_base: 0x000001603f3d0000

Marking Bits (Prev, Next): (CMBitMap*) 0x0000016027ca1a18, (CMBitMap*) 0x0000016027ca1a50
 Prev Bits: [0x000001603ffd0000, 0x0000016041fd0000)
 Next Bits: [0x0000016041fd0000, 0x0000016043fd0000)

Polling page: 0x0000016027430000

Metaspace:

Usage:
  Non-class:    113.37 MB capacity,   110.84 MB ( 98%) used,     2.05 MB (  2%) free+waste,   500.81 KB ( <1%) overhead. 
      Class:     17.78 MB capacity,    16.26 MB ( 91%) used,     1.30 MB (  7%) free+waste,   224.75 KB (  1%) overhead. 
       Both:    131.15 MB capacity,   127.09 MB ( 97%) used,     3.35 MB (  3%) free+waste,   725.56 KB ( <1%) overhead. 

Virtual space:
  Non-class space:      114.00 MB reserved,     113.65 MB (>99%) committed 
      Class space:        1.00 GB reserved,      18.00 MB (  2%) committed 
             Both:        1.11 GB reserved,     131.65 MB ( 12%) committed 

Chunk freelists:
   Non-Class:  158.00 KB
       Class:  134.00 KB
        Both:  292.00 KB

MaxMetaspaceSize: 17179869184.00 GB
CompressedClassSpaceSize: 1.00 GB
Initial GC threshold: 20.80 MB
Current GC threshold: 219.00 MB
CDS: off

CodeHeap 'non-profiled nmethods': size=120064Kb used=12201Kb max_used=12201Kb free=107862Kb
 bounds [0x0000016037e90000, 0x0000016038a80000, 0x000001603f3d0000]
CodeHeap 'profiled nmethods': size=120000Kb used=44852Kb max_used=44852Kb free=75147Kb
 bounds [0x0000016030960000, 0x0000016033530000, 0x0000016037e90000]
CodeHeap 'non-nmethods': size=5696Kb used=2480Kb max_used=2548Kb free=3215Kb
 bounds [0x00000160303d0000, 0x0000016030660000, 0x0000016030960000]
 total_blobs=20460 nmethods=19433 adapters=938
 compilation: enabled
              stopped_count=0, restarted_count=0
 full_count=0

Compilation events (20 events):
Event: 195.255 Thread 0x00000160464ec800 20408       3       com.android.tools.r8.internal.OC::b (64 bytes)
Event: 195.255 Thread 0x00000160464e5800 nmethod 20402 0x0000016038a69710 code [0x0000016038a698e0, 0x0000016038a69dd8]
Event: 195.255 Thread 0x00000160464e5800 20362       4       com.android.tools.r8.graph.a1$$Lambda$2109/0x00000001010f1c40::accept (16 bytes)
Event: 195.255 Thread 0x00000160464ec800 nmethod 20408 0x000001603352a510 code [0x000001603352a700, 0x000001603352ac08]
Event: 195.260 Thread 0x00000160464e5800 nmethod 20362 0x0000016038a6a110 code [0x0000016038a6a2e0, 0x0000016038a6a5b8]
Event: 195.260 Thread 0x00000160464e5800 20366       4       com.android.tools.r8.internal.ty::c (170 bytes)
Event: 195.262 Thread 0x00000160464ec800 20410       3       java.util.TimSort::gallopRight (335 bytes)
Event: 195.263 Thread 0x00000160464ec800 nmethod 20410 0x000001603352ad90 code [0x000001603352afe0, 0x000001603352bad8]
Event: 195.265 Thread 0x00000160464ec800 20411       3       java.util.TimSort::gallopLeft (335 bytes)
Event: 195.266 Thread 0x00000160464ec800 nmethod 20411 0x000001603352be90 code [0x000001603352c0e0, 0x000001603352cbb8]
Event: 195.295 Thread 0x00000160464ec800 20418       3       com.android.tools.r8.internal.XT::g (316 bytes)
Event: 195.297 Thread 0x00000160464ec800 nmethod 20418 0x000001603352cf90 code [0x000001603352d220, 0x000001603352e038]
Event: 195.323 Thread 0x000001604a070000 nmethod 20255 0x0000016038a6a990 code [0x0000016038a6afc0, 0x0000016038a70230]
Event: 195.324 Thread 0x000001604a070000 20415       4       java.util.TimSort::mergeLo (659 bytes)
Event: 195.344 Thread 0x00000160464e5800 nmethod 20366 0x0000016038a74110 code [0x0000016038a743a0, 0x0000016038a767f0]
Event: 195.345 Thread 0x00000160464e5800 20414       4       java.util.TimSort::mergeHi (732 bytes)
Event: 195.377 Thread 0x000001604a070000 nmethod 20415 0x0000016038a77590 code [0x0000016038a777c0, 0x0000016038a79518]
Event: 195.377 Thread 0x000001604a070000 20417       4       com.android.tools.r8.graph.C::equals (55 bytes)
Event: 195.379 Thread 0x000001604a070000 nmethod 20417 0x0000016038a7a190 code [0x0000016038a7a340, 0x0000016038a7a598]
Event: 195.379 Thread 0x000001604a070000 20420 %     4       com.android.tools.r8.internal.XT::g @ 113 (316 bytes)

GC Heap History (20 events):
Event: 194.004 GC heap after
{Heap after GC invocations=59 (full 0):
 garbage-first heap   total 187392K, used 154465K [0x0000000080000000, 0x0000000100000000)
  region size 1024K, 2 young (2048K), 2 survivors (2048K)
 Metaspace       used 129672K, capacity 133968K, committed 134300K, reserved 1165312K
  class space    used 16697K, capacity 18285K, committed 18432K, reserved 1048576K
}
Event: 194.032 GC heap before
{Heap before GC invocations=59 (full 0):
 garbage-first heap   total 187392K, used 161633K [0x0000000080000000, 0x0000000100000000)
  region size 1024K, 10 young (10240K), 2 survivors (2048K)
 Metaspace       used 129687K, capacity 133969K, committed 134300K, reserved 1165312K
  class space    used 16697K, capacity 18285K, committed 18432K, reserved 1048576K
}
Event: 194.036 GC heap after
{Heap after GC invocations=60 (full 0):
 garbage-first heap   total 187392K, used 156164K [0x0000000080000000, 0x0000000100000000)
  region size 1024K, 2 young (2048K), 2 survivors (2048K)
 Metaspace       used 129687K, capacity 133969K, committed 134300K, reserved 1165312K
  class space    used 16697K, capacity 18285K, committed 18432K, reserved 1048576K
}
Event: 194.068 GC heap before
{Heap before GC invocations=60 (full 0):
 garbage-first heap   total 187392K, used 163332K [0x0000000080000000, 0x0000000100000000)
  region size 1024K, 9 young (9216K), 2 survivors (2048K)
 Metaspace       used 129704K, capacity 133971K, committed 134300K, reserved 1165312K
  class space    used 16697K, capacity 18285K, committed 18432K, reserved 1048576K
}
Event: 194.074 GC heap after
{Heap after GC invocations=61 (full 0):
 garbage-first heap   total 187392K, used 159481K [0x0000000080000000, 0x0000000100000000)
  region size 1024K, 2 young (2048K), 2 survivors (2048K)
 Metaspace       used 129704K, capacity 133971K, committed 134300K, reserved 1165312K
  class space    used 16697K, capacity 18285K, committed 18432K, reserved 1048576K
}
Event: 194.143 GC heap before
{Heap before GC invocations=61 (full 0):
 garbage-first heap   total 187392K, used 166649K [0x0000000080000000, 0x0000000100000000)
  region size 1024K, 9 young (9216K), 2 survivors (2048K)
 Metaspace       used 129754K, capacity 134040K, committed 134300K, reserved 1165312K
  class space    used 16697K, capacity 18285K, committed 18432K, reserved 1048576K
}
Event: 194.151 GC heap after
{Heap after GC invocations=62 (full 0):
 garbage-first heap   total 187392K, used 161496K [0x0000000080000000, 0x0000000100000000)
  region size 1024K, 2 young (2048K), 2 survivors (2048K)
 Metaspace       used 129754K, capacity 134040K, committed 134300K, reserved 1165312K
  class space    used 16697K, capacity 18285K, committed 18432K, reserved 1048576K
}
Event: 194.279 GC heap before
{Heap before GC invocations=62 (full 0):
 garbage-first heap   total 187392K, used 168664K [0x0000000080000000, 0x0000000100000000)
  region size 1024K, 9 young (9216K), 2 survivors (2048K)
 Metaspace       used 129809K, capacity 134112K, committed 134300K, reserved 1165312K
  class space    used 16697K, capacity 18285K, committed 18432K, reserved 1048576K
}
Event: 194.283 GC heap after
{Heap after GC invocations=63 (full 0):
 garbage-first heap   total 187392K, used 162181K [0x0000000080000000, 0x0000000100000000)
  region size 1024K, 1 young (1024K), 1 survivors (1024K)
 Metaspace       used 129809K, capacity 134112K, committed 134300K, reserved 1165312K
  class space    used 16697K, capacity 18285K, committed 18432K, reserved 1048576K
}
Event: 194.562 GC heap before
{Heap before GC invocations=64 (full 0):
 garbage-first heap   total 187392K, used 169349K [0x0000000080000000, 0x0000000100000000)
  region size 1024K, 9 young (9216K), 1 survivors (1024K)
 Metaspace       used 129912K, capacity 134075K, committed 134556K, reserved 1165312K
  class space    used 16649K, capacity 18202K, committed 18432K, reserved 1048576K
}
Event: 194.564 GC heap after
{Heap after GC invocations=65 (full 0):
 garbage-first heap   total 187392K, used 160545K [0x0000000080000000, 0x0000000100000000)
  region size 1024K, 1 young (1024K), 1 survivors (1024K)
 Metaspace       used 129912K, capacity 134075K, committed 134556K, reserved 1165312K
  class space    used 16649K, capacity 18202K, committed 18432K, reserved 1048576K
}
Event: 194.631 GC heap before
{Heap before GC invocations=65 (full 0):
 garbage-first heap   total 187392K, used 168737K [0x0000000080000000, 0x0000000100000000)
  region size 1024K, 9 young (9216K), 1 survivors (1024K)
 Metaspace       used 129915K, capacity 134075K, committed 134556K, reserved 1165312K
  class space    used 16649K, capacity 18202K, committed 18432K, reserved 1048576K
}
Event: 194.639 GC heap after
{Heap after GC invocations=66 (full 0):
 garbage-first heap   total 187392K, used 142234K [0x0000000080000000, 0x0000000100000000)
  region size 1024K, 2 young (2048K), 2 survivors (2048K)
 Metaspace       used 129915K, capacity 134075K, committed 134556K, reserved 1165312K
  class space    used 16649K, capacity 18202K, committed 18432K, reserved 1048576K
}
Event: 194.708 GC heap before
{Heap before GC invocations=66 (full 0):
 garbage-first heap   total 187392K, used 148378K [0x0000000080000000, 0x0000000100000000)
  region size 1024K, 9 young (9216K), 2 survivors (2048K)
 Metaspace       used 129992K, capacity 134150K, committed 134556K, reserved 1165312K
  class space    used 16649K, capacity 18202K, committed 18432K, reserved 1048576K
}
Event: 194.730 GC heap after
{Heap after GC invocations=67 (full 0):
 garbage-first heap   total 187392K, used 130745K [0x0000000080000000, 0x0000000100000000)
  region size 1024K, 1 young (1024K), 1 survivors (1024K)
 Metaspace       used 129992K, capacity 134150K, committed 134556K, reserved 1165312K
  class space    used 16649K, capacity 18202K, committed 18432K, reserved 1048576K
}
Event: 194.984 GC heap before
{Heap before GC invocations=67 (full 0):
 garbage-first heap   total 187392K, used 138937K [0x0000000080000000, 0x0000000100000000)
  region size 1024K, 9 young (9216K), 1 survivors (1024K)
 Metaspace       used 130045K, capacity 134223K, committed 134812K, reserved 1165312K
  class space    used 16649K, capacity 18202K, committed 18432K, reserved 1048576K
}
Event: 195.006 GC heap after
{Heap after GC invocations=68 (full 0):
 garbage-first heap   total 187392K, used 127730K [0x0000000080000000, 0x0000000100000000)
  region size 1024K, 1 young (1024K), 1 survivors (1024K)
 Metaspace       used 130045K, capacity 134223K, committed 134812K, reserved 1165312K
  class space    used 16649K, capacity 18202K, committed 18432K, reserved 1048576K
}
Event: 195.363 GC heap before
{Heap before GC invocations=68 (full 0):
 garbage-first heap   total 187392K, used 145138K [0x0000000080000000, 0x0000000100000000)
  region size 1024K, 19 young (19456K), 1 survivors (1024K)
 Metaspace       used 130144K, capacity 134296K, committed 134812K, reserved 1165312K
  class space    used 16649K, capacity 18202K, committed 18432K, reserved 1048576K
}
Event: 195.375 GC heap after
{Heap after GC invocations=69 (full 0):
 garbage-first heap   total 187392K, used 134720K [0x0000000080000000, 0x0000000100000000)
  region size 1024K, 3 young (3072K), 3 survivors (3072K)
 Metaspace       used 130144K, capacity 134296K, committed 134812K, reserved 1165312K
  class space    used 16649K, capacity 18202K, committed 18432K, reserved 1048576K
}
Event: 195.385 GC heap before
{Heap before GC invocations=69 (full 0):
 garbage-first heap   total 187392K, used 135744K [0x0000000080000000, 0x0000000100000000)
  region size 1024K, 5 young (5120K), 3 survivors (3072K)
 Metaspace       used 130144K, capacity 134296K, committed 134812K, reserved 1165312K
  class space    used 16649K, capacity 18202K, committed 18432K, reserved 1048576K
}

Deoptimization events (20 events):
Event: 195.230 Thread 0x000001604dd50800 Uncommon trap: trap_request=0xffffffe4 fr.pc=0x00000160388701f4 relative=0x00000000000002b4
Event: 195.230 Thread 0x000001604dd50800 Uncommon trap: reason=range_check action=make_not_entrant pc=0x00000160388701f4 method=com.android.tools.r8.graph.e1.a(Lcom/android/tools/r8/graph/e1;)I @ 9 c2
Event: 195.230 Thread 0x000001604dd50800 DEOPT PACKING pc=0x00000160388701f4 sp=0x0000004d941fc9d0
Event: 195.230 Thread 0x000001604dd50800 DEOPT UNPACKING pc=0x000001603041a1af sp=0x0000004d941fc958 mode 2
Event: 195.269 Thread 0x000001604dd4f000 Uncommon trap: trap_request=0xffffffd6 fr.pc=0x0000016038a65f54 relative=0x0000000000001514
Event: 195.269 Thread 0x000001604dd4f000 Uncommon trap: reason=array_check action=maybe_recompile pc=0x0000016038a65f54 method=java.util.TimSort.mergeLo(IIII)V @ 212 c2
Event: 195.269 Thread 0x000001604dd4f000 DEOPT PACKING pc=0x0000016038a65f54 sp=0x0000004d8f0fca30
Event: 195.269 Thread 0x000001604dd4f000 DEOPT UNPACKING pc=0x000001603041a1af sp=0x0000004d8f0fc9f0 mode 2
Event: 195.269 Thread 0x000001604dd4f000 Uncommon trap: trap_request=0xffffffd6 fr.pc=0x0000016038a65f54 relative=0x0000000000001514
Event: 195.269 Thread 0x000001604dd4f000 Uncommon trap: reason=array_check action=maybe_recompile pc=0x0000016038a65f54 method=java.util.TimSort.mergeLo(IIII)V @ 212 c2
Event: 195.269 Thread 0x000001604dd4f000 DEOPT PACKING pc=0x0000016038a65f54 sp=0x0000004d8f0fca30
Event: 195.269 Thread 0x000001604dd4f000 DEOPT UNPACKING pc=0x000001603041a1af sp=0x0000004d8f0fc9f0 mode 2
Event: 195.270 Thread 0x000001604dd4f000 Uncommon trap: trap_request=0xffffffd6 fr.pc=0x0000016038a40e74 relative=0x00000000000014d4
Event: 195.270 Thread 0x000001604dd4f000 Uncommon trap: reason=array_check action=maybe_recompile pc=0x0000016038a40e74 method=java.util.TimSort.mergeHi(IIII)V @ 250 c2
Event: 195.270 Thread 0x000001604dd4f000 DEOPT PACKING pc=0x0000016038a40e74 sp=0x0000004d8f0fca20
Event: 195.270 Thread 0x000001604dd4f000 DEOPT UNPACKING pc=0x000001603041a1af sp=0x0000004d8f0fc9e8 mode 2
Event: 195.270 Thread 0x000001604dd4f000 Uncommon trap: trap_request=0xffffffd6 fr.pc=0x0000016038a40e74 relative=0x00000000000014d4
Event: 195.270 Thread 0x000001604dd4f000 Uncommon trap: reason=array_check action=maybe_recompile pc=0x0000016038a40e74 method=java.util.TimSort.mergeHi(IIII)V @ 250 c2
Event: 195.270 Thread 0x000001604dd4f000 DEOPT PACKING pc=0x0000016038a40e74 sp=0x0000004d8f0fca20
Event: 195.270 Thread 0x000001604dd4f000 DEOPT UNPACKING pc=0x000001603041a1af sp=0x0000004d8f0fc9e8 mode 2

Classes redefined (0 events):
No events

Internal exceptions (20 events):
Event: 193.804 Thread 0x0000016049dec000 Exception <a 'sun/nio/fs/WindowsException'{0x000000008b640e60}> (0x000000008b640e60) thrown at [./src/hotspot/share/prims/jni.cpp, line 617]
Event: 193.804 Thread 0x0000016049dec000 Exception <a 'sun/nio/fs/WindowsException'{0x000000008b644370}> (0x000000008b644370) thrown at [./src/hotspot/share/prims/jni.cpp, line 617]
Event: 193.804 Thread 0x0000016049dec000 Exception <a 'sun/nio/fs/WindowsException'{0x000000008b644748}> (0x000000008b644748) thrown at [./src/hotspot/share/prims/jni.cpp, line 617]
Event: 193.808 Thread 0x0000016049dec000 Exception <a 'sun/nio/fs/WindowsException'{0x000000008b697858}> (0x000000008b697858) thrown at [./src/hotspot/share/prims/jni.cpp, line 617]
Event: 193.808 Thread 0x0000016049dec000 Exception <a 'sun/nio/fs/WindowsException'{0x000000008b697be8}> (0x000000008b697be8) thrown at [./src/hotspot/share/prims/jni.cpp, line 617]
Event: 193.808 Thread 0x0000016049dec000 Exception <a 'sun/nio/fs/WindowsException'{0x000000008b69aba8}> (0x000000008b69aba8) thrown at [./src/hotspot/share/prims/jni.cpp, line 617]
Event: 193.808 Thread 0x0000016049dec000 Exception <a 'sun/nio/fs/WindowsException'{0x000000008b69af78}> (0x000000008b69af78) thrown at [./src/hotspot/share/prims/jni.cpp, line 617]
Event: 193.809 Thread 0x0000016049dec000 Implicit null exception at 0x00000160386d76ee to 0x00000160386db514
Event: 193.816 Thread 0x0000016049dec000 Exception <a 'sun/nio/fs/WindowsException'{0x000000008b6d89a0}> (0x000000008b6d89a0) thrown at [./src/hotspot/share/prims/jni.cpp, line 617]
Event: 193.816 Thread 0x0000016049dec000 Exception <a 'sun/nio/fs/WindowsException'{0x000000008b6d9ec0}> (0x000000008b6d9ec0) thrown at [./src/hotspot/share/prims/jni.cpp, line 617]
Event: 193.853 Thread 0x0000016049dec000 Exception <a 'sun/nio/fs/WindowsException'{0x000000008b57e458}> (0x000000008b57e458) thrown at [./src/hotspot/share/prims/jni.cpp, line 617]
Event: 193.950 Thread 0x0000016049dec000 Exception <a 'sun/nio/fs/WindowsException'{0x000000008b1355c8}> (0x000000008b1355c8) thrown at [./src/hotspot/share/prims/jni.cpp, line 617]
Event: 193.965 Thread 0x000001604dd4f000 Exception <a 'sun/nio/fs/WindowsException'{0x000000008b181840}> (0x000000008b181840) thrown at [./src/hotspot/share/prims/jni.cpp, line 617]
Event: 194.118 Thread 0x000001604dd4f000 Exception <a 'sun/nio/fs/WindowsException'{0x000000008b154820}> (0x000000008b154820) thrown at [./src/hotspot/share/prims/jni.cpp, line 617]
Event: 194.327 Thread 0x000001604dd4f000 Exception <a 'sun/nio/fs/WindowsException'{0x000000008b505a08}> (0x000000008b505a08) thrown at [./src/hotspot/share/prims/jni.cpp, line 617]
Event: 195.010 Thread 0x000001604dd4f000 Exception <a 'sun/nio/fs/WindowsException'{0x000000008b665d10}> (0x000000008b665d10) thrown at [./src/hotspot/share/prims/jni.cpp, line 617]
Event: 195.108 Thread 0x000001604dd51800 Exception <a 'sun/nio/fs/WindowsException'{0x000000008b0549a0}> (0x000000008b0549a0) thrown at [./src/hotspot/share/prims/jni.cpp, line 617]
Event: 195.110 Thread 0x000001604dd50800 Exception <a 'sun/nio/fs/WindowsException'{0x000000008b5c0a20}> (0x000000008b5c0a20) thrown at [./src/hotspot/share/prims/jni.cpp, line 617]
Event: 195.237 Thread 0x000001604dd50800 Exception <a 'sun/nio/fs/WindowsException'{0x000000008a696390}> (0x000000008a696390) thrown at [./src/hotspot/share/prims/jni.cpp, line 617]
Event: 195.256 Thread 0x000001604dd51800 Exception <a 'sun/nio/fs/WindowsException'{0x000000008a6dc378}> (0x000000008a6dc378) thrown at [./src/hotspot/share/prims/jni.cpp, line 617]

Events (20 events):
Event: 194.418 Executing VM operation: CGC_Operation done
Event: 194.508 Executing VM operation: ICBufferFull
Event: 194.513 Executing VM operation: ICBufferFull done
Event: 194.554 Executing VM operation: CGC_Operation
Event: 194.556 Executing VM operation: CGC_Operation done
Event: 194.562 Executing VM operation: G1CollectForAllocation
Event: 194.564 Executing VM operation: G1CollectForAllocation done
Event: 194.631 Executing VM operation: G1CollectForAllocation
Event: 194.639 Executing VM operation: G1CollectForAllocation done
Event: 194.708 Executing VM operation: G1CollectForAllocation
Event: 194.731 Executing VM operation: G1CollectForAllocation done
Event: 194.877 Executing VM operation: RevokeBias
Event: 194.877 Executing VM operation: RevokeBias done
Event: 194.984 Executing VM operation: G1CollectForAllocation
Event: 195.006 Executing VM operation: G1CollectForAllocation done
Event: 195.269 Executing VM operation: ICBufferFull
Event: 195.270 Executing VM operation: ICBufferFull done
Event: 195.363 Executing VM operation: G1CollectForAllocation
Event: 195.375 Executing VM operation: G1CollectForAllocation done
Event: 195.385 Executing VM operation: G1CollectForAllocation


Dynamic libraries:
0x00007ff736750000 - 0x00007ff73675d000 	C:\Users\ad\.jdks\corretto-11.0.18\bin\java.exe
0x00007ff96fdc0000 - 0x00007ff96ffb0000 	C:\Windows\SYSTEM32\ntdll.dll
0x00007ff96fcc0000 - 0x00007ff96fd72000 	C:\Windows\System32\KERNEL32.DLL
0x00007ff96da70000 - 0x00007ff96dd13000 	C:\Windows\System32\KERNELBASE.dll
0x00007ff96cfc0000 - 0x00007ff96d0ba000 	C:\Windows\System32\ucrtbase.dll
0x00007ff95ea20000 - 0x00007ff95ea39000 	C:\Users\ad\.jdks\corretto-11.0.18\bin\VCRUNTIME140.dll
0x00007ff960100000 - 0x00007ff960117000 	C:\Users\ad\.jdks\corretto-11.0.18\bin\jli.dll
0x00007ff96e470000 - 0x00007ff96e604000 	C:\Windows\System32\USER32.dll
0x00007ff95c400000 - 0x00007ff95c685000 	C:\Windows\WinSxS\amd64_microsoft.windows.common-controls_6595b64144ccf1df_6.0.18362.535_none_e6c3b34713100821\COMCTL32.dll
0x00007ff96da40000 - 0x00007ff96da61000 	C:\Windows\System32\win32u.dll
0x00007ff96fc90000 - 0x00007ff96fcb6000 	C:\Windows\System32\GDI32.dll
0x00007ff96ce20000 - 0x00007ff96cfb4000 	C:\Windows\System32\gdi32full.dll
0x00007ff96e090000 - 0x00007ff96e12e000 	C:\Windows\System32\msvcrt.dll
0x00007ff96d970000 - 0x00007ff96da0e000 	C:\Windows\System32\msvcp_win.dll
0x00007ff96edd0000 - 0x00007ff96f106000 	C:\Windows\System32\combase.dll
0x00007ff96f1c0000 - 0x00007ff96f2e0000 	C:\Windows\System32\RPCRT4.dll
0x00007ff96d0c0000 - 0x00007ff96d140000 	C:\Windows\System32\bcryptPrimitives.dll
0x00007ff96f9b0000 - 0x00007ff96f9de000 	C:\Windows\System32\IMM32.DLL
0x00007ff9432f0000 - 0x00007ff94338b000 	C:\Users\ad\.jdks\corretto-11.0.18\bin\msvcp140.dll
0x00007ff933d10000 - 0x00007ff93489a000 	C:\Users\ad\.jdks\corretto-11.0.18\bin\server\jvm.dll
0x00007ff96f900000 - 0x00007ff96f9a3000 	C:\Windows\System32\ADVAPI32.dll
0x00007ff96dff0000 - 0x00007ff96e087000 	C:\Windows\System32\sechost.dll
0x00007ff96de90000 - 0x00007ff96de98000 	C:\Windows\System32\PSAPI.DLL
0x00007ff9554f0000 - 0x00007ff9554f9000 	C:\Windows\SYSTEM32\WSOCK32.dll
0x00007ff96df80000 - 0x00007ff96dfef000 	C:\Windows\System32\WS2_32.dll
0x00007ff968c90000 - 0x00007ff968cb4000 	C:\Windows\SYSTEM32\WINMM.dll
0x00007ff963440000 - 0x00007ff96344a000 	C:\Windows\SYSTEM32\VERSION.dll
0x00007ff968c60000 - 0x00007ff968c8d000 	C:\Windows\SYSTEM32\winmmbase.dll
0x00007ff96d1a0000 - 0x00007ff96d1ea000 	C:\Windows\System32\cfgmgr32.dll
0x00007ff96cca0000 - 0x00007ff96ccb1000 	C:\Windows\System32\kernel.appcore.dll
0x00007ff968cc0000 - 0x00007ff968cd0000 	C:\Users\ad\.jdks\corretto-11.0.18\bin\verify.dll
0x00007ff96b5a0000 - 0x00007ff96b794000 	C:\Windows\SYSTEM32\DBGHELP.DLL
0x00007ff952820000 - 0x00007ff95284a000 	C:\Windows\SYSTEM32\dbgcore.DLL
0x00007ff95e980000 - 0x00007ff95e9a8000 	C:\Users\ad\.jdks\corretto-11.0.18\bin\java.dll
0x00007ff968250000 - 0x00007ff96825a000 	C:\Users\ad\.jdks\corretto-11.0.18\bin\jimage.dll
0x00007ff95e960000 - 0x00007ff95e978000 	C:\Users\ad\.jdks\corretto-11.0.18\bin\zip.dll
0x00007ff96e6e0000 - 0x00007ff96edc5000 	C:\Windows\System32\SHELL32.dll
0x00007ff96e3b0000 - 0x00007ff96e459000 	C:\Windows\System32\shcore.dll
0x00007ff96d1f0000 - 0x00007ff96d96f000 	C:\Windows\System32\windows.storage.dll
0x00007ff96ccc0000 - 0x00007ff96ccdf000 	C:\Windows\System32\profapi.dll
0x00007ff96cd00000 - 0x00007ff96cd4a000 	C:\Windows\System32\powrprof.dll
0x00007ff96cc90000 - 0x00007ff96cca0000 	C:\Windows\System32\UMPDC.dll
0x00007ff96df20000 - 0x00007ff96df72000 	C:\Windows\System32\shlwapi.dll
0x00007ff96cd50000 - 0x00007ff96cd67000 	C:\Windows\System32\cryptsp.dll
0x00007ff95db60000 - 0x00007ff95db79000 	C:\Users\ad\.jdks\corretto-11.0.18\bin\net.dll
0x00007ff95ecc0000 - 0x00007ff95edb0000 	C:\Windows\SYSTEM32\WINHTTP.dll
0x00007ff96c500000 - 0x00007ff96c567000 	C:\Windows\system32\mswsock.dll
0x00007ff95c340000 - 0x00007ff95c353000 	C:\Users\ad\.jdks\corretto-11.0.18\bin\nio.dll
0x00007ff95ef50000 - 0x00007ff95ef77000 	C:\Users\ad\.gradle\native\e1d6ef7f7dcc3fd88c89a11ec53ec762bb8ba0a96d01ffa2cd45eb1d1d8dd5c5\windows-amd64\native-platform.dll
0x00007ff942400000 - 0x00007ff942544000 	C:\Users\ad\.gradle\native\0d407fdbe67a94daf76414ababcb853783967236a71b16ec16e742cd7a986fd3\windows-amd64\native-platform-file-events.dll
0x00007ff965140000 - 0x00007ff965149000 	C:\Users\ad\.jdks\corretto-11.0.18\bin\management.dll
0x00007ff964fc0000 - 0x00007ff964fcb000 	C:\Users\ad\.jdks\corretto-11.0.18\bin\management_ext.dll
0x00007ff96c070000 - 0x00007ff96c0a3000 	C:\Windows\system32\rsaenh.dll
0x00007ff96da10000 - 0x00007ff96da36000 	C:\Windows\System32\bcrypt.dll
0x00007ff96cb80000 - 0x00007ff96cba5000 	C:\Windows\SYSTEM32\USERENV.dll
0x00007ff96c6d0000 - 0x00007ff96c6dc000 	C:\Windows\SYSTEM32\CRYPTBASE.dll
0x00007ff96c210000 - 0x00007ff96c24a000 	C:\Windows\SYSTEM32\IPHLPAPI.DLL
0x00007ff96fb40000 - 0x00007ff96fb48000 	C:\Windows\System32\NSI.dll
0x00007ff962f70000 - 0x00007ff962f86000 	C:\Windows\SYSTEM32\dhcpcsvc6.DLL
0x00007ff964580000 - 0x00007ff96459c000 	C:\Windows\SYSTEM32\dhcpcsvc.DLL
0x00007ff96c250000 - 0x00007ff96c31a000 	C:\Windows\SYSTEM32\DNSAPI.dll
0x00007ff9543d0000 - 0x00007ff9543e6000 	C:\Windows\system32\napinsp.dll
0x00007ff9552e0000 - 0x00007ff9552fa000 	C:\Windows\system32\pnrpnsp.dll
0x00007ff95eaf0000 - 0x00007ff95eafe000 	C:\Windows\System32\winrnr.dll
0x00007ff968d90000 - 0x00007ff968dac000 	C:\Windows\system32\NLAapi.dll
0x00007ff94b340000 - 0x00007ff94b355000 	C:\Windows\system32\wshbth.dll
0x00007ff95eeb0000 - 0x00007ff95eeba000 	C:\Windows\System32\rasadhlp.dll
0x00007ff960570000 - 0x00007ff9605e7000 	C:\Windows\System32\fwpuclnt.dll
0x00007ff95bdd0000 - 0x00007ff95bdee000 	C:\Users\ad\AppData\Local\Temp\native-platform13486083334485644092dir\native-platform.dll
0x00007ff960ac0000 - 0x00007ff960ac7000 	C:\Users\ad\.jdks\corretto-11.0.18\bin\rmi.dll
0x00007ff9555d0000 - 0x00007ff9555f5000 	C:\Users\ad\.jdks\corretto-11.0.18\bin\sunec.dll

dbghelp: loaded successfully - version: 4.0.5 - missing functions: none
symbol engine: initialized successfully - sym options: 0x614 - pdb path: .;C:\Users\ad\.jdks\corretto-11.0.18\bin;C:\Windows\SYSTEM32;C:\Windows\WinSxS\amd64_microsoft.windows.common-controls_6595b64144ccf1df_6.0.18362.535_none_e6c3b34713100821;C:\Users\ad\.jdks\corretto-11.0.18\bin\server;C:\Users\ad\.gradle\native\e1d6ef7f7dcc3fd88c89a11ec53ec762bb8ba0a96d01ffa2cd45eb1d1d8dd5c5\windows-amd64;C:\Users\ad\.gradle\native\0d407fdbe67a94daf76414ababcb853783967236a71b16ec16e742cd7a986fd3\windows-amd64;C:\Users\ad\AppData\Local\Temp\native-platform13486083334485644092dir

VM Arguments:
jvm_args: --add-opens=java.base/java.util=ALL-UNNAMED --add-opens=java.base/java.lang=ALL-UNNAMED --add-opens=java.base/java.lang.invoke=ALL-UNNAMED --add-opens=java.base/java.util=ALL-UNNAMED --add-opens=java.prefs/java.util.prefs=ALL-UNNAMED --add-opens=java.prefs/java.util.prefs=ALL-UNNAMED --add-opens=java.base/java.nio.charset=ALL-UNNAMED --add-opens=java.base/java.net=ALL-UNNAMED --add-opens=java.base/java.util.concurrent.atomic=ALL-UNNAMED -Xmx2048m -Dfile.encoding=UTF-8 -Duser.country=US -Duser.language=en -Duser.variant 
java_command: org.gradle.launcher.daemon.bootstrap.GradleDaemon 7.5
java_class_path (initial): C:\Users\ad\.gradle\wrapper\dists\gradle-7.5-bin\f1w0cc9nuo0eivz97x2xlu9sv\gradle-7.5\lib\gradle-launcher-7.5.jar
Launcher Type: SUN_STANDARD

[Global flags]
     intx CICompilerCount                          = 3                                         {product} {ergonomic}
     uint ConcGCThreads                            = 1                                         {product} {ergonomic}
     uint G1ConcRefinementThreads                  = 4                                         {product} {ergonomic}
   size_t G1HeapRegionSize                         = 1048576                                   {product} {ergonomic}
    uintx GCDrainStackTargetSize                   = 64                                        {product} {ergonomic}
   size_t InitialHeapSize                          = 132120576                                 {product} {ergonomic}
   size_t MarkStackSize                            = 4194304                                   {product} {ergonomic}
   size_t MaxHeapSize                              = 2147483648                                {product} {command line}
   size_t MaxNewSize                               = 1287651328                                {product} {ergonomic}
   size_t MinHeapDeltaBytes                        = 1048576                                   {product} {ergonomic}
    uintx NonNMethodCodeHeapSize                   = 5830732                                {pd product} {ergonomic}
    uintx NonProfiledCodeHeapSize                  = 122913754                              {pd product} {ergonomic}
    uintx ProfiledCodeHeapSize                     = 122913754                              {pd product} {ergonomic}
    uintx ReservedCodeCacheSize                    = 251658240                              {pd product} {ergonomic}
     bool SegmentedCodeCache                       = true                                      {product} {ergonomic}
     bool UseCompressedClassPointers               = true                                 {lp64_product} {ergonomic}
     bool UseCompressedOops                        = true                                 {lp64_product} {ergonomic}
     bool UseG1GC                                  = true                                      {product} {ergonomic}
     bool UseLargePagesIndividualAllocation        = false                                  {pd product} {ergonomic}

Logging:
Log output configuration:
 #0: stdout all=warning uptime,level,tags
 #1: stderr all=off uptime,level,tags

Environment Variables:
PATH=C:\Program Files\Common Files\Oracle\Java\javapath;C:\Windows\system32;C:\Windows;C:\Windows\System32\Wbem;C:\Windows\System32\WindowsPowerShell\v1.0\;C:\Windows\System32\OpenSSH\;C:\Program Files (x86)\NVIDIA Corporation\PhysX\Common;C:\FPC\3.2.2\bin\i386-Win32;C:\Program Files\Azure Data Studio\bin;D:\SAVE DATA\XAMPP\DATA\php;D:\SAVE DATA\XAMPP\Composer;C:\Program Files\Cloudflare\Cloudflare WARP\;D:\VDK\XC8\bin;C:\Program Files\Git\cmd;C:\Users\ad\AppData\Local\Microsoft\WindowsApps;C:\Users\ad\AppData\Local\Programs\Microsoft VS Code\bin;C:\Program Files\Azure Data Studio\bin;C:\Users\ad\AppData\Local\GitHubDesktop\bin;C:\Users\ad\AppData\Roaming\Composer\vendor\bin
USERNAME=ad
OS=Windows_NT
PROCESSOR_IDENTIFIER=Intel64 Family 6 Model 94 Stepping 3, GenuineIntel
TMP=C:\Users\ad\AppData\Local\Temp
TEMP=C:\Users\ad\AppData\Local\Temp



---------------  S Y S T E M  ---------------

OS: Windows 10 , 64 bit Build 18362 (10.0.18362.329)
OS uptime: 1 days 0:24 hours

CPU:total 4 (initial active 4) (4 cores per cpu, 1 threads per core) family 6 model 94 stepping 3 microcode 0xcc, cmov, cx8, fxsr, mmx, sse, sse2, sse3, ssse3, sse4.1, sse4.2, popcnt, avx, avx2, aes, clmul, erms, rtm, 3dnowpref, lzcnt, tsc, tscinvbit, bmi1, bmi2, adx, fma

Memory: 4k page, system-wide physical 8058M (522M free)
TotalPageFile size 8058M (AvailPageFile size 179M)
current process WorkingSet (physical memory assigned to process): 547M, peak: 554M
current process commit charge ("private bytes"): 579M, peak: 762M

vm_info: OpenJDK 64-Bit Server VM (11.0.18+10-LTS) for windows-amd64 JRE (11.0.18+10-LTS), built on Jan 10 2023 20:17:52 by "Administrator" with MS VC++ 15.9 (VS2017)

END.
