#
# There is insufficient memory for the Java Runtime Environment to continue.
# Native memory allocation (malloc) failed to allocate 169296 bytes for Chunk::new
# Possible reasons:
#   The system is out of physical RAM or swap space
#   The process is running with CompressedOops enabled, and the Java Heap may be blocking the growth of the native heap
# Possible solutions:
#   Reduce memory load on the system
#   Increase physical memory or swap space
#   Check if swap backing store is full
#   Decrease Java heap size (-Xmx/-Xms)
#   Decrease number of Java threads
#   Decrease Java thread stack sizes (-Xss)
#   Set larger code cache with -XX:ReservedCodeCacheSize=
#   JVM is running with Unscaled Compressed Oops mode in which the Java heap is
#     placed in the first 4GB address space. The Java Heap base address is the
#     maximum limit for the native heap growth. Please use -XX:HeapBaseMinAddress
#     to set the Java Heap base and to place the Java Heap above 4GB virtual address.
# This output file may be truncated or incomplete.
#
#  Out of Memory Error (./src/hotspot/share/memory/arena.cpp:197), pid=2884, tid=1968
#
# JRE version: OpenJDK Runtime Environment Corretto-11.0.18.10.1 (11.0.18+10) (build 11.0.18+10-LTS)
# Java VM: OpenJDK 64-Bit Server VM Corretto-11.0.18.10.1 (11.0.18+10-LTS, mixed mode, tiered, compressed oops, g1 gc, windows-amd64)
# No core dump will be written. Minidumps are not enabled by default on client versions of Windows
#

---------------  S U M M A R Y ------------

Command Line: --add-opens=java.base/java.util=ALL-UNNAMED --add-opens=java.base/java.lang=ALL-UNNAMED --add-opens=java.base/java.lang.invoke=ALL-UNNAMED --add-opens=java.base/java.util=ALL-UNNAMED --add-opens=java.prefs/java.util.prefs=ALL-UNNAMED --add-opens=java.prefs/java.util.prefs=ALL-UNNAMED --add-opens=java.base/java.nio.charset=ALL-UNNAMED --add-opens=java.base/java.net=ALL-UNNAMED --add-opens=java.base/java.util.concurrent.atomic=ALL-UNNAMED -Xmx2048m -Dfile.encoding=UTF-8 -Duser.country=US -Duser.language=en -Duser.variant org.gradle.launcher.daemon.bootstrap.GradleDaemon 7.5

Host: Intel(R) Core(TM) i5-6300HQ CPU @ 2.30GHz, 4 cores, 7G,  Windows 10 , 64 bit Build 18362 (10.0.18362.329)
Time: Thu Mar 16 21:49:55 2023 SE Asia Standard Time elapsed time: 49.641912 seconds (0d 0h 0m 49s)

---------------  T H R E A D  ---------------

Current thread (0x000002d2d9e74800):  JavaThread "C2 CompilerThread0" daemon [_thread_in_native, id=1968, stack(0x000000dd8d500000,0x000000dd8d600000)]


Current CompileTask:
C2:  49641 16310       4       java.util.Properties::getProperty (50 bytes)

Stack: [0x000000dd8d500000,0x000000dd8d600000]
Native frames: (J=compiled Java code, j=interpreted, Vv=VM code, C=native code)
V  [jvm.dll+0x622d9a]
V  [jvm.dll+0x7b0289]
V  [jvm.dll+0x7b1978]
V  [jvm.dll+0x7b2053]
V  [jvm.dll+0x24fe08]
V  [jvm.dll+0xc264c]
V  [jvm.dll+0xc2c0c]
V  [jvm.dll+0x2c3d84]
V  [jvm.dll+0x53197c]
V  [jvm.dll+0x21137b]
V  [jvm.dll+0x20b0e4]
V  [jvm.dll+0x2082fb]
V  [jvm.dll+0x18a3c1]
V  [jvm.dll+0x217ac4]
V  [jvm.dll+0x215d0b]
V  [jvm.dll+0x772d90]
V  [jvm.dll+0x76bcc4]
V  [jvm.dll+0x621c05]
C  [ucrtbase.dll+0x20e72]
C  [KERNEL32.DLL+0x17bd4]
C  [ntdll.dll+0x6ced1]


---------------  P R O C E S S  ---------------

Threads class SMR info:
_java_thread_list=0x000002d2e2c216b0, length=98, elements={
0x000002d2bb6ed000, 0x000002d2d9e62800, 0x000002d2d9e6d000, 0x000002d2da7d2800,
0x000002d2d9e5f800, 0x000002d2d9e71000, 0x000002d2d9e74800, 0x000002d2d9e7b000,
0x000002d2d9e7c800, 0x000002d2da921800, 0x000002d2dc186000, 0x000002d2dab41800,
0x000002d2db348000, 0x000002d2dc09f800, 0x000002d2dc64a800, 0x000002d2dd740800,
0x000002d2dc83a800, 0x000002d2dc920000, 0x000002d2dd01d800, 0x000002d2dcc85800,
0x000002d2dc695800, 0x000002d2dc691000, 0x000002d2dc693800, 0x000002d2dc68f800,
0x000002d2dc693000, 0x000002d2dc692000, 0x000002d2dc694800, 0x000002d2dc696000,
0x000002d2dc690800, 0x000002d2dfab5800, 0x000002d2dfabc000, 0x000002d2dfab9800,
0x000002d2dfab8800, 0x000002d2dfab6000, 0x000002d2dfabc800, 0x000002d2dfaba000,
0x000002d2dfabd800, 0x000002d2dfab7800, 0x000002d2dfabe800, 0x000002d2dfac0000,
0x000002d2dfabf000, 0x000002d2dfac0800, 0x000002d2dfabb000, 0x000002d2dfac1800,
0x000002d2dfac2800, 0x000002d2dfac3000, 0x000002d2dfac4000, 0x000002d2dc238800,
0x000002d2dc237800, 0x000002d2dc234800, 0x000002d2dc232800, 0x000002d2dc239000,
0x000002d2dc233800, 0x000002d2dc23a000, 0x000002d2dc23b000, 0x000002d2dc235000,
0x000002d2dc23b800, 0x000002d2dc236000, 0x000002d2dc23c800, 0x000002d2dc236800,
0x000002d2dc23d000, 0x000002d2dc241800, 0x000002d2dc23f000, 0x000002d2dc23e000,
0x000002d2dc23f800, 0x000002d2dc240800, 0x000002d2dcd35800, 0x000002d2dcd36000,
0x000002d2dcd33000, 0x000002d2dcd37000, 0x000002d2dcd33800, 0x000002d2dcd38000,
0x000002d2dcd32000, 0x000002d2dcd34800, 0x000002d2dcd38800, 0x000002d2dcd3c800,
0x000002d2dcd3d800, 0x000002d2dcd3f000, 0x000002d2dcd3b000, 0x000002d2dcd3c000,
0x000002d2dcd39800, 0x000002d2dcd3e800, 0x000002d2dcd3a800, 0x000002d2dcd40000,
0x000002d2e030a800, 0x000002d2e030b800, 0x000002d2e0309000, 0x000002d2e0308800,
0x000002d2e0313000, 0x000002d2e0310800, 0x000002d2e030d000, 0x000002d2e0311000,
0x000002d2e0312000, 0x000002d2e030f800, 0x000002d2e030f000, 0x000002d2e0317000,
0x000002d2e0316000, 0x000002d2e0313800
}

Java Threads: ( => current thread )
  0x000002d2bb6ed000 JavaThread "main" [_thread_blocked, id=10612, stack(0x000000dd8c900000,0x000000dd8ca00000)]
  0x000002d2d9e62800 JavaThread "Reference Handler" daemon [_thread_blocked, id=612, stack(0x000000dd8d000000,0x000000dd8d100000)]
  0x000002d2d9e6d000 JavaThread "Finalizer" daemon [_thread_blocked, id=1728, stack(0x000000dd8d100000,0x000000dd8d200000)]
  0x000002d2da7d2800 JavaThread "Signal Dispatcher" daemon [_thread_blocked, id=4712, stack(0x000000dd8d200000,0x000000dd8d300000)]
  0x000002d2d9e5f800 JavaThread "Attach Listener" daemon [_thread_blocked, id=5688, stack(0x000000dd8d300000,0x000000dd8d400000)]
  0x000002d2d9e71000 JavaThread "Service Thread" daemon [_thread_blocked, id=12688, stack(0x000000dd8d400000,0x000000dd8d500000)]
=>0x000002d2d9e74800 JavaThread "C2 CompilerThread0" daemon [_thread_in_native, id=1968, stack(0x000000dd8d500000,0x000000dd8d600000)]
  0x000002d2d9e7b000 JavaThread "C1 CompilerThread0" daemon [_thread_blocked, id=2276, stack(0x000000dd8d600000,0x000000dd8d700000)]
  0x000002d2d9e7c800 JavaThread "Sweeper thread" daemon [_thread_blocked, id=12596, stack(0x000000dd8d700000,0x000000dd8d800000)]
  0x000002d2da921800 JavaThread "Common-Cleaner" daemon [_thread_blocked, id=2192, stack(0x000000dd8d800000,0x000000dd8d900000)]
  0x000002d2dc186000 JavaThread "Daemon health stats" [_thread_blocked, id=2172, stack(0x000000dd8dd00000,0x000000dd8de00000)]
  0x000002d2dab41800 JavaThread "Incoming local TCP Connector on port 50074" [_thread_in_native, id=12188, stack(0x000000dd8da00000,0x000000dd8db00000)]
  0x000002d2db348000 JavaThread "Daemon periodic checks" [_thread_blocked, id=4484, stack(0x000000dd8de00000,0x000000dd8df00000)]
  0x000002d2dc09f800 JavaThread "Daemon" [_thread_blocked, id=12996, stack(0x000000dd8df00000,0x000000dd8e000000)]
  0x000002d2dc64a800 JavaThread "Handler for socket connection from /127.0.0.1:50074 to /127.0.0.1:50075" [_thread_in_native, id=2672, stack(0x000000dd8e000000,0x000000dd8e100000)]
  0x000002d2dd740800 JavaThread "Cancel handler" [_thread_blocked, id=6720, stack(0x000000dd8e100000,0x000000dd8e200000)]
  0x000002d2dc83a800 JavaThread "Daemon worker" [_thread_blocked, id=13028, stack(0x000000dd8e200000,0x000000dd8e300000)]
  0x000002d2dc920000 JavaThread "Asynchronous log dispatcher for DefaultDaemonConnection: socket connection from /127.0.0.1:50074 to /127.0.0.1:50075" [_thread_blocked, id=5968, stack(0x000000dd8e300000,0x000000dd8e400000)]
  0x000002d2dd01d800 JavaThread "Stdin handler" [_thread_blocked, id=12448, stack(0x000000dd8e400000,0x000000dd8e500000)]
  0x000002d2dcc85800 JavaThread "Daemon client event forwarder" [_thread_blocked, id=2780, stack(0x000000dd8e500000,0x000000dd8e600000)]
  0x000002d2dc695800 JavaThread "Cache worker for journal cache (C:\Users\ad\.gradle\caches\journal-1)" [_thread_blocked, id=13200, stack(0x000000dd8e800000,0x000000dd8e900000)]
  0x000002d2dc691000 JavaThread "File lock request listener" [_thread_in_native, id=4556, stack(0x000000dd8e900000,0x000000dd8ea00000)]
  0x000002d2dc693800 JavaThread "Cache worker for file hash cache (C:\Users\ad\.gradle\caches\7.5\fileHashes)" [_thread_blocked, id=12888, stack(0x000000dd8ea00000,0x000000dd8eb00000)]
  0x000002d2dc68f800 JavaThread "File watcher server" daemon [_thread_in_native, id=9200, stack(0x000000dd8eb00000,0x000000dd8ec00000)]
  0x000002d2dc693000 JavaThread "File watcher consumer" daemon [_thread_blocked, id=7492, stack(0x000000dd8ec00000,0x000000dd8ed00000)]
  0x000002d2dc692000 JavaThread "Cache worker for checksums cache (D:\SAVE DATA\Android\Source code\ConquerTheExam\.gradle\7.5\checksums)" [_thread_blocked, id=1368, stack(0x000000dd8ed00000,0x000000dd8ee00000)]
  0x000002d2dc694800 JavaThread "Cache worker for cache directory md-rule (C:\Users\ad\.gradle\caches\7.5\md-rule)" [_thread_blocked, id=10068, stack(0x000000dd8ee00000,0x000000dd8ef00000)]
  0x000002d2dc696000 JavaThread "Cache worker for file content cache (C:\Users\ad\.gradle\caches\7.5\fileContent)" [_thread_blocked, id=6404, stack(0x000000dd8ef00000,0x000000dd8f000000)]
  0x000002d2dc690800 JavaThread "Cache worker for file hash cache (D:\SAVE DATA\Android\Source code\ConquerTheExam\.gradle\7.5\fileHashes)" [_thread_blocked, id=7292, stack(0x000000dd8f000000,0x000000dd8f100000)]
  0x000002d2dfab5800 JavaThread "Cache worker for cache directory md-supplier (C:\Users\ad\.gradle\caches\7.5\md-supplier)" [_thread_blocked, id=12312, stack(0x000000dd8f100000,0x000000dd8f200000)]
  0x000002d2dfabc000 JavaThread "Cache worker for execution history cache (C:\Users\ad\.gradle\caches\7.5\executionHistory)" [_thread_blocked, id=4348, stack(0x000000dd8f200000,0x000000dd8f300000)]
  0x000002d2dfab9800 JavaThread "jar transforms" [_thread_blocked, id=10716, stack(0x000000dd8f300000,0x000000dd8f400000)]
  0x000002d2dfab8800 JavaThread "jar transforms Thread 2" [_thread_blocked, id=4160, stack(0x000000dd8f400000,0x000000dd8f500000)]
  0x000002d2dfab6000 JavaThread "jar transforms Thread 3" [_thread_blocked, id=2552, stack(0x000000dd8f500000,0x000000dd8f600000)]
  0x000002d2dfabc800 JavaThread "jar transforms Thread 4" [_thread_blocked, id=12296, stack(0x000000dd8f600000,0x000000dd8f700000)]
  0x000002d2dfaba000 JavaThread "Cache worker for dependencies-accessors (D:\SAVE DATA\Android\Source code\ConquerTheExam\.gradle\7.5\dependencies-accessors)" [_thread_blocked, id=6048, stack(0x000000dd8f700000,0x000000dd8f800000)]
  0x000002d2dfabd800 JavaThread "Cache worker for Build Output Cleanup Cache (D:\SAVE DATA\Android\Source code\ConquerTheExam\.gradle\buildOutputCleanup)" [_thread_blocked, id=7192, stack(0x000000dd8f800000,0x000000dd8f900000)]
  0x000002d2dfab7800 JavaThread "Unconstrained build operations" [_thread_blocked, id=5908, stack(0x000000dd8f900000,0x000000dd8fa00000)]
  0x000002d2dfabe800 JavaThread "Unconstrained build operations Thread 2" [_thread_blocked, id=11248, stack(0x000000dd8fa00000,0x000000dd8fb00000)]
  0x000002d2dfac0000 JavaThread "Unconstrained build operations Thread 3" [_thread_blocked, id=11184, stack(0x000000dd8fb00000,0x000000dd8fc00000)]
  0x000002d2dfabf000 JavaThread "Unconstrained build operations Thread 4" [_thread_blocked, id=6348, stack(0x000000dd8fc00000,0x000000dd8fd00000)]
  0x000002d2dfac0800 JavaThread "Unconstrained build operations Thread 5" [_thread_blocked, id=11504, stack(0x000000dd8fd00000,0x000000dd8fe00000)]
  0x000002d2dfabb000 JavaThread "Unconstrained build operations Thread 6" [_thread_blocked, id=11352, stack(0x000000dd8fe00000,0x000000dd8ff00000)]
  0x000002d2dfac1800 JavaThread "Unconstrained build operations Thread 7" [_thread_blocked, id=888, stack(0x000000dd8ff00000,0x000000dd90000000)]
  0x000002d2dfac2800 JavaThread "Unconstrained build operations Thread 8" [_thread_blocked, id=3112, stack(0x000000dd90000000,0x000000dd90100000)]
  0x000002d2dfac3000 JavaThread "Unconstrained build operations Thread 9" [_thread_blocked, id=2468, stack(0x000000dd90100000,0x000000dd90200000)]
  0x000002d2dfac4000 JavaThread "Unconstrained build operations Thread 10" [_thread_blocked, id=9628, stack(0x000000dd90200000,0x000000dd90300000)]
  0x000002d2dc238800 JavaThread "Unconstrained build operations Thread 11" [_thread_blocked, id=4860, stack(0x000000dd90300000,0x000000dd90400000)]
  0x000002d2dc237800 JavaThread "Unconstrained build operations Thread 12" [_thread_blocked, id=4772, stack(0x000000dd90400000,0x000000dd90500000)]
  0x000002d2dc234800 JavaThread "Unconstrained build operations Thread 13" [_thread_blocked, id=8264, stack(0x000000dd90500000,0x000000dd90600000)]
  0x000002d2dc232800 JavaThread "Unconstrained build operations Thread 14" [_thread_blocked, id=1844, stack(0x000000dd90600000,0x000000dd90700000)]
  0x000002d2dc239000 JavaThread "Unconstrained build operations Thread 15" [_thread_blocked, id=13184, stack(0x000000dd90700000,0x000000dd90800000)]
  0x000002d2dc233800 JavaThread "Unconstrained build operations Thread 16" [_thread_blocked, id=6088, stack(0x000000dd90800000,0x000000dd90900000)]
  0x000002d2dc23a000 JavaThread "Unconstrained build operations Thread 17" [_thread_blocked, id=1856, stack(0x000000dd90900000,0x000000dd90a00000)]
  0x000002d2dc23b000 JavaThread "Unconstrained build operations Thread 18" [_thread_blocked, id=12156, stack(0x000000dd90a00000,0x000000dd90b00000)]
  0x000002d2dc235000 JavaThread "Unconstrained build operations Thread 19" [_thread_blocked, id=3192, stack(0x000000dd90b00000,0x000000dd90c00000)]
  0x000002d2dc23b800 JavaThread "Unconstrained build operations Thread 20" [_thread_blocked, id=12012, stack(0x000000dd90c00000,0x000000dd90d00000)]
  0x000002d2dc236000 JavaThread "Unconstrained build operations Thread 21" [_thread_blocked, id=2040, stack(0x000000dd90d00000,0x000000dd90e00000)]
  0x000002d2dc23c800 JavaThread "Unconstrained build operations Thread 22" [_thread_blocked, id=2336, stack(0x000000dd90e00000,0x000000dd90f00000)]
  0x000002d2dc236800 JavaThread "Unconstrained build operations Thread 23" [_thread_blocked, id=12476, stack(0x000000dd90f00000,0x000000dd91000000)]
  0x000002d2dc23d000 JavaThread "Unconstrained build operations Thread 24" [_thread_blocked, id=5264, stack(0x000000dd91000000,0x000000dd91100000)]
  0x000002d2dc241800 JavaThread "Unconstrained build operations Thread 25" [_thread_blocked, id=7504, stack(0x000000dd91100000,0x000000dd91200000)]
  0x000002d2dc23f000 JavaThread "Unconstrained build operations Thread 26" [_thread_blocked, id=10696, stack(0x000000dd91200000,0x000000dd91300000)]
  0x000002d2dc23e000 JavaThread "Unconstrained build operations Thread 27" [_thread_blocked, id=2356, stack(0x000000dd91300000,0x000000dd91400000)]
  0x000002d2dc23f800 JavaThread "Unconstrained build operations Thread 28" [_thread_blocked, id=2404, stack(0x000000dd91400000,0x000000dd91500000)]
  0x000002d2dc240800 JavaThread "Unconstrained build operations Thread 29" [_thread_blocked, id=2968, stack(0x000000dd91500000,0x000000dd91600000)]
  0x000002d2dcd35800 JavaThread "Unconstrained build operations Thread 30" [_thread_blocked, id=7456, stack(0x000000dd91600000,0x000000dd91700000)]
  0x000002d2dcd36000 JavaThread "Unconstrained build operations Thread 31" [_thread_blocked, id=9260, stack(0x000000dd91700000,0x000000dd91800000)]
  0x000002d2dcd33000 JavaThread "Unconstrained build operations Thread 32" [_thread_blocked, id=12076, stack(0x000000dd91800000,0x000000dd91900000)]
  0x000002d2dcd37000 JavaThread "Unconstrained build operations Thread 33" [_thread_blocked, id=6916, stack(0x000000dd91900000,0x000000dd91a00000)]
  0x000002d2dcd33800 JavaThread "Unconstrained build operations Thread 34" [_thread_blocked, id=3232, stack(0x000000dd91a00000,0x000000dd91b00000)]
  0x000002d2dcd38000 JavaThread "Unconstrained build operations Thread 35" [_thread_blocked, id=2316, stack(0x000000dd91b00000,0x000000dd91c00000)]
  0x000002d2dcd32000 JavaThread "Unconstrained build operations Thread 36" [_thread_blocked, id=3488, stack(0x000000dd91c00000,0x000000dd91d00000)]
  0x000002d2dcd34800 JavaThread "Unconstrained build operations Thread 37" [_thread_blocked, id=3484, stack(0x000000dd91d00000,0x000000dd91e00000)]
  0x000002d2dcd38800 JavaThread "Unconstrained build operations Thread 38" [_thread_blocked, id=9404, stack(0x000000dd91e00000,0x000000dd91f00000)]
  0x000002d2dcd3c800 JavaThread "Unconstrained build operations Thread 39" [_thread_blocked, id=9428, stack(0x000000dd91f00000,0x000000dd92000000)]
  0x000002d2dcd3d800 JavaThread "Unconstrained build operations Thread 40" [_thread_blocked, id=9688, stack(0x000000dd92000000,0x000000dd92100000)]
  0x000002d2dcd3f000 JavaThread "build event listener" [_thread_blocked, id=6000, stack(0x000000dd92100000,0x000000dd92200000)]
  0x000002d2dcd3b000 JavaThread "Memory manager" [_thread_blocked, id=12444, stack(0x000000dd92200000,0x000000dd92300000)]
  0x000002d2dcd3c000 JavaThread "included builds" [_thread_blocked, id=1900, stack(0x000000dd92300000,0x000000dd92400000)]
  0x000002d2dcd39800 JavaThread "Execution worker" [_thread_blocked, id=11472, stack(0x000000dd92400000,0x000000dd92500000)]
  0x000002d2dcd3e800 JavaThread "Execution worker Thread 2" [_thread_blocked, id=7380, stack(0x000000dd92500000,0x000000dd92600000)]
  0x000002d2dcd3a800 JavaThread "Execution worker Thread 3" [_thread_blocked, id=7384, stack(0x000000dd92600000,0x000000dd92700000)]
  0x000002d2dcd40000 JavaThread "Cache worker for execution history cache (D:\SAVE DATA\Android\Source code\ConquerTheExam\.gradle\7.5\executionHistory)" [_thread_blocked, id=7376, stack(0x000000dd92700000,0x000000dd92800000)]
  0x000002d2e030a800 JavaThread "WorkerExecutor Queue" [_thread_blocked, id=1960, stack(0x000000dd92800000,0x000000dd92900000)]
  0x000002d2e030b800 JavaThread "WorkerExecutor Queue Thread 2" [_thread_blocked, id=2624, stack(0x000000dd92900000,0x000000dd92a00000)]
  0x000002d2e0309000 JavaThread "WorkerExecutor Queue Thread 3" [_thread_blocked, id=12408, stack(0x000000dd92a00000,0x000000dd92b00000)]
  0x000002d2e0308800 JavaThread "WorkerExecutor Queue Thread 4" [_thread_in_native, id=11792, stack(0x000000dd92b00000,0x000000dd92c00000)]
  0x000002d2e0313000 JavaThread "pool-3-thread-1" [_thread_blocked, id=3528, stack(0x000000dd92c00000,0x000000dd92d00000)]
  0x000002d2e0310800 JavaThread "stderr" [_thread_in_native, id=1712, stack(0x000000dd92d00000,0x000000dd92e00000)]
  0x000002d2e030d000 JavaThread "stdout" [_thread_in_native, id=496, stack(0x000000dd92e00000,0x000000dd92f00000)]
  0x000002d2e0311000 JavaThread "RMI Scheduler(0)" daemon [_thread_blocked, id=1080, stack(0x000000dd8e700000,0x000000dd8e800000)]
  0x000002d2e0312000 JavaThread "RMI RenewClean-[127.0.0.1:17009,org.jetbrains.kotlin.daemon.common.LoopbackNetworkInterface$ClientLoopbackSocketFactory@26105cfd]" daemon [_thread_blocked, id=1496, stack(0x000000dd93100000,0x000000dd93200000)]
  0x000002d2e030f800 JavaThread "RMI GC Daemon" daemon [_thread_blocked, id=9968, stack(0x000000dd93300000,0x000000dd93400000)]
  0x000002d2e030f000 JavaThread "RMI TCP Accept-0" daemon [_thread_in_native, id=9024, stack(0x000000dd93400000,0x000000dd93500000)]
  0x000002d2e0317000 JavaThread "RMI Reaper" [_thread_blocked, id=2252, stack(0x000000dd93500000,0x000000dd93600000)]
  0x000002d2e0316000 JavaThread "RMI TCP Connection(idle)" daemon [_thread_blocked, id=8884, stack(0x000000dd93600000,0x000000dd93700000)]
  0x000002d2e0313800 JavaThread "Thread-77" [_thread_in_native, id=8208, stack(0x000000dd93700000,0x000000dd93800000)]

Other Threads:
  0x000002d2d9e4e000 VMThread "VM Thread" [stack: 0x000000dd8cf00000,0x000000dd8d000000] [id=2920]
  0x000002d2da932000 WatcherThread [stack: 0x000000dd8d900000,0x000000dd8da00000] [id=2204]
  0x000002d2bb706800 GCTaskThread "GC Thread#0" [stack: 0x000000dd8ca00000,0x000000dd8cb00000] [id=10568]
  0x000002d2dac1b800 GCTaskThread "GC Thread#1" [stack: 0x000000dd8db00000,0x000000dd8dc00000] [id=4648]
  0x000002d2dad96800 GCTaskThread "GC Thread#2" [stack: 0x000000dd8dc00000,0x000000dd8dd00000] [id=12632]
  0x000002d2dbc9b800 GCTaskThread "GC Thread#3" [stack: 0x000000dd8e600000,0x000000dd8e700000] [id=2816]
  0x000002d2bb738000 ConcurrentGCThread "G1 Main Marker" [stack: 0x000000dd8cb00000,0x000000dd8cc00000] [id=11432]
  0x000002d2bb73a800 ConcurrentGCThread "G1 Conc#0" [stack: 0x000000dd8cc00000,0x000000dd8cd00000] [id=5316]
  0x000002d2d9ca0800 ConcurrentGCThread "G1 Refine#0" [stack: 0x000000dd8cd00000,0x000000dd8ce00000] [id=4700]
  0x000002d2d9ca1800 ConcurrentGCThread "G1 Young RemSet Sampling" [stack: 0x000000dd8ce00000,0x000000dd8cf00000] [id=10812]

Threads with active compile tasks:
C2 CompilerThread0    49676 16310       4       java.util.Properties::getProperty (50 bytes)

VM state:not at safepoint (normal execution)

VM Mutex/Monitor currently owned by a thread: None

Heap address: 0x0000000080000000, size: 2048 MB, Compressed Oops mode: 32-bit
Narrow klass base: 0x0000000000000000, Narrow klass shift: 3
Compressed class space size: 1073741824 Address: 0x0000000100000000

Heap:
 garbage-first heap   total 270336K, used 171878K [0x0000000080000000, 0x0000000100000000)
  region size 1024K, 61 young (62464K), 9 survivors (9216K)
 Metaspace       used 113615K, capacity 116602K, committed 116864K, reserved 1150976K
  class space    used 14293K, capacity 15413K, committed 15488K, reserved 1048576K
Heap Regions: E=young(eden), S=young(survivor), O=old, HS=humongous(starts), HC=humongous(continues), CS=collection set, F=free, A=archive, TAMS=top-at-mark-start (previous, next)
|   0|0x0000000080000000, 0x0000000080100000, 0x0000000080100000|100%|HS|  |TAMS 0x0000000080100000, 0x0000000080000000| Complete 
|   1|0x0000000080100000, 0x0000000080200000, 0x0000000080200000|100%|HC|  |TAMS 0x0000000080200000, 0x0000000080100000| Complete 
|   2|0x0000000080200000, 0x0000000080300000, 0x0000000080300000|100%|HC|  |TAMS 0x0000000080300000, 0x0000000080200000| Complete 
|   3|0x0000000080300000, 0x0000000080400000, 0x0000000080400000|100%| O|  |TAMS 0x0000000080400000, 0x0000000080300000| Untracked 
|   4|0x0000000080400000, 0x0000000080500000, 0x0000000080500000|100%| O|  |TAMS 0x0000000080500000, 0x0000000080400000| Untracked 
|   5|0x0000000080500000, 0x0000000080600000, 0x0000000080600000|100%| O|  |TAMS 0x0000000080600000, 0x0000000080500000| Untracked 
|   6|0x0000000080600000, 0x0000000080700000, 0x0000000080700000|100%| O|  |TAMS 0x0000000080700000, 0x0000000080600000| Untracked 
|   7|0x0000000080700000, 0x0000000080800000, 0x0000000080800000|100%| O|  |TAMS 0x0000000080800000, 0x0000000080700000| Untracked 
|   8|0x0000000080800000, 0x0000000080900000, 0x0000000080900000|100%| O|  |TAMS 0x0000000080900000, 0x0000000080800000| Untracked 
|   9|0x0000000080900000, 0x0000000080a00000, 0x0000000080a00000|100%| O|  |TAMS 0x0000000080a00000, 0x0000000080900000| Untracked 
|  10|0x0000000080a00000, 0x0000000080b00000, 0x0000000080b00000|100%| O|  |TAMS 0x0000000080b00000, 0x0000000080a00000| Untracked 
|  11|0x0000000080b00000, 0x0000000080c00000, 0x0000000080c00000|100%| O|  |TAMS 0x0000000080c00000, 0x0000000080b00000| Untracked 
|  12|0x0000000080c00000, 0x0000000080d00000, 0x0000000080d00000|100%| O|  |TAMS 0x0000000080d00000, 0x0000000080c00000| Untracked 
|  13|0x0000000080d00000, 0x0000000080e00000, 0x0000000080e00000|100%| O|  |TAMS 0x0000000080e00000, 0x0000000080d00000| Untracked 
|  14|0x0000000080e00000, 0x0000000080f00000, 0x0000000080f00000|100%| O|  |TAMS 0x0000000080f00000, 0x0000000080e00000| Untracked 
|  15|0x0000000080f00000, 0x0000000081000000, 0x0000000081000000|100%| O|  |TAMS 0x0000000081000000, 0x0000000080f00000| Untracked 
|  16|0x0000000081000000, 0x0000000081100000, 0x0000000081100000|100%| O|  |TAMS 0x0000000081100000, 0x0000000081000000| Untracked 
|  17|0x0000000081100000, 0x0000000081200000, 0x0000000081200000|100%| O|  |TAMS 0x0000000081200000, 0x0000000081100000| Untracked 
|  18|0x0000000081200000, 0x0000000081300000, 0x0000000081300000|100%|HS|  |TAMS 0x0000000081300000, 0x0000000081200000| Complete 
|  19|0x0000000081300000, 0x0000000081400000, 0x0000000081400000|100%|HS|  |TAMS 0x0000000081400000, 0x0000000081300000| Complete 
|  20|0x0000000081400000, 0x0000000081500000, 0x0000000081500000|100%|HC|  |TAMS 0x0000000081500000, 0x0000000081400000| Complete 
|  21|0x0000000081500000, 0x0000000081600000, 0x0000000081600000|100%| O|  |TAMS 0x0000000081600000, 0x0000000081500000| Untracked 
|  22|0x0000000081600000, 0x0000000081700000, 0x0000000081700000|100%| O|  |TAMS 0x0000000081700000, 0x0000000081600000| Untracked 
|  23|0x0000000081700000, 0x0000000081800000, 0x0000000081800000|100%| O|  |TAMS 0x0000000081800000, 0x0000000081700000| Untracked 
|  24|0x0000000081800000, 0x0000000081900000, 0x0000000081900000|100%| O|  |TAMS 0x0000000081900000, 0x0000000081800000| Untracked 
|  25|0x0000000081900000, 0x0000000081a00000, 0x0000000081a00000|100%| O|  |TAMS 0x0000000081a00000, 0x0000000081900000| Untracked 
|  26|0x0000000081a00000, 0x0000000081b00000, 0x0000000081b00000|100%| O|  |TAMS 0x0000000081b00000, 0x0000000081a00000| Untracked 
|  27|0x0000000081b00000, 0x0000000081c00000, 0x0000000081c00000|100%| O|  |TAMS 0x0000000081c00000, 0x0000000081b00000| Untracked 
|  28|0x0000000081c00000, 0x0000000081d00000, 0x0000000081d00000|100%| O|  |TAMS 0x0000000081d00000, 0x0000000081c00000| Untracked 
|  29|0x0000000081d00000, 0x0000000081e00000, 0x0000000081e00000|100%|HS|  |TAMS 0x0000000081e00000, 0x0000000081d00000| Complete 
|  30|0x0000000081e00000, 0x0000000081f00000, 0x0000000081f00000|100%|HS|  |TAMS 0x0000000081f00000, 0x0000000081e00000| Complete 
|  31|0x0000000081f00000, 0x0000000082000000, 0x0000000082000000|100%|HC|  |TAMS 0x0000000082000000, 0x0000000081f00000| Complete 
|  32|0x0000000082000000, 0x0000000082100000, 0x0000000082100000|100%|HC|  |TAMS 0x0000000082100000, 0x0000000082000000| Complete 
|  33|0x0000000082100000, 0x0000000082200000, 0x0000000082200000|100%|HC|  |TAMS 0x0000000082200000, 0x0000000082100000| Complete 
|  34|0x0000000082200000, 0x0000000082300000, 0x0000000082300000|100%| O|  |TAMS 0x0000000082300000, 0x0000000082200000| Untracked 
|  35|0x0000000082300000, 0x0000000082400000, 0x0000000082400000|100%| O|  |TAMS 0x0000000082400000, 0x0000000082300000| Untracked 
|  36|0x0000000082400000, 0x0000000082500000, 0x0000000082500000|100%| O|  |TAMS 0x0000000082500000, 0x0000000082400000| Untracked 
|  37|0x0000000082500000, 0x0000000082600000, 0x0000000082600000|100%| O|  |TAMS 0x0000000082600000, 0x0000000082500000| Untracked 
|  38|0x0000000082600000, 0x0000000082700000, 0x0000000082700000|100%| O|  |TAMS 0x0000000082700000, 0x0000000082600000| Untracked 
|  39|0x0000000082700000, 0x0000000082800000, 0x0000000082800000|100%| O|  |TAMS 0x0000000082800000, 0x0000000082700000| Untracked 
|  40|0x0000000082800000, 0x0000000082900000, 0x0000000082900000|100%| O|  |TAMS 0x0000000082900000, 0x0000000082800000| Untracked 
|  41|0x0000000082900000, 0x0000000082a00000, 0x0000000082a00000|100%| O|  |TAMS 0x0000000082a00000, 0x0000000082900000| Untracked 
|  42|0x0000000082a00000, 0x0000000082b00000, 0x0000000082b00000|100%| O|  |TAMS 0x0000000082b00000, 0x0000000082a00000| Untracked 
|  43|0x0000000082b00000, 0x0000000082c00000, 0x0000000082c00000|100%| O|  |TAMS 0x0000000082c00000, 0x0000000082b00000| Untracked 
|  44|0x0000000082c00000, 0x0000000082d00000, 0x0000000082d00000|100%| O|  |TAMS 0x0000000082d00000, 0x0000000082c00000| Untracked 
|  45|0x0000000082d00000, 0x0000000082e00000, 0x0000000082e00000|100%| O|  |TAMS 0x0000000082e00000, 0x0000000082d00000| Untracked 
|  46|0x0000000082e00000, 0x0000000082f00000, 0x0000000082f00000|100%| O|  |TAMS 0x0000000082f00000, 0x0000000082e00000| Untracked 
|  47|0x0000000082f00000, 0x0000000083000000, 0x0000000083000000|100%| O|  |TAMS 0x0000000083000000, 0x0000000082f00000| Untracked 
|  48|0x0000000083000000, 0x0000000083100000, 0x0000000083100000|100%| O|  |TAMS 0x0000000083100000, 0x0000000083000000| Untracked 
|  49|0x0000000083100000, 0x0000000083200000, 0x0000000083200000|100%| O|  |TAMS 0x0000000083200000, 0x0000000083100000| Untracked 
|  50|0x0000000083200000, 0x0000000083300000, 0x0000000083300000|100%| O|  |TAMS 0x0000000083300000, 0x0000000083200000| Untracked 
|  51|0x0000000083300000, 0x0000000083400000, 0x0000000083400000|100%| O|  |TAMS 0x0000000083400000, 0x0000000083300000| Untracked 
|  52|0x0000000083400000, 0x0000000083500000, 0x0000000083500000|100%| O|  |TAMS 0x0000000083500000, 0x0000000083400000| Untracked 
|  53|0x0000000083500000, 0x0000000083600000, 0x0000000083600000|100%| O|  |TAMS 0x0000000083600000, 0x0000000083500000| Untracked 
|  54|0x0000000083600000, 0x0000000083700000, 0x0000000083700000|100%| O|  |TAMS 0x0000000083700000, 0x0000000083600000| Untracked 
|  55|0x0000000083700000, 0x0000000083800000, 0x0000000083800000|100%| O|  |TAMS 0x0000000083800000, 0x0000000083700000| Untracked 
|  56|0x0000000083800000, 0x0000000083900000, 0x0000000083900000|100%| O|  |TAMS 0x0000000083900000, 0x0000000083800000| Untracked 
|  57|0x0000000083900000, 0x0000000083a00000, 0x0000000083a00000|100%| O|  |TAMS 0x0000000083a00000, 0x0000000083900000| Untracked 
|  58|0x0000000083a00000, 0x0000000083b00000, 0x0000000083b00000|100%| O|  |TAMS 0x0000000083b00000, 0x0000000083a00000| Untracked 
|  59|0x0000000083b00000, 0x0000000083c00000, 0x0000000083c00000|100%| O|  |TAMS 0x0000000083c00000, 0x0000000083b00000| Untracked 
|  60|0x0000000083c00000, 0x0000000083d00000, 0x0000000083d00000|100%| O|  |TAMS 0x0000000083d00000, 0x0000000083c00000| Untracked 
|  61|0x0000000083d00000, 0x0000000083e00000, 0x0000000083e00000|100%| O|  |TAMS 0x0000000083e00000, 0x0000000083d00000| Untracked 
|  62|0x0000000083e00000, 0x0000000083f00000, 0x0000000083f00000|100%| O|  |TAMS 0x0000000083f00000, 0x0000000083e00000| Untracked 
|  63|0x0000000083f00000, 0x0000000084000000, 0x0000000084000000|100%| O|  |TAMS 0x0000000084000000, 0x0000000083f00000| Untracked 
|  64|0x0000000084000000, 0x0000000084100000, 0x0000000084100000|100%| O|  |TAMS 0x0000000084100000, 0x0000000084000000| Untracked 
|  65|0x0000000084100000, 0x0000000084200000, 0x0000000084200000|100%| O|  |TAMS 0x0000000084200000, 0x0000000084100000| Untracked 
|  66|0x0000000084200000, 0x0000000084300000, 0x0000000084300000|100%| O|  |TAMS 0x0000000084300000, 0x0000000084200000| Untracked 
|  67|0x0000000084300000, 0x0000000084400000, 0x0000000084400000|100%| O|  |TAMS 0x0000000084400000, 0x0000000084300000| Untracked 
|  68|0x0000000084400000, 0x0000000084500000, 0x0000000084500000|100%| O|  |TAMS 0x0000000084500000, 0x0000000084400000| Untracked 
|  69|0x0000000084500000, 0x0000000084600000, 0x0000000084600000|100%| O|  |TAMS 0x0000000084600000, 0x0000000084500000| Untracked 
|  70|0x0000000084600000, 0x0000000084700000, 0x0000000084700000|100%| O|  |TAMS 0x0000000084700000, 0x0000000084600000| Untracked 
|  71|0x0000000084700000, 0x0000000084800000, 0x0000000084800000|100%| O|  |TAMS 0x0000000084800000, 0x0000000084700000| Untracked 
|  72|0x0000000084800000, 0x0000000084900000, 0x0000000084900000|100%| O|  |TAMS 0x0000000084900000, 0x0000000084800000| Untracked 
|  73|0x0000000084900000, 0x0000000084a00000, 0x0000000084a00000|100%| O|  |TAMS 0x0000000084a00000, 0x0000000084900000| Untracked 
|  74|0x0000000084a00000, 0x0000000084b00000, 0x0000000084b00000|100%| O|  |TAMS 0x0000000084b00000, 0x0000000084a00000| Untracked 
|  75|0x0000000084b00000, 0x0000000084c00000, 0x0000000084c00000|100%| O|  |TAMS 0x0000000084c00000, 0x0000000084b00000| Untracked 
|  76|0x0000000084c00000, 0x0000000084d00000, 0x0000000084d00000|100%| O|  |TAMS 0x0000000084d00000, 0x0000000084c00000| Untracked 
|  77|0x0000000084d00000, 0x0000000084e00000, 0x0000000084e00000|100%| O|  |TAMS 0x0000000084e00000, 0x0000000084d00000| Untracked 
|  78|0x0000000084e00000, 0x0000000084f00000, 0x0000000084f00000|100%| O|  |TAMS 0x0000000084f00000, 0x0000000084e00000| Untracked 
|  79|0x0000000084f00000, 0x0000000085000000, 0x0000000085000000|100%| O|  |TAMS 0x0000000085000000, 0x0000000084f00000| Untracked 
|  80|0x0000000085000000, 0x0000000085100000, 0x0000000085100000|100%| O|  |TAMS 0x0000000085100000, 0x0000000085000000| Untracked 
|  81|0x0000000085100000, 0x0000000085200000, 0x0000000085200000|100%| O|  |TAMS 0x0000000085100000, 0x0000000085100000| Untracked 
|  82|0x0000000085200000, 0x0000000085300000, 0x0000000085300000|100%| O|  |TAMS 0x0000000085300000, 0x0000000085200000| Untracked 
|  83|0x0000000085300000, 0x0000000085400000, 0x0000000085400000|100%| O|  |TAMS 0x0000000085400000, 0x0000000085300000| Untracked 
|  84|0x0000000085400000, 0x0000000085500000, 0x0000000085500000|100%| O|  |TAMS 0x0000000085500000, 0x0000000085400000| Untracked 
|  85|0x0000000085500000, 0x0000000085600000, 0x0000000085600000|100%| O|  |TAMS 0x0000000085600000, 0x0000000085500000| Untracked 
|  86|0x0000000085600000, 0x0000000085700000, 0x0000000085700000|100%| O|  |TAMS 0x0000000085700000, 0x0000000085600000| Untracked 
|  87|0x0000000085700000, 0x0000000085800000, 0x0000000085800000|100%| O|  |TAMS 0x0000000085800000, 0x0000000085700000| Untracked 
|  88|0x0000000085800000, 0x0000000085900000, 0x0000000085900000|100%| O|  |TAMS 0x0000000085900000, 0x0000000085800000| Untracked 
|  89|0x0000000085900000, 0x0000000085a00000, 0x0000000085a00000|100%| O|  |TAMS 0x0000000085a00000, 0x0000000085900000| Untracked 
|  90|0x0000000085a00000, 0x0000000085b00000, 0x0000000085b00000|100%| O|  |TAMS 0x0000000085a00000, 0x0000000085a00000| Untracked 
|  91|0x0000000085b00000, 0x0000000085c00000, 0x0000000085c00000|100%| O|  |TAMS 0x0000000085b00000, 0x0000000085b00000| Untracked 
|  92|0x0000000085c00000, 0x0000000085d00000, 0x0000000085d00000|100%| O|  |TAMS 0x0000000085c00000, 0x0000000085c00000| Untracked 
|  93|0x0000000085d00000, 0x0000000085e00000, 0x0000000085e00000|100%| O|  |TAMS 0x0000000085d00000, 0x0000000085d00000| Untracked 
|  94|0x0000000085e00000, 0x0000000085f00000, 0x0000000085f00000|100%| O|  |TAMS 0x0000000085e00000, 0x0000000085e00000| Untracked 
|  95|0x0000000085f00000, 0x0000000085f6f000, 0x0000000086000000| 43%| O|  |TAMS 0x0000000085f00000, 0x0000000085f00000| Untracked 
|  96|0x0000000086000000, 0x0000000086000000, 0x0000000086100000|  0%| F|  |TAMS 0x0000000086000000, 0x0000000086000000| Untracked 
|  97|0x0000000086100000, 0x0000000086100000, 0x0000000086200000|  0%| F|  |TAMS 0x0000000086100000, 0x0000000086100000| Untracked 
|  98|0x0000000086200000, 0x0000000086200000, 0x0000000086300000|  0%| F|  |TAMS 0x0000000086200000, 0x0000000086200000| Untracked 
|  99|0x0000000086300000, 0x0000000086400000, 0x0000000086400000|100%| O|  |TAMS 0x0000000086400000, 0x0000000086300000| Untracked 
| 100|0x0000000086400000, 0x0000000086500000, 0x0000000086500000|100%| O|  |TAMS 0x0000000086500000, 0x0000000086400000| Untracked 
| 101|0x0000000086500000, 0x0000000086500000, 0x0000000086600000|  0%| F|  |TAMS 0x0000000086500000, 0x0000000086500000| Untracked 
| 102|0x0000000086600000, 0x0000000086600000, 0x0000000086700000|  0%| F|  |TAMS 0x0000000086600000, 0x0000000086600000| Untracked 
| 103|0x0000000086700000, 0x0000000086700000, 0x0000000086800000|  0%| F|  |TAMS 0x0000000086700000, 0x0000000086700000| Untracked 
| 104|0x0000000086800000, 0x0000000086800000, 0x0000000086900000|  0%| F|  |TAMS 0x0000000086800000, 0x0000000086800000| Untracked 
| 105|0x0000000086900000, 0x0000000086900000, 0x0000000086a00000|  0%| F|  |TAMS 0x0000000086900000, 0x0000000086900000| Untracked 
| 106|0x0000000086a00000, 0x0000000086a00000, 0x0000000086b00000|  0%| F|  |TAMS 0x0000000086a00000, 0x0000000086a00000| Untracked 
| 107|0x0000000086b00000, 0x0000000086b00000, 0x0000000086c00000|  0%| F|  |TAMS 0x0000000086b00000, 0x0000000086b00000| Untracked 
| 108|0x0000000086c00000, 0x0000000086c00000, 0x0000000086d00000|  0%| F|  |TAMS 0x0000000086c00000, 0x0000000086c00000| Untracked 
| 109|0x0000000086d00000, 0x0000000086d00000, 0x0000000086e00000|  0%| F|  |TAMS 0x0000000086d00000, 0x0000000086d00000| Untracked 
| 110|0x0000000086e00000, 0x0000000086f00000, 0x0000000086f00000|100%| O|  |TAMS 0x0000000086f00000, 0x0000000086e00000| Untracked 
| 111|0x0000000086f00000, 0x0000000087000000, 0x0000000087000000|100%| O|  |TAMS 0x0000000087000000, 0x0000000086f00000| Untracked 
| 112|0x0000000087000000, 0x0000000087100000, 0x0000000087100000|100%| O|  |TAMS 0x0000000087100000, 0x0000000087000000| Untracked 
| 113|0x0000000087100000, 0x0000000087200000, 0x0000000087200000|100%| O|  |TAMS 0x0000000087200000, 0x0000000087100000| Untracked 
| 114|0x0000000087200000, 0x0000000087200000, 0x0000000087300000|  0%| F|  |TAMS 0x0000000087200000, 0x0000000087200000| Untracked 
| 115|0x0000000087300000, 0x0000000087300000, 0x0000000087400000|  0%| F|  |TAMS 0x0000000087300000, 0x0000000087300000| Untracked 
| 116|0x0000000087400000, 0x0000000087400000, 0x0000000087500000|  0%| F|  |TAMS 0x0000000087400000, 0x0000000087400000| Untracked 
| 117|0x0000000087500000, 0x0000000087500000, 0x0000000087600000|  0%| F|  |TAMS 0x0000000087500000, 0x0000000087500000| Untracked 
| 118|0x0000000087600000, 0x0000000087600000, 0x0000000087700000|  0%| F|  |TAMS 0x0000000087600000, 0x0000000087600000| Untracked 
| 119|0x0000000087700000, 0x0000000087700000, 0x0000000087800000|  0%| F|  |TAMS 0x0000000087700000, 0x0000000087700000| Untracked 
| 120|0x0000000087800000, 0x0000000087800000, 0x0000000087900000|  0%| F|  |TAMS 0x0000000087800000, 0x0000000087800000| Untracked 
| 121|0x0000000087900000, 0x0000000087900000, 0x0000000087a00000|  0%| F|  |TAMS 0x0000000087900000, 0x0000000087900000| Untracked 
| 122|0x0000000087a00000, 0x0000000087a00000, 0x0000000087b00000|  0%| F|  |TAMS 0x0000000087a00000, 0x0000000087a00000| Untracked 
| 123|0x0000000087b00000, 0x0000000087b00000, 0x0000000087c00000|  0%| F|  |TAMS 0x0000000087b00000, 0x0000000087b00000| Untracked 
| 124|0x0000000087c00000, 0x0000000087c00000, 0x0000000087d00000|  0%| F|  |TAMS 0x0000000087c00000, 0x0000000087c00000| Untracked 
| 125|0x0000000087d00000, 0x0000000087d00000, 0x0000000087e00000|  0%| F|  |TAMS 0x0000000087d00000, 0x0000000087d00000| Untracked 
| 126|0x0000000087e00000, 0x0000000087e00000, 0x0000000087f00000|  0%| F|  |TAMS 0x0000000087e00000, 0x0000000087e00000| Untracked 
| 127|0x0000000087f00000, 0x0000000087f00000, 0x0000000088000000|  0%| F|  |TAMS 0x0000000087f00000, 0x0000000087f00000| Untracked 
| 128|0x0000000088000000, 0x0000000088000000, 0x0000000088100000|  0%| F|  |TAMS 0x0000000088000000, 0x0000000088000000| Untracked 
| 129|0x0000000088100000, 0x0000000088100000, 0x0000000088200000|  0%| F|  |TAMS 0x0000000088100000, 0x0000000088100000| Untracked 
| 130|0x0000000088200000, 0x0000000088300000, 0x0000000088300000|100%| O|  |TAMS 0x0000000088300000, 0x0000000088200000| Untracked 
| 131|0x0000000088300000, 0x0000000088400000, 0x0000000088400000|100%| O|  |TAMS 0x0000000088400000, 0x0000000088300000| Untracked 
| 132|0x0000000088400000, 0x0000000088500000, 0x0000000088500000|100%| O|  |TAMS 0x0000000088500000, 0x0000000088400000| Untracked 
| 133|0x0000000088500000, 0x0000000088500000, 0x0000000088600000|  0%| F|  |TAMS 0x0000000088500000, 0x0000000088500000| Untracked 
| 134|0x0000000088600000, 0x0000000088600000, 0x0000000088700000|  0%| F|  |TAMS 0x0000000088600000, 0x0000000088600000| Untracked 
| 135|0x0000000088700000, 0x0000000088800000, 0x0000000088800000|100%| O|  |TAMS 0x0000000088800000, 0x0000000088700000| Untracked 
| 136|0x0000000088800000, 0x0000000088900000, 0x0000000088900000|100%| O|  |TAMS 0x0000000088900000, 0x0000000088800000| Untracked 
| 137|0x0000000088900000, 0x0000000088a00000, 0x0000000088a00000|100%| O|  |TAMS 0x0000000088a00000, 0x0000000088900000| Untracked 
| 138|0x0000000088a00000, 0x0000000088b00000, 0x0000000088b00000|100%| O|  |TAMS 0x0000000088ada000, 0x0000000088a00000| Untracked 
| 139|0x0000000088b00000, 0x0000000088b00000, 0x0000000088c00000|  0%| F|  |TAMS 0x0000000088b00000, 0x0000000088b00000| Untracked 
| 140|0x0000000088c00000, 0x0000000088c00000, 0x0000000088d00000|  0%| F|  |TAMS 0x0000000088c00000, 0x0000000088c00000| Untracked 
| 141|0x0000000088d00000, 0x0000000088d00000, 0x0000000088e00000|  0%| F|  |TAMS 0x0000000088d00000, 0x0000000088d00000| Untracked 
| 142|0x0000000088e00000, 0x0000000088e00000, 0x0000000088f00000|  0%| F|  |TAMS 0x0000000088e00000, 0x0000000088e00000| Untracked 
| 143|0x0000000088f00000, 0x0000000088f00000, 0x0000000089000000|  0%| F|  |TAMS 0x0000000088f00000, 0x0000000088f00000| Untracked 
| 144|0x0000000089000000, 0x0000000089000000, 0x0000000089100000|  0%| F|  |TAMS 0x0000000089000000, 0x0000000089000000| Untracked 
| 145|0x0000000089100000, 0x0000000089100000, 0x0000000089200000|  0%| F|  |TAMS 0x0000000089100000, 0x0000000089100000| Untracked 
| 146|0x0000000089200000, 0x0000000089200000, 0x0000000089300000|  0%| F|  |TAMS 0x0000000089200000, 0x0000000089200000| Untracked 
| 147|0x0000000089300000, 0x0000000089300000, 0x0000000089400000|  0%| F|  |TAMS 0x0000000089300000, 0x0000000089300000| Untracked 
| 148|0x0000000089400000, 0x0000000089400000, 0x0000000089500000|  0%| F|  |TAMS 0x0000000089400000, 0x0000000089400000| Untracked 
| 149|0x0000000089500000, 0x0000000089500000, 0x0000000089600000|  0%| F|  |TAMS 0x0000000089500000, 0x0000000089500000| Untracked 
| 150|0x0000000089600000, 0x0000000089600000, 0x0000000089700000|  0%| F|  |TAMS 0x0000000089600000, 0x0000000089600000| Untracked 
| 151|0x0000000089700000, 0x0000000089700000, 0x0000000089800000|  0%| F|  |TAMS 0x0000000089700000, 0x0000000089700000| Untracked 
| 152|0x0000000089800000, 0x0000000089800000, 0x0000000089900000|  0%| F|  |TAMS 0x0000000089800000, 0x0000000089800000| Untracked 
| 153|0x0000000089900000, 0x0000000089900000, 0x0000000089a00000|  0%| F|  |TAMS 0x0000000089900000, 0x0000000089900000| Untracked 
| 154|0x0000000089a00000, 0x0000000089a00000, 0x0000000089b00000|  0%| F|  |TAMS 0x0000000089a00000, 0x0000000089a00000| Untracked 
| 155|0x0000000089b00000, 0x0000000089b00000, 0x0000000089c00000|  0%| F|  |TAMS 0x0000000089b00000, 0x0000000089b00000| Untracked 
| 156|0x0000000089c00000, 0x0000000089c00000, 0x0000000089d00000|  0%| F|  |TAMS 0x0000000089c00000, 0x0000000089c00000| Untracked 
| 157|0x0000000089d00000, 0x0000000089d00000, 0x0000000089e00000|  0%| F|  |TAMS 0x0000000089d00000, 0x0000000089d00000| Untracked 
| 158|0x0000000089e00000, 0x0000000089e00000, 0x0000000089f00000|  0%| F|  |TAMS 0x0000000089e00000, 0x0000000089e00000| Untracked 
| 159|0x0000000089f00000, 0x0000000089f00000, 0x000000008a000000|  0%| F|  |TAMS 0x0000000089f00000, 0x0000000089f00000| Untracked 
| 160|0x000000008a000000, 0x000000008a000000, 0x000000008a100000|  0%| F|  |TAMS 0x000000008a000000, 0x000000008a000000| Untracked 
| 161|0x000000008a100000, 0x000000008a100000, 0x000000008a200000|  0%| F|  |TAMS 0x000000008a100000, 0x000000008a100000| Untracked 
| 162|0x000000008a200000, 0x000000008a26ab00, 0x000000008a300000| 41%| S|CS|TAMS 0x000000008a200000, 0x000000008a200000| Complete 
| 163|0x000000008a300000, 0x000000008a400000, 0x000000008a400000|100%| S|CS|TAMS 0x000000008a300000, 0x000000008a300000| Complete 
| 164|0x000000008a400000, 0x000000008a500000, 0x000000008a500000|100%| S|CS|TAMS 0x000000008a400000, 0x000000008a400000| Complete 
| 165|0x000000008a500000, 0x000000008a500000, 0x000000008a600000|  0%| F|  |TAMS 0x000000008a500000, 0x000000008a500000| Untracked 
| 166|0x000000008a600000, 0x000000008a600000, 0x000000008a700000|  0%| F|  |TAMS 0x000000008a600000, 0x000000008a600000| Untracked 
| 167|0x000000008a700000, 0x000000008a700000, 0x000000008a800000|  0%| F|  |TAMS 0x000000008a700000, 0x000000008a700000| Untracked 
| 168|0x000000008a800000, 0x000000008a800000, 0x000000008a900000|  0%| F|  |TAMS 0x000000008a800000, 0x000000008a800000| Untracked 
| 169|0x000000008a900000, 0x000000008a900000, 0x000000008aa00000|  0%| F|  |TAMS 0x000000008a900000, 0x000000008a900000| Untracked 
| 170|0x000000008aa00000, 0x000000008aa00000, 0x000000008ab00000|  0%| F|  |TAMS 0x000000008aa00000, 0x000000008aa00000| Untracked 
| 171|0x000000008ab00000, 0x000000008ab00000, 0x000000008ac00000|  0%| F|  |TAMS 0x000000008ab00000, 0x000000008ab00000| Untracked 
| 172|0x000000008ac00000, 0x000000008ac00000, 0x000000008ad00000|  0%| F|  |TAMS 0x000000008ac00000, 0x000000008ac00000| Untracked 
| 173|0x000000008ad00000, 0x000000008ad00000, 0x000000008ae00000|  0%| F|  |TAMS 0x000000008ad00000, 0x000000008ad00000| Untracked 
| 174|0x000000008ae00000, 0x000000008ae00000, 0x000000008af00000|  0%| F|  |TAMS 0x000000008ae00000, 0x000000008ae00000| Untracked 
| 175|0x000000008af00000, 0x000000008b000000, 0x000000008b000000|100%| S|CS|TAMS 0x000000008af00000, 0x000000008af00000| Complete 
| 176|0x000000008b000000, 0x000000008b100000, 0x000000008b100000|100%| S|CS|TAMS 0x000000008b000000, 0x000000008b000000| Complete 
| 177|0x000000008b100000, 0x000000008b200000, 0x000000008b200000|100%| S|CS|TAMS 0x000000008b100000, 0x000000008b100000| Complete 
| 178|0x000000008b200000, 0x000000008b300000, 0x000000008b300000|100%| S|CS|TAMS 0x000000008b200000, 0x000000008b200000| Complete 
| 179|0x000000008b300000, 0x000000008b400000, 0x000000008b400000|100%| S|CS|TAMS 0x000000008b300000, 0x000000008b300000| Complete 
| 180|0x000000008b400000, 0x000000008b500000, 0x000000008b500000|100%| S|CS|TAMS 0x000000008b400000, 0x000000008b400000| Complete 
| 181|0x000000008b500000, 0x000000008b500000, 0x000000008b600000|  0%| F|  |TAMS 0x000000008b500000, 0x000000008b500000| Untracked 
| 182|0x000000008b600000, 0x000000008b600000, 0x000000008b700000|  0%| F|  |TAMS 0x000000008b600000, 0x000000008b600000| Untracked 
| 183|0x000000008b700000, 0x000000008b700000, 0x000000008b800000|  0%| F|  |TAMS 0x000000008b700000, 0x000000008b700000| Untracked 
| 184|0x000000008b800000, 0x000000008b800000, 0x000000008b900000|  0%| F|  |TAMS 0x000000008b800000, 0x000000008b800000| Untracked 
| 185|0x000000008b900000, 0x000000008b900000, 0x000000008ba00000|  0%| F|  |TAMS 0x000000008b900000, 0x000000008b900000| Untracked 
| 186|0x000000008ba00000, 0x000000008ba00000, 0x000000008bb00000|  0%| F|  |TAMS 0x000000008ba00000, 0x000000008ba00000| Untracked 
| 187|0x000000008bb00000, 0x000000008bb00000, 0x000000008bc00000|  0%| F|  |TAMS 0x000000008bb00000, 0x000000008bb00000| Untracked 
| 188|0x000000008bc00000, 0x000000008bc00000, 0x000000008bd00000|  0%| F|  |TAMS 0x000000008bc00000, 0x000000008bc00000| Untracked 
| 189|0x000000008bd00000, 0x000000008bd00000, 0x000000008be00000|  0%| F|  |TAMS 0x000000008bd00000, 0x000000008bd00000| Untracked 
| 190|0x000000008be00000, 0x000000008be00000, 0x000000008bf00000|  0%| F|  |TAMS 0x000000008be00000, 0x000000008be00000| Untracked 
| 191|0x000000008bf00000, 0x000000008bf00000, 0x000000008c000000|  0%| F|  |TAMS 0x000000008bf00000, 0x000000008bf00000| Untracked 
| 192|0x000000008c000000, 0x000000008c000000, 0x000000008c100000|  0%| F|  |TAMS 0x000000008c000000, 0x000000008c000000| Untracked 
| 193|0x000000008c100000, 0x000000008c100000, 0x000000008c200000|  0%| F|  |TAMS 0x000000008c100000, 0x000000008c100000| Untracked 
| 194|0x000000008c200000, 0x000000008c200000, 0x000000008c300000|  0%| F|  |TAMS 0x000000008c200000, 0x000000008c200000| Untracked 
| 195|0x000000008c300000, 0x000000008c300000, 0x000000008c400000|  0%| F|  |TAMS 0x000000008c300000, 0x000000008c300000| Untracked 
| 196|0x000000008c400000, 0x000000008c400000, 0x000000008c500000|  0%| F|  |TAMS 0x000000008c400000, 0x000000008c400000| Untracked 
| 197|0x000000008c500000, 0x000000008c500000, 0x000000008c600000|  0%| F|  |TAMS 0x000000008c500000, 0x000000008c500000| Untracked 
| 198|0x000000008c600000, 0x000000008c600000, 0x000000008c700000|  0%| F|  |TAMS 0x000000008c600000, 0x000000008c600000| Untracked 
| 199|0x000000008c700000, 0x000000008c700000, 0x000000008c800000|  0%| F|  |TAMS 0x000000008c700000, 0x000000008c700000| Untracked 
| 200|0x000000008c800000, 0x000000008c800000, 0x000000008c900000|  0%| F|  |TAMS 0x000000008c800000, 0x000000008c800000| Untracked 
| 201|0x000000008c900000, 0x000000008c900000, 0x000000008ca00000|  0%| F|  |TAMS 0x000000008c900000, 0x000000008c900000| Untracked 
| 202|0x000000008ca00000, 0x000000008ca00000, 0x000000008cb00000|  0%| F|  |TAMS 0x000000008ca00000, 0x000000008ca00000| Untracked 
| 203|0x000000008cb00000, 0x000000008cb00000, 0x000000008cc00000|  0%| F|  |TAMS 0x000000008cb00000, 0x000000008cb00000| Untracked 
| 204|0x000000008cc00000, 0x000000008cc00000, 0x000000008cd00000|  0%| F|  |TAMS 0x000000008cc00000, 0x000000008cc00000| Untracked 
| 205|0x000000008cd00000, 0x000000008cd00000, 0x000000008ce00000|  0%| F|  |TAMS 0x000000008cd00000, 0x000000008cd00000| Untracked 
| 206|0x000000008ce00000, 0x000000008ce00000, 0x000000008cf00000|  0%| F|  |TAMS 0x000000008ce00000, 0x000000008ce00000| Untracked 
| 207|0x000000008cf00000, 0x000000008cf00000, 0x000000008d000000|  0%| F|  |TAMS 0x000000008cf00000, 0x000000008cf00000| Untracked 
| 208|0x000000008d000000, 0x000000008d000000, 0x000000008d100000|  0%| F|  |TAMS 0x000000008d000000, 0x000000008d000000| Untracked 
| 209|0x000000008d100000, 0x000000008d100000, 0x000000008d200000|  0%| F|  |TAMS 0x000000008d100000, 0x000000008d100000| Untracked 
| 210|0x000000008d200000, 0x000000008d200000, 0x000000008d300000|  0%| F|  |TAMS 0x000000008d200000, 0x000000008d200000| Untracked 
| 211|0x000000008d300000, 0x000000008d300000, 0x000000008d400000|  0%| F|  |TAMS 0x000000008d300000, 0x000000008d300000| Untracked 
| 212|0x000000008d400000, 0x000000008d431b58, 0x000000008d500000| 19%| E|  |TAMS 0x000000008d400000, 0x000000008d400000| Complete 
| 213|0x000000008d500000, 0x000000008d600000, 0x000000008d600000|100%| E|CS|TAMS 0x000000008d500000, 0x000000008d500000| Complete 
| 214|0x000000008d600000, 0x000000008d700000, 0x000000008d700000|100%| E|CS|TAMS 0x000000008d600000, 0x000000008d600000| Complete 
| 215|0x000000008d700000, 0x000000008d800000, 0x000000008d800000|100%| E|CS|TAMS 0x000000008d700000, 0x000000008d700000| Complete 
| 216|0x000000008d800000, 0x000000008d900000, 0x000000008d900000|100%| E|CS|TAMS 0x000000008d800000, 0x000000008d800000| Complete 
| 217|0x000000008d900000, 0x000000008da00000, 0x000000008da00000|100%| E|CS|TAMS 0x000000008d900000, 0x000000008d900000| Complete 
| 218|0x000000008da00000, 0x000000008db00000, 0x000000008db00000|100%| E|CS|TAMS 0x000000008da00000, 0x000000008da00000| Complete 
| 219|0x000000008db00000, 0x000000008dc00000, 0x000000008dc00000|100%| E|CS|TAMS 0x000000008db00000, 0x000000008db00000| Complete 
| 220|0x000000008dc00000, 0x000000008dd00000, 0x000000008dd00000|100%| E|CS|TAMS 0x000000008dc00000, 0x000000008dc00000| Complete 
| 221|0x000000008dd00000, 0x000000008de00000, 0x000000008de00000|100%| E|CS|TAMS 0x000000008dd00000, 0x000000008dd00000| Complete 
| 222|0x000000008de00000, 0x000000008df00000, 0x000000008df00000|100%| E|CS|TAMS 0x000000008de00000, 0x000000008de00000| Complete 
| 223|0x000000008df00000, 0x000000008e000000, 0x000000008e000000|100%| E|CS|TAMS 0x000000008df00000, 0x000000008df00000| Complete 
| 224|0x000000008e000000, 0x000000008e100000, 0x000000008e100000|100%| E|CS|TAMS 0x000000008e000000, 0x000000008e000000| Complete 
| 225|0x000000008e100000, 0x000000008e200000, 0x000000008e200000|100%| E|CS|TAMS 0x000000008e100000, 0x000000008e100000| Complete 
| 226|0x000000008e200000, 0x000000008e300000, 0x000000008e300000|100%| E|CS|TAMS 0x000000008e200000, 0x000000008e200000| Complete 
| 227|0x000000008e300000, 0x000000008e400000, 0x000000008e400000|100%| E|CS|TAMS 0x000000008e300000, 0x000000008e300000| Complete 
| 228|0x000000008e400000, 0x000000008e500000, 0x000000008e500000|100%| E|CS|TAMS 0x000000008e400000, 0x000000008e400000| Complete 
| 229|0x000000008e500000, 0x000000008e600000, 0x000000008e600000|100%| E|CS|TAMS 0x000000008e500000, 0x000000008e500000| Complete 
| 230|0x000000008e600000, 0x000000008e700000, 0x000000008e700000|100%| E|CS|TAMS 0x000000008e600000, 0x000000008e600000| Complete 
| 231|0x000000008e700000, 0x000000008e800000, 0x000000008e800000|100%| E|CS|TAMS 0x000000008e700000, 0x000000008e700000| Complete 
| 232|0x000000008e800000, 0x000000008e900000, 0x000000008e900000|100%| E|CS|TAMS 0x000000008e800000, 0x000000008e800000| Complete 
| 233|0x000000008e900000, 0x000000008ea00000, 0x000000008ea00000|100%| E|CS|TAMS 0x000000008e900000, 0x000000008e900000| Complete 
| 234|0x000000008ea00000, 0x000000008eb00000, 0x000000008eb00000|100%| E|CS|TAMS 0x000000008ea00000, 0x000000008ea00000| Complete 
| 235|0x000000008eb00000, 0x000000008ec00000, 0x000000008ec00000|100%| E|CS|TAMS 0x000000008eb00000, 0x000000008eb00000| Complete 
| 236|0x000000008ec00000, 0x000000008ed00000, 0x000000008ed00000|100%| E|CS|TAMS 0x000000008ec00000, 0x000000008ec00000| Complete 
| 237|0x000000008ed00000, 0x000000008ee00000, 0x000000008ee00000|100%| E|CS|TAMS 0x000000008ed00000, 0x000000008ed00000| Complete 
| 238|0x000000008ee00000, 0x000000008ef00000, 0x000000008ef00000|100%| E|CS|TAMS 0x000000008ee00000, 0x000000008ee00000| Complete 
| 239|0x000000008ef00000, 0x000000008f000000, 0x000000008f000000|100%| E|CS|TAMS 0x000000008ef00000, 0x000000008ef00000| Complete 
| 240|0x000000008f000000, 0x000000008f100000, 0x000000008f100000|100%| E|CS|TAMS 0x000000008f000000, 0x000000008f000000| Complete 
| 241|0x000000008f100000, 0x000000008f200000, 0x000000008f200000|100%| E|CS|TAMS 0x000000008f100000, 0x000000008f100000| Complete 
| 242|0x000000008f200000, 0x000000008f300000, 0x000000008f300000|100%| E|CS|TAMS 0x000000008f200000, 0x000000008f200000| Complete 
| 243|0x000000008f300000, 0x000000008f400000, 0x000000008f400000|100%| E|CS|TAMS 0x000000008f300000, 0x000000008f300000| Complete 
| 244|0x000000008f400000, 0x000000008f500000, 0x000000008f500000|100%| E|CS|TAMS 0x000000008f400000, 0x000000008f400000| Complete 
| 245|0x000000008f500000, 0x000000008f600000, 0x000000008f600000|100%| E|CS|TAMS 0x000000008f500000, 0x000000008f500000| Complete 
| 246|0x000000008f600000, 0x000000008f700000, 0x000000008f700000|100%| E|CS|TAMS 0x000000008f600000, 0x000000008f600000| Complete 
| 247|0x000000008f700000, 0x000000008f800000, 0x000000008f800000|100%| E|CS|TAMS 0x000000008f700000, 0x000000008f700000| Complete 
| 248|0x000000008f800000, 0x000000008f900000, 0x000000008f900000|100%| E|CS|TAMS 0x000000008f800000, 0x000000008f800000| Complete 
| 249|0x000000008f900000, 0x000000008fa00000, 0x000000008fa00000|100%| E|CS|TAMS 0x000000008f900000, 0x000000008f900000| Complete 
| 250|0x000000008fa00000, 0x000000008fb00000, 0x000000008fb00000|100%| E|CS|TAMS 0x000000008fa00000, 0x000000008fa00000| Complete 
| 251|0x000000008fb00000, 0x000000008fc00000, 0x000000008fc00000|100%| E|CS|TAMS 0x000000008fb00000, 0x000000008fb00000| Complete 
| 252|0x000000008fc00000, 0x000000008fd00000, 0x000000008fd00000|100%| E|CS|TAMS 0x000000008fc00000, 0x000000008fc00000| Complete 
| 253|0x000000008fd00000, 0x000000008fe00000, 0x000000008fe00000|100%| E|CS|TAMS 0x000000008fd00000, 0x000000008fd00000| Complete 
| 254|0x000000008fe00000, 0x000000008ff00000, 0x000000008ff00000|100%| E|CS|TAMS 0x000000008fe00000, 0x000000008fe00000| Complete 
| 255|0x000000008ff00000, 0x0000000090000000, 0x0000000090000000|100%| E|CS|TAMS 0x000000008ff00000, 0x000000008ff00000| Complete 
| 256|0x0000000090000000, 0x0000000090100000, 0x0000000090100000|100%| E|CS|TAMS 0x0000000090000000, 0x0000000090000000| Complete 
| 257|0x0000000090100000, 0x0000000090200000, 0x0000000090200000|100%| E|CS|TAMS 0x0000000090100000, 0x0000000090100000| Complete 
| 258|0x0000000090200000, 0x0000000090300000, 0x0000000090300000|100%| E|CS|TAMS 0x0000000090200000, 0x0000000090200000| Complete 
| 259|0x0000000090300000, 0x0000000090400000, 0x0000000090400000|100%| E|CS|TAMS 0x0000000090300000, 0x0000000090300000| Complete 
| 260|0x0000000090400000, 0x0000000090500000, 0x0000000090500000|100%| E|CS|TAMS 0x0000000090400000, 0x0000000090400000| Complete 
| 261|0x0000000090500000, 0x0000000090600000, 0x0000000090600000|100%| E|CS|TAMS 0x0000000090500000, 0x0000000090500000| Complete 
| 262|0x0000000090600000, 0x0000000090700000, 0x0000000090700000|100%| E|CS|TAMS 0x0000000090600000, 0x0000000090600000| Complete 
| 263|0x0000000090700000, 0x0000000090800000, 0x0000000090800000|100%| E|CS|TAMS 0x0000000090700000, 0x0000000090700000| Complete 

Card table byte_map: [0x000002d2d3260000,0x000002d2d3660000] _byte_map_base: 0x000002d2d2e60000

Marking Bits (Prev, Next): (CMBitMap*) 0x000002d2bb72f6c0, (CMBitMap*) 0x000002d2bb72f688
 Prev Bits: [0x000002d2d5a60000, 0x000002d2d7a60000)
 Next Bits: [0x000002d2d3a60000, 0x000002d2d5a60000)

Polling page: 0x000002d2b94b0000

Metaspace:

Usage:
  Non-class:     98.82 MB capacity,    96.99 MB ( 98%) used,     1.47 MB (  1%) free+waste,   360.75 KB ( <1%) overhead. 
      Class:     15.05 MB capacity,    13.96 MB ( 93%) used,   958.53 KB (  6%) free+waste,   161.13 KB (  1%) overhead. 
       Both:    113.87 MB capacity,   110.95 MB ( 97%) used,     2.41 MB (  2%) free+waste,   521.88 KB ( <1%) overhead. 

Virtual space:
  Non-class space:      100.00 MB reserved,      99.00 MB ( 99%) committed 
      Class space:        1.00 GB reserved,      15.13 MB (  1%) committed 
             Both:        1.10 GB reserved,     114.13 MB ( 10%) committed 

Chunk freelists:
   Non-Class:  3.00 KB
       Class:  0 bytes
        Both:  3.00 KB

MaxMetaspaceSize: 17179869184.00 GB
CompressedClassSpaceSize: 1.00 GB
Initial GC threshold: 20.80 MB
Current GC threshold: 166.88 MB
CDS: off

CodeHeap 'non-profiled nmethods': size=120064Kb used=9788Kb max_used=10351Kb free=110275Kb
 bounds [0x000002d2cb920000, 0x000002d2cc340000, 0x000002d2d2e60000]
CodeHeap 'profiled nmethods': size=120000Kb used=33510Kb max_used=35612Kb free=86489Kb
 bounds [0x000002d2c43f0000, 0x000002d2c66c0000, 0x000002d2cb920000]
CodeHeap 'non-nmethods': size=5696Kb used=2460Kb max_used=2519Kb free=3235Kb
 bounds [0x000002d2c3e60000, 0x000002d2c40f0000, 0x000002d2c43f0000]
 total_blobs=16331 nmethods=15327 adapters=916
 compilation: enabled
              stopped_count=0, restarted_count=0
 full_count=0

Compilation events (20 events):
Event: 41.571 Thread 0x000002d2d9e7b000 nmethod 16303 0x000002d2c4406090 code [0x000002d2c4406340, 0x000002d2c4407128]
Event: 41.571 Thread 0x000002d2d9e7b000 16304       3       org.gradle.internal.snapshot.AbstractIncompleteFileSystemNode$1::<init> (20 bytes)
Event: 41.572 Thread 0x000002d2d9e7b000 nmethod 16304 0x000002d2c48bca10 code [0x000002d2c48bcbc0, 0x000002d2c48bce38]
Event: 41.572 Thread 0x000002d2d9e7b000 16305       3       org.gradle.internal.snapshot.AbstractListChildMap::invalidate (72 bytes)
Event: 41.573 Thread 0x000002d2d9e7b000 nmethod 16305 0x000002d2c450d310 code [0x000002d2c450d620, 0x000002d2c450e958]
Event: 41.577 Thread 0x000002d2d9e74800 nmethod 16292 0x000002d2cb958310 code [0x000002d2cb958520, 0x000002d2cb958cb0]
Event: 41.577 Thread 0x000002d2d9e74800 16301       4       java.lang.StringBuilder::append (10 bytes)
Event: 41.577 Thread 0x000002d2d9e74800 nmethod 16301 0x000002d2cb9c9f10 code [0x000002d2cb9ca0a0, 0x000002d2cb9ca128]
Event: 41.578 Thread 0x000002d2d9e74800 16302   !   4       java.io.Writer::write (52 bytes)
Event: 41.583 Thread 0x000002d2d9e74800 nmethod 16302 0x000002d2cbab6c10 code [0x000002d2cbab6dc0, 0x000002d2cbab7308]
Event: 41.599 Thread 0x000002d2e2c81800 nmethod 16298 0x000002d2cbbd7810 code [0x000002d2cbbd7aa0, 0x000002d2cbbd9260]
Event: 42.258 Thread 0x000002d2d9e7b000 16306       3       org.gradle.internal.serialize.InputStreamBackedDecoder::readString (8 bytes)
Event: 42.259 Thread 0x000002d2d9e7b000 nmethod 16306 0x000002d2c45ea090 code [0x000002d2c45ea260, 0x000002d2c45ea3e8]
Event: 43.486 Thread 0x000002d2d9e7b000 16307       3       java.util.HashMap$ValueSpliterator::tryAdvance (138 bytes)
Event: 43.487 Thread 0x000002d2d9e7b000 nmethod 16307 0x000002d2c4813890 code [0x000002d2c4813ac0, 0x000002d2c48141d8]
Event: 43.487 Thread 0x000002d2d9e7b000 16308       3       java.lang.management.ManagementFactory$PlatformMBeanFinder$$Lambda$60/0x0000000100162040::test (12 bytes)
Event: 43.487 Thread 0x000002d2d9e7b000 nmethod 16308 0x000002d2c4536910 code [0x000002d2c4536b00, 0x000002d2c4536ef8]
Event: 49.624 Thread 0x000002d2d9e74800 16309       4       java.io.DataOutputStream::<init> (19 bytes)
Event: 49.628 Thread 0x000002d2d9e74800 nmethod 16309 0x000002d2cb957c10 code [0x000002d2cb957dc0, 0x000002d2cb9581b8]
Event: 49.629 Thread 0x000002d2d9e74800 16310       4       java.util.Properties::getProperty (50 bytes)

GC Heap History (20 events):
Event: 18.193 GC heap before
{Heap before GC invocations=27 (full 0):
 garbage-first heap   total 270336K, used 131584K [0x0000000080000000, 0x0000000100000000)
  region size 1024K, 8 young (8192K), 6 survivors (6144K)
 Metaspace       used 92158K, capacity 94537K, committed 94848K, reserved 1130496K
  class space    used 11928K, capacity 12894K, committed 12928K, reserved 1048576K
}
Event: 18.205 GC heap after
{Heap after GC invocations=28 (full 0):
 garbage-first heap   total 270336K, used 133183K [0x0000000080000000, 0x0000000100000000)
  region size 1024K, 6 young (6144K), 6 survivors (6144K)
 Metaspace       used 92158K, capacity 94537K, committed 94848K, reserved 1130496K
  class space    used 11928K, capacity 12894K, committed 12928K, reserved 1048576K
}
Event: 19.185 GC heap before
{Heap before GC invocations=29 (full 0):
 garbage-first heap   total 270336K, used 183359K [0x0000000080000000, 0x0000000100000000)
  region size 1024K, 47 young (48128K), 6 survivors (6144K)
 Metaspace       used 94824K, capacity 97229K, committed 97536K, reserved 1134592K
  class space    used 12238K, capacity 13214K, committed 13312K, reserved 1048576K
}
Event: 19.200 GC heap after
{Heap after GC invocations=30 (full 0):
 garbage-first heap   total 270336K, used 138092K [0x0000000080000000, 0x0000000100000000)
  region size 1024K, 5 young (5120K), 5 survivors (5120K)
 Metaspace       used 94824K, capacity 97229K, committed 97536K, reserved 1134592K
  class space    used 12238K, capacity 13214K, committed 13312K, reserved 1048576K
}
Event: 19.361 GC heap before
{Heap before GC invocations=30 (full 0):
 garbage-first heap   total 270336K, used 147308K [0x0000000080000000, 0x0000000100000000)
  region size 1024K, 16 young (16384K), 5 survivors (5120K)
 Metaspace       used 94902K, capacity 97357K, committed 97536K, reserved 1134592K
  class space    used 12245K, capacity 13214K, committed 13312K, reserved 1048576K
}
Event: 19.386 GC heap after
{Heap after GC invocations=31 (full 0):
 garbage-first heap   total 270336K, used 143954K [0x0000000080000000, 0x0000000100000000)
  region size 1024K, 6 young (6144K), 6 survivors (6144K)
 Metaspace       used 94902K, capacity 97357K, committed 97536K, reserved 1134592K
  class space    used 12245K, capacity 13214K, committed 13312K, reserved 1048576K
}
Event: 20.107 GC heap before
{Heap before GC invocations=32 (full 0):
 garbage-first heap   total 270336K, used 204370K [0x0000000080000000, 0x0000000100000000)
  region size 1024K, 51 young (52224K), 6 survivors (6144K)
 Metaspace       used 97803K, capacity 100412K, committed 100608K, reserved 1136640K
  class space    used 12483K, capacity 13480K, committed 13568K, reserved 1048576K
}
Event: 20.116 GC heap after
{Heap after GC invocations=33 (full 0):
 garbage-first heap   total 270336K, used 143676K [0x0000000080000000, 0x0000000100000000)
  region size 1024K, 7 young (7168K), 7 survivors (7168K)
 Metaspace       used 97803K, capacity 100412K, committed 100608K, reserved 1136640K
  class space    used 12483K, capacity 13480K, committed 13568K, reserved 1048576K
}
Event: 20.540 GC heap before
{Heap before GC invocations=33 (full 0):
 garbage-first heap   total 270336K, used 194876K [0x0000000080000000, 0x0000000100000000)
  region size 1024K, 57 young (58368K), 7 survivors (7168K)
 Metaspace       used 99782K, capacity 102378K, committed 102528K, reserved 1138688K
  class space    used 12645K, capacity 13640K, committed 13696K, reserved 1048576K
}
Event: 20.546 GC heap after
{Heap after GC invocations=34 (full 0):
 garbage-first heap   total 270336K, used 143208K [0x0000000080000000, 0x0000000100000000)
  region size 1024K, 1 young (1024K), 1 survivors (1024K)
 Metaspace       used 99782K, capacity 102378K, committed 102528K, reserved 1138688K
  class space    used 12645K, capacity 13640K, committed 13696K, reserved 1048576K
}
Event: 21.799 GC heap before
{Heap before GC invocations=35 (full 0):
 garbage-first heap   total 270336K, used 172904K [0x0000000080000000, 0x0000000100000000)
  region size 1024K, 56 young (57344K), 1 survivors (1024K)
 Metaspace       used 100493K, capacity 103086K, committed 103296K, reserved 1138688K
  class space    used 12708K, capacity 13683K, committed 13696K, reserved 1048576K
}
Event: 21.803 GC heap after
{Heap after GC invocations=36 (full 0):
 garbage-first heap   total 270336K, used 116820K [0x0000000080000000, 0x0000000100000000)
  region size 1024K, 2 young (2048K), 2 survivors (2048K)
 Metaspace       used 100493K, capacity 103086K, committed 103296K, reserved 1138688K
  class space    used 12708K, capacity 13683K, committed 13696K, reserved 1048576K
}
Event: 22.049 GC heap before
{Heap before GC invocations=36 (full 0):
 garbage-first heap   total 270336K, used 128084K [0x0000000080000000, 0x0000000100000000)
  region size 1024K, 13 young (13312K), 2 survivors (2048K)
 Metaspace       used 101084K, capacity 103657K, committed 103936K, reserved 1138688K
  class space    used 12769K, capacity 13759K, committed 13824K, reserved 1048576K
}
Event: 22.053 GC heap after
{Heap after GC invocations=37 (full 0):
 garbage-first heap   total 270336K, used 106440K [0x0000000080000000, 0x0000000100000000)
  region size 1024K, 1 young (1024K), 1 survivors (1024K)
 Metaspace       used 101084K, capacity 103657K, committed 103936K, reserved 1138688K
  class space    used 12769K, capacity 13759K, committed 13824K, reserved 1048576K
}
Event: 25.517 GC heap before
{Heap before GC invocations=37 (full 0):
 garbage-first heap   total 270336K, used 188360K [0x0000000080000000, 0x0000000100000000)
  region size 1024K, 82 young (83968K), 1 survivors (1024K)
 Metaspace       used 104123K, capacity 106735K, committed 106880K, reserved 1142784K
  class space    used 13129K, capacity 14125K, committed 14208K, reserved 1048576K
}
Event: 25.526 GC heap after
{Heap after GC invocations=38 (full 0):
 garbage-first heap   total 270336K, used 111163K [0x0000000080000000, 0x0000000100000000)
  region size 1024K, 6 young (6144K), 6 survivors (6144K)
 Metaspace       used 104123K, capacity 106735K, committed 106880K, reserved 1142784K
  class space    used 13129K, capacity 14125K, committed 14208K, reserved 1048576K
}
Event: 26.775 GC heap before
{Heap before GC invocations=38 (full 0):
 garbage-first heap   total 270336K, used 195131K [0x0000000080000000, 0x0000000100000000)
  region size 1024K, 89 young (91136K), 6 survivors (6144K)
 Metaspace       used 107579K, capacity 110268K, committed 110336K, reserved 1144832K
  class space    used 13538K, capacity 14559K, committed 14592K, reserved 1048576K
}
Event: 26.786 GC heap after
{Heap after GC invocations=39 (full 0):
 garbage-first heap   total 270336K, used 115656K [0x0000000080000000, 0x0000000100000000)
  region size 1024K, 10 young (10240K), 10 survivors (10240K)
 Metaspace       used 107579K, capacity 110268K, committed 110336K, reserved 1144832K
  class space    used 13538K, capacity 14559K, committed 14592K, reserved 1048576K
}
Event: 31.092 GC heap before
{Heap before GC invocations=39 (full 0):
 garbage-first heap   total 270336K, used 199624K [0x0000000080000000, 0x0000000100000000)
  region size 1024K, 93 young (95232K), 10 survivors (10240K)
 Metaspace       used 109235K, capacity 112049K, committed 112128K, reserved 1146880K
  class space    used 13716K, capacity 14769K, committed 14848K, reserved 1048576K
}
Event: 31.105 GC heap after
{Heap after GC invocations=40 (full 0):
 garbage-first heap   total 270336K, used 119654K [0x0000000080000000, 0x0000000100000000)
  region size 1024K, 9 young (9216K), 9 survivors (9216K)
 Metaspace       used 109235K, capacity 112049K, committed 112128K, reserved 1146880K
  class space    used 13716K, capacity 14769K, committed 14848K, reserved 1048576K
}

Deoptimization events (20 events):
Event: 33.060 Thread 0x000002d2e0308800 DEOPT PACKING pc=0x000002d2c4499dfd sp=0x000000dd92bfc190
Event: 33.060 Thread 0x000002d2e0308800 DEOPT UNPACKING pc=0x000002d2c3eaa95e sp=0x000000dd92bfb658 mode 0
Event: 33.162 Thread 0x000002d2e0316000 Uncommon trap: trap_request=0xffffffde fr.pc=0x000002d2cc2af9a4 relative=0x0000000000000104
Event: 33.162 Thread 0x000002d2e0316000 Uncommon trap: reason=class_check action=maybe_recompile pc=0x000002d2cc2af9a4 method=java.lang.reflect.Array.newInstance(Ljava/lang/Class;I)Ljava/lang/Object; @ 2 c2
Event: 33.162 Thread 0x000002d2e0316000 DEOPT PACKING pc=0x000002d2cc2af9a4 sp=0x000000dd936faf40
Event: 33.162 Thread 0x000002d2e0316000 DEOPT UNPACKING pc=0x000002d2c3eaa1af sp=0x000000dd936faed8 mode 2
Event: 34.061 Thread 0x000002d2dc693000 DEOPT PACKING pc=0x000002d2c45758c4 sp=0x000000dd8ecff000
Event: 34.061 Thread 0x000002d2dc693000 DEOPT UNPACKING pc=0x000002d2c3eaa95e sp=0x000000dd8ecfe5a0 mode 0
Event: 34.071 Thread 0x000002d2dc693000 DEOPT PACKING pc=0x000002d2c45758c4 sp=0x000000dd8ecff000
Event: 34.071 Thread 0x000002d2dc693000 DEOPT UNPACKING pc=0x000002d2c3eaa95e sp=0x000000dd8ecfe5a0 mode 0
Event: 34.081 Thread 0x000002d2dc693000 DEOPT PACKING pc=0x000002d2c45758c4 sp=0x000000dd8ecff000
Event: 34.081 Thread 0x000002d2dc693000 DEOPT UNPACKING pc=0x000002d2c3eaa95e sp=0x000000dd8ecfe5a0 mode 0
Event: 41.544 Thread 0x000002d2e0308800 Uncommon trap: trap_request=0xffffff4d fr.pc=0x000002d2cc2a94b0 relative=0x0000000000000070
Event: 41.544 Thread 0x000002d2e0308800 Uncommon trap: reason=unstable_if action=reinterpret pc=0x000002d2cc2a94b0 method=org.gradle.internal.logging.slf4j.OutputEventListenerBackedLogger.isLevelAtMost(Lorg/gradle/api/logging/LogLevel;)Z @ 11 c2
Event: 41.544 Thread 0x000002d2e0308800 DEOPT PACKING pc=0x000002d2cc2a94b0 sp=0x000000dd92bfd9a0
Event: 41.544 Thread 0x000002d2e0308800 DEOPT UNPACKING pc=0x000002d2c3eaa1af sp=0x000000dd92bfd940 mode 2
Event: 49.629 Thread 0x000002d2e0313800 Uncommon trap: trap_request=0xffffffde fr.pc=0x000002d2cc2feed8 relative=0x00000000000000f8
Event: 49.629 Thread 0x000002d2e0313800 Uncommon trap: reason=class_check action=maybe_recompile pc=0x000002d2cc2feed8 method=java.lang.ThreadLocal.setInitialValue()Ljava/lang/Object; @ 31 c2
Event: 49.629 Thread 0x000002d2e0313800 DEOPT PACKING pc=0x000002d2cc2feed8 sp=0x000000dd937feb10
Event: 49.629 Thread 0x000002d2e0313800 DEOPT UNPACKING pc=0x000002d2c3eaa1af sp=0x000000dd937fea90 mode 2

Classes redefined (0 events):
No events

Internal exceptions (20 events):
Event: 32.965 Thread 0x000002d2e0308800 Exception <a 'java/lang/NoSuchMethodError'{0x000000008db21358}: 'java.lang.Object java.lang.invoke.DelegatingMethodHandle$Holder.reinvoke_L(java.lang.Object, int, int, java.lang.Object, int, java.lang.Object, java.lang.Object)'> (0x000000008db21358) thrown at [./src/hotspot/share/interpreter/linkResolver.cpp, line 773]
Event: 32.967 Thread 0x000002d2e0308800 Exception <a 'java/lang/NoSuchMethodError'{0x000000008db4b758}: 'java.lang.Object java.lang.invoke.DirectMethodHandle$Holder.invokeStatic(java.lang.Object, java.lang.Object, java.lang.Object, java.lang.Object, java.lang.Object, java.lang.Object, java.lang.Object, java.lang.Object, int)'> (0x000000008db4b758) thrown at [./src/hotspot/share/interpreter/linkResolver.cpp, line 773]
Event: 32.968 Thread 0x000002d2e0308800 Exception <a 'java/lang/NoSuchMethodError'{0x000000008db71f88}: 'java.lang.Object java.lang.invoke.DirectMethodHandle$Holder.invokeStatic(java.lang.Object, java.lang.Object, java.lang.Object, java.lang.Object, java.lang.Object, java.lang.Object, java.lang.Object, java.lang.Object, int, int)'> (0x000000008db71f88) thrown at [./src/hotspot/share/interpreter/linkResolver.cpp, line 773]
Event: 32.970 Thread 0x000002d2e0308800 Exception <a 'java/lang/NoSuchMethodError'{0x000000008db8cb80}: 'java.lang.Object java.lang.invoke.DirectMethodHandle$Holder.invokeStatic(java.lang.Object, java.lang.Object, java.lang.Object, java.lang.Object, java.lang.Object, java.lang.Object, java.lang.Object, java.lang.Object, int, int, java.lang.Object)'> (0x000000008db8cb80) thrown at [./src/hotspot/share/interpreter/linkResolver.cpp, line 773]
Event: 32.971 Thread 0x000002d2e0308800 Exception <a 'java/lang/NoSuchMethodError'{0x000000008dba9358}: 'java.lang.Object java.lang.invoke.DirectMethodHandle$Holder.invokeStatic(java.lang.Object, java.lang.Object, java.lang.Object, java.lang.Object, java.lang.Object, java.lang.Object, java.lang.Object, java.lang.Object, int, int, java.lang.Object, java.lang.Object)'> (0x000000008dba9358) thrown at [./src/hotspot/share/interpreter/linkResolver.cpp, line 773]
Event: 32.980 Thread 0x000002d2e0308800 Exception <a 'java/lang/NoSuchMethodError'{0x000000008dbdba68}: <clinit>> (0x000000008dbdba68) thrown at [./src/hotspot/share/prims/jni.cpp, line 1367]
Event: 32.982 Thread 0x000002d2e0308800 Exception <a 'java/lang/NoSuchMethodError'{0x000000008dbfe3f8}: <clinit>> (0x000000008dbfe3f8) thrown at [./src/hotspot/share/prims/jni.cpp, line 1367]
Event: 32.992 Thread 0x000002d2e0312000 Exception <a 'java/lang/InterruptedException'{0x000000008da15070}> (0x000000008da15070) thrown at [./src/hotspot/share/runtime/objectMonitor.cpp, line 1635]
Event: 32.994 Thread 0x000002d2e0312000 Exception <a 'java/lang/NoSuchMethodError'{0x000000008da31990}: 'java.lang.Object java.lang.invoke.DirectMethodHandle$Holder.invokeStatic(java.lang.Object, java.lang.Object, int, java.lang.Object, long)'> (0x000000008da31990) thrown at [./src/hotspot/share/interpreter/linkResolver.cpp, line 773]
Event: 33.013 Thread 0x000002d2e0308800 Exception <a 'java/lang/NoSuchMethodError'{0x000000008da58a10}: <clinit>> (0x000000008da58a10) thrown at [./src/hotspot/share/prims/jni.cpp, line 1367]
Event: 33.014 Thread 0x000002d2e0308800 Exception <a 'java/lang/NoSuchMethodError'{0x000000008da64a00}: <clinit>> (0x000000008da64a00) thrown at [./src/hotspot/share/prims/jni.cpp, line 1367]
Event: 33.014 Thread 0x000002d2e0308800 Exception <a 'java/lang/NoSuchMethodError'{0x000000008da71d08}: <clinit>> (0x000000008da71d08) thrown at [./src/hotspot/share/prims/jni.cpp, line 1367]
Event: 33.019 Thread 0x000002d2e0308800 Exception <a 'java/lang/NoSuchMethodError'{0x000000008da904f0}: <clinit>> (0x000000008da904f0) thrown at [./src/hotspot/share/prims/jni.cpp, line 1367]
Event: 33.042 Thread 0x000002d2e0308800 Exception <a 'java/lang/NoSuchMethodError'{0x000000008d816498}: <clinit>> (0x000000008d816498) thrown at [./src/hotspot/share/prims/jni.cpp, line 1367]
Event: 33.158 Thread 0x000002d2e0316000 Exception <a 'java/lang/NoSuchMethodError'{0x000000008d7c7bb8}: 'java.lang.Object java.lang.invoke.DelegatingMethodHandle$Holder.reinvoke_L(java.lang.Object, int, java.lang.Object)'> (0x000000008d7c7bb8) thrown at [./src/hotspot/share/interpreter/linkResolver.cpp, line 773]
Event: 41.520 Thread 0x000002d2e0316000 Exception <a 'sun/net/ConnectionResetException'{0x000000008d7dc3f8}: > (0x000000008d7dc3f8) thrown at [./src/hotspot/share/prims/jni.cpp, line 638]
Event: 41.520 Thread 0x000002d2e0308800 Exception <a 'sun/net/ConnectionResetException'{0x000000008d7740c8}: > (0x000000008d7740c8) thrown at [./src/hotspot/share/prims/jni.cpp, line 638]
Event: 41.521 Thread 0x000002d2e0308800 Exception <a 'java/net/ConnectException'{0x000000008d65c8d8}: Connection refused: connect> (0x000000008d65c8d8) thrown at [./src/hotspot/share/prims/jni.cpp, line 638]
Event: 41.533 Thread 0x000002d2e0308800 Exception <a 'java/net/ConnectException'{0x000000008d65d470}: Connection refused: connect> (0x000000008d65d470) thrown at [./src/hotspot/share/prims/jni.cpp, line 638]
Event: 41.544 Thread 0x000002d2e0308800 Exception <a 'java/net/ConnectException'{0x000000008d65def8}: Connection refused: connect> (0x000000008d65def8) thrown at [./src/hotspot/share/prims/jni.cpp, line 638]

Events (20 events):
Event: 41.572 loading class org/jetbrains/kotlin/cli/common/messages/MessageRenderer$3
Event: 41.572 loading class org/jetbrains/kotlin/cli/common/messages/MessageRenderer$3 done
Event: 41.572 loading class org/jetbrains/kotlin/cli/common/messages/MessageRenderer$4
Event: 41.572 loading class org/jetbrains/kotlin/cli/common/messages/MessageRenderer$4 done
Event: 41.577 loading class org/jetbrains/kotlin/compilerRunner/ReportUtilsKt$runToolInSeparateProcess$readErrThread$1
Event: 41.577 loading class org/jetbrains/kotlin/compilerRunner/ReportUtilsKt$runToolInSeparateProcess$readErrThread$1 done
Event: 41.578 Thread 0x000002d2e0313800 Thread added: 0x000002d2e0313800
Event: 41.578 loading class org/jetbrains/kotlin/compilerRunner/ReportUtilsKt$runToolInSeparateProcess$1
Event: 41.578 loading class org/jetbrains/kotlin/compilerRunner/ReportUtilsKt$runToolInSeparateProcess$1 done
Event: 41.579 loading class org/jetbrains/kotlin/compilerRunner/ReportUtilsKt$runToolInSeparateProcess$readErrThread$1$1
Event: 41.579 loading class org/jetbrains/kotlin/compilerRunner/ReportUtilsKt$runToolInSeparateProcess$readErrThread$1$1 done
Event: 42.258 Thread 0x000002d2e2c81800 Thread exited: 0x000002d2e2c81800
Event: 42.694 loading class org/gradle/execution/plan/DefaultPlanExecutor$MergedQueues
Event: 42.694 loading class org/gradle/execution/plan/DefaultPlanExecutor$MergedQueues done
Event: 42.704 loading class org/gradle/execution/plan/WorkSource$Diagnostics
Event: 42.704 loading class org/gradle/execution/plan/WorkSource$Diagnostics done
Event: 47.956 Executing VM operation: RevokeBias
Event: 47.956 Executing VM operation: RevokeBias done
Event: 47.993 Executing VM operation: RevokeBias
Event: 47.993 Executing VM operation: RevokeBias done


Dynamic libraries:
0x00007ff654a50000 - 0x00007ff654a5d000 	C:\Users\ad\.jdks\corretto-11.0.18\bin\java.exe
0x00007ffbd4920000 - 0x00007ffbd4b10000 	C:\Windows\SYSTEM32\ntdll.dll
0x00007ffbd36b0000 - 0x00007ffbd3762000 	C:\Windows\System32\KERNEL32.DLL
0x00007ffbd18d0000 - 0x00007ffbd1b73000 	C:\Windows\System32\KERNELBASE.dll
0x00007ffbd1c10000 - 0x00007ffbd1d0a000 	C:\Windows\System32\ucrtbase.dll
0x00007ffbc29f0000 - 0x00007ffbc2a09000 	C:\Users\ad\.jdks\corretto-11.0.18\bin\VCRUNTIME140.dll
0x00007ffbbdbc0000 - 0x00007ffbbdbd7000 	C:\Users\ad\.jdks\corretto-11.0.18\bin\jli.dll
0x00007ffbd2b90000 - 0x00007ffbd2d24000 	C:\Windows\System32\USER32.dll
0x00007ffbd1b80000 - 0x00007ffbd1ba1000 	C:\Windows\System32\win32u.dll
0x00007ffbc2760000 - 0x00007ffbc29e5000 	C:\Windows\WinSxS\amd64_microsoft.windows.common-controls_6595b64144ccf1df_6.0.18362.535_none_e6c3b34713100821\COMCTL32.dll
0x00007ffbd3650000 - 0x00007ffbd3676000 	C:\Windows\System32\GDI32.dll
0x00007ffbd29d0000 - 0x00007ffbd2a6e000 	C:\Windows\System32\msvcrt.dll
0x00007ffbd1de0000 - 0x00007ffbd1f74000 	C:\Windows\System32\gdi32full.dll
0x00007ffbd1d40000 - 0x00007ffbd1dde000 	C:\Windows\System32\msvcp_win.dll
0x00007ffbd2e20000 - 0x00007ffbd3156000 	C:\Windows\System32\combase.dll
0x00007ffbd42e0000 - 0x00007ffbd4400000 	C:\Windows\System32\RPCRT4.dll
0x00007ffbd2080000 - 0x00007ffbd2100000 	C:\Windows\System32\bcryptPrimitives.dll
0x00007ffbd3680000 - 0x00007ffbd36ae000 	C:\Windows\System32\IMM32.DLL
0x00007ffbb8ad0000 - 0x00007ffbb8b6b000 	C:\Users\ad\.jdks\corretto-11.0.18\bin\msvcp140.dll
0x00007ffba8b80000 - 0x00007ffba970a000 	C:\Users\ad\.jdks\corretto-11.0.18\bin\server\jvm.dll
0x00007ffbd2a80000 - 0x00007ffbd2b23000 	C:\Windows\System32\ADVAPI32.dll
0x00007ffbd3800000 - 0x00007ffbd3897000 	C:\Windows\System32\sechost.dll
0x00007ffbd2a70000 - 0x00007ffbd2a78000 	C:\Windows\System32\PSAPI.DLL
0x00007ffbcd7f0000 - 0x00007ffbcd814000 	C:\Windows\SYSTEM32\WINMM.dll
0x00007ffbba580000 - 0x00007ffbba589000 	C:\Windows\SYSTEM32\WSOCK32.dll
0x00007ffbc9580000 - 0x00007ffbc958a000 	C:\Windows\SYSTEM32\VERSION.dll
0x00007ffbd41c0000 - 0x00007ffbd422f000 	C:\Windows\System32\WS2_32.dll
0x00007ffbcd7c0000 - 0x00007ffbcd7ed000 	C:\Windows\SYSTEM32\WINMMBASE.dll
0x00007ffbd2030000 - 0x00007ffbd207a000 	C:\Windows\System32\cfgmgr32.dll
0x00007ffbd1800000 - 0x00007ffbd1811000 	C:\Windows\System32\kernel.appcore.dll
0x00007ffbc32b0000 - 0x00007ffbc32c0000 	C:\Users\ad\.jdks\corretto-11.0.18\bin\verify.dll
0x00007ffbd0100000 - 0x00007ffbd02f4000 	C:\Windows\SYSTEM32\DBGHELP.DLL
0x00007ffbb7f30000 - 0x00007ffbb7f5a000 	C:\Windows\SYSTEM32\dbgcore.DLL
0x00007ffbb9170000 - 0x00007ffbb9198000 	C:\Users\ad\.jdks\corretto-11.0.18\bin\java.dll
0x00007ffbbdbb0000 - 0x00007ffbbdbba000 	C:\Users\ad\.jdks\corretto-11.0.18\bin\jimage.dll
0x00007ffbb8ab0000 - 0x00007ffbb8ac8000 	C:\Users\ad\.jdks\corretto-11.0.18\bin\zip.dll
0x00007ffbd3ad0000 - 0x00007ffbd41b5000 	C:\Windows\System32\SHELL32.dll
0x00007ffbd4760000 - 0x00007ffbd4809000 	C:\Windows\System32\shcore.dll
0x00007ffbd2250000 - 0x00007ffbd29cf000 	C:\Windows\System32\windows.storage.dll
0x00007ffbd1820000 - 0x00007ffbd183f000 	C:\Windows\System32\profapi.dll
0x00007ffbd1860000 - 0x00007ffbd18aa000 	C:\Windows\System32\powrprof.dll
0x00007ffbd17f0000 - 0x00007ffbd1800000 	C:\Windows\System32\UMPDC.dll
0x00007ffbd2dc0000 - 0x00007ffbd2e12000 	C:\Windows\System32\shlwapi.dll
0x00007ffbd18b0000 - 0x00007ffbd18c7000 	C:\Windows\System32\cryptsp.dll
0x00007ffbb8a90000 - 0x00007ffbb8aa9000 	C:\Users\ad\.jdks\corretto-11.0.18\bin\net.dll
0x00007ffbc3680000 - 0x00007ffbc3770000 	C:\Windows\SYSTEM32\WINHTTP.dll
0x00007ffbd1060000 - 0x00007ffbd10c7000 	C:\Windows\system32\mswsock.dll
0x00007ffbb8a70000 - 0x00007ffbb8a83000 	C:\Users\ad\.jdks\corretto-11.0.18\bin\nio.dll
0x00007ffbbdbe0000 - 0x00007ffbbdc07000 	C:\Users\ad\.gradle\native\e1d6ef7f7dcc3fd88c89a11ec53ec762bb8ba0a96d01ffa2cd45eb1d1d8dd5c5\windows-amd64\native-platform.dll
0x00007ffbaf820000 - 0x00007ffbaf964000 	C:\Users\ad\.gradle\native\0d407fdbe67a94daf76414ababcb853783967236a71b16ec16e742cd7a986fd3\windows-amd64\native-platform-file-events.dll
0x00007ffbba3d0000 - 0x00007ffbba3d9000 	C:\Users\ad\.jdks\corretto-11.0.18\bin\management.dll
0x00007ffbb9160000 - 0x00007ffbb916b000 	C:\Users\ad\.jdks\corretto-11.0.18\bin\management_ext.dll
0x00007ffbd0bd0000 - 0x00007ffbd0c03000 	C:\Windows\system32\rsaenh.dll
0x00007ffbd1d10000 - 0x00007ffbd1d36000 	C:\Windows\System32\bcrypt.dll
0x00007ffbd16e0000 - 0x00007ffbd1705000 	C:\Windows\SYSTEM32\USERENV.dll
0x00007ffbd1230000 - 0x00007ffbd123c000 	C:\Windows\SYSTEM32\CRYPTBASE.dll
0x00007ffbd0d70000 - 0x00007ffbd0daa000 	C:\Windows\SYSTEM32\IPHLPAPI.DLL
0x00007ffbd2d30000 - 0x00007ffbd2d38000 	C:\Windows\System32\NSI.dll
0x00007ffbc9540000 - 0x00007ffbc9556000 	C:\Windows\SYSTEM32\dhcpcsvc6.DLL
0x00007ffbc9620000 - 0x00007ffbc963c000 	C:\Windows\SYSTEM32\dhcpcsvc.DLL
0x00007ffbd0db0000 - 0x00007ffbd0e7a000 	C:\Windows\SYSTEM32\DNSAPI.dll
0x00007ffbc35b0000 - 0x00007ffbc35c6000 	C:\Windows\system32\napinsp.dll
0x00007ffbc3c20000 - 0x00007ffbc3c3a000 	C:\Windows\system32\pnrpnsp.dll
0x00007ffbcce70000 - 0x00007ffbcce7e000 	C:\Windows\System32\winrnr.dll
0x00007ffbcd8f0000 - 0x00007ffbcd90c000 	C:\Windows\system32\NLAapi.dll
0x00007ffbafee0000 - 0x00007ffbafef5000 	C:\Windows\system32\wshbth.dll
0x00007ffbc3b20000 - 0x00007ffbc3b2a000 	C:\Windows\System32\rasadhlp.dll
0x00007ffbc4f90000 - 0x00007ffbc5007000 	C:\Windows\System32\fwpuclnt.dll
0x00007ffbd0850000 - 0x00007ffbd0881000 	C:\Windows\SYSTEM32\ntmarta.dll
0x00007ffbcd9d0000 - 0x00007ffbcd9ee000 	C:\Users\ad\AppData\Local\Temp\native-platform15266977922006914265dir\native-platform.dll
0x00007ffbcd9c0000 - 0x00007ffbcd9c7000 	C:\Users\ad\.jdks\corretto-11.0.18\bin\rmi.dll

dbghelp: loaded successfully - version: 4.0.5 - missing functions: none
symbol engine: initialized successfully - sym options: 0x614 - pdb path: .;C:\Users\ad\.jdks\corretto-11.0.18\bin;C:\Windows\SYSTEM32;C:\Windows\WinSxS\amd64_microsoft.windows.common-controls_6595b64144ccf1df_6.0.18362.535_none_e6c3b34713100821;C:\Users\ad\.jdks\corretto-11.0.18\bin\server;C:\Users\ad\.gradle\native\e1d6ef7f7dcc3fd88c89a11ec53ec762bb8ba0a96d01ffa2cd45eb1d1d8dd5c5\windows-amd64;C:\Users\ad\.gradle\native\0d407fdbe67a94daf76414ababcb853783967236a71b16ec16e742cd7a986fd3\windows-amd64;C:\Users\ad\AppData\Local\Temp\native-platform15266977922006914265dir

VM Arguments:
jvm_args: --add-opens=java.base/java.util=ALL-UNNAMED --add-opens=java.base/java.lang=ALL-UNNAMED --add-opens=java.base/java.lang.invoke=ALL-UNNAMED --add-opens=java.base/java.util=ALL-UNNAMED --add-opens=java.prefs/java.util.prefs=ALL-UNNAMED --add-opens=java.prefs/java.util.prefs=ALL-UNNAMED --add-opens=java.base/java.nio.charset=ALL-UNNAMED --add-opens=java.base/java.net=ALL-UNNAMED --add-opens=java.base/java.util.concurrent.atomic=ALL-UNNAMED -Xmx2048m -Dfile.encoding=UTF-8 -Duser.country=US -Duser.language=en -Duser.variant 
java_command: org.gradle.launcher.daemon.bootstrap.GradleDaemon 7.5
java_class_path (initial): C:\Users\ad\.gradle\wrapper\dists\gradle-7.5-bin\f1w0cc9nuo0eivz97x2xlu9sv\gradle-7.5\lib\gradle-launcher-7.5.jar
Launcher Type: SUN_STANDARD

[Global flags]
     intx CICompilerCount                          = 3                                         {product} {ergonomic}
     uint ConcGCThreads                            = 1                                         {product} {ergonomic}
     uint G1ConcRefinementThreads                  = 4                                         {product} {ergonomic}
   size_t G1HeapRegionSize                         = 1048576                                   {product} {ergonomic}
    uintx GCDrainStackTargetSize                   = 64                                        {product} {ergonomic}
   size_t InitialHeapSize                          = 132120576                                 {product} {ergonomic}
   size_t MarkStackSize                            = 4194304                                   {product} {ergonomic}
   size_t MaxHeapSize                              = 2147483648                                {product} {command line}
   size_t MaxNewSize                               = 1287651328                                {product} {ergonomic}
   size_t MinHeapDeltaBytes                        = 1048576                                   {product} {ergonomic}
    uintx NonNMethodCodeHeapSize                   = 5830732                                {pd product} {ergonomic}
    uintx NonProfiledCodeHeapSize                  = 122913754                              {pd product} {ergonomic}
    uintx ProfiledCodeHeapSize                     = 122913754                              {pd product} {ergonomic}
    uintx ReservedCodeCacheSize                    = 251658240                              {pd product} {ergonomic}
     bool SegmentedCodeCache                       = true                                      {product} {ergonomic}
     bool UseCompressedClassPointers               = true                                 {lp64_product} {ergonomic}
     bool UseCompressedOops                        = true                                 {lp64_product} {ergonomic}
     bool UseG1GC                                  = true                                      {product} {ergonomic}
     bool UseLargePagesIndividualAllocation        = false                                  {pd product} {ergonomic}

Logging:
Log output configuration:
 #0: stdout all=warning uptime,level,tags
 #1: stderr all=off uptime,level,tags

Environment Variables:
PATH=C:\Program Files\Common Files\Oracle\Java\javapath;C:\Windows\system32;C:\Windows;C:\Windows\System32\Wbem;C:\Windows\System32\WindowsPowerShell\v1.0\;C:\Windows\System32\OpenSSH\;C:\Program Files (x86)\NVIDIA Corporation\PhysX\Common;C:\FPC\3.2.2\bin\i386-Win32;C:\Program Files\Azure Data Studio\bin;D:\SAVE DATA\XAMPP\DATA\php;D:\SAVE DATA\XAMPP\Composer;C:\Program Files\Cloudflare\Cloudflare WARP\;D:\VDK\XC8\bin;C:\Program Files\Git\cmd;C:\Users\ad\AppData\Local\Microsoft\WindowsApps;C:\Users\ad\AppData\Local\Programs\Microsoft VS Code\bin;C:\Program Files\Azure Data Studio\bin;C:\Users\ad\AppData\Local\GitHubDesktop\bin;C:\Users\ad\AppData\Roaming\Composer\vendor\bin
USERNAME=ad
OS=Windows_NT
PROCESSOR_IDENTIFIER=Intel64 Family 6 Model 94 Stepping 3, GenuineIntel
TMP=C:\Users\ad\AppData\Local\Temp
TEMP=C:\Users\ad\AppData\Local\Temp



---------------  S Y S T E M  ---------------

OS: Windows 10 , 64 bit Build 18362 (10.0.18362.329)
OS uptime: 0 days 0:10 hours

CPU:total 4 (initial active 4) (4 cores per cpu, 1 threads per core) family 6 model 94 stepping 3 microcode 0xcc, cmov, cx8, fxsr, mmx, sse, sse2, sse3, ssse3, sse4.1, sse4.2, popcnt, avx, avx2, aes, clmul, erms, rtm, 3dnowpref, lzcnt, tsc, tscinvbit, bmi1, bmi2, adx, fma

Memory: 4k page, system-wide physical 8058M (788M free)
TotalPageFile size 8058M (AvailPageFile size 177M)
current process WorkingSet (physical memory assigned to process): 542M, peak: 583M
current process commit charge ("private bytes"): 581M, peak: 621M

vm_info: OpenJDK 64-Bit Server VM (11.0.18+10-LTS) for windows-amd64 JRE (11.0.18+10-LTS), built on Jan 10 2023 20:17:52 by "Administrator" with MS VC++ 15.9 (VS2017)

END.
