#
# There is insufficient memory for the Java Runtime Environment to continue.
# Native memory allocation (malloc) failed to allocate 1282256 bytes for Chunk::new
# Possible reasons:
#   The system is out of physical RAM or swap space
#   The process is running with CompressedOops enabled, and the Java Heap may be blocking the growth of the native heap
# Possible solutions:
#   Reduce memory load on the system
#   Increase physical memory or swap space
#   Check if swap backing store is full
#   Decrease Java heap size (-Xmx/-Xms)
#   Decrease number of Java threads
#   Decrease Java thread stack sizes (-Xss)
#   Set larger code cache with -XX:ReservedCodeCacheSize=
#   JVM is running with Unscaled Compressed Oops mode in which the Java heap is
#     placed in the first 4GB address space. The Java Heap base address is the
#     maximum limit for the native heap growth. Please use -XX:HeapBaseMinAddress
#     to set the Java Heap base and to place the Java Heap above 4GB virtual address.
# This output file may be truncated or incomplete.
#
#  Out of Memory Error (./src/hotspot/share/memory/arena.cpp:197), pid=11444, tid=8108
#
# JRE version: OpenJDK Runtime Environment Corretto-11.0.18.10.1 (11.0.18+10) (build 11.0.18+10-LTS)
# Java VM: OpenJDK 64-Bit Server VM Corretto-11.0.18.10.1 (11.0.18+10-LTS, mixed mode, tiered, compressed oops, g1 gc, windows-amd64)
# No core dump will be written. Minidumps are not enabled by default on client versions of Windows
#

---------------  S U M M A R Y ------------

Command Line: --add-opens=java.base/java.util=ALL-UNNAMED --add-opens=java.base/java.lang=ALL-UNNAMED --add-opens=java.base/java.lang.invoke=ALL-UNNAMED --add-opens=java.base/java.util=ALL-UNNAMED --add-opens=java.prefs/java.util.prefs=ALL-UNNAMED --add-opens=java.prefs/java.util.prefs=ALL-UNNAMED --add-opens=java.base/java.nio.charset=ALL-UNNAMED --add-opens=java.base/java.net=ALL-UNNAMED --add-opens=java.base/java.util.concurrent.atomic=ALL-UNNAMED -Xmx2048m -Dfile.encoding=UTF-8 -Duser.country=US -Duser.language=en -Duser.variant org.gradle.launcher.daemon.bootstrap.GradleDaemon 7.5

Host: Intel(R) Core(TM) i5-6300HQ CPU @ 2.30GHz, 4 cores, 7G,  Windows 10 , 64 bit Build 18362 (10.0.18362.329)
Time: Tue Mar 14 23:01:46 2023 SE Asia Standard Time elapsed time: 3.622420 seconds (0d 0h 0m 3s)

---------------  T H R E A D  ---------------

Current thread (0x000001b62eea6800):  JavaThread "C2 CompilerThread1" daemon [_thread_in_native, id=8108, stack(0x0000009b94100000,0x0000009b94200000)]


Current CompileTask:
C2:   3622 1969   !   4       java.lang.ClassLoader::loadClass (122 bytes)

Stack: [0x0000009b94100000,0x0000009b94200000]
Native frames: (J=compiled Java code, j=interpreted, Vv=VM code, C=native code)
V  [jvm.dll+0x622d9a]
V  [jvm.dll+0x7b0289]
V  [jvm.dll+0x7b1978]
V  [jvm.dll+0x7b2053]
V  [jvm.dll+0x24fe08]
V  [jvm.dll+0xc264c]
V  [jvm.dll+0xc2c0c]
V  [jvm.dll+0x35c7a2]
V  [jvm.dll+0x328783]
V  [jvm.dll+0x327aba]
V  [jvm.dll+0x2092c3]
V  [jvm.dll+0x20841d]
V  [jvm.dll+0x18a3c1]
V  [jvm.dll+0x217ac4]
V  [jvm.dll+0x215d0b]
V  [jvm.dll+0x772d90]
V  [jvm.dll+0x76bcc4]
V  [jvm.dll+0x621c05]
C  [ucrtbase.dll+0x20e72]
C  [KERNEL32.DLL+0x17bd4]
C  [ntdll.dll+0x6ced1]


---------------  P R O C E S S  ---------------

Threads class SMR info:
_java_thread_list=0x000001b630feab50, length=24, elements={
0x000001b60d19c800, 0x000001b62d963000, 0x000001b62d96d800, 0x000001b62e2d2800,
0x000001b62d95d800, 0x000001b62d95e800, 0x000001b62d972000, 0x000001b62d981800,
0x000001b62d983000, 0x000001b62e433000, 0x000001b62fc43800, 0x000001b62e50f800,
0x000001b62fca6800, 0x000001b62fe4b800, 0x000001b62f4ca000, 0x000001b63076d800,
0x000001b62ef0d000, 0x000001b6304a8800, 0x000001b630639800, 0x000001b62fcc8000,
0x000001b62eea6800, 0x000001b630fc2000, 0x000001b630fc8000, 0x000001b630fc8800
}

Java Threads: ( => current thread )
  0x000001b60d19c800 JavaThread "main" [_thread_blocked, id=8700, stack(0x0000009b92400000,0x0000009b92500000)]
  0x000001b62d963000 JavaThread "Reference Handler" daemon [_thread_blocked, id=9260, stack(0x0000009b92b00000,0x0000009b92c00000)]
  0x000001b62d96d800 JavaThread "Finalizer" daemon [_thread_blocked, id=9248, stack(0x0000009b92c00000,0x0000009b92d00000)]
  0x000001b62e2d2800 JavaThread "Signal Dispatcher" daemon [_thread_blocked, id=9332, stack(0x0000009b92d00000,0x0000009b92e00000)]
  0x000001b62d95d800 JavaThread "Attach Listener" daemon [_thread_blocked, id=11392, stack(0x0000009b92e00000,0x0000009b92f00000)]
  0x000001b62d95e800 JavaThread "Service Thread" daemon [_thread_blocked, id=12188, stack(0x0000009b92f00000,0x0000009b93000000)]
  0x000001b62d972000 JavaThread "C2 CompilerThread0" daemon [_thread_in_native, id=9456, stack(0x0000009b93000000,0x0000009b93100000)]
  0x000001b62d981800 JavaThread "C1 CompilerThread0" daemon [_thread_blocked, id=8876, stack(0x0000009b93100000,0x0000009b93200000)]
  0x000001b62d983000 JavaThread "Sweeper thread" daemon [_thread_blocked, id=13252, stack(0x0000009b93200000,0x0000009b93300000)]
  0x000001b62e433000 JavaThread "Common-Cleaner" daemon [_thread_blocked, id=12392, stack(0x0000009b93300000,0x0000009b93400000)]
  0x000001b62fc43800 JavaThread "Daemon health stats" [_thread_blocked, id=6964, stack(0x0000009b93800000,0x0000009b93900000)]
  0x000001b62e50f800 JavaThread "Incoming local TCP Connector on port 49607" [_thread_in_native, id=1880, stack(0x0000009b93500000,0x0000009b93600000)]
  0x000001b62fca6800 JavaThread "Daemon periodic checks" [_thread_blocked, id=8528, stack(0x0000009b93900000,0x0000009b93a00000)]
  0x000001b62fe4b800 JavaThread "Daemon" [_thread_blocked, id=10288, stack(0x0000009b93a00000,0x0000009b93b00000)]
  0x000001b62f4ca000 JavaThread "Handler for socket connection from /127.0.0.1:49607 to /127.0.0.1:49608" [_thread_in_native, id=12264, stack(0x0000009b93b00000,0x0000009b93c00000)]
  0x000001b63076d800 JavaThread "Cancel handler" [_thread_blocked, id=8800, stack(0x0000009b93c00000,0x0000009b93d00000)]
  0x000001b62ef0d000 JavaThread "Daemon worker" [_thread_in_vm, id=6084, stack(0x0000009b93d00000,0x0000009b93e00000)]
  0x000001b6304a8800 JavaThread "Asynchronous log dispatcher for DefaultDaemonConnection: socket connection from /127.0.0.1:49607 to /127.0.0.1:49608" [_thread_blocked, id=7188, stack(0x0000009b93e00000,0x0000009b93f00000)]
  0x000001b630639800 JavaThread "Stdin handler" [_thread_blocked, id=12564, stack(0x0000009b93f00000,0x0000009b94000000)]
  0x000001b62fcc8000 JavaThread "Daemon client event forwarder" [_thread_blocked, id=12572, stack(0x0000009b94000000,0x0000009b94100000)]
=>0x000001b62eea6800 JavaThread "C2 CompilerThread1" daemon [_thread_in_native, id=8108, stack(0x0000009b94100000,0x0000009b94200000)]
  0x000001b630fc2000 JavaThread "Cache worker for journal cache (C:\Users\ad\.gradle\caches\journal-1)" [_thread_blocked, id=8340, stack(0x0000009b94200000,0x0000009b94300000)]
  0x000001b630fc8000 JavaThread "File lock request listener" [_thread_in_native, id=1804, stack(0x0000009b94300000,0x0000009b94400000)]
  0x000001b630fc8800 JavaThread "Cache worker for file hash cache (C:\Users\ad\.gradle\caches\7.5\fileHashes)" [_thread_blocked, id=6928, stack(0x0000009b94500000,0x0000009b94600000)]

Other Threads:
  0x000001b62d951000 VMThread "VM Thread" [stack: 0x0000009b92a00000,0x0000009b92b00000] [id=1172]
  0x000001b62e45a800 WatcherThread [stack: 0x0000009b93400000,0x0000009b93500000] [id=11112]
  0x000001b60d1b6000 GCTaskThread "GC Thread#0" [stack: 0x0000009b92500000,0x0000009b92600000] [id=3528]
  0x000001b62ec96000 GCTaskThread "GC Thread#1" [stack: 0x0000009b93600000,0x0000009b93700000] [id=8280]
  0x000001b62ec96800 GCTaskThread "GC Thread#2" [stack: 0x0000009b93700000,0x0000009b93800000] [id=11740]
  0x000001b6304a9800 GCTaskThread "GC Thread#3" [stack: 0x0000009b94400000,0x0000009b94500000] [id=9076]
  0x000001b60d1e8000 ConcurrentGCThread "G1 Main Marker" [stack: 0x0000009b92600000,0x0000009b92700000] [id=1736]
  0x000001b60d1ea000 ConcurrentGCThread "G1 Conc#0" [stack: 0x0000009b92700000,0x0000009b92800000] [id=6472]
  0x000001b62d7a0800 ConcurrentGCThread "G1 Refine#0" [stack: 0x0000009b92800000,0x0000009b92900000] [id=13180]
  0x000001b62d7a1800 ConcurrentGCThread "G1 Young RemSet Sampling" [stack: 0x0000009b92900000,0x0000009b92a00000] [id=10876]

Threads with active compile tasks:
C2 CompilerThread0     3657 1997       4       jdk.internal.org.objectweb.asm.ClassWriter::newUTF8 (70 bytes)
C2 CompilerThread1     3657 1969   !   4       java.lang.ClassLoader::loadClass (122 bytes)

VM state:not at safepoint (normal execution)

VM Mutex/Monitor currently owned by a thread: None

Heap address: 0x0000000080000000, size: 2048 MB, Compressed Oops mode: 32-bit
Narrow klass base: 0x0000000000000000, Narrow klass shift: 3
Compressed class space size: 1073741824 Address: 0x0000000100000000

Heap:
 garbage-first heap   total 155648K, used 26513K [0x0000000080000000, 0x0000000100000000)
  region size 1024K, 14 young (14336K), 4 survivors (4096K)
 Metaspace       used 21906K, capacity 22441K, committed 22524K, reserved 1073152K
  class space    used 2696K, capacity 2881K, committed 2892K, reserved 1048576K
Heap Regions: E=young(eden), S=young(survivor), O=old, HS=humongous(starts), HC=humongous(continues), CS=collection set, F=free, A=archive, TAMS=top-at-mark-start (previous, next)
|   0|0x0000000080000000, 0x0000000080100000, 0x0000000080100000|100%|HS|  |TAMS 0x0000000080100000, 0x0000000080000000| Complete 
|   1|0x0000000080100000, 0x0000000080200000, 0x0000000080200000|100%|HC|  |TAMS 0x0000000080200000, 0x0000000080100000| Complete 
|   2|0x0000000080200000, 0x0000000080300000, 0x0000000080300000|100%|HC|  |TAMS 0x0000000080300000, 0x0000000080200000| Complete 
|   3|0x0000000080300000, 0x0000000080400000, 0x0000000080400000|100%| O|  |TAMS 0x0000000080400000, 0x0000000080300000| Untracked 
|   4|0x0000000080400000, 0x0000000080500000, 0x0000000080500000|100%| O|  |TAMS 0x0000000080500000, 0x0000000080400000| Untracked 
|   5|0x0000000080500000, 0x0000000080600000, 0x0000000080600000|100%| O|  |TAMS 0x0000000080600000, 0x0000000080500000| Untracked 
|   6|0x0000000080600000, 0x0000000080700000, 0x0000000080700000|100%| O|  |TAMS 0x0000000080700000, 0x0000000080600000| Untracked 
|   7|0x0000000080700000, 0x0000000080800000, 0x0000000080800000|100%| O|  |TAMS 0x0000000080800000, 0x0000000080700000| Untracked 
|   8|0x0000000080800000, 0x0000000080900000, 0x0000000080900000|100%| O|  |TAMS 0x0000000080900000, 0x0000000080800000| Untracked 
|   9|0x0000000080900000, 0x0000000080a00000, 0x0000000080a00000|100%| O|  |TAMS 0x0000000080a00000, 0x0000000080900000| Untracked 
|  10|0x0000000080a00000, 0x0000000080b00000, 0x0000000080b00000|100%| O|  |TAMS 0x0000000080b00000, 0x0000000080a00000| Untracked 
|  11|0x0000000080b00000, 0x0000000080c00000, 0x0000000080c00000|100%| O|  |TAMS 0x0000000080c00000, 0x0000000080b00000| Untracked 
|  12|0x0000000080c00000, 0x0000000080d00000, 0x0000000080d00000|100%| O|  |TAMS 0x0000000080d00000, 0x0000000080c00000| Untracked 
|  13|0x0000000080d00000, 0x0000000080d91c00, 0x0000000080e00000| 56%| O|  |TAMS 0x0000000080d91c00, 0x0000000080d00000| Untracked 
|  14|0x0000000080e00000, 0x0000000080e00000, 0x0000000080f00000|  0%| F|  |TAMS 0x0000000080e00000, 0x0000000080e00000| Untracked 
|  15|0x0000000080f00000, 0x0000000080f00000, 0x0000000081000000|  0%| F|  |TAMS 0x0000000080f00000, 0x0000000080f00000| Untracked 
|  16|0x0000000081000000, 0x0000000081000000, 0x0000000081100000|  0%| F|  |TAMS 0x0000000081000000, 0x0000000081000000| Untracked 
|  17|0x0000000081100000, 0x0000000081100000, 0x0000000081200000|  0%| F|  |TAMS 0x0000000081100000, 0x0000000081100000| Untracked 
|  18|0x0000000081200000, 0x0000000081200000, 0x0000000081300000|  0%| F|  |TAMS 0x0000000081200000, 0x0000000081200000| Untracked 
|  19|0x0000000081300000, 0x0000000081300000, 0x0000000081400000|  0%| F|  |TAMS 0x0000000081300000, 0x0000000081300000| Untracked 
|  20|0x0000000081400000, 0x0000000081400000, 0x0000000081500000|  0%| F|  |TAMS 0x0000000081400000, 0x0000000081400000| Untracked 
|  21|0x0000000081500000, 0x0000000081500000, 0x0000000081600000|  0%| F|  |TAMS 0x0000000081500000, 0x0000000081500000| Untracked 
|  22|0x0000000081600000, 0x0000000081600000, 0x0000000081700000|  0%| F|  |TAMS 0x0000000081600000, 0x0000000081600000| Untracked 
|  23|0x0000000081700000, 0x0000000081700000, 0x0000000081800000|  0%| F|  |TAMS 0x0000000081700000, 0x0000000081700000| Untracked 
|  24|0x0000000081800000, 0x0000000081800000, 0x0000000081900000|  0%| F|  |TAMS 0x0000000081800000, 0x0000000081800000| Untracked 
|  25|0x0000000081900000, 0x0000000081900000, 0x0000000081a00000|  0%| F|  |TAMS 0x0000000081900000, 0x0000000081900000| Untracked 
|  26|0x0000000081a00000, 0x0000000081a00000, 0x0000000081b00000|  0%| F|  |TAMS 0x0000000081a00000, 0x0000000081a00000| Untracked 
|  27|0x0000000081b00000, 0x0000000081b00000, 0x0000000081c00000|  0%| F|  |TAMS 0x0000000081b00000, 0x0000000081b00000| Untracked 
|  28|0x0000000081c00000, 0x0000000081c00000, 0x0000000081d00000|  0%| F|  |TAMS 0x0000000081c00000, 0x0000000081c00000| Untracked 
|  29|0x0000000081d00000, 0x0000000081d00000, 0x0000000081e00000|  0%| F|  |TAMS 0x0000000081d00000, 0x0000000081d00000| Untracked 
|  30|0x0000000081e00000, 0x0000000081e00000, 0x0000000081f00000|  0%| F|  |TAMS 0x0000000081e00000, 0x0000000081e00000| Untracked 
|  31|0x0000000081f00000, 0x0000000081f00000, 0x0000000082000000|  0%| F|  |TAMS 0x0000000081f00000, 0x0000000081f00000| Untracked 
|  32|0x0000000082000000, 0x0000000082000000, 0x0000000082100000|  0%| F|  |TAMS 0x0000000082000000, 0x0000000082000000| Untracked 
|  33|0x0000000082100000, 0x0000000082100000, 0x0000000082200000|  0%| F|  |TAMS 0x0000000082100000, 0x0000000082100000| Untracked 
|  34|0x0000000082200000, 0x0000000082200000, 0x0000000082300000|  0%| F|  |TAMS 0x0000000082200000, 0x0000000082200000| Untracked 
|  35|0x0000000082300000, 0x0000000082300000, 0x0000000082400000|  0%| F|  |TAMS 0x0000000082300000, 0x0000000082300000| Untracked 
|  36|0x0000000082400000, 0x0000000082400000, 0x0000000082500000|  0%| F|  |TAMS 0x0000000082400000, 0x0000000082400000| Untracked 
|  37|0x0000000082500000, 0x0000000082500000, 0x0000000082600000|  0%| F|  |TAMS 0x0000000082500000, 0x0000000082500000| Untracked 
|  38|0x0000000082600000, 0x0000000082600000, 0x0000000082700000|  0%| F|  |TAMS 0x0000000082600000, 0x0000000082600000| Untracked 
|  39|0x0000000082700000, 0x0000000082700000, 0x0000000082800000|  0%| F|  |TAMS 0x0000000082700000, 0x0000000082700000| Untracked 
|  40|0x0000000082800000, 0x0000000082800000, 0x0000000082900000|  0%| F|  |TAMS 0x0000000082800000, 0x0000000082800000| Untracked 
|  41|0x0000000082900000, 0x0000000082900000, 0x0000000082a00000|  0%| F|  |TAMS 0x0000000082900000, 0x0000000082900000| Untracked 
|  42|0x0000000082a00000, 0x0000000082a00000, 0x0000000082b00000|  0%| F|  |TAMS 0x0000000082a00000, 0x0000000082a00000| Untracked 
|  43|0x0000000082b00000, 0x0000000082b00000, 0x0000000082c00000|  0%| F|  |TAMS 0x0000000082b00000, 0x0000000082b00000| Untracked 
|  44|0x0000000082c00000, 0x0000000082c00000, 0x0000000082d00000|  0%| F|  |TAMS 0x0000000082c00000, 0x0000000082c00000| Untracked 
|  45|0x0000000082d00000, 0x0000000082d00000, 0x0000000082e00000|  0%| F|  |TAMS 0x0000000082d00000, 0x0000000082d00000| Untracked 
|  46|0x0000000082e00000, 0x0000000082e00000, 0x0000000082f00000|  0%| F|  |TAMS 0x0000000082e00000, 0x0000000082e00000| Untracked 
|  47|0x0000000082f00000, 0x0000000082f00000, 0x0000000083000000|  0%| F|  |TAMS 0x0000000082f00000, 0x0000000082f00000| Untracked 
|  48|0x0000000083000000, 0x0000000083000000, 0x0000000083100000|  0%| F|  |TAMS 0x0000000083000000, 0x0000000083000000| Untracked 
|  49|0x0000000083100000, 0x0000000083100000, 0x0000000083200000|  0%| F|  |TAMS 0x0000000083100000, 0x0000000083100000| Untracked 
|  50|0x0000000083200000, 0x0000000083200000, 0x0000000083300000|  0%| F|  |TAMS 0x0000000083200000, 0x0000000083200000| Untracked 
|  51|0x0000000083300000, 0x0000000083300000, 0x0000000083400000|  0%| F|  |TAMS 0x0000000083300000, 0x0000000083300000| Untracked 
|  52|0x0000000083400000, 0x0000000083400000, 0x0000000083500000|  0%| F|  |TAMS 0x0000000083400000, 0x0000000083400000| Untracked 
|  53|0x0000000083500000, 0x0000000083500000, 0x0000000083600000|  0%| F|  |TAMS 0x0000000083500000, 0x0000000083500000| Untracked 
|  54|0x0000000083600000, 0x0000000083600000, 0x0000000083700000|  0%| F|  |TAMS 0x0000000083600000, 0x0000000083600000| Untracked 
|  55|0x0000000083700000, 0x0000000083700000, 0x0000000083800000|  0%| F|  |TAMS 0x0000000083700000, 0x0000000083700000| Untracked 
|  56|0x0000000083800000, 0x0000000083800000, 0x0000000083900000|  0%| F|  |TAMS 0x0000000083800000, 0x0000000083800000| Untracked 
|  57|0x0000000083900000, 0x0000000083900000, 0x0000000083a00000|  0%| F|  |TAMS 0x0000000083900000, 0x0000000083900000| Untracked 
|  58|0x0000000083a00000, 0x0000000083a00000, 0x0000000083b00000|  0%| F|  |TAMS 0x0000000083a00000, 0x0000000083a00000| Untracked 
|  59|0x0000000083b00000, 0x0000000083b00000, 0x0000000083c00000|  0%| F|  |TAMS 0x0000000083b00000, 0x0000000083b00000| Untracked 
|  60|0x0000000083c00000, 0x0000000083c00000, 0x0000000083d00000|  0%| F|  |TAMS 0x0000000083c00000, 0x0000000083c00000| Untracked 
|  61|0x0000000083d00000, 0x0000000083d00000, 0x0000000083e00000|  0%| F|  |TAMS 0x0000000083d00000, 0x0000000083d00000| Untracked 
|  62|0x0000000083e00000, 0x0000000083e00000, 0x0000000083f00000|  0%| F|  |TAMS 0x0000000083e00000, 0x0000000083e00000| Untracked 
|  63|0x0000000083f00000, 0x0000000083f00000, 0x0000000084000000|  0%| F|  |TAMS 0x0000000083f00000, 0x0000000083f00000| Untracked 
|  64|0x0000000084000000, 0x0000000084000000, 0x0000000084100000|  0%| F|  |TAMS 0x0000000084000000, 0x0000000084000000| Untracked 
|  65|0x0000000084100000, 0x0000000084100000, 0x0000000084200000|  0%| F|  |TAMS 0x0000000084100000, 0x0000000084100000| Untracked 
|  66|0x0000000084200000, 0x0000000084200000, 0x0000000084300000|  0%| F|  |TAMS 0x0000000084200000, 0x0000000084200000| Untracked 
|  67|0x0000000084300000, 0x0000000084300000, 0x0000000084400000|  0%| F|  |TAMS 0x0000000084300000, 0x0000000084300000| Untracked 
|  68|0x0000000084400000, 0x0000000084400000, 0x0000000084500000|  0%| F|  |TAMS 0x0000000084400000, 0x0000000084400000| Untracked 
|  69|0x0000000084500000, 0x0000000084500000, 0x0000000084600000|  0%| F|  |TAMS 0x0000000084500000, 0x0000000084500000| Untracked 
|  70|0x0000000084600000, 0x0000000084600000, 0x0000000084700000|  0%| F|  |TAMS 0x0000000084600000, 0x0000000084600000| Untracked 
|  71|0x0000000084700000, 0x0000000084700000, 0x0000000084800000|  0%| F|  |TAMS 0x0000000084700000, 0x0000000084700000| Untracked 
|  72|0x0000000084800000, 0x0000000084800000, 0x0000000084900000|  0%| F|  |TAMS 0x0000000084800000, 0x0000000084800000| Untracked 
|  73|0x0000000084900000, 0x0000000084900000, 0x0000000084a00000|  0%| F|  |TAMS 0x0000000084900000, 0x0000000084900000| Untracked 
|  74|0x0000000084a00000, 0x0000000084a00000, 0x0000000084b00000|  0%| F|  |TAMS 0x0000000084a00000, 0x0000000084a00000| Untracked 
|  75|0x0000000084b00000, 0x0000000084b00000, 0x0000000084c00000|  0%| F|  |TAMS 0x0000000084b00000, 0x0000000084b00000| Untracked 
|  76|0x0000000084c00000, 0x0000000084c00000, 0x0000000084d00000|  0%| F|  |TAMS 0x0000000084c00000, 0x0000000084c00000| Untracked 
|  77|0x0000000084d00000, 0x0000000084d00000, 0x0000000084e00000|  0%| F|  |TAMS 0x0000000084d00000, 0x0000000084d00000| Untracked 
|  78|0x0000000084e00000, 0x0000000084e00000, 0x0000000084f00000|  0%| F|  |TAMS 0x0000000084e00000, 0x0000000084e00000| Untracked 
|  79|0x0000000084f00000, 0x0000000084f00000, 0x0000000085000000|  0%| F|  |TAMS 0x0000000084f00000, 0x0000000084f00000| Untracked 
|  80|0x0000000085000000, 0x0000000085000000, 0x0000000085100000|  0%| F|  |TAMS 0x0000000085000000, 0x0000000085000000| Untracked 
|  81|0x0000000085100000, 0x0000000085100000, 0x0000000085200000|  0%| F|  |TAMS 0x0000000085100000, 0x0000000085100000| Untracked 
|  82|0x0000000085200000, 0x0000000085200000, 0x0000000085300000|  0%| F|  |TAMS 0x0000000085200000, 0x0000000085200000| Untracked 
|  83|0x0000000085300000, 0x0000000085300000, 0x0000000085400000|  0%| F|  |TAMS 0x0000000085300000, 0x0000000085300000| Untracked 
|  84|0x0000000085400000, 0x0000000085400000, 0x0000000085500000|  0%| F|  |TAMS 0x0000000085400000, 0x0000000085400000| Untracked 
|  85|0x0000000085500000, 0x0000000085500000, 0x0000000085600000|  0%| F|  |TAMS 0x0000000085500000, 0x0000000085500000| Untracked 
|  86|0x0000000085600000, 0x0000000085600000, 0x0000000085700000|  0%| F|  |TAMS 0x0000000085600000, 0x0000000085600000| Untracked 
|  87|0x0000000085700000, 0x0000000085700000, 0x0000000085800000|  0%| F|  |TAMS 0x0000000085700000, 0x0000000085700000| Untracked 
|  88|0x0000000085800000, 0x0000000085800000, 0x0000000085900000|  0%| F|  |TAMS 0x0000000085800000, 0x0000000085800000| Untracked 
|  89|0x0000000085900000, 0x0000000085900000, 0x0000000085a00000|  0%| F|  |TAMS 0x0000000085900000, 0x0000000085900000| Untracked 
|  90|0x0000000085a00000, 0x0000000085a00000, 0x0000000085b00000|  0%| F|  |TAMS 0x0000000085a00000, 0x0000000085a00000| Untracked 
|  91|0x0000000085b00000, 0x0000000085b00000, 0x0000000085c00000|  0%| F|  |TAMS 0x0000000085b00000, 0x0000000085b00000| Untracked 
|  92|0x0000000085c00000, 0x0000000085c00000, 0x0000000085d00000|  0%| F|  |TAMS 0x0000000085c00000, 0x0000000085c00000| Untracked 
|  93|0x0000000085d00000, 0x0000000085d00000, 0x0000000085e00000|  0%| F|  |TAMS 0x0000000085d00000, 0x0000000085d00000| Untracked 
|  94|0x0000000085e00000, 0x0000000085e00000, 0x0000000085f00000|  0%| F|  |TAMS 0x0000000085e00000, 0x0000000085e00000| Untracked 
|  95|0x0000000085f00000, 0x0000000085f00000, 0x0000000086000000|  0%| F|  |TAMS 0x0000000085f00000, 0x0000000085f00000| Untracked 
|  96|0x0000000086000000, 0x0000000086000000, 0x0000000086100000|  0%| F|  |TAMS 0x0000000086000000, 0x0000000086000000| Untracked 
|  97|0x0000000086100000, 0x0000000086100000, 0x0000000086200000|  0%| F|  |TAMS 0x0000000086100000, 0x0000000086100000| Untracked 
|  98|0x0000000086200000, 0x0000000086200000, 0x0000000086300000|  0%| F|  |TAMS 0x0000000086200000, 0x0000000086200000| Untracked 
|  99|0x0000000086300000, 0x0000000086300000, 0x0000000086400000|  0%| F|  |TAMS 0x0000000086300000, 0x0000000086300000| Untracked 
| 100|0x0000000086400000, 0x0000000086400000, 0x0000000086500000|  0%| F|  |TAMS 0x0000000086400000, 0x0000000086400000| Untracked 
| 101|0x0000000086500000, 0x0000000086500000, 0x0000000086600000|  0%| F|  |TAMS 0x0000000086500000, 0x0000000086500000| Untracked 
| 102|0x0000000086600000, 0x0000000086600000, 0x0000000086700000|  0%| F|  |TAMS 0x0000000086600000, 0x0000000086600000| Untracked 
| 103|0x0000000086700000, 0x0000000086700000, 0x0000000086800000|  0%| F|  |TAMS 0x0000000086700000, 0x0000000086700000| Untracked 
| 104|0x0000000086800000, 0x0000000086800000, 0x0000000086900000|  0%| F|  |TAMS 0x0000000086800000, 0x0000000086800000| Untracked 
| 105|0x0000000086900000, 0x0000000086952910, 0x0000000086a00000| 32%| S|CS|TAMS 0x0000000086900000, 0x0000000086900000| Complete 
| 106|0x0000000086a00000, 0x0000000086b00000, 0x0000000086b00000|100%| S|CS|TAMS 0x0000000086a00000, 0x0000000086a00000| Complete 
| 107|0x0000000086b00000, 0x0000000086c00000, 0x0000000086c00000|100%| S|CS|TAMS 0x0000000086b00000, 0x0000000086b00000| Complete 
| 108|0x0000000086c00000, 0x0000000086d00000, 0x0000000086d00000|100%| S|CS|TAMS 0x0000000086c00000, 0x0000000086c00000| Complete 
| 109|0x0000000086d00000, 0x0000000086d00000, 0x0000000086e00000|  0%| F|  |TAMS 0x0000000086d00000, 0x0000000086d00000| Untracked 
| 110|0x0000000086e00000, 0x0000000086e00000, 0x0000000086f00000|  0%| F|  |TAMS 0x0000000086e00000, 0x0000000086e00000| Untracked 
| 111|0x0000000086f00000, 0x0000000086f00000, 0x0000000087000000|  0%| F|  |TAMS 0x0000000086f00000, 0x0000000086f00000| Untracked 
| 112|0x0000000087000000, 0x0000000087000000, 0x0000000087100000|  0%| F|  |TAMS 0x0000000087000000, 0x0000000087000000| Untracked 
| 113|0x0000000087100000, 0x0000000087100000, 0x0000000087200000|  0%| F|  |TAMS 0x0000000087100000, 0x0000000087100000| Untracked 
| 114|0x0000000087200000, 0x0000000087200000, 0x0000000087300000|  0%| F|  |TAMS 0x0000000087200000, 0x0000000087200000| Untracked 
| 115|0x0000000087300000, 0x0000000087300000, 0x0000000087400000|  0%| F|  |TAMS 0x0000000087300000, 0x0000000087300000| Untracked 
| 116|0x0000000087400000, 0x0000000087400000, 0x0000000087500000|  0%| F|  |TAMS 0x0000000087400000, 0x0000000087400000| Untracked 
| 117|0x0000000087500000, 0x0000000087500000, 0x0000000087600000|  0%| F|  |TAMS 0x0000000087500000, 0x0000000087500000| Untracked 
| 118|0x0000000087600000, 0x0000000087600000, 0x0000000087700000|  0%| F|  |TAMS 0x0000000087600000, 0x0000000087600000| Untracked 
| 119|0x0000000087700000, 0x0000000087700000, 0x0000000087800000|  0%| F|  |TAMS 0x0000000087700000, 0x0000000087700000| Untracked 
| 120|0x0000000087800000, 0x0000000087800000, 0x0000000087900000|  0%| F|  |TAMS 0x0000000087800000, 0x0000000087800000| Untracked 
| 121|0x0000000087900000, 0x0000000087900000, 0x0000000087a00000|  0%| F|  |TAMS 0x0000000087900000, 0x0000000087900000| Untracked 
| 122|0x0000000087a00000, 0x0000000087a00000, 0x0000000087b00000|  0%| F|  |TAMS 0x0000000087a00000, 0x0000000087a00000| Untracked 
| 123|0x0000000087b00000, 0x0000000087b00000, 0x0000000087c00000|  0%| F|  |TAMS 0x0000000087b00000, 0x0000000087b00000| Untracked 
| 124|0x0000000087c00000, 0x0000000087c00000, 0x0000000087d00000|  0%| F|  |TAMS 0x0000000087c00000, 0x0000000087c00000| Untracked 
| 125|0x0000000087d00000, 0x0000000087d00000, 0x0000000087e00000|  0%| F|  |TAMS 0x0000000087d00000, 0x0000000087d00000| Untracked 
| 126|0x0000000087e00000, 0x0000000087e00000, 0x0000000087f00000|  0%| F|  |TAMS 0x0000000087e00000, 0x0000000087e00000| Untracked 
| 127|0x0000000087f00000, 0x0000000087f00000, 0x0000000088000000|  0%| F|  |TAMS 0x0000000087f00000, 0x0000000087f00000| Untracked 
| 128|0x0000000088000000, 0x0000000088000000, 0x0000000088100000|  0%| F|  |TAMS 0x0000000088000000, 0x0000000088000000| Untracked 
| 129|0x0000000088100000, 0x0000000088100000, 0x0000000088200000|  0%| F|  |TAMS 0x0000000088100000, 0x0000000088100000| Untracked 
| 130|0x0000000088200000, 0x0000000088200000, 0x0000000088300000|  0%| F|  |TAMS 0x0000000088200000, 0x0000000088200000| Untracked 
| 131|0x0000000088300000, 0x0000000088300000, 0x0000000088400000|  0%| F|  |TAMS 0x0000000088300000, 0x0000000088300000| Untracked 
| 132|0x0000000088400000, 0x0000000088400000, 0x0000000088500000|  0%| F|  |TAMS 0x0000000088400000, 0x0000000088400000| Untracked 
| 133|0x0000000088500000, 0x0000000088500000, 0x0000000088600000|  0%| F|  |TAMS 0x0000000088500000, 0x0000000088500000| Untracked 
| 134|0x0000000088600000, 0x0000000088600000, 0x0000000088700000|  0%| F|  |TAMS 0x0000000088600000, 0x0000000088600000| Untracked 
| 135|0x0000000088700000, 0x0000000088700000, 0x0000000088800000|  0%| F|  |TAMS 0x0000000088700000, 0x0000000088700000| Untracked 
| 136|0x0000000088800000, 0x0000000088800000, 0x0000000088900000|  0%| F|  |TAMS 0x0000000088800000, 0x0000000088800000| Untracked 
| 137|0x0000000088900000, 0x0000000088900000, 0x0000000088a00000|  0%| F|  |TAMS 0x0000000088900000, 0x0000000088900000| Untracked 
| 138|0x0000000088a00000, 0x0000000088a00000, 0x0000000088b00000|  0%| F|  |TAMS 0x0000000088a00000, 0x0000000088a00000| Untracked 
| 139|0x0000000088b00000, 0x0000000088b00000, 0x0000000088c00000|  0%| F|  |TAMS 0x0000000088b00000, 0x0000000088b00000| Untracked 
| 140|0x0000000088c00000, 0x0000000088c00000, 0x0000000088d00000|  0%| F|  |TAMS 0x0000000088c00000, 0x0000000088c00000| Untracked 
| 141|0x0000000088d00000, 0x0000000088d085d0, 0x0000000088e00000|  3%| E|  |TAMS 0x0000000088d00000, 0x0000000088d00000| Complete 
| 142|0x0000000088e00000, 0x0000000088f00000, 0x0000000088f00000|100%| E|CS|TAMS 0x0000000088e00000, 0x0000000088e00000| Complete 
| 143|0x0000000088f00000, 0x0000000089000000, 0x0000000089000000|100%| E|CS|TAMS 0x0000000088f00000, 0x0000000088f00000| Complete 
| 144|0x0000000089000000, 0x0000000089100000, 0x0000000089100000|100%| E|CS|TAMS 0x0000000089000000, 0x0000000089000000| Complete 
| 145|0x0000000089100000, 0x0000000089200000, 0x0000000089200000|100%| E|CS|TAMS 0x0000000089100000, 0x0000000089100000| Complete 
| 146|0x0000000089200000, 0x0000000089300000, 0x0000000089300000|100%| E|CS|TAMS 0x0000000089200000, 0x0000000089200000| Complete 
| 147|0x0000000089300000, 0x0000000089400000, 0x0000000089400000|100%| E|CS|TAMS 0x0000000089300000, 0x0000000089300000| Complete 
| 148|0x0000000089400000, 0x0000000089500000, 0x0000000089500000|100%| E|CS|TAMS 0x0000000089400000, 0x0000000089400000| Complete 
| 149|0x0000000089500000, 0x0000000089600000, 0x0000000089600000|100%| E|CS|TAMS 0x0000000089500000, 0x0000000089500000| Complete 
| 150|0x0000000089600000, 0x0000000089700000, 0x0000000089700000|100%| E|CS|TAMS 0x0000000089600000, 0x0000000089600000| Complete 
| 151|0x0000000089700000, 0x0000000089800000, 0x0000000089800000|100%| E|CS|TAMS 0x0000000089700000, 0x0000000089700000| Complete 

Card table byte_map: [0x000001b626b50000,0x000001b626f50000] _byte_map_base: 0x000001b626750000

Marking Bits (Prev, Next): (CMBitMap*) 0x000001b60d1df000, (CMBitMap*) 0x000001b60d1defc8
 Prev Bits: [0x000001b629350000, 0x000001b62b350000)
 Next Bits: [0x000001b627350000, 0x000001b629350000)

Polling page: 0x000001b60cfd0000

Metaspace:

Usage:
  Non-class:     19.10 MB capacity,    18.80 MB ( 98%) used,   273.44 KB (  1%) free+waste,    39.06 KB ( <1%) overhead. 
      Class:      2.81 MB capacity,     2.64 MB ( 94%) used,   159.60 KB (  6%) free+waste,    19.25 KB ( <1%) overhead. 
       Both:     21.92 MB capacity,    21.44 MB ( 98%) used,   433.04 KB (  2%) free+waste,    58.31 KB ( <1%) overhead. 

Virtual space:
  Non-class space:       24.00 MB reserved,      19.17 MB ( 80%) committed 
      Class space:        1.00 GB reserved,       2.82 MB ( <1%) committed 
             Both:        1.02 GB reserved,      22.00 MB (  2%) committed 

Chunk freelists:
   Non-Class:  71.00 KB
       Class:  0 bytes
        Both:  71.00 KB

MaxMetaspaceSize: 17179869184.00 GB
CompressedClassSpaceSize: 1.00 GB
Initial GC threshold: 20.80 MB
Current GC threshold: 35.20 MB
CDS: off

CodeHeap 'non-profiled nmethods': size=120064Kb used=988Kb max_used=988Kb free=119075Kb
 bounds [0x000001b61ebf0000, 0x000001b61ee60000, 0x000001b626130000]
CodeHeap 'profiled nmethods': size=120000Kb used=4146Kb max_used=4146Kb free=115854Kb
 bounds [0x000001b6176c0000, 0x000001b617ad0000, 0x000001b61ebf0000]
CodeHeap 'non-nmethods': size=5696Kb used=1214Kb max_used=1227Kb free=4482Kb
 bounds [0x000001b617130000, 0x000001b6173a0000, 0x000001b6176c0000]
 total_blobs=2482 nmethods=1997 adapters=397
 compilation: enabled
              stopped_count=0, restarted_count=0
 full_count=0

Compilation events (20 events):
Event: 3.576 Thread 0x000001b62d981800 1971       3       jdk.internal.org.objectweb.asm.ClassWriter::addType (103 bytes)
Event: 3.576 Thread 0x000001b62d972000 1972       4       java.util.concurrent.ConcurrentHashMap::putIfAbsent (8 bytes)
Event: 3.576 Thread 0x000001b62d981800 nmethod 1971 0x000001b617ab8d90 code [0x000001b617ab8fa0, 0x000001b617ab9668]
Event: 3.577 Thread 0x000001b62d972000 nmethod 1972 0x000001b61ece4a90 code [0x000001b61ece4c20, 0x000001b61ece4ca8]
Event: 3.592 Thread 0x000001b62d981800 1974       3       java.util.Vector::add (23 bytes)
Event: 3.593 Thread 0x000001b62d981800 nmethod 1974 0x000001b617ab9890 code [0x000001b617ab9aa0, 0x000001b617ab9fd8]
Event: 3.597 Thread 0x000001b62d981800 1975       3       java.util.Collections::emptySet (4 bytes)
Event: 3.597 Thread 0x000001b62d981800 nmethod 1975 0x000001b617aba210 code [0x000001b617aba3c0, 0x000001b617aba4b8]
Event: 3.605 Thread 0x000001b62d972000 1977       4       java.lang.StringBuilder::append (8 bytes)
Event: 3.612 Thread 0x000001b62d981800 1978       3       java.lang.ClassLoader::addClass (9 bytes)
Event: 3.612 Thread 0x000001b62d981800 nmethod 1978 0x000001b617aba510 code [0x000001b617aba6c0, 0x000001b617aba888]
Event: 3.613 Thread 0x000001b62d981800 1979  s    3       java.util.Vector::addElement (24 bytes)
Event: 3.613 Thread 0x000001b62d981800 nmethod 1979 0x000001b617aba990 code [0x000001b617ababa0, 0x000001b617abb2b8]
Event: 3.616 Thread 0x000001b62d981800 1980       3       java.lang.invoke.DirectMethodHandle::preparedLambdaForm (31 bytes)
Event: 3.616 Thread 0x000001b62d972000 nmethod 1977 0x000001b61ece5390 code [0x000001b61ece5560, 0x000001b61ece5a48]
Event: 3.616 Thread 0x000001b62d981800 nmethod 1980 0x000001b617abb510 code [0x000001b617abb700, 0x000001b617abb928]
Event: 3.616 Thread 0x000001b62d972000 1981       4       jdk.internal.org.objectweb.asm.ClassWriter::put (152 bytes)
Event: 3.616 Thread 0x000001b62d981800 1982       3       sun.invoke.util.BytecodeDescriptor::unparseMethod (66 bytes)
Event: 3.617 Thread 0x000001b62d981800 nmethod 1982 0x000001b617abba90 code [0x000001b617abbd00, 0x000001b617abc5a8]
Event: 3.617 Thread 0x000001b62d981800 1984       3       jdk.internal.org.objectweb.asm.MethodWriter::visitMaxs (1144 bytes)

GC Heap History (10 events):
Event: 0.721 GC heap before
{Heap before GC invocations=0 (full 0):
 garbage-first heap   total 129024K, used 16384K [0x0000000080000000, 0x0000000100000000)
  region size 1024K, 14 young (14336K), 0 survivors (0K)
 Metaspace       used 6761K, capacity 6999K, committed 7168K, reserved 1056768K
  class space    used 571K, capacity 649K, committed 768K, reserved 1048576K
}
Event: 0.728 GC heap after
{Heap after GC invocations=1 (full 0):
 garbage-first heap   total 129024K, used 4079K [0x0000000080000000, 0x0000000100000000)
  region size 1024K, 2 young (2048K), 2 survivors (2048K)
 Metaspace       used 6761K, capacity 6999K, committed 7168K, reserved 1056768K
  class space    used 571K, capacity 649K, committed 768K, reserved 1048576K
}
Event: 1.081 GC heap before
{Heap before GC invocations=1 (full 0):
 garbage-first heap   total 129024K, used 19439K [0x0000000080000000, 0x0000000100000000)
  region size 1024K, 14 young (14336K), 2 survivors (2048K)
 Metaspace       used 9914K, capacity 10128K, committed 10368K, reserved 1058816K
  class space    used 1010K, capacity 1101K, committed 1152K, reserved 1048576K
}
Event: 1.086 GC heap after
{Heap after GC invocations=2 (full 0):
 garbage-first heap   total 129024K, used 9493K [0x0000000080000000, 0x0000000100000000)
  region size 1024K, 2 young (2048K), 2 survivors (2048K)
 Metaspace       used 9914K, capacity 10128K, committed 10368K, reserved 1058816K
  class space    used 1010K, capacity 1101K, committed 1152K, reserved 1048576K
}
Event: 1.696 GC heap before
{Heap before GC invocations=2 (full 0):
 garbage-first heap   total 129024K, used 42261K [0x0000000080000000, 0x0000000100000000)
  region size 1024K, 33 young (33792K), 2 survivors (2048K)
 Metaspace       used 10963K, capacity 11147K, committed 11264K, reserved 1058816K
  class space    used 1114K, capacity 1206K, committed 1280K, reserved 1048576K
}
Event: 1.701 GC heap after
{Heap after GC invocations=3 (full 0):
 garbage-first heap   total 129024K, used 13888K [0x0000000080000000, 0x0000000100000000)
  region size 1024K, 5 young (5120K), 5 survivors (5120K)
 Metaspace       used 10963K, capacity 11147K, committed 11264K, reserved 1058816K
  class space    used 1114K, capacity 1206K, committed 1280K, reserved 1048576K
}
Event: 3.292 GC heap before
{Heap before GC invocations=3 (full 0):
 garbage-first heap   total 129024K, used 57920K [0x0000000080000000, 0x0000000100000000)
  region size 1024K, 48 young (49152K), 5 survivors (5120K)
 Metaspace       used 19075K, capacity 19433K, committed 19584K, reserved 1067008K
  class space    used 2236K, capacity 2364K, committed 2432K, reserved 1048576K
}
Event: 3.299 GC heap after
{Heap after GC invocations=4 (full 0):
 garbage-first heap   total 129024K, used 16928K [0x0000000080000000, 0x0000000100000000)
  region size 1024K, 6 young (6144K), 6 survivors (6144K)
 Metaspace       used 19075K, capacity 19433K, committed 19584K, reserved 1067008K
  class space    used 2236K, capacity 2364K, committed 2432K, reserved 1048576K
}
Event: 3.489 GC heap before
{Heap before GC invocations=4 (full 0):
 garbage-first heap   total 129024K, used 33312K [0x0000000080000000, 0x0000000100000000)
  region size 1024K, 23 young (23552K), 6 survivors (6144K)
 Metaspace       used 20784K, capacity 21161K, committed 21296K, reserved 1069056K
  class space    used 2506K, capacity 2663K, committed 2688K, reserved 1048576K
}
Event: 3.496 GC heap after
{Heap after GC invocations=5 (full 0):
 garbage-first heap   total 155648K, used 17297K [0x0000000080000000, 0x0000000100000000)
  region size 1024K, 4 young (4096K), 4 survivors (4096K)
 Metaspace       used 20784K, capacity 21161K, committed 21296K, reserved 1069056K
  class space    used 2506K, capacity 2663K, committed 2688K, reserved 1048576K
}

Deoptimization events (20 events):
Event: 3.373 Thread 0x000001b62ef0d000 Uncommon trap: trap_request=0xffffff4d fr.pc=0x000001b61ec0c820 relative=0x0000000000000a00
Event: 3.373 Thread 0x000001b62ef0d000 Uncommon trap: reason=unstable_if action=reinterpret pc=0x000001b61ec0c820 method=java.io.WinNTFileSystem.resolve(Ljava/lang/String;Ljava/lang/String;)Ljava/lang/String; @ 19 c2
Event: 3.373 Thread 0x000001b62ef0d000 DEOPT PACKING pc=0x000001b61ec0c820 sp=0x0000009b93dfcef0
Event: 3.373 Thread 0x000001b62ef0d000 DEOPT UNPACKING pc=0x000001b61717a1af sp=0x0000009b93dfce88 mode 2
Event: 3.374 Thread 0x000001b62ef0d000 Uncommon trap: trap_request=0xffffffc6 fr.pc=0x000001b61ec720a4 relative=0x0000000000000084
Event: 3.374 Thread 0x000001b62ef0d000 Uncommon trap: reason=bimorphic_or_optimized_type_check action=maybe_recompile pc=0x000001b61ec720a4 method=java.util.AbstractList$Itr.hasNext()Z @ 8 c2
Event: 3.374 Thread 0x000001b62ef0d000 DEOPT PACKING pc=0x000001b61ec720a4 sp=0x0000009b93dfc450
Event: 3.374 Thread 0x000001b62ef0d000 DEOPT UNPACKING pc=0x000001b61717a1af sp=0x0000009b93dfc3e8 mode 2
Event: 3.374 Thread 0x000001b62ef0d000 Uncommon trap: trap_request=0xffffffc6 fr.pc=0x000001b61ec72454 relative=0x0000000000000114
Event: 3.374 Thread 0x000001b62ef0d000 Uncommon trap: reason=bimorphic_or_optimized_type_check action=maybe_recompile pc=0x000001b61ec72454 method=java.util.AbstractList$Itr.next()Ljava/lang/Object; @ 14 c2
Event: 3.374 Thread 0x000001b62ef0d000 DEOPT PACKING pc=0x000001b61ec72454 sp=0x0000009b93dfc440
Event: 3.374 Thread 0x000001b62ef0d000 DEOPT UNPACKING pc=0x000001b61717a1af sp=0x0000009b93dfc3d8 mode 2
Event: 3.375 Thread 0x000001b62ef0d000 Uncommon trap: trap_request=0xffffff4d fr.pc=0x000001b61ec69574 relative=0x0000000000000534
Event: 3.375 Thread 0x000001b62ef0d000 Uncommon trap: reason=unstable_if action=reinterpret pc=0x000001b61ec69574 method=java.io.File.getName()Ljava/lang/String; @ 16 c2
Event: 3.375 Thread 0x000001b62ef0d000 DEOPT PACKING pc=0x000001b61ec69574 sp=0x0000009b93dfce80
Event: 3.375 Thread 0x000001b62ef0d000 DEOPT UNPACKING pc=0x000001b61717a1af sp=0x0000009b93dfce50 mode 2
Event: 3.375 Thread 0x000001b62ef0d000 Uncommon trap: trap_request=0xffffff4d fr.pc=0x000001b61ec669ac relative=0x000000000000046c
Event: 3.375 Thread 0x000001b62ef0d000 Uncommon trap: reason=unstable_if action=reinterpret pc=0x000001b61ec669ac method=java.lang.String.substring(I)Ljava/lang/String; @ 34 c2
Event: 3.375 Thread 0x000001b62ef0d000 DEOPT PACKING pc=0x000001b61ec669ac sp=0x0000009b93dfce00
Event: 3.375 Thread 0x000001b62ef0d000 DEOPT UNPACKING pc=0x000001b61717a1af sp=0x0000009b93dfcdd8 mode 2

Classes redefined (0 events):
No events

Internal exceptions (20 events):
Event: 1.676 Thread 0x000001b60d19c800 Exception <a 'java/security/PrivilegedActionException'{0x0000000085f14048}> (0x0000000085f14048) thrown at [./src/hotspot/share/prims/jvm.cpp, line 1306]
Event: 1.676 Thread 0x000001b60d19c800 Exception <a 'java/security/PrivilegedActionException'{0x0000000085f145c0}> (0x0000000085f145c0) thrown at [./src/hotspot/share/prims/jvm.cpp, line 1306]
Event: 1.959 Thread 0x000001b60d19c800 Exception <a 'java/lang/NoSuchMethodError'{0x0000000086f5e6e8}: 'java.lang.Object java.lang.invoke.DirectMethodHandle$Holder.invokeStaticInit(java.lang.Object, java.lang.Object, java.lang.Object)'> (0x0000000086f5e6e8) thrown at [./src/hotspot/share/interpreter/linkResolver.cpp, line 773]
Event: 2.211 Thread 0x000001b60d19c800 Exception <a 'java/lang/NoSuchMethodError'{0x00000000869e4878}: 'java.lang.Object java.lang.invoke.DirectMethodHandle$Holder.invokeStaticInit(java.lang.Object, int, int, int, int)'> (0x00000000869e4878) thrown at [./src/hotspot/share/interpreter/linkResolver.cpp, line 773]
Event: 2.485 Thread 0x000001b60d19c800 Exception <a 'java/lang/NoSuchMethodError'{0x000000008684b478}: 'java.lang.Object java.lang.invoke.DirectMethodHandle$Holder.invokeStaticInit(java.lang.Object, java.lang.Object, int, int, int, int)'> (0x000000008684b478) thrown at [./src/hotspot/share/interpreter/linkResolver.cpp, line 773]
Event: 2.924 Thread 0x000001b60d19c800 Exception <a 'java/io/IOException'{0x0000000086624d20}> (0x0000000086624d20) thrown at [./src/hotspot/share/prims/jni.cpp, line 617]
Event: 3.022 Thread 0x000001b62f4ca000 Exception <a 'java/lang/NoSuchMethodError'{0x00000000864f7a48}: <clinit>> (0x00000000864f7a48) thrown at [./src/hotspot/share/prims/jni.cpp, line 1367]
Event: 3.026 Thread 0x000001b62f4ca000 Exception <a 'java/lang/NoSuchMethodError'{0x0000000086310028}: <clinit>> (0x0000000086310028) thrown at [./src/hotspot/share/prims/jni.cpp, line 1367]
Event: 3.027 Thread 0x000001b62f4ca000 Exception <a 'java/lang/NoSuchMethodError'{0x0000000086319b70}: <clinit>> (0x0000000086319b70) thrown at [./src/hotspot/share/prims/jni.cpp, line 1367]
Event: 3.028 Thread 0x000001b62f4ca000 Exception <a 'java/lang/NoSuchMethodError'{0x000000008632f3f0}: <clinit>> (0x000000008632f3f0) thrown at [./src/hotspot/share/prims/jni.cpp, line 1367]
Event: 3.110 Thread 0x000001b62ef0d000 Exception <a 'java/lang/NoSuchMethodError'{0x0000000085f40b00}: 'long java.lang.invoke.DirectMethodHandle$Holder.invokeInterface(java.lang.Object, java.lang.Object)'> (0x0000000085f40b00) thrown at [./src/hotspot/share/interpreter/linkResolver.cpp, line 773]
Event: 3.112 Thread 0x000001b62ef0d000 Exception <a 'java/lang/NoSuchMethodError'{0x0000000085f4dba0}: 'void java.lang.invoke.DelegatingMethodHandle$Holder.reinvoke_L(java.lang.Object, java.lang.Object, java.lang.Object, java.lang.Object, java.lang.Object, java.lang.Object, java.lang.Object)'> (0x0000000085f4dba0) thrown at [./src/hotspot/share/interpreter/linkResolver.cpp, line 773]
Event: 3.215 Thread 0x000001b62ef0d000 Exception <a 'java/lang/NoSuchMethodError'{0x000000008525d158}: 'void java.lang.invoke.DirectMethodHandle$Holder.invokeStaticInit(java.lang.Object)'> (0x000000008525d158) thrown at [./src/hotspot/share/interpreter/linkResolver.cpp, line 773]
Event: 3.231 Thread 0x000001b62ef0d000 Exception <a 'java/lang/NoSuchMethodError'{0x0000000085118368}: 'java.lang.Object java.lang.invoke.DirectMethodHandle$Holder.invokeStatic(java.lang.Object, java.lang.Object, java.lang.Object, int)'> (0x0000000085118368) thrown at [./src/hotspot/share/interpreter/linkResolver.cpp, line 773]
Event: 3.231 Thread 0x000001b62ef0d000 Exception <a 'java/lang/NoSuchMethodError'{0x000000008511c530}: 'java.lang.Object java.lang.invoke.DirectMethodHandle$Holder.invokeSpecial(java.lang.Object, java.lang.Object, java.lang.Object, java.lang.Object, int)'> (0x000000008511c530) thrown at [./src/hotspot/share/interpreter/linkResolver.cpp, line 773]
Event: 3.231 Thread 0x000001b62ef0d000 Exception <a 'java/lang/NoSuchMethodError'{0x000000008511ff18}: 'java.lang.Object java.lang.invoke.Invokers$Holder.linkToTargetMethod(java.lang.Object, java.lang.Object, int, java.lang.Object)'> (0x000000008511ff18) thrown at [./src/hotspot/share/interpreter/linkResolver.cpp, line 773]
Event: 3.405 Thread 0x000001b62ef0d000 Exception <a 'java/lang/NoSuchMethodError'{0x000000008771d4b8}: 'java.lang.Object java.lang.invoke.Invokers$Holder.linkToTargetMethod(java.lang.Object, java.lang.Object, java.lang.Object, java.lang.Object, java.lang.Object, java.lang.Object)'> (0x000000008771d4b8) thrown at [./src/hotspot/share/interpreter/linkResolver.cpp, line 773]
Event: 3.575 Thread 0x000001b62ef0d000 Exception <a 'java/lang/NoSuchMethodError'{0x00000000893c0920}: 'int java.lang.invoke.DirectMethodHandle$Holder.invokeSpecialIFC(java.lang.Object, java.lang.Object, java.lang.Object, java.lang.Object)'> (0x00000000893c0920) thrown at [./src/hotspot/share/interpreter/linkResolver.cpp, line 773]
Event: 3.577 Thread 0x000001b62ef0d000 Exception <a 'java/lang/NoSuchMethodError'{0x00000000893ce8d8}: 'java.lang.Object java.lang.invoke.DirectMethodHandle$Holder.invokeInterface(java.lang.Object, java.lang.Object, java.lang.Object)'> (0x00000000893ce8d8) thrown at [./src/hotspot/share/interpreter/linkResolver.cpp, line 773]
Event: 3.577 Thread 0x000001b62ef0d000 Exception <a 'java/lang/IncompatibleClassChangeError'{0x00000000893d1db0}: Found class java.lang.Object, but interface was expected> (0x00000000893d1db0) thrown at [./src/hotspot/share/interpreter/linkResolver.cpp, line 839]

Events (20 events):
Event: 3.614 loading class org/gradle/api/internal/changedetection/state/ZipHasher$HashingExceptionReporter
Event: 3.614 loading class org/gradle/api/internal/changedetection/state/ZipHasher$HashingExceptionReporter done
Event: 3.614 loading class org/gradle/internal/fingerprint/classpath/impl/ClasspathFingerprintingStrategy$NonJarFingerprintingStrategy
Event: 3.614 loading class org/gradle/internal/fingerprint/classpath/impl/ClasspathFingerprintingStrategy$NonJarFingerprintingStrategy done
Event: 3.615 loading class org/gradle/internal/fingerprint/classpath/impl/ClasspathFingerprintingStrategy$NonJarFingerprintingStrategy$1
Event: 3.615 loading class org/gradle/internal/fingerprint/classpath/impl/ClasspathFingerprintingStrategy$NonJarFingerprintingStrategy$1 done
Event: 3.615 loading class org/gradle/internal/fingerprint/classpath/impl/ClasspathFingerprintingStrategy$NonJarFingerprintingStrategy$2
Event: 3.615 loading class org/gradle/internal/fingerprint/classpath/impl/ClasspathFingerprintingStrategy$NonJarFingerprintingStrategy$2 done
Event: 3.615 loading class org/gradle/internal/fingerprint/impl/EmptyCurrentFileCollectionFingerprint
Event: 3.615 loading class org/gradle/internal/fingerprint/impl/EmptyCurrentFileCollectionFingerprint done
Event: 3.616 loading class org/gradle/internal/hash/Hasher
Event: 3.616 loading class org/gradle/internal/hash/Hasher done
Event: 3.616 loading class org/gradle/internal/hash/Hasher
Event: 3.616 loading class org/gradle/internal/hash/Hasher done
Event: 3.616 loading class org/gradle/api/internal/changedetection/state/ResourceEntryFilter
Event: 3.616 loading class org/gradle/api/internal/changedetection/state/ResourceEntryFilter done
Event: 3.616 loading class org/gradle/internal/hash/Hasher
Event: 3.616 loading class org/gradle/internal/hash/Hasher done
Event: 3.617 loading class org/gradle/api/internal/initialization/loadercache/DefaultClasspathHasher
Event: 3.617 loading class org/gradle/api/internal/initialization/loadercache/DefaultClasspathHasher done


Dynamic libraries:
0x00007ff725f80000 - 0x00007ff725f8d000 	C:\Users\ad\.jdks\corretto-11.0.18\bin\java.exe
0x00007ffcf08a0000 - 0x00007ffcf0a90000 	C:\Windows\SYSTEM32\ntdll.dll
0x00007ffcefa50000 - 0x00007ffcefb02000 	C:\Windows\System32\KERNEL32.DLL
0x00007ffcee1b0000 - 0x00007ffcee453000 	C:\Windows\System32\KERNELBASE.dll
0x00007ffcee7a0000 - 0x00007ffcee89a000 	C:\Windows\System32\ucrtbase.dll
0x00007ffcdcfa0000 - 0x00007ffcdcfb7000 	C:\Users\ad\.jdks\corretto-11.0.18\bin\jli.dll
0x00007ffcef4c0000 - 0x00007ffcef654000 	C:\Windows\System32\USER32.dll
0x00007ffcedfe0000 - 0x00007ffcee001000 	C:\Windows\System32\win32u.dll
0x00007ffcefcd0000 - 0x00007ffcefcf6000 	C:\Windows\System32\GDI32.dll
0x00007ffcee010000 - 0x00007ffcee1a4000 	C:\Windows\System32\gdi32full.dll
0x00007ffcee4e0000 - 0x00007ffcee57e000 	C:\Windows\System32\msvcp_win.dll
0x00007ffcdcc50000 - 0x00007ffcdcc69000 	C:\Users\ad\.jdks\corretto-11.0.18\bin\VCRUNTIME140.dll
0x00007ffce3750000 - 0x00007ffce39d5000 	C:\Windows\WinSxS\amd64_microsoft.windows.common-controls_6595b64144ccf1df_6.0.18362.535_none_e6c3b34713100821\COMCTL32.dll
0x00007ffcefd00000 - 0x00007ffcefd9e000 	C:\Windows\System32\msvcrt.dll
0x00007ffcefda0000 - 0x00007ffcf00d6000 	C:\Windows\System32\combase.dll
0x00007ffcef040000 - 0x00007ffcef160000 	C:\Windows\System32\RPCRT4.dll
0x00007ffcee460000 - 0x00007ffcee4e0000 	C:\Windows\System32\bcryptPrimitives.dll
0x00007ffcef160000 - 0x00007ffcef18e000 	C:\Windows\System32\IMM32.DLL
0x00007ffcb56e0000 - 0x00007ffcb577b000 	C:\Users\ad\.jdks\corretto-11.0.18\bin\msvcp140.dll
0x00007ffc8f610000 - 0x00007ffc9019a000 	C:\Users\ad\.jdks\corretto-11.0.18\bin\server\jvm.dll
0x00007ffcef6e0000 - 0x00007ffcef783000 	C:\Windows\System32\ADVAPI32.dll
0x00007ffcef250000 - 0x00007ffcef2e7000 	C:\Windows\System32\sechost.dll
0x00007ffcf0690000 - 0x00007ffcf0698000 	C:\Windows\System32\PSAPI.DLL
0x00007ffce3310000 - 0x00007ffce3319000 	C:\Windows\SYSTEM32\WSOCK32.dll
0x00007ffce5a70000 - 0x00007ffce5a94000 	C:\Windows\SYSTEM32\WINMM.dll
0x00007ffcef360000 - 0x00007ffcef3cf000 	C:\Windows\System32\WS2_32.dll
0x00007ffce68b0000 - 0x00007ffce68ba000 	C:\Windows\SYSTEM32\VERSION.dll
0x00007ffce5a40000 - 0x00007ffce5a6d000 	C:\Windows\SYSTEM32\WINMMBASE.dll
0x00007ffcee750000 - 0x00007ffcee79a000 	C:\Windows\System32\cfgmgr32.dll
0x00007ffced780000 - 0x00007ffced791000 	C:\Windows\System32\kernel.appcore.dll
0x00007ffce88c0000 - 0x00007ffce88d0000 	C:\Users\ad\.jdks\corretto-11.0.18\bin\verify.dll
0x00007ffcec090000 - 0x00007ffcec284000 	C:\Windows\SYSTEM32\DBGHELP.DLL
0x00007ffce0b30000 - 0x00007ffce0b5a000 	C:\Windows\SYSTEM32\dbgcore.DLL
0x00007ffcd66d0000 - 0x00007ffcd66f8000 	C:\Users\ad\.jdks\corretto-11.0.18\bin\java.dll
0x00007ffce4ad0000 - 0x00007ffce4ada000 	C:\Users\ad\.jdks\corretto-11.0.18\bin\jimage.dll
0x00007ffcdc200000 - 0x00007ffcdc218000 	C:\Users\ad\.jdks\corretto-11.0.18\bin\zip.dll
0x00007ffcee950000 - 0x00007ffcef035000 	C:\Windows\System32\SHELL32.dll
0x00007ffcef190000 - 0x00007ffcef239000 	C:\Windows\System32\shcore.dll
0x00007ffced860000 - 0x00007ffcedfdf000 	C:\Windows\System32\windows.storage.dll
0x00007ffced7a0000 - 0x00007ffced7bf000 	C:\Windows\System32\profapi.dll
0x00007ffced7e0000 - 0x00007ffced82a000 	C:\Windows\System32\powrprof.dll
0x00007ffced770000 - 0x00007ffced780000 	C:\Windows\System32\UMPDC.dll
0x00007ffcef2f0000 - 0x00007ffcef342000 	C:\Windows\System32\shlwapi.dll
0x00007ffcee6d0000 - 0x00007ffcee6e7000 	C:\Windows\System32\cryptsp.dll
0x00007ffcd66b0000 - 0x00007ffcd66c9000 	C:\Users\ad\.jdks\corretto-11.0.18\bin\net.dll
0x00007ffce5190000 - 0x00007ffce5280000 	C:\Windows\SYSTEM32\WINHTTP.dll
0x00007ffcecfe0000 - 0x00007ffced047000 	C:\Windows\system32\mswsock.dll
0x00007ffcd0fa0000 - 0x00007ffcd0fb3000 	C:\Users\ad\.jdks\corretto-11.0.18\bin\nio.dll
0x00007ffcdd180000 - 0x00007ffcdd1a7000 	C:\Users\ad\.gradle\native\e1d6ef7f7dcc3fd88c89a11ec53ec762bb8ba0a96d01ffa2cd45eb1d1d8dd5c5\windows-amd64\native-platform.dll
0x00007ffcc1510000 - 0x00007ffcc1654000 	C:\Users\ad\.gradle\native\0d407fdbe67a94daf76414ababcb853783967236a71b16ec16e742cd7a986fd3\windows-amd64\native-platform-file-events.dll
0x00007ffce0740000 - 0x00007ffce0749000 	C:\Users\ad\.jdks\corretto-11.0.18\bin\management.dll
0x00007ffcded70000 - 0x00007ffcded7b000 	C:\Users\ad\.jdks\corretto-11.0.18\bin\management_ext.dll
0x00007ffcecb50000 - 0x00007ffcecb83000 	C:\Windows\system32\rsaenh.dll
0x00007ffced830000 - 0x00007ffced856000 	C:\Windows\System32\bcrypt.dll
0x00007ffced690000 - 0x00007ffced6b5000 	C:\Windows\SYSTEM32\USERENV.dll
0x00007ffced1b0000 - 0x00007ffced1bc000 	C:\Windows\SYSTEM32\CRYPTBASE.dll
0x00007ffceccf0000 - 0x00007ffcecd2a000 	C:\Windows\SYSTEM32\IPHLPAPI.DLL
0x00007ffcef240000 - 0x00007ffcef248000 	C:\Windows\System32\NSI.dll
0x00007ffce65f0000 - 0x00007ffce6606000 	C:\Windows\SYSTEM32\dhcpcsvc6.DLL
0x00007ffce6b60000 - 0x00007ffce6b7c000 	C:\Windows\SYSTEM32\dhcpcsvc.DLL
0x00007ffcecd30000 - 0x00007ffcecdfa000 	C:\Windows\SYSTEM32\DNSAPI.dll

dbghelp: loaded successfully - version: 4.0.5 - missing functions: none
symbol engine: initialized successfully - sym options: 0x614 - pdb path: .;C:\Users\ad\.jdks\corretto-11.0.18\bin;C:\Windows\SYSTEM32;C:\Windows\WinSxS\amd64_microsoft.windows.common-controls_6595b64144ccf1df_6.0.18362.535_none_e6c3b34713100821;C:\Users\ad\.jdks\corretto-11.0.18\bin\server;C:\Users\ad\.gradle\native\e1d6ef7f7dcc3fd88c89a11ec53ec762bb8ba0a96d01ffa2cd45eb1d1d8dd5c5\windows-amd64;C:\Users\ad\.gradle\native\0d407fdbe67a94daf76414ababcb853783967236a71b16ec16e742cd7a986fd3\windows-amd64

VM Arguments:
jvm_args: --add-opens=java.base/java.util=ALL-UNNAMED --add-opens=java.base/java.lang=ALL-UNNAMED --add-opens=java.base/java.lang.invoke=ALL-UNNAMED --add-opens=java.base/java.util=ALL-UNNAMED --add-opens=java.prefs/java.util.prefs=ALL-UNNAMED --add-opens=java.prefs/java.util.prefs=ALL-UNNAMED --add-opens=java.base/java.nio.charset=ALL-UNNAMED --add-opens=java.base/java.net=ALL-UNNAMED --add-opens=java.base/java.util.concurrent.atomic=ALL-UNNAMED -Xmx2048m -Dfile.encoding=UTF-8 -Duser.country=US -Duser.language=en -Duser.variant 
java_command: org.gradle.launcher.daemon.bootstrap.GradleDaemon 7.5
java_class_path (initial): C:\Users\ad\.gradle\wrapper\dists\gradle-7.5-bin\f1w0cc9nuo0eivz97x2xlu9sv\gradle-7.5\lib\gradle-launcher-7.5.jar
Launcher Type: SUN_STANDARD

[Global flags]
     intx CICompilerCount                          = 3                                         {product} {ergonomic}
     uint ConcGCThreads                            = 1                                         {product} {ergonomic}
     uint G1ConcRefinementThreads                  = 4                                         {product} {ergonomic}
   size_t G1HeapRegionSize                         = 1048576                                   {product} {ergonomic}
    uintx GCDrainStackTargetSize                   = 64                                        {product} {ergonomic}
   size_t InitialHeapSize                          = 132120576                                 {product} {ergonomic}
   size_t MarkStackSize                            = 4194304                                   {product} {ergonomic}
   size_t MaxHeapSize                              = 2147483648                                {product} {command line}
   size_t MaxNewSize                               = 1287651328                                {product} {ergonomic}
   size_t MinHeapDeltaBytes                        = 1048576                                   {product} {ergonomic}
    uintx NonNMethodCodeHeapSize                   = 5830732                                {pd product} {ergonomic}
    uintx NonProfiledCodeHeapSize                  = 122913754                              {pd product} {ergonomic}
    uintx ProfiledCodeHeapSize                     = 122913754                              {pd product} {ergonomic}
    uintx ReservedCodeCacheSize                    = 251658240                              {pd product} {ergonomic}
     bool SegmentedCodeCache                       = true                                      {product} {ergonomic}
     bool UseCompressedClassPointers               = true                                 {lp64_product} {ergonomic}
     bool UseCompressedOops                        = true                                 {lp64_product} {ergonomic}
     bool UseG1GC                                  = true                                      {product} {ergonomic}
     bool UseLargePagesIndividualAllocation        = false                                  {pd product} {ergonomic}

Logging:
Log output configuration:
 #0: stdout all=warning uptime,level,tags
 #1: stderr all=off uptime,level,tags

Environment Variables:
PATH=C:\Program Files\Common Files\Oracle\Java\javapath;C:\Windows\system32;C:\Windows;C:\Windows\System32\Wbem;C:\Windows\System32\WindowsPowerShell\v1.0\;C:\Windows\System32\OpenSSH\;C:\Program Files (x86)\NVIDIA Corporation\PhysX\Common;C:\FPC\3.2.2\bin\i386-Win32;C:\Program Files\Azure Data Studio\bin;D:\SAVE DATA\XAMPP\DATA\php;D:\SAVE DATA\XAMPP\Composer;C:\Program Files\Cloudflare\Cloudflare WARP\;D:\VDK\XC8\bin;C:\Program Files\Git\cmd;C:\Users\ad\AppData\Local\Microsoft\WindowsApps;C:\Users\ad\AppData\Local\Programs\Microsoft VS Code\bin;C:\Program Files\Azure Data Studio\bin;C:\Users\ad\AppData\Local\GitHubDesktop\bin;C:\Users\ad\AppData\Roaming\Composer\vendor\bin
USERNAME=ad
OS=Windows_NT
PROCESSOR_IDENTIFIER=Intel64 Family 6 Model 94 Stepping 3, GenuineIntel
TMP=C:\Users\ad\AppData\Local\Temp
TEMP=C:\Users\ad\AppData\Local\Temp



---------------  S Y S T E M  ---------------

OS: Windows 10 , 64 bit Build 18362 (10.0.18362.329)
OS uptime: 1 days 0:57 hours

CPU:total 4 (initial active 4) (4 cores per cpu, 1 threads per core) family 6 model 94 stepping 3 microcode 0xcc, cmov, cx8, fxsr, mmx, sse, sse2, sse3, ssse3, sse4.1, sse4.2, popcnt, avx, avx2, aes, clmul, erms, rtm, 3dnowpref, lzcnt, tsc, tscinvbit, bmi1, bmi2, adx, fma

Memory: 4k page, system-wide physical 8058M (374M free)
TotalPageFile size 12964M (AvailPageFile size 5M)
current process WorkingSet (physical memory assigned to process): 177M, peak: 177M
current process commit charge ("private bytes"): 287M, peak: 288M

vm_info: OpenJDK 64-Bit Server VM (11.0.18+10-LTS) for windows-amd64 JRE (11.0.18+10-LTS), built on Jan 10 2023 20:17:52 by "Administrator" with MS VC++ 15.9 (VS2017)

END.
