#
# There is insufficient memory for the Java Runtime Environment to continue.
# Native memory allocation (malloc) failed to allocate 512336 bytes for Chunk::new
# Possible reasons:
#   The system is out of physical RAM or swap space
#   The process is running with CompressedOops enabled, and the Java Heap may be blocking the growth of the native heap
# Possible solutions:
#   Reduce memory load on the system
#   Increase physical memory or swap space
#   Check if swap backing store is full
#   Decrease Java heap size (-Xmx/-Xms)
#   Decrease number of Java threads
#   Decrease Java thread stack sizes (-Xss)
#   Set larger code cache with -XX:ReservedCodeCacheSize=
#   JVM is running with Unscaled Compressed Oops mode in which the Java heap is
#     placed in the first 4GB address space. The Java Heap base address is the
#     maximum limit for the native heap growth. Please use -XX:HeapBaseMinAddress
#     to set the Java Heap base and to place the Java Heap above 4GB virtual address.
# This output file may be truncated or incomplete.
#
#  Out of Memory Error (./src/hotspot/share/memory/arena.cpp:197), pid=8212, tid=2300
#
# JRE version: OpenJDK Runtime Environment Corretto-11.0.18.10.1 (11.0.18+10) (build 11.0.18+10-LTS)
# Java VM: OpenJDK 64-Bit Server VM Corretto-11.0.18.10.1 (11.0.18+10-LTS, mixed mode, tiered, compressed oops, g1 gc, windows-amd64)
# No core dump will be written. Minidumps are not enabled by default on client versions of Windows
#

---------------  S U M M A R Y ------------

Command Line: org.jetbrains.kotlin.cli.jvm.K2JVMCompiler @D:\SAVE DATA\Android\Source code\ConquerTheExam\app\build\20230316_9240596362246843316.compiler.options

Host: Intel(R) Core(TM) i5-6300HQ CPU @ 2.30GHz, 4 cores, 7G,  Windows 10 , 64 bit Build 18362 (10.0.18362.329)
Time: Thu Mar 16 21:49:54 2023 SE Asia Standard Time elapsed time: 7.986160 seconds (0d 0h 0m 7s)

---------------  T H R E A D  ---------------

Current thread (0x0000023de617d000):  JavaThread "C2 CompilerThread0" daemon [_thread_in_native, id=2300, stack(0x000000d71ef00000,0x000000d71f000000)]


Current CompileTask:
C2:   7986 7799       4       org.jetbrains.kotlin.ir.util.TypeTranslator::translateTypeAnnotations (230 bytes)

Stack: [0x000000d71ef00000,0x000000d71f000000]
Native frames: (J=compiled Java code, j=interpreted, Vv=VM code, C=native code)
V  [jvm.dll+0x622d9a]
V  [jvm.dll+0x7b0289]
V  [jvm.dll+0x7b1978]
V  [jvm.dll+0x7b2053]
V  [jvm.dll+0x24fe08]
V  [jvm.dll+0xc264c]
V  [jvm.dll+0xc2c0c]
V  [jvm.dll+0x2c3d84]
V  [jvm.dll+0x53197c]
V  [jvm.dll+0x21137b]
V  [jvm.dll+0x20b0e4]
V  [jvm.dll+0x2082fb]
V  [jvm.dll+0x18a3c1]
V  [jvm.dll+0x217ac4]
V  [jvm.dll+0x215d0b]
V  [jvm.dll+0x772d90]
V  [jvm.dll+0x76bcc4]
V  [jvm.dll+0x621c05]
C  [ucrtbase.dll+0x20e72]
C  [KERNEL32.DLL+0x17bd4]
C  [ntdll.dll+0x6ced1]


---------------  P R O C E S S  ---------------

Threads class SMR info:
_java_thread_list=0x0000023de8e1b200, length=11, elements={
0x0000023dc7a0e000, 0x0000023de6159800, 0x0000023de6164000, 0x0000023de6173000,
0x0000023de6174800, 0x0000023de6175800, 0x0000023de617d000, 0x0000023de6b2e000,
0x0000023de6b37000, 0x0000023de6c36000, 0x0000023de8b14800
}

Java Threads: ( => current thread )
  0x0000023dc7a0e000 JavaThread "main" [_thread_in_Java, id=13032, stack(0x000000d71e300000,0x000000d71e400000)]
  0x0000023de6159800 JavaThread "Reference Handler" daemon [_thread_blocked, id=904, stack(0x000000d71ea00000,0x000000d71eb00000)]
  0x0000023de6164000 JavaThread "Finalizer" daemon [_thread_blocked, id=11152, stack(0x000000d71eb00000,0x000000d71ec00000)]
  0x0000023de6173000 JavaThread "Signal Dispatcher" daemon [_thread_blocked, id=8116, stack(0x000000d71ec00000,0x000000d71ed00000)]
  0x0000023de6174800 JavaThread "Attach Listener" daemon [_thread_blocked, id=1264, stack(0x000000d71ed00000,0x000000d71ee00000)]
  0x0000023de6175800 JavaThread "Service Thread" daemon [_thread_blocked, id=11840, stack(0x000000d71ee00000,0x000000d71ef00000)]
=>0x0000023de617d000 JavaThread "C2 CompilerThread0" daemon [_thread_in_native, id=2300, stack(0x000000d71ef00000,0x000000d71f000000)]
  0x0000023de6b2e000 JavaThread "C1 CompilerThread0" daemon [_thread_blocked, id=1120, stack(0x000000d71f000000,0x000000d71f100000)]
  0x0000023de6b37000 JavaThread "Sweeper thread" daemon [_thread_blocked, id=9836, stack(0x000000d71f100000,0x000000d71f200000)]
  0x0000023de6c36000 JavaThread "Common-Cleaner" daemon [_thread_blocked, id=9016, stack(0x000000d71f300000,0x000000d71f400000)]
  0x0000023de8b14800 JavaThread "C2 CompilerThread1" daemon [_thread_in_native, id=3184, stack(0x000000d71f400000,0x000000d71f500000)]

Other Threads:
  0x0000023de6135800 VMThread "VM Thread" [stack: 0x000000d71e900000,0x000000d71ea00000] [id=7120]
  0x0000023de6c2d000 WatcherThread [stack: 0x000000d71f200000,0x000000d71f300000] [id=3556]
  0x0000023dc7a27800 GCTaskThread "GC Thread#0" [stack: 0x000000d71e400000,0x000000d71e500000] [id=1104]
  0x0000023de7047000 GCTaskThread "GC Thread#1" [stack: 0x000000d71f500000,0x000000d71f600000] [id=10132]
  0x0000023de7060000 GCTaskThread "GC Thread#2" [stack: 0x000000d71f600000,0x000000d71f700000] [id=1624]
  0x0000023dc7a56800 ConcurrentGCThread "G1 Main Marker" [stack: 0x000000d71e500000,0x000000d71e600000] [id=10148]
  0x0000023dc7a59000 ConcurrentGCThread "G1 Conc#0" [stack: 0x000000d71e600000,0x000000d71e700000] [id=11892]
  0x0000023de5fa0800 ConcurrentGCThread "G1 Refine#0" [stack: 0x000000d71e700000,0x000000d71e800000] [id=10124]
  0x0000023de5fa1800 ConcurrentGCThread "G1 Young RemSet Sampling" [stack: 0x000000d71e800000,0x000000d71e900000] [id=10120]

Threads with active compile tasks:
C2 CompilerThread0     8013 7799       4       org.jetbrains.kotlin.ir.util.TypeTranslator::translateTypeAnnotations (230 bytes)
C2 CompilerThread1     8013 7801       4       org.jetbrains.kotlin.ir.util.TypeTranslator::translateType (625 bytes)

VM state:not at safepoint (normal execution)

VM Mutex/Monitor currently owned by a thread: None

Heap address: 0x0000000082000000, size: 2016 MB, Compressed Oops mode: 32-bit
Narrow klass base: 0x0000000000000000, Narrow klass shift: 3
Compressed class space size: 1073741824 Address: 0x0000000100000000

Heap:
 garbage-first heap   total 155648K, used 101660K [0x0000000082000000, 0x0000000100000000)
  region size 1024K, 57 young (58368K), 8 survivors (8192K)
 Metaspace       used 76651K, capacity 77411K, committed 77644K, reserved 1118208K
  class space    used 8617K, capacity 8925K, committed 9036K, reserved 1048576K
Heap Regions: E=young(eden), S=young(survivor), O=old, HS=humongous(starts), HC=humongous(continues), CS=collection set, F=free, A=archive, TAMS=top-at-mark-start (previous, next)
|   0|0x0000000082000000, 0x0000000082100000, 0x0000000082100000|100%|HS|  |TAMS 0x0000000082100000, 0x0000000082000000| Complete 
|   1|0x0000000082100000, 0x0000000082200000, 0x0000000082200000|100%|HC|  |TAMS 0x0000000082200000, 0x0000000082100000| Complete 
|   2|0x0000000082200000, 0x0000000082300000, 0x0000000082300000|100%|HC|  |TAMS 0x0000000082300000, 0x0000000082200000| Complete 
|   3|0x0000000082300000, 0x0000000082400000, 0x0000000082400000|100%|HC|  |TAMS 0x0000000082400000, 0x0000000082300000| Complete 
|   4|0x0000000082400000, 0x0000000082500000, 0x0000000082500000|100%| O|  |TAMS 0x0000000082500000, 0x0000000082400000| Untracked 
|   5|0x0000000082500000, 0x0000000082600000, 0x0000000082600000|100%| O|  |TAMS 0x0000000082600000, 0x0000000082500000| Untracked 
|   6|0x0000000082600000, 0x0000000082700000, 0x0000000082700000|100%|HS|  |TAMS 0x0000000082700000, 0x0000000082600000| Complete 
|   7|0x0000000082700000, 0x0000000082800000, 0x0000000082800000|100%|HC|  |TAMS 0x0000000082800000, 0x0000000082700000| Complete 
|   8|0x0000000082800000, 0x0000000082900000, 0x0000000082900000|100%|HC|  |TAMS 0x0000000082900000, 0x0000000082800000| Complete 
|   9|0x0000000082900000, 0x0000000082a00000, 0x0000000082a00000|100%|HC|  |TAMS 0x0000000082a00000, 0x0000000082900000| Complete 
|  10|0x0000000082a00000, 0x0000000082b00000, 0x0000000082b00000|100%| O|  |TAMS 0x0000000082b00000, 0x0000000082a00000| Untracked 
|  11|0x0000000082b00000, 0x0000000082c00000, 0x0000000082c00000|100%| O|  |TAMS 0x0000000082c00000, 0x0000000082b00000| Untracked 
|  12|0x0000000082c00000, 0x0000000082d00000, 0x0000000082d00000|100%| O|  |TAMS 0x0000000082d00000, 0x0000000082c00000| Untracked 
|  13|0x0000000082d00000, 0x0000000082e00000, 0x0000000082e00000|100%| O|  |TAMS 0x0000000082e00000, 0x0000000082d00000| Untracked 
|  14|0x0000000082e00000, 0x0000000082f00000, 0x0000000082f00000|100%| O|  |TAMS 0x0000000082f00000, 0x0000000082e00000| Untracked 
|  15|0x0000000082f00000, 0x0000000083000000, 0x0000000083000000|100%| O|  |TAMS 0x0000000083000000, 0x0000000082f00000| Untracked 
|  16|0x0000000083000000, 0x0000000083100000, 0x0000000083100000|100%| O|  |TAMS 0x0000000083100000, 0x0000000083000000| Untracked 
|  17|0x0000000083100000, 0x0000000083200000, 0x0000000083200000|100%| O|  |TAMS 0x0000000083200000, 0x0000000083100000| Untracked 
|  18|0x0000000083200000, 0x0000000083300000, 0x0000000083300000|100%| O|  |TAMS 0x0000000083300000, 0x0000000083200000| Untracked 
|  19|0x0000000083300000, 0x0000000083400000, 0x0000000083400000|100%| O|  |TAMS 0x0000000083400000, 0x0000000083300000| Untracked 
|  20|0x0000000083400000, 0x0000000083500000, 0x0000000083500000|100%| O|  |TAMS 0x0000000083500000, 0x0000000083400000| Untracked 
|  21|0x0000000083500000, 0x0000000083600000, 0x0000000083600000|100%| O|  |TAMS 0x0000000083600000, 0x0000000083500000| Untracked 
|  22|0x0000000083600000, 0x0000000083700000, 0x0000000083700000|100%| O|  |TAMS 0x0000000083700000, 0x0000000083600000| Untracked 
|  23|0x0000000083700000, 0x0000000083800000, 0x0000000083800000|100%|HS|  |TAMS 0x0000000083800000, 0x0000000083700000| Complete 
|  24|0x0000000083800000, 0x0000000083900000, 0x0000000083900000|100%|HC|  |TAMS 0x0000000083900000, 0x0000000083800000| Complete 
|  25|0x0000000083900000, 0x0000000083a00000, 0x0000000083a00000|100%| O|  |TAMS 0x0000000083a00000, 0x0000000083900000| Untracked 
|  26|0x0000000083a00000, 0x0000000083b00000, 0x0000000083b00000|100%| O|  |TAMS 0x0000000083b00000, 0x0000000083a00000| Untracked 
|  27|0x0000000083b00000, 0x0000000083c00000, 0x0000000083c00000|100%| O|  |TAMS 0x0000000083c00000, 0x0000000083b00000| Untracked 
|  28|0x0000000083c00000, 0x0000000083d00000, 0x0000000083d00000|100%| O|  |TAMS 0x0000000083d00000, 0x0000000083c00000| Untracked 
|  29|0x0000000083d00000, 0x0000000083e00000, 0x0000000083e00000|100%| O|  |TAMS 0x0000000083e00000, 0x0000000083d00000| Untracked 
|  30|0x0000000083e00000, 0x0000000083f00000, 0x0000000083f00000|100%| O|  |TAMS 0x0000000083f00000, 0x0000000083e00000| Untracked 
|  31|0x0000000083f00000, 0x0000000084000000, 0x0000000084000000|100%| O|  |TAMS 0x0000000084000000, 0x0000000083f00000| Untracked 
|  32|0x0000000084000000, 0x0000000084100000, 0x0000000084100000|100%| O|  |TAMS 0x0000000084100000, 0x0000000084000000| Untracked 
|  33|0x0000000084100000, 0x0000000084200000, 0x0000000084200000|100%| O|  |TAMS 0x0000000084200000, 0x0000000084100000| Untracked 
|  34|0x0000000084200000, 0x0000000084300000, 0x0000000084300000|100%| O|  |TAMS 0x0000000084300000, 0x0000000084200000| Untracked 
|  35|0x0000000084300000, 0x0000000084400000, 0x0000000084400000|100%| O|  |TAMS 0x0000000084400000, 0x0000000084300000| Untracked 
|  36|0x0000000084400000, 0x0000000084500000, 0x0000000084500000|100%| O|  |TAMS 0x0000000084500000, 0x0000000084400000| Untracked 
|  37|0x0000000084500000, 0x0000000084600000, 0x0000000084600000|100%| O|  |TAMS 0x0000000084600000, 0x0000000084500000| Untracked 
|  38|0x0000000084600000, 0x0000000084700000, 0x0000000084700000|100%| O|  |TAMS 0x0000000084700000, 0x0000000084600000| Untracked 
|  39|0x0000000084700000, 0x0000000084800000, 0x0000000084800000|100%| O|  |TAMS 0x0000000084800000, 0x0000000084700000| Untracked 
|  40|0x0000000084800000, 0x0000000084900000, 0x0000000084900000|100%| O|  |TAMS 0x0000000084900000, 0x0000000084800000| Untracked 
|  41|0x0000000084900000, 0x0000000084a00000, 0x0000000084a00000|100%| O|  |TAMS 0x0000000084a00000, 0x0000000084900000| Untracked 
|  42|0x0000000084a00000, 0x0000000084b00000, 0x0000000084b00000|100%| O|  |TAMS 0x0000000084b00000, 0x0000000084a00000| Untracked 
|  43|0x0000000084b00000, 0x0000000084bdb800, 0x0000000084c00000| 85%| O|  |TAMS 0x0000000084bdb800, 0x0000000084b00000| Untracked 
|  44|0x0000000084c00000, 0x0000000084c00000, 0x0000000084d00000|  0%| F|  |TAMS 0x0000000084c00000, 0x0000000084c00000| Untracked 
|  45|0x0000000084d00000, 0x0000000084d00000, 0x0000000084e00000|  0%| F|  |TAMS 0x0000000084d00000, 0x0000000084d00000| Untracked 
|  46|0x0000000084e00000, 0x0000000084e00000, 0x0000000084f00000|  0%| F|  |TAMS 0x0000000084e00000, 0x0000000084e00000| Untracked 
|  47|0x0000000084f00000, 0x0000000084f00000, 0x0000000085000000|  0%| F|  |TAMS 0x0000000084f00000, 0x0000000084f00000| Untracked 
|  48|0x0000000085000000, 0x0000000085000000, 0x0000000085100000|  0%| F|  |TAMS 0x0000000085000000, 0x0000000085000000| Untracked 
|  49|0x0000000085100000, 0x0000000085100000, 0x0000000085200000|  0%| F|  |TAMS 0x0000000085100000, 0x0000000085100000| Untracked 
|  50|0x0000000085200000, 0x0000000085200000, 0x0000000085300000|  0%| F|  |TAMS 0x0000000085200000, 0x0000000085200000| Untracked 
|  51|0x0000000085300000, 0x0000000085300000, 0x0000000085400000|  0%| F|  |TAMS 0x0000000085300000, 0x0000000085300000| Untracked 
|  52|0x0000000085400000, 0x0000000085400000, 0x0000000085500000|  0%| F|  |TAMS 0x0000000085400000, 0x0000000085400000| Untracked 
|  53|0x0000000085500000, 0x0000000085500000, 0x0000000085600000|  0%| F|  |TAMS 0x0000000085500000, 0x0000000085500000| Untracked 
|  54|0x0000000085600000, 0x0000000085600000, 0x0000000085700000|  0%| F|  |TAMS 0x0000000085600000, 0x0000000085600000| Untracked 
|  55|0x0000000085700000, 0x0000000085700000, 0x0000000085800000|  0%| F|  |TAMS 0x0000000085700000, 0x0000000085700000| Untracked 
|  56|0x0000000085800000, 0x0000000085800000, 0x0000000085900000|  0%| F|  |TAMS 0x0000000085800000, 0x0000000085800000| Untracked 
|  57|0x0000000085900000, 0x0000000085900000, 0x0000000085a00000|  0%| F|  |TAMS 0x0000000085900000, 0x0000000085900000| Untracked 
|  58|0x0000000085a00000, 0x0000000085a00000, 0x0000000085b00000|  0%| F|  |TAMS 0x0000000085a00000, 0x0000000085a00000| Untracked 
|  59|0x0000000085b00000, 0x0000000085b00000, 0x0000000085c00000|  0%| F|  |TAMS 0x0000000085b00000, 0x0000000085b00000| Untracked 
|  60|0x0000000085c00000, 0x0000000085c00000, 0x0000000085d00000|  0%| F|  |TAMS 0x0000000085c00000, 0x0000000085c00000| Untracked 
|  61|0x0000000085d00000, 0x0000000085d00000, 0x0000000085e00000|  0%| F|  |TAMS 0x0000000085d00000, 0x0000000085d00000| Untracked 
|  62|0x0000000085e00000, 0x0000000085e00000, 0x0000000085f00000|  0%| F|  |TAMS 0x0000000085e00000, 0x0000000085e00000| Untracked 
|  63|0x0000000085f00000, 0x0000000085f00000, 0x0000000086000000|  0%| F|  |TAMS 0x0000000085f00000, 0x0000000085f00000| Untracked 
|  64|0x0000000086000000, 0x0000000086000000, 0x0000000086100000|  0%| F|  |TAMS 0x0000000086000000, 0x0000000086000000| Untracked 
|  65|0x0000000086100000, 0x0000000086100000, 0x0000000086200000|  0%| F|  |TAMS 0x0000000086100000, 0x0000000086100000| Untracked 
|  66|0x0000000086200000, 0x0000000086200000, 0x0000000086300000|  0%| F|  |TAMS 0x0000000086200000, 0x0000000086200000| Untracked 
|  67|0x0000000086300000, 0x0000000086300000, 0x0000000086400000|  0%| F|  |TAMS 0x0000000086300000, 0x0000000086300000| Untracked 
|  68|0x0000000086400000, 0x0000000086400000, 0x0000000086500000|  0%| F|  |TAMS 0x0000000086400000, 0x0000000086400000| Untracked 
|  69|0x0000000086500000, 0x0000000086500000, 0x0000000086600000|  0%| F|  |TAMS 0x0000000086500000, 0x0000000086500000| Untracked 
|  70|0x0000000086600000, 0x0000000086600000, 0x0000000086700000|  0%| F|  |TAMS 0x0000000086600000, 0x0000000086600000| Untracked 
|  71|0x0000000086700000, 0x0000000086700000, 0x0000000086800000|  0%| F|  |TAMS 0x0000000086700000, 0x0000000086700000| Untracked 
|  72|0x0000000086800000, 0x0000000086800000, 0x0000000086900000|  0%| F|  |TAMS 0x0000000086800000, 0x0000000086800000| Untracked 
|  73|0x0000000086900000, 0x0000000086900000, 0x0000000086a00000|  0%| F|  |TAMS 0x0000000086900000, 0x0000000086900000| Untracked 
|  74|0x0000000086a00000, 0x0000000086a6bac0, 0x0000000086b00000| 42%| S|CS|TAMS 0x0000000086a00000, 0x0000000086a00000| Complete 
|  75|0x0000000086b00000, 0x0000000086c00000, 0x0000000086c00000|100%| S|CS|TAMS 0x0000000086b00000, 0x0000000086b00000| Complete 
|  76|0x0000000086c00000, 0x0000000086d00000, 0x0000000086d00000|100%| S|CS|TAMS 0x0000000086c00000, 0x0000000086c00000| Complete 
|  77|0x0000000086d00000, 0x0000000086d00000, 0x0000000086e00000|  0%| F|  |TAMS 0x0000000086d00000, 0x0000000086d00000| Untracked 
|  78|0x0000000086e00000, 0x0000000086e00000, 0x0000000086f00000|  0%| F|  |TAMS 0x0000000086e00000, 0x0000000086e00000| Untracked 
|  79|0x0000000086f00000, 0x0000000086f00000, 0x0000000087000000|  0%| F|  |TAMS 0x0000000086f00000, 0x0000000086f00000| Untracked 
|  80|0x0000000087000000, 0x0000000087000000, 0x0000000087100000|  0%| F|  |TAMS 0x0000000087000000, 0x0000000087000000| Untracked 
|  81|0x0000000087100000, 0x0000000087200000, 0x0000000087200000|100%| S|CS|TAMS 0x0000000087100000, 0x0000000087100000| Complete 
|  82|0x0000000087200000, 0x0000000087300000, 0x0000000087300000|100%| S|CS|TAMS 0x0000000087200000, 0x0000000087200000| Complete 
|  83|0x0000000087300000, 0x0000000087400000, 0x0000000087400000|100%| S|CS|TAMS 0x0000000087300000, 0x0000000087300000| Complete 
|  84|0x0000000087400000, 0x0000000087500000, 0x0000000087500000|100%| S|CS|TAMS 0x0000000087400000, 0x0000000087400000| Complete 
|  85|0x0000000087500000, 0x0000000087600000, 0x0000000087600000|100%| S|CS|TAMS 0x0000000087500000, 0x0000000087500000| Complete 
|  86|0x0000000087600000, 0x0000000087600000, 0x0000000087700000|  0%| F|  |TAMS 0x0000000087600000, 0x0000000087600000| Untracked 
|  87|0x0000000087700000, 0x0000000087700000, 0x0000000087800000|  0%| F|  |TAMS 0x0000000087700000, 0x0000000087700000| Untracked 
|  88|0x0000000087800000, 0x0000000087800000, 0x0000000087900000|  0%| F|  |TAMS 0x0000000087800000, 0x0000000087800000| Untracked 
|  89|0x0000000087900000, 0x0000000087900000, 0x0000000087a00000|  0%| F|  |TAMS 0x0000000087900000, 0x0000000087900000| Untracked 
|  90|0x0000000087a00000, 0x0000000087a00000, 0x0000000087b00000|  0%| F|  |TAMS 0x0000000087a00000, 0x0000000087a00000| Untracked 
|  91|0x0000000087b00000, 0x0000000087b00000, 0x0000000087c00000|  0%| F|  |TAMS 0x0000000087b00000, 0x0000000087b00000| Untracked 
|  92|0x0000000087c00000, 0x0000000087c00000, 0x0000000087d00000|  0%| F|  |TAMS 0x0000000087c00000, 0x0000000087c00000| Untracked 
|  93|0x0000000087d00000, 0x0000000087d00000, 0x0000000087e00000|  0%| F|  |TAMS 0x0000000087d00000, 0x0000000087d00000| Untracked 
|  94|0x0000000087e00000, 0x0000000087e00000, 0x0000000087f00000|  0%| F|  |TAMS 0x0000000087e00000, 0x0000000087e00000| Untracked 
|  95|0x0000000087f00000, 0x0000000087f00000, 0x0000000088000000|  0%| F|  |TAMS 0x0000000087f00000, 0x0000000087f00000| Untracked 
|  96|0x0000000088000000, 0x0000000088000000, 0x0000000088100000|  0%| F|  |TAMS 0x0000000088000000, 0x0000000088000000| Untracked 
|  97|0x0000000088100000, 0x0000000088100000, 0x0000000088200000|  0%| F|  |TAMS 0x0000000088100000, 0x0000000088100000| Untracked 
|  98|0x0000000088200000, 0x0000000088200000, 0x0000000088300000|  0%| F|  |TAMS 0x0000000088200000, 0x0000000088200000| Untracked 
|  99|0x0000000088300000, 0x0000000088300000, 0x0000000088400000|  0%| F|  |TAMS 0x0000000088300000, 0x0000000088300000| Untracked 
| 100|0x0000000088400000, 0x0000000088400000, 0x0000000088500000|  0%| F|  |TAMS 0x0000000088400000, 0x0000000088400000| Untracked 
| 101|0x0000000088500000, 0x0000000088500000, 0x0000000088600000|  0%| F|  |TAMS 0x0000000088500000, 0x0000000088500000| Untracked 
| 102|0x0000000088600000, 0x0000000088600000, 0x0000000088700000|  0%| F|  |TAMS 0x0000000088600000, 0x0000000088600000| Untracked 
| 103|0x0000000088700000, 0x0000000088780800, 0x0000000088800000| 50%| E|  |TAMS 0x0000000088700000, 0x0000000088700000| Complete 
| 104|0x0000000088800000, 0x0000000088900000, 0x0000000088900000|100%| E|CS|TAMS 0x0000000088800000, 0x0000000088800000| Complete 
| 105|0x0000000088900000, 0x0000000088a00000, 0x0000000088a00000|100%| E|CS|TAMS 0x0000000088900000, 0x0000000088900000| Complete 
| 106|0x0000000088a00000, 0x0000000088b00000, 0x0000000088b00000|100%| E|CS|TAMS 0x0000000088a00000, 0x0000000088a00000| Complete 
| 107|0x0000000088b00000, 0x0000000088c00000, 0x0000000088c00000|100%| E|CS|TAMS 0x0000000088b00000, 0x0000000088b00000| Complete 
| 108|0x0000000088c00000, 0x0000000088d00000, 0x0000000088d00000|100%| E|CS|TAMS 0x0000000088c00000, 0x0000000088c00000| Complete 
| 109|0x0000000088d00000, 0x0000000088e00000, 0x0000000088e00000|100%| E|CS|TAMS 0x0000000088d00000, 0x0000000088d00000| Complete 
| 110|0x0000000088e00000, 0x0000000088f00000, 0x0000000088f00000|100%| E|CS|TAMS 0x0000000088e00000, 0x0000000088e00000| Complete 
| 111|0x0000000088f00000, 0x0000000089000000, 0x0000000089000000|100%| E|CS|TAMS 0x0000000088f00000, 0x0000000088f00000| Complete 
| 112|0x0000000089000000, 0x0000000089100000, 0x0000000089100000|100%| E|CS|TAMS 0x0000000089000000, 0x0000000089000000| Complete 
| 113|0x0000000089100000, 0x0000000089200000, 0x0000000089200000|100%| E|CS|TAMS 0x0000000089100000, 0x0000000089100000| Complete 
| 114|0x0000000089200000, 0x0000000089300000, 0x0000000089300000|100%| E|CS|TAMS 0x0000000089200000, 0x0000000089200000| Complete 
| 115|0x0000000089300000, 0x0000000089400000, 0x0000000089400000|100%| E|CS|TAMS 0x0000000089300000, 0x0000000089300000| Complete 
| 116|0x0000000089400000, 0x0000000089500000, 0x0000000089500000|100%| E|CS|TAMS 0x0000000089400000, 0x0000000089400000| Complete 
| 117|0x0000000089500000, 0x0000000089600000, 0x0000000089600000|100%| E|CS|TAMS 0x0000000089500000, 0x0000000089500000| Complete 
| 118|0x0000000089600000, 0x0000000089700000, 0x0000000089700000|100%| E|CS|TAMS 0x0000000089600000, 0x0000000089600000| Complete 
| 119|0x0000000089700000, 0x0000000089800000, 0x0000000089800000|100%| E|CS|TAMS 0x0000000089700000, 0x0000000089700000| Complete 
| 120|0x0000000089800000, 0x0000000089900000, 0x0000000089900000|100%| E|CS|TAMS 0x0000000089800000, 0x0000000089800000| Complete 
| 121|0x0000000089900000, 0x0000000089a00000, 0x0000000089a00000|100%| E|CS|TAMS 0x0000000089900000, 0x0000000089900000| Complete 
| 122|0x0000000089a00000, 0x0000000089b00000, 0x0000000089b00000|100%| E|CS|TAMS 0x0000000089a00000, 0x0000000089a00000| Complete 
| 123|0x0000000089b00000, 0x0000000089c00000, 0x0000000089c00000|100%| E|CS|TAMS 0x0000000089b00000, 0x0000000089b00000| Complete 
| 124|0x0000000089c00000, 0x0000000089d00000, 0x0000000089d00000|100%| E|CS|TAMS 0x0000000089c00000, 0x0000000089c00000| Complete 
| 125|0x0000000089d00000, 0x0000000089e00000, 0x0000000089e00000|100%| E|CS|TAMS 0x0000000089d00000, 0x0000000089d00000| Complete 
| 126|0x0000000089e00000, 0x0000000089f00000, 0x0000000089f00000|100%| E|CS|TAMS 0x0000000089e00000, 0x0000000089e00000| Complete 
| 127|0x0000000089f00000, 0x000000008a000000, 0x000000008a000000|100%| E|CS|TAMS 0x0000000089f00000, 0x0000000089f00000| Complete 
| 128|0x000000008a000000, 0x000000008a100000, 0x000000008a100000|100%| E|CS|TAMS 0x000000008a000000, 0x000000008a000000| Complete 
| 129|0x000000008a100000, 0x000000008a200000, 0x000000008a200000|100%| E|CS|TAMS 0x000000008a100000, 0x000000008a100000| Complete 
| 130|0x000000008a200000, 0x000000008a300000, 0x000000008a300000|100%| E|CS|TAMS 0x000000008a200000, 0x000000008a200000| Complete 
| 131|0x000000008a300000, 0x000000008a400000, 0x000000008a400000|100%| E|CS|TAMS 0x000000008a300000, 0x000000008a300000| Complete 
| 132|0x000000008a400000, 0x000000008a500000, 0x000000008a500000|100%| E|CS|TAMS 0x000000008a400000, 0x000000008a400000| Complete 
| 133|0x000000008a500000, 0x000000008a600000, 0x000000008a600000|100%| E|CS|TAMS 0x000000008a500000, 0x000000008a500000| Complete 
| 134|0x000000008a600000, 0x000000008a700000, 0x000000008a700000|100%| E|CS|TAMS 0x000000008a600000, 0x000000008a600000| Complete 
| 135|0x000000008a700000, 0x000000008a800000, 0x000000008a800000|100%| E|CS|TAMS 0x000000008a700000, 0x000000008a700000| Complete 
| 136|0x000000008a800000, 0x000000008a900000, 0x000000008a900000|100%| E|CS|TAMS 0x000000008a800000, 0x000000008a800000| Complete 
| 137|0x000000008a900000, 0x000000008aa00000, 0x000000008aa00000|100%| E|CS|TAMS 0x000000008a900000, 0x000000008a900000| Complete 
| 138|0x000000008aa00000, 0x000000008ab00000, 0x000000008ab00000|100%| E|CS|TAMS 0x000000008aa00000, 0x000000008aa00000| Complete 
| 139|0x000000008ab00000, 0x000000008ac00000, 0x000000008ac00000|100%| E|CS|TAMS 0x000000008ab00000, 0x000000008ab00000| Complete 
| 140|0x000000008ac00000, 0x000000008ad00000, 0x000000008ad00000|100%| E|CS|TAMS 0x000000008ac00000, 0x000000008ac00000| Complete 
| 141|0x000000008ad00000, 0x000000008ae00000, 0x000000008ae00000|100%| E|CS|TAMS 0x000000008ad00000, 0x000000008ad00000| Complete 
| 142|0x000000008ae00000, 0x000000008af00000, 0x000000008af00000|100%| E|CS|TAMS 0x000000008ae00000, 0x000000008ae00000| Complete 
| 143|0x000000008af00000, 0x000000008b000000, 0x000000008b000000|100%| E|CS|TAMS 0x000000008af00000, 0x000000008af00000| Complete 
| 144|0x000000008b000000, 0x000000008b100000, 0x000000008b100000|100%| E|CS|TAMS 0x000000008b000000, 0x000000008b000000| Complete 
| 145|0x000000008b100000, 0x000000008b200000, 0x000000008b200000|100%| E|CS|TAMS 0x000000008b100000, 0x000000008b100000| Complete 
| 146|0x000000008b200000, 0x000000008b300000, 0x000000008b300000|100%| E|CS|TAMS 0x000000008b200000, 0x000000008b200000| Complete 
| 147|0x000000008b300000, 0x000000008b400000, 0x000000008b400000|100%| E|CS|TAMS 0x000000008b300000, 0x000000008b300000| Complete 
| 148|0x000000008b400000, 0x000000008b500000, 0x000000008b500000|100%| E|CS|TAMS 0x000000008b400000, 0x000000008b400000| Complete 
| 149|0x000000008b500000, 0x000000008b600000, 0x000000008b600000|100%| E|CS|TAMS 0x000000008b500000, 0x000000008b500000| Complete 
| 150|0x000000008b600000, 0x000000008b700000, 0x000000008b700000|100%| E|CS|TAMS 0x000000008b600000, 0x000000008b600000| Complete 
| 151|0x000000008b700000, 0x000000008b800000, 0x000000008b800000|100%| E|CS|TAMS 0x000000008b700000, 0x000000008b700000| Complete 

Card table byte_map: [0x0000023ddf570000,0x0000023ddf960000] _byte_map_base: 0x0000023ddf160000

Marking Bits (Prev, Next): (CMBitMap*) 0x0000023dc7a4df18, (CMBitMap*) 0x0000023dc7a4df50
 Prev Bits: [0x0000023ddfd50000, 0x0000023de1cd0000)
 Next Bits: [0x0000023de1cd0000, 0x0000023de3c50000)

Polling page: 0x0000023dc5980000

Metaspace:

Usage:
  Non-class:     66.88 MB capacity,    66.44 MB (>99%) used,   331.91 KB ( <1%) free+waste,   118.69 KB ( <1%) overhead. 
      Class:      8.72 MB capacity,     8.42 MB ( 97%) used,   256.92 KB (  3%) free+waste,    50.69 KB ( <1%) overhead. 
       Both:     75.60 MB capacity,    74.86 MB (>99%) used,   588.83 KB ( <1%) free+waste,   169.38 KB ( <1%) overhead. 

Virtual space:
  Non-class space:       68.00 MB reserved,      67.00 MB ( 99%) committed 
      Class space:        1.00 GB reserved,       8.82 MB ( <1%) committed 
             Both:        1.07 GB reserved,      75.82 MB (  7%) committed 

Chunk freelists:
   Non-Class:  58.00 KB
       Class:  3.00 KB
        Both:  61.00 KB

MaxMetaspaceSize: 17179869184.00 GB
CompressedClassSpaceSize: 1.00 GB
Initial GC threshold: 20.80 MB
Current GC threshold: 117.63 MB
CDS: off

CodeHeap 'non-profiled nmethods': size=120064Kb used=3622Kb max_used=3622Kb free=116441Kb
 bounds [0x0000023dd7c40000, 0x0000023dd7fd0000, 0x0000023ddf180000]
CodeHeap 'profiled nmethods': size=120000Kb used=20861Kb max_used=20861Kb free=99138Kb
 bounds [0x0000023dd0710000, 0x0000023dd1b70000, 0x0000023dd7c40000]
CodeHeap 'non-nmethods': size=5696Kb used=1386Kb max_used=1410Kb free=4309Kb
 bounds [0x0000023dd0180000, 0x0000023dd03f0000, 0x0000023dd0710000]
 total_blobs=8493 nmethods=7800 adapters=602
 compilation: disabled (not enough contiguous free space left)
              stopped_count=1, restarted_count=0
 full_count=1

Compilation events (20 events):
Event: 7.970 Thread 0x0000023de6b2e000 nmethod 7836 0x0000023dd1b4f790 code [0x0000023dd1b4fac0, 0x0000023dd1b50e28]
Event: 7.970 Thread 0x0000023de6b2e000 7838       3       org.jetbrains.kotlin.ir.util.IrUtilsKt::getAnnotation (77 bytes)
Event: 7.971 Thread 0x0000023de6b2e000 nmethod 7838 0x0000023dd1b51610 code [0x0000023dd1b51940, 0x0000023dd1b52a48]
Event: 7.971 Thread 0x0000023de6b2e000 7839       3       org.jetbrains.kotlin.ir.util.AdditionalIrUtilsKt::isGetter (57 bytes)
Event: 7.971 Thread 0x0000023de6b2e000 nmethod 7839 0x0000023dd1b52f90 code [0x0000023dd1b53240, 0x0000023dd1b53f98]
Event: 7.971 Thread 0x0000023de6b2e000 7837       3       org.jetbrains.kotlin.builtins.PrimitiveType$Companion::getByShortArrayName (231 bytes)
Event: 7.972 Thread 0x0000023de6b2e000 nmethod 7837 0x0000023dd1b54310 code [0x0000023dd1b54620, 0x0000023dd1b552e8]
Event: 7.972 Thread 0x0000023de6b2e000 7832       3       org.jetbrains.kotlin.backend.jvm.JvmIrTypeSystemContext::getClassFqNameUnsafe (6 bytes)
Event: 7.973 Thread 0x0000023de6b2e000 nmethod 7832 0x0000023dd1b55610 code [0x0000023dd1b558a0, 0x0000023dd1b562a8]
Event: 7.973 Thread 0x0000023de6b2e000 7833       3       org.jetbrains.kotlin.ir.types.IrTypeSystemContext$DefaultImpls::getClassFqNameUnsafe (34 bytes)
Event: 7.973 Thread 0x0000023de6b2e000 nmethod 7833 0x0000023dd1b56610 code [0x0000023dd1b56880, 0x0000023dd1b57208]
Event: 7.973 Thread 0x0000023de6b2e000 7835       3       org.jetbrains.kotlin.ir.declarations.lazy.IrLazyDeclarationBase$createLazyAnnotations$1::invoke (5 bytes)
Event: 7.973 Thread 0x0000023de6b2e000 nmethod 7835 0x0000023dd1b57510 code [0x0000023dd1b576c0, 0x0000023dd1b577e8]
Event: 7.975 Thread 0x0000023de6b2e000 7840       3       org.jetbrains.kotlin.types.AbstractTypeApproximator::typeConstructor (18 bytes)
Event: 7.975 Thread 0x0000023de6b2e000 nmethod 7840 0x0000023dd1b57890 code [0x0000023dd1b57ac0, 0x0000023dd1b58108]
Event: 7.976 Thread 0x0000023de6b2e000 7841       3       org.jetbrains.kotlin.resolve.calls.components.ClassicTypeSystemContextForCS::asCapturedType (6 bytes)
Event: 7.976 Thread 0x0000023de6b2e000 nmethod 7841 0x0000023dd1b58390 code [0x0000023dd1b58540, 0x0000023dd1b58668]
Event: 7.976 Thread 0x0000023de6b2e000 7842       3       org.jetbrains.kotlin.resolve.calls.components.ClassicTypeSystemContextForCS::isIntegerLiteralTypeConstructor (6 bytes)
Event: 7.976 Thread 0x0000023de6b2e000 nmethod 7842 0x0000023dd1b58710 code [0x0000023dd1b588c0, 0x0000023dd1b589e8]
Event: 7.977 Thread 0x0000023de6b2e000 7843       3       org.jetbrains.kotlin.types.AbstractTypeApproximator::approximateTo (328 bytes)

GC Heap History (16 events):
Event: 0.494 GC heap before
{Heap before GC invocations=0 (full 0):
 garbage-first heap   total 129024K, used 18432K [0x0000000082000000, 0x0000000100000000)
  region size 1024K, 14 young (14336K), 0 survivors (0K)
 Metaspace       used 9453K, capacity 9551K, committed 9856K, reserved 1058816K
  class space    used 780K, capacity 820K, committed 896K, reserved 1048576K
}
Event: 0.498 GC heap after
{Heap after GC invocations=1 (full 0):
 garbage-first heap   total 129024K, used 6366K [0x0000000082000000, 0x0000000100000000)
  region size 1024K, 2 young (2048K), 2 survivors (2048K)
 Metaspace       used 9453K, capacity 9551K, committed 9856K, reserved 1058816K
  class space    used 780K, capacity 820K, committed 896K, reserved 1048576K
}
Event: 1.672 GC heap before
{Heap before GC invocations=1 (full 0):
 garbage-first heap   total 129024K, used 54494K [0x0000000082000000, 0x0000000100000000)
  region size 1024K, 50 young (51200K), 2 survivors (2048K)
 Metaspace       used 20990K, capacity 21185K, committed 21248K, reserved 1069056K
  class space    used 2215K, capacity 2302K, committed 2304K, reserved 1048576K
}
Event: 1.687 GC heap after
{Heap after GC invocations=2 (full 0):
 garbage-first heap   total 129024K, used 10527K [0x0000000082000000, 0x0000000100000000)
  region size 1024K, 7 young (7168K), 7 survivors (7168K)
 Metaspace       used 20990K, capacity 21185K, committed 21248K, reserved 1069056K
  class space    used 2215K, capacity 2302K, committed 2304K, reserved 1048576K
}
Event: 2.600 GC heap before
{Heap before GC invocations=3 (full 0):
 garbage-first heap   total 129024K, used 66847K [0x0000000082000000, 0x0000000100000000)
  region size 1024K, 56 young (57344K), 7 survivors (7168K)
 Metaspace       used 33053K, capacity 33501K, committed 33792K, reserved 1079296K
  class space    used 4081K, capacity 4271K, committed 4352K, reserved 1048576K
}
Event: 2.616 GC heap after
{Heap after GC invocations=4 (full 0):
 garbage-first heap   total 129024K, used 23005K [0x0000000082000000, 0x0000000100000000)
  region size 1024K, 7 young (7168K), 7 survivors (7168K)
 Metaspace       used 33053K, capacity 33501K, committed 33792K, reserved 1079296K
  class space    used 4081K, capacity 4271K, committed 4352K, reserved 1048576K
}
Event: 2.817 GC heap before
{Heap before GC invocations=4 (full 0):
 garbage-first heap   total 129024K, used 34269K [0x0000000082000000, 0x0000000100000000)
  region size 1024K, 19 young (19456K), 7 survivors (7168K)
 Metaspace       used 35335K, capacity 35720K, committed 35840K, reserved 1081344K
  class space    used 4320K, capacity 4499K, committed 4608K, reserved 1048576K
}
Event: 2.826 GC heap after
{Heap after GC invocations=5 (full 0):
 garbage-first heap   total 129024K, used 24818K [0x0000000082000000, 0x0000000100000000)
  region size 1024K, 2 young (2048K), 2 survivors (2048K)
 Metaspace       used 35335K, capacity 35720K, committed 35840K, reserved 1081344K
  class space    used 4320K, capacity 4499K, committed 4608K, reserved 1048576K
}
Event: 3.866 GC heap before
{Heap before GC invocations=6 (full 0):
 garbage-first heap   total 129024K, used 85234K [0x0000000082000000, 0x0000000100000000)
  region size 1024K, 59 young (60416K), 2 survivors (2048K)
 Metaspace       used 47518K, capacity 48021K, committed 48128K, reserved 1091584K
  class space    used 5569K, capacity 5806K, committed 5888K, reserved 1048576K
}
Event: 3.879 GC heap after
{Heap after GC invocations=7 (full 0):
 garbage-first heap   total 155648K, used 30816K [0x0000000082000000, 0x0000000100000000)
  region size 1024K, 8 young (8192K), 8 survivors (8192K)
 Metaspace       used 47518K, capacity 48021K, committed 48128K, reserved 1091584K
  class space    used 5569K, capacity 5806K, committed 5888K, reserved 1048576K
}
Event: 4.913 GC heap before
{Heap before GC invocations=7 (full 0):
 garbage-first heap   total 155648K, used 96352K [0x0000000082000000, 0x0000000100000000)
  region size 1024K, 71 young (72704K), 8 survivors (8192K)
 Metaspace       used 53431K, capacity 54025K, committed 54272K, reserved 1097728K
  class space    used 6112K, capacity 6373K, committed 6400K, reserved 1048576K
}
Event: 4.929 GC heap after
{Heap after GC invocations=8 (full 0):
 garbage-first heap   total 155648K, used 38035K [0x0000000082000000, 0x0000000100000000)
  region size 1024K, 8 young (8192K), 8 survivors (8192K)
 Metaspace       used 53431K, capacity 54025K, committed 54272K, reserved 1097728K
  class space    used 6112K, capacity 6373K, committed 6400K, reserved 1048576K
}
Event: 5.880 GC heap before
{Heap before GC invocations=8 (full 0):
 garbage-first heap   total 155648K, used 98451K [0x0000000082000000, 0x0000000100000000)
  region size 1024K, 68 young (69632K), 8 survivors (8192K)
 Metaspace       used 59483K, capacity 60105K, committed 60160K, reserved 1101824K
  class space    used 6861K, capacity 7144K, committed 7168K, reserved 1048576K
}
Event: 5.917 GC heap after
{Heap after GC invocations=9 (full 0):
 garbage-first heap   total 155648K, used 44487K [0x0000000082000000, 0x0000000100000000)
  region size 1024K, 7 young (7168K), 7 survivors (7168K)
 Metaspace       used 59483K, capacity 60105K, committed 60160K, reserved 1101824K
  class space    used 6861K, capacity 7144K, committed 7168K, reserved 1048576K
}
Event: 7.187 GC heap before
{Heap before GC invocations=10 (full 0):
 garbage-first heap   total 155648K, used 108999K [0x0000000082000000, 0x0000000100000000)
  region size 1024K, 70 young (71680K), 7 survivors (7168K)
 Metaspace       used 70552K, capacity 71313K, committed 71372K, reserved 1112064K
  class space    used 8028K, capacity 8343K, committed 8396K, reserved 1048576K
}
Event: 7.219 GC heap after
{Heap after GC invocations=11 (full 0):
 garbage-first heap   total 155648K, used 52508K [0x0000000082000000, 0x0000000100000000)
  region size 1024K, 8 young (8192K), 8 survivors (8192K)
 Metaspace       used 70552K, capacity 71313K, committed 71372K, reserved 1112064K
  class space    used 8028K, capacity 8343K, committed 8396K, reserved 1048576K
}

Deoptimization events (20 events):
Event: 7.802 Thread 0x0000023dc7a0e000 Uncommon trap: trap_request=0xffffffde fr.pc=0x0000023dd7f0d034 relative=0x0000000000000254
Event: 7.802 Thread 0x0000023dc7a0e000 Uncommon trap: reason=class_check action=maybe_recompile pc=0x0000023dd7f0d034 method=org.jetbrains.kotlin.utils.ThreadLocalDelegate.getValue(Ljava/lang/Object;Lkotlin/reflect/KProperty;)Ljava/lang/Object; @ 42 c2
Event: 7.802 Thread 0x0000023dc7a0e000 DEOPT PACKING pc=0x0000023dd7f0d034 sp=0x000000d71e3fdfa0
Event: 7.802 Thread 0x0000023dc7a0e000 DEOPT UNPACKING pc=0x0000023dd01ca1af sp=0x000000d71e3fdf40 mode 2
Event: 7.802 Thread 0x0000023dc7a0e000 Uncommon trap: trap_request=0xffffffde fr.pc=0x0000023dd7f0d034 relative=0x0000000000000254
Event: 7.802 Thread 0x0000023dc7a0e000 Uncommon trap: reason=class_check action=maybe_recompile pc=0x0000023dd7f0d034 method=org.jetbrains.kotlin.utils.ThreadLocalDelegate.getValue(Ljava/lang/Object;Lkotlin/reflect/KProperty;)Ljava/lang/Object; @ 42 c2
Event: 7.802 Thread 0x0000023dc7a0e000 DEOPT PACKING pc=0x0000023dd7f0d034 sp=0x000000d71e3fdfa0
Event: 7.802 Thread 0x0000023dc7a0e000 DEOPT UNPACKING pc=0x0000023dd01ca1af sp=0x000000d71e3fdf40 mode 2
Event: 7.851 Thread 0x0000023dc7a0e000 Uncommon trap: trap_request=0xffffff4d fr.pc=0x0000023dd7fa2f4c relative=0x000000000000022c
Event: 7.851 Thread 0x0000023dc7a0e000 Uncommon trap: reason=unstable_if action=reinterpret pc=0x0000023dd7fa2f4c method=java.util.HashMap.clear()V @ 23 c2
Event: 7.851 Thread 0x0000023dc7a0e000 DEOPT PACKING pc=0x0000023dd7fa2f4c sp=0x000000d71e3fdfa0
Event: 7.851 Thread 0x0000023dc7a0e000 DEOPT UNPACKING pc=0x0000023dd01ca1af sp=0x000000d71e3fdf50 mode 2
Event: 7.876 Thread 0x0000023dc7a0e000 Uncommon trap: trap_request=0xffffff4d fr.pc=0x0000023dd7f131b0 relative=0x0000000000000b50
Event: 7.876 Thread 0x0000023dc7a0e000 Uncommon trap: reason=unstable_if action=reinterpret pc=0x0000023dd7f131b0 method=org.jetbrains.kotlin.utils.SmartSet.add(Ljava/lang/Object;)Z @ 32 c2
Event: 7.876 Thread 0x0000023dc7a0e000 DEOPT PACKING pc=0x0000023dd7f131b0 sp=0x000000d71e3fe200
Event: 7.876 Thread 0x0000023dc7a0e000 DEOPT UNPACKING pc=0x0000023dd01ca1af sp=0x000000d71e3fe1d8 mode 2
Event: 7.966 Thread 0x0000023dc7a0e000 Uncommon trap: trap_request=0xfffffff4 fr.pc=0x0000023dd7fb6ccc relative=0x000000000000042c
Event: 7.966 Thread 0x0000023dc7a0e000 Uncommon trap: reason=null_check action=make_not_entrant pc=0x0000023dd7fb6ccc method=org.jetbrains.kotlin.types.TypeApproximator.approximateToSuperType(Lorg/jetbrains/kotlin/types/UnwrappedType;Lorg/jetbrains/kotlin/types/TypeApproximatorConfiguration;)L
Event: 7.966 Thread 0x0000023dc7a0e000 DEOPT PACKING pc=0x0000023dd7fb6ccc sp=0x000000d71e3fdbe0
Event: 7.966 Thread 0x0000023dc7a0e000 DEOPT UNPACKING pc=0x0000023dd01ca1af sp=0x000000d71e3fda48 mode 2

Classes redefined (0 events):
No events

Internal exceptions (20 events):
Event: 5.465 Thread 0x0000023dc7a0e000 Implicit null exception at 0x0000023dd7dcf2b1 to 0x0000023dd7dcf650
Event: 5.614 Thread 0x0000023dc7a0e000 Implicit null exception at 0x0000023dd7dbc0cc to 0x0000023dd7dbc1a8
Event: 5.707 Thread 0x0000023dc7a0e000 Exception <a 'java/lang/NoSuchMethodError'{0x00000000881a8398}: 'int java.lang.invoke.DirectMethodHandle$Holder.invokeVirtual(java.lang.Object, java.lang.Object, java.lang.Object)'> (0x00000000881a8398) thrown at [./src/hotspot/share/interpreter/linkResolver.cpp, line 773]
Event: 5.815 Thread 0x0000023dc7a0e000 Exception <a 'java/lang/NoSuchMethodError'{0x0000000087d28800}: 'java.lang.Object java.lang.invoke.DirectMethodHandle$Holder.invokeSpecial(java.lang.Object, java.lang.Object, java.lang.Object, java.lang.Object, java.lang.Object, int)'> (0x0000000087d28800) thrown at [./src/hotspot/share/interpreter/linkResolver.cpp, line 773]
Event: 5.816 Thread 0x0000023dc7a0e000 Exception <a 'java/lang/NoSuchMethodError'{0x0000000087d2c648}: 'java.lang.Object java.lang.invoke.Invokers$Holder.linkToTargetMethod(java.lang.Object, java.lang.Object, java.lang.Object, int, java.lang.Object)'> (0x0000000087d2c648) thrown at [./src/hotspot/share/interpreter/linkResolver.cpp, line 773]
Event: 5.874 Thread 0x0000023dc7a0e000 Exception <a 'java/lang/NoSuchMethodError'{0x0000000087cdd4b0}: 'void java.lang.invoke.DirectMethodHandle$Holder.invokeInterface(java.lang.Object, java.lang.Object)'> (0x0000000087cdd4b0) thrown at [./src/hotspot/share/interpreter/linkResolver.cpp, line 773]
Event: 6.018 Thread 0x0000023dc7a0e000 Exception <a 'java/lang/IncompatibleClassChangeError'{0x000000008b6ecc28}: Found class java.lang.Object, but interface was expected> (0x000000008b6ecc28) thrown at [./src/hotspot/share/interpreter/linkResolver.cpp, line 839]
Event: 6.137 Thread 0x0000023dc7a0e000 Implicit null exception at 0x0000023dd7e3997c to 0x0000023dd7e3ab50
Event: 6.256 Thread 0x0000023dc7a0e000 Implicit null exception at 0x0000023dd7c9d075 to 0x0000023dd7c9d23c
Event: 6.545 Thread 0x0000023dc7a0e000 Exception <a 'java/lang/NoSuchMethodError'{0x0000000089be67f0}: 'java.lang.Object java.lang.invoke.DirectMethodHandle$Holder.invokeStatic(java.lang.Object, java.lang.Object, java.lang.Object, int, int, java.lang.Object, java.lang.Object, java.lang.Object)'> (0x0000000089be67f0) thrown at [./src/hotspot/share/interpreter/linkResolver.cpp, line 773]
Event: 6.546 Thread 0x0000023dc7a0e000 Exception <a 'java/lang/NoSuchMethodError'{0x0000000089bf0dc0}: 'java.lang.Object java.lang.invoke.DirectMethodHandle$Holder.invokeStatic(java.lang.Object, java.lang.Object, java.lang.Object, int, int)'> (0x0000000089bf0dc0) thrown at [./src/hotspot/share/interpreter/linkResolver.cpp, line 773]
Event: 6.546 Thread 0x0000023dc7a0e000 Exception <a 'java/lang/NoSuchMethodError'{0x0000000089bf4650}: 'java.lang.Object java.lang.invoke.DirectMethodHandle$Holder.invokeSpecial(java.lang.Object, java.lang.Object, java.lang.Object, java.lang.Object, int, int)'> (0x0000000089bf4650) thrown at [./src/hotspot/share/interpreter/linkResolver.cpp, line 773]
Event: 6.546 Thread 0x0000023dc7a0e000 Exception <a 'java/lang/NoSuchMethodError'{0x0000000089bf7758}: 'java.lang.Object java.lang.invoke.Invokers$Holder.linkToTargetMethod(java.lang.Object, java.lang.Object, int, int, java.lang.Object)'> (0x0000000089bf7758) thrown at [./src/hotspot/share/interpreter/linkResolver.cpp, line 773]
Event: 6.554 Thread 0x0000023dc7a0e000 Exception <a 'java/lang/NoSuchMethodError'{0x0000000089a59718}: 'java.lang.Object java.lang.invoke.DirectMethodHandle$Holder.invokeStatic(java.lang.Object, java.lang.Object, java.lang.Object, int, int, java.lang.Object, java.lang.Object)'> (0x0000000089a59718) thrown at [./src/hotspot/share/interpreter/linkResolver.cpp, line 773]
Event: 6.554 Thread 0x0000023dc7a0e000 Exception <a 'java/lang/NoSuchMethodError'{0x0000000089a5d330}: 'java.lang.Object java.lang.invoke.DirectMethodHandle$Holder.invokeSpecial(java.lang.Object, java.lang.Object, java.lang.Object, java.lang.Object, int, int, java.lang.Object, java.lang.Object)'> (0x0000000089a5d330) thrown at [./src/hotspot/share/interpreter/linkResolver.cpp, line 773]
Event: 6.554 Thread 0x0000023dc7a0e000 Exception <a 'java/lang/NoSuchMethodError'{0x0000000089a60740}: 'java.lang.Object java.lang.invoke.Invokers$Holder.linkToTargetMethod(java.lang.Object, java.lang.Object, int, int, java.lang.Object, java.lang.Object, java.lang.Object)'> (0x0000000089a60740) thrown at [./src/hotspot/share/interpreter/linkResolver.cpp, line 773]
Event: 6.762 Thread 0x0000023dc7a0e000 Exception <a 'java/lang/NoSuchMethodError'{0x00000000890e8098}: 'java.lang.Object java.lang.invoke.DirectMethodHandle$Holder.invokeStatic(java.lang.Object, java.lang.Object, java.lang.Object, int, int, java.lang.Object, java.lang.Object, java.lang.Object, java.lang.Object)'> (0x00000000890e8098) thrown at [./src/hotspot/share/interpreter/linkResolver.cpp, line 773]
Event: 6.762 Thread 0x0000023dc7a0e000 Exception <a 'java/lang/NoSuchMethodError'{0x00000000890efe90}: 'java.lang.Object java.lang.invoke.Invokers$Holder.linkToTargetMethod(java.lang.Object, java.lang.Object, int, int, java.lang.Object, java.lang.Object, java.lang.Object, java.lang.Object, java.lang.Object)'> (0x00000000890efe90) thrown at [./src/hotspot/share/interpreter/linkResolver.cpp, line 773]
Event: 7.662 Thread 0x0000023dc7a0e000 Implicit null exception at 0x0000023dd7cab374 to 0x0000023dd7cab58c
Event: 7.966 Thread 0x0000023dc7a0e000 Implicit null exception at 0x0000023dd7fb6b5f to 0x0000023dd7fb6cc0

Events (20 events):
Event: 7.872 loading class org/jetbrains/kotlin/backend/jvm/codegen/IrCallGenerator
Event: 7.872 loading class org/jetbrains/kotlin/backend/jvm/codegen/IrCallGenerator done
Event: 7.872 loading class org/jetbrains/kotlin/codegen/coroutines/SuspensionPointKind
Event: 7.872 loading class org/jetbrains/kotlin/codegen/coroutines/SuspensionPointKind done
Event: 7.873 loading class org/jetbrains/kotlin/ir/declarations/IrDeclarationOrigin$MASK_FOR_DEFAULT_FUNCTION
Event: 7.873 loading class org/jetbrains/kotlin/ir/declarations/IrDeclarationOrigin$MASK_FOR_DEFAULT_FUNCTION done
Event: 7.873 loading class org/jetbrains/kotlin/ir/declarations/IrDeclarationOrigin$METHOD_HANDLER_IN_DEFAULT_FUNCTION
Event: 7.873 loading class org/jetbrains/kotlin/ir/declarations/IrDeclarationOrigin$METHOD_HANDLER_IN_DEFAULT_FUNCTION done
Event: 7.873 loading class org/jetbrains/kotlin/ir/declarations/IrDeclarationOrigin$UNDERSCORE_PARAMETER
Event: 7.873 loading class org/jetbrains/kotlin/ir/declarations/IrDeclarationOrigin$UNDERSCORE_PARAMETER done
Event: 7.873 loading class org/jetbrains/kotlin/ir/declarations/IrDeclarationOrigin$DESTRUCTURED_OBJECT_PARAMETER
Event: 7.873 loading class org/jetbrains/kotlin/ir/declarations/IrDeclarationOrigin$DESTRUCTURED_OBJECT_PARAMETER done
Event: 7.873 loading class org/jetbrains/kotlin/backend/common/lower/BOUND_RECEIVER_PARAMETER
Event: 7.873 loading class org/jetbrains/kotlin/backend/common/lower/BOUND_RECEIVER_PARAMETER done
Event: 7.875 loading class org/jetbrains/org/objectweb/asm/Edge
Event: 7.875 loading class org/jetbrains/org/objectweb/asm/Edge done
Event: 7.898 loading class org/jetbrains/kotlin/ir/types/IrTypeAbbreviation
Event: 7.898 loading class org/jetbrains/kotlin/ir/types/IrTypeAbbreviation done
Event: 7.966 loading class org/jetbrains/kotlin/ir/symbols/IrScriptSymbol
Event: 7.966 loading class org/jetbrains/kotlin/ir/symbols/IrScriptSymbol done


Dynamic libraries:
0x00007ff654a50000 - 0x00007ff654a5d000 	C:\Users\ad\.jdks\corretto-11.0.18\bin\java.exe
0x00007ffbd4920000 - 0x00007ffbd4b10000 	C:\Windows\SYSTEM32\ntdll.dll
0x00007ffbd36b0000 - 0x00007ffbd3762000 	C:\Windows\System32\KERNEL32.DLL
0x00007ffbd18d0000 - 0x00007ffbd1b73000 	C:\Windows\System32\KERNELBASE.dll
0x00007ffbd1c10000 - 0x00007ffbd1d0a000 	C:\Windows\System32\ucrtbase.dll
0x00007ffbbdbc0000 - 0x00007ffbbdbd7000 	C:\Users\ad\.jdks\corretto-11.0.18\bin\jli.dll
0x00007ffbc29f0000 - 0x00007ffbc2a09000 	C:\Users\ad\.jdks\corretto-11.0.18\bin\VCRUNTIME140.dll
0x00007ffbc2760000 - 0x00007ffbc29e5000 	C:\Windows\WinSxS\amd64_microsoft.windows.common-controls_6595b64144ccf1df_6.0.18362.535_none_e6c3b34713100821\COMCTL32.dll
0x00007ffbd2b90000 - 0x00007ffbd2d24000 	C:\Windows\System32\USER32.dll
0x00007ffbd29d0000 - 0x00007ffbd2a6e000 	C:\Windows\System32\msvcrt.dll
0x00007ffbd1b80000 - 0x00007ffbd1ba1000 	C:\Windows\System32\win32u.dll
0x00007ffbd3650000 - 0x00007ffbd3676000 	C:\Windows\System32\GDI32.dll
0x00007ffbd2e20000 - 0x00007ffbd3156000 	C:\Windows\System32\combase.dll
0x00007ffbd1de0000 - 0x00007ffbd1f74000 	C:\Windows\System32\gdi32full.dll
0x00007ffbd42e0000 - 0x00007ffbd4400000 	C:\Windows\System32\RPCRT4.dll
0x00007ffbd1d40000 - 0x00007ffbd1dde000 	C:\Windows\System32\msvcp_win.dll
0x00007ffbd2080000 - 0x00007ffbd2100000 	C:\Windows\System32\bcryptPrimitives.dll
0x00007ffbd3680000 - 0x00007ffbd36ae000 	C:\Windows\System32\IMM32.DLL
0x00007ffbb8ad0000 - 0x00007ffbb8b6b000 	C:\Users\ad\.jdks\corretto-11.0.18\bin\msvcp140.dll
0x00007ffba8b80000 - 0x00007ffba970a000 	C:\Users\ad\.jdks\corretto-11.0.18\bin\server\jvm.dll
0x00007ffbd2a80000 - 0x00007ffbd2b23000 	C:\Windows\System32\ADVAPI32.dll
0x00007ffbd3800000 - 0x00007ffbd3897000 	C:\Windows\System32\sechost.dll
0x00007ffbd2a70000 - 0x00007ffbd2a78000 	C:\Windows\System32\PSAPI.DLL
0x00007ffbba580000 - 0x00007ffbba589000 	C:\Windows\SYSTEM32\WSOCK32.dll
0x00007ffbd41c0000 - 0x00007ffbd422f000 	C:\Windows\System32\WS2_32.dll
0x00007ffbcd7f0000 - 0x00007ffbcd814000 	C:\Windows\SYSTEM32\WINMM.dll
0x00007ffbc9580000 - 0x00007ffbc958a000 	C:\Windows\SYSTEM32\VERSION.dll
0x00007ffbcd7c0000 - 0x00007ffbcd7ed000 	C:\Windows\SYSTEM32\winmmbase.dll
0x00007ffbd2030000 - 0x00007ffbd207a000 	C:\Windows\System32\cfgmgr32.dll
0x00007ffbd1800000 - 0x00007ffbd1811000 	C:\Windows\System32\kernel.appcore.dll
0x00007ffbc32b0000 - 0x00007ffbc32c0000 	C:\Users\ad\.jdks\corretto-11.0.18\bin\verify.dll
0x00007ffbd0100000 - 0x00007ffbd02f4000 	C:\Windows\SYSTEM32\DBGHELP.DLL
0x00007ffbb7f30000 - 0x00007ffbb7f5a000 	C:\Windows\SYSTEM32\dbgcore.DLL
0x00007ffbb9170000 - 0x00007ffbb9198000 	C:\Users\ad\.jdks\corretto-11.0.18\bin\java.dll
0x00007ffbbdbb0000 - 0x00007ffbbdbba000 	C:\Users\ad\.jdks\corretto-11.0.18\bin\jimage.dll
0x00007ffbb8ab0000 - 0x00007ffbb8ac8000 	C:\Users\ad\.jdks\corretto-11.0.18\bin\zip.dll
0x00007ffbd3ad0000 - 0x00007ffbd41b5000 	C:\Windows\System32\SHELL32.dll
0x00007ffbd4760000 - 0x00007ffbd4809000 	C:\Windows\System32\shcore.dll
0x00007ffbd2250000 - 0x00007ffbd29cf000 	C:\Windows\System32\windows.storage.dll
0x00007ffbd1820000 - 0x00007ffbd183f000 	C:\Windows\System32\profapi.dll
0x00007ffbd1860000 - 0x00007ffbd18aa000 	C:\Windows\System32\powrprof.dll
0x00007ffbd17f0000 - 0x00007ffbd1800000 	C:\Windows\System32\UMPDC.dll
0x00007ffbd2dc0000 - 0x00007ffbd2e12000 	C:\Windows\System32\shlwapi.dll
0x00007ffbd18b0000 - 0x00007ffbd18c7000 	C:\Windows\System32\cryptsp.dll
0x00007ffbb8a90000 - 0x00007ffbb8aa9000 	C:\Users\ad\.jdks\corretto-11.0.18\bin\net.dll
0x00007ffbc3680000 - 0x00007ffbc3770000 	C:\Windows\SYSTEM32\WINHTTP.dll
0x00007ffbd1060000 - 0x00007ffbd10c7000 	C:\Windows\system32\mswsock.dll
0x00007ffbb8a70000 - 0x00007ffbb8a83000 	C:\Users\ad\.jdks\corretto-11.0.18\bin\nio.dll

dbghelp: loaded successfully - version: 4.0.5 - missing functions: none
symbol engine: initialized successfully - sym options: 0x614 - pdb path: .;C:\Users\ad\.jdks\corretto-11.0.18\bin;C:\Windows\SYSTEM32;C:\Windows\WinSxS\amd64_microsoft.windows.common-controls_6595b64144ccf1df_6.0.18362.535_none_e6c3b34713100821;C:\Users\ad\.jdks\corretto-11.0.18\bin\server

VM Arguments:
java_command: org.jetbrains.kotlin.cli.jvm.K2JVMCompiler @D:\SAVE DATA\Android\Source code\ConquerTheExam\app\build\20230316_9240596362246843316.compiler.options
java_class_path (initial): C:\Users\ad\.gradle\caches\modules-2\files-2.1\org.jetbrains.kotlin\kotlin-compiler-embeddable\1.8.0\eb9118d4bcceaa2a94b2ae2a33a4ddba7c9a947f\kotlin-compiler-embeddable-1.8.0.jar;C:\Users\ad\.gradle\caches\modules-2\files-2.1\org.jetbrains.kotlin\kotlin-stdlib\1.8.0\1796921c7a3e2e2665a83e6c8d33399336cd39bc\kotlin-stdlib-1.8.0.jar;C:\Users\ad\.gradle\caches\modules-2\files-2.1\org.jetbrains.kotlin\kotlin-script-runtime\1.8.0\b2f7e760d283cb339974851c222a4c1d48f2d3d\kotlin-script-runtime-1.8.0.jar;C:\Users\ad\.gradle\caches\modules-2\files-2.1\org.jetbrains.kotlin\kotlin-reflect\1.6.10\1cbe9c92c12a94eea200d23c2bbaedaf3daf5132\kotlin-reflect-1.6.10.jar;C:\Users\ad\.gradle\caches\modules-2\files-2.1\org.jetbrains.kotlin\kotlin-daemon-embeddable\1.8.0\d255216c551685dc3a7e852b53617f5f01aaaa5c\kotlin-daemon-embeddable-1.8.0.jar;C:\Users\ad\.gradle\caches\modules-2\files-2.1\org.jetbrains.intellij.deps\trove4j\1.0.20200330\3afb14d5f9ceb459d724e907a21145e8ff394f02\trove4j-1.0.20200330.jar;C:\Users\ad\.gradle\caches\modules-2\files-2.1\net.java.dev.jna\jna\5.6.0\330f2244e9030119ab3030fc3fededc86713d9cc\jna-5.6.0.jar;C:\Users\ad\.gradle\caches\modules-2\files-2.1\org.jetbrains.kotlin\kotlin-stdlib-common\1.8.0\f7197e7cc76453ac59f8b0f8d5137cc600becd36\kotlin-stdlib-common-1.8.0.jar;C:\Users\ad\.gradle\caches\modules-2\files-2.1\org.jetbrains\annotations\13.0\919f0dfe192fb4e063e7dacadee7f8bb9a2672a9\annotations-13.0.jar
Launcher Type: SUN_STANDARD

[Global flags]
     intx CICompilerCount                          = 3                                         {product} {ergonomic}
     uint ConcGCThreads                            = 1                                         {product} {ergonomic}
     uint G1ConcRefinementThreads                  = 4                                         {product} {ergonomic}
   size_t G1HeapRegionSize                         = 1048576                                   {product} {ergonomic}
    uintx GCDrainStackTargetSize                   = 64                                        {product} {ergonomic}
   size_t InitialHeapSize                          = 132120576                                 {product} {ergonomic}
   size_t MarkStackSize                            = 4194304                                   {product} {ergonomic}
   size_t MaxHeapSize                              = 2113929216                                {product} {ergonomic}
   size_t MaxNewSize                               = 1267728384                                {product} {ergonomic}
   size_t MinHeapDeltaBytes                        = 1048576                                   {product} {ergonomic}
    uintx NonNMethodCodeHeapSize                   = 5830732                                {pd product} {ergonomic}
    uintx NonProfiledCodeHeapSize                  = 122913754                              {pd product} {ergonomic}
    uintx ProfiledCodeHeapSize                     = 122913754                              {pd product} {ergonomic}
    uintx ReservedCodeCacheSize                    = 251658240                              {pd product} {ergonomic}
     bool SegmentedCodeCache                       = true                                      {product} {ergonomic}
     bool UseCompressedClassPointers               = true                                 {lp64_product} {ergonomic}
     bool UseCompressedOops                        = true                                 {lp64_product} {ergonomic}
     bool UseG1GC                                  = true                                      {product} {ergonomic}
     bool UseLargePagesIndividualAllocation        = false                                  {pd product} {ergonomic}

Logging:
Log output configuration:
 #0: stdout all=warning uptime,level,tags
 #1: stderr all=off uptime,level,tags

Environment Variables:
PATH=C:\Program Files\Common Files\Oracle\Java\javapath;C:\Windows\system32;C:\Windows;C:\Windows\System32\Wbem;C:\Windows\System32\WindowsPowerShell\v1.0\;C:\Windows\System32\OpenSSH\;C:\Program Files (x86)\NVIDIA Corporation\PhysX\Common;C:\FPC\3.2.2\bin\i386-Win32;C:\Program Files\Azure Data Studio\bin;D:\SAVE DATA\XAMPP\DATA\php;D:\SAVE DATA\XAMPP\Composer;C:\Program Files\Cloudflare\Cloudflare WARP\;D:\VDK\XC8\bin;C:\Program Files\Git\cmd;C:\Users\ad\AppData\Local\Microsoft\WindowsApps;C:\Users\ad\AppData\Local\Programs\Microsoft VS Code\bin;C:\Program Files\Azure Data Studio\bin;C:\Users\ad\AppData\Local\GitHubDesktop\bin;C:\Users\ad\AppData\Roaming\Composer\vendor\bin
USERNAME=ad
OS=Windows_NT
PROCESSOR_IDENTIFIER=Intel64 Family 6 Model 94 Stepping 3, GenuineIntel
TMP=C:\Users\ad\AppData\Local\Temp
TEMP=C:\Users\ad\AppData\Local\Temp



---------------  S Y S T E M  ---------------

OS: Windows 10 , 64 bit Build 18362 (10.0.18362.329)
OS uptime: 0 days 0:10 hours

CPU:total 4 (initial active 4) (4 cores per cpu, 1 threads per core) family 6 model 94 stepping 3 microcode 0xcc, cmov, cx8, fxsr, mmx, sse, sse2, sse3, ssse3, sse4.1, sse4.2, popcnt, avx, avx2, aes, clmul, erms, rtm, 3dnowpref, lzcnt, tsc, tscinvbit, bmi1, bmi2, adx, fma

Memory: 4k page, system-wide physical 8058M (638M free)
TotalPageFile size 8058M (AvailPageFile size 3M)
current process WorkingSet (physical memory assigned to process): 328M, peak: 328M
current process commit charge ("private bytes"): 379M, peak: 380M

vm_info: OpenJDK 64-Bit Server VM (11.0.18+10-LTS) for windows-amd64 JRE (11.0.18+10-LTS), built on Jan 10 2023 20:17:52 by "Administrator" with MS VC++ 15.9 (VS2017)

END.
