#
# There is insufficient memory for the Java Runtime Environment to continue.
# Native memory allocation (mmap) failed to map 32505856 bytes for Failed to commit area from 0x0000000089800000 to 0x000000008b700000 of length 32505856.
# Possible reasons:
#   The system is out of physical RAM or swap space
#   The process is running with CompressedOops enabled, and the Java Heap may be blocking the growth of the native heap
# Possible solutions:
#   Reduce memory load on the system
#   Increase physical memory or swap space
#   Check if swap backing store is full
#   Decrease Java heap size (-Xmx/-Xms)
#   Decrease number of Java threads
#   Decrease Java thread stack sizes (-Xss)
#   Set larger code cache with -XX:ReservedCodeCacheSize=
#   JVM is running with Unscaled Compressed Oops mode in which the Java heap is
#     placed in the first 4GB address space. The Java Heap base address is the
#     maximum limit for the native heap growth. Please use -XX:HeapBaseMinAddress
#     to set the Java Heap base and to place the Java Heap above 4GB virtual address.
# This output file may be truncated or incomplete.
#
#  Out of Memory Error (./src/hotspot/os/windows/os_windows.cpp:3386), pid=3332, tid=3720
#
# JRE version: OpenJDK Runtime Environment Corretto-11.0.18.10.1 (11.0.18+10) (build 11.0.18+10-LTS)
# Java VM: OpenJDK 64-Bit Server VM Corretto-11.0.18.10.1 (11.0.18+10-LTS, mixed mode, tiered, compressed oops, g1 gc, windows-amd64)
# No core dump will be written. Minidumps are not enabled by default on client versions of Windows
#

---------------  S U M M A R Y ------------

Command Line: --add-opens=java.base/java.util=ALL-UNNAMED --add-opens=java.base/java.lang=ALL-UNNAMED --add-opens=java.base/java.lang.invoke=ALL-UNNAMED --add-opens=java.base/java.util=ALL-UNNAMED --add-opens=java.prefs/java.util.prefs=ALL-UNNAMED --add-opens=java.prefs/java.util.prefs=ALL-UNNAMED --add-opens=java.base/java.nio.charset=ALL-UNNAMED --add-opens=java.base/java.net=ALL-UNNAMED --add-opens=java.base/java.util.concurrent.atomic=ALL-UNNAMED -Xmx2048m -Dfile.encoding=UTF-8 -Duser.country=US -Duser.language=en -Duser.variant org.gradle.launcher.daemon.bootstrap.GradleDaemon 7.5

Host: Intel(R) Core(TM) i5-6300HQ CPU @ 2.30GHz, 4 cores, 7G,  Windows 10 , 64 bit Build 18362 (10.0.18362.329)
Time: Thu Mar 16 21:45:49 2023 SE Asia Standard Time elapsed time: 7.571762 seconds (0d 0h 0m 7s)

---------------  T H R E A D  ---------------

Current thread (0x000001bbf64f0000):  VMThread "VM Thread" [stack: 0x0000006d14e00000,0x0000006d14f00000] [id=3720]

Stack: [0x0000006d14e00000,0x0000006d14f00000]
[error occurred during error reporting (printing stack bounds), id 0xc0000005, EXCEPTION_ACCESS_VIOLATION (0xc0000005) at pc=0x000001bbe040112d]

Native frames: (J=compiled Java code, j=interpreted, Vv=VM code, C=native code)
V  [jvm.dll+0x622d9a]
V  [jvm.dll+0x7b0289]
V  [jvm.dll+0x7b1978]
V  [jvm.dll+0x7b1fb5]
V  [jvm.dll+0x7b1f6b]
V  [jvm.dll+0x622127]
V  [jvm.dll+0x622838]
C  [ntdll.dll+0xa11ff]
C  [ntdll.dll+0x6a289]
C  [ntdll.dll+0x9fe6e]
C  0x000001bbe040112d

VM_Operation (0x0000006d162f20d0): G1CollectForAllocation, mode: safepoint, requested by thread 0x000001bbf817c800


---------------  P R O C E S S  ---------------

Threads class SMR info:
_java_thread_list=0x000001bbf980bd50, length=78, elements={
0x000001bbd7c8e000, 0x000001bbf64f2000, 0x000001bbf64f3800, 0x000001bbf6e72800,
0x000001bbf650a800, 0x000001bbf650b800, 0x000001bbf6511000, 0x000001bbf6520800,
0x000001bbf6522800, 0x000001bbf6fc8800, 0x000001bbf9331800, 0x000001bbf7080800,
0x000001bbf9ddf000, 0x000001bbf89b3800, 0x000001bbf886d000, 0x000001bbf92be000,
0x000001bbf817c800, 0x000001bbf817d000, 0x000001bbf8e74800, 0x000001bbf8f5c000,
0x000001bbf8f4f000, 0x000001bbf8f4f800, 0x000001bbf8f4e000, 0x000001bbf8288000,
0x000001bbf8f51800, 0x000001bbf8f50800, 0x000001bbf8f52000, 0x000001bbf8f53000,
0x000001bbf8f4d800, 0x000001bbf8f54000, 0x000001bbfa150000, 0x000001bbfa14a800,
0x000001bbfa14b000, 0x000001bbfa14c000, 0x000001bbfa14f000, 0x000001bbfa152800,
0x000001bbfa151000, 0x000001bbfa14c800, 0x000001bbfa154000, 0x000001bbfa14e800,
0x000001bbfa153800, 0x000001bbfa155000, 0x000001bbfa151800, 0x000001bbfa158000,
0x000001bbfa156800, 0x000001bbfa157800, 0x000001bbfa159000, 0x000001bbfa155800,
0x000001bbfcd00000, 0x000001bbfccff000, 0x000001bbfcd06800, 0x000001bbfcd04000,
0x000001bbfcd01000, 0x000001bbfcd07800, 0x000001bbfcd05800, 0x000001bbfcd05000,
0x000001bbfcd01800, 0x000001bbfcd08000, 0x000001bbfcd02800, 0x000001bbfcd09000,
0x000001bbfcd03800, 0x000001bbfcd0c800, 0x000001bbfcd0b800, 0x000001bbfcd0d000,
0x000001bbfcd0e000, 0x000001bbfcd0a000, 0x000001bbfcd0a800, 0x000001bbfac31800,
0x000001bbfac34000, 0x000001bbfac2e800, 0x000001bbfac35000, 0x000001bbfac2f800,
0x000001bbfac33800, 0x000001bbfac36000, 0x000001bbfac32800, 0x000001bbfac30000,
0x000001bbfac36800, 0x000001bbfac31000
}

Java Threads: ( => current thread )
  0x000001bbd7c8e000 JavaThread "main" [_thread_blocked, id=2740, stack(0x0000006d14800000,0x0000006d14900000)]
  0x000001bbf64f2000 JavaThread "Reference Handler" daemon [_thread_blocked, id=3352, stack(0x0000006d14f00000,0x0000006d15000000)]
  0x000001bbf64f3800 JavaThread "Finalizer" daemon [_thread_blocked, id=3312, stack(0x0000006d15000000,0x0000006d15100000)]
  0x000001bbf6e72800 JavaThread "Signal Dispatcher" daemon [_thread_blocked, id=6996, stack(0x0000006d15100000,0x0000006d15200000)]
  0x000001bbf650a800 JavaThread "Attach Listener" daemon [_thread_blocked, id=6672, stack(0x0000006d15200000,0x0000006d15300000)]
  0x000001bbf650b800 JavaThread "Service Thread" daemon [_thread_blocked, id=4056, stack(0x0000006d15300000,0x0000006d15400000)]
  0x000001bbf6511000 JavaThread "C2 CompilerThread0" daemon [_thread_blocked, id=4092, stack(0x0000006d15400000,0x0000006d15500000)]
  0x000001bbf6520800 JavaThread "C1 CompilerThread0" daemon [_thread_blocked, id=2292, stack(0x0000006d15500000,0x0000006d15600000)]
  0x000001bbf6522800 JavaThread "Sweeper thread" daemon [_thread_blocked, id=3104, stack(0x0000006d15600000,0x0000006d15700000)]
  0x000001bbf6fc8800 JavaThread "Common-Cleaner" daemon [_thread_blocked, id=1180, stack(0x0000006d15700000,0x0000006d15800000)]
  0x000001bbf9331800 JavaThread "Daemon health stats" [_thread_blocked, id=6188, stack(0x0000006d15c00000,0x0000006d15d00000)]
  0x000001bbf7080800 JavaThread "Incoming local TCP Connector on port 49976" [_thread_in_native, id=7676, stack(0x0000006d15900000,0x0000006d15a00000)]
  0x000001bbf9ddf000 JavaThread "Daemon periodic checks" [_thread_blocked, id=9292, stack(0x0000006d15e00000,0x0000006d15f00000)]
  0x000001bbf89b3800 JavaThread "Daemon" [_thread_blocked, id=9440, stack(0x0000006d15f00000,0x0000006d16000000)]
  0x000001bbf886d000 JavaThread "Handler for socket connection from /127.0.0.1:49976 to /127.0.0.1:49977" [_thread_in_native, id=9304, stack(0x0000006d16000000,0x0000006d16100000)]
  0x000001bbf92be000 JavaThread "Cancel handler" [_thread_blocked, id=8764, stack(0x0000006d16100000,0x0000006d16200000)]
  0x000001bbf817c800 JavaThread "Daemon worker" [_thread_blocked, id=8588, stack(0x0000006d16200000,0x0000006d16300000)]
  0x000001bbf817d000 JavaThread "Asynchronous log dispatcher for DefaultDaemonConnection: socket connection from /127.0.0.1:49976 to /127.0.0.1:49977" [_thread_blocked, id=8948, stack(0x0000006d16300000,0x0000006d16400000)]
  0x000001bbf8e74800 JavaThread "Stdin handler" [_thread_blocked, id=9296, stack(0x0000006d16400000,0x0000006d16500000)]
  0x000001bbf8f5c000 JavaThread "Daemon client event forwarder" [_thread_blocked, id=1512, stack(0x0000006d16500000,0x0000006d16600000)]
  0x000001bbf8f4f000 JavaThread "Cache worker for journal cache (C:\Users\ad\.gradle\caches\journal-1)" [_thread_blocked, id=732, stack(0x0000006d16600000,0x0000006d16700000)]
  0x000001bbf8f4f800 JavaThread "File lock request listener" [_thread_in_native, id=8476, stack(0x0000006d16700000,0x0000006d16800000)]
  0x000001bbf8f4e000 JavaThread "Cache worker for file hash cache (C:\Users\ad\.gradle\caches\7.5\fileHashes)" [_thread_blocked, id=996, stack(0x0000006d16800000,0x0000006d16900000)]
  0x000001bbf8288000 JavaThread "C2 CompilerThread1" daemon [_thread_blocked, id=12332, stack(0x0000006d16900000,0x0000006d16a00000)]
  0x000001bbf8f51800 JavaThread "File watcher server" daemon [_thread_in_native, id=12724, stack(0x0000006d16a00000,0x0000006d16b00000)]
  0x000001bbf8f50800 JavaThread "File watcher consumer" daemon [_thread_blocked, id=1768, stack(0x0000006d16b00000,0x0000006d16c00000)]
  0x000001bbf8f52000 JavaThread "Cache worker for checksums cache (D:\SAVE DATA\Android\Source code\ConquerTheExam\.gradle\7.5\checksums)" [_thread_blocked, id=12740, stack(0x0000006d16c00000,0x0000006d16d00000)]
  0x000001bbf8f53000 JavaThread "Cache worker for cache directory md-rule (C:\Users\ad\.gradle\caches\7.5\md-rule)" [_thread_blocked, id=12736, stack(0x0000006d16d00000,0x0000006d16e00000)]
  0x000001bbf8f4d800 JavaThread "Cache worker for file content cache (C:\Users\ad\.gradle\caches\7.5\fileContent)" [_thread_blocked, id=12720, stack(0x0000006d16e00000,0x0000006d16f00000)]
  0x000001bbf8f54000 JavaThread "Cache worker for file hash cache (D:\SAVE DATA\Android\Source code\ConquerTheExam\.gradle\7.5\fileHashes)" [_thread_blocked, id=2248, stack(0x0000006d16f00000,0x0000006d17000000)]
  0x000001bbfa150000 JavaThread "Cache worker for cache directory md-supplier (C:\Users\ad\.gradle\caches\7.5\md-supplier)" [_thread_blocked, id=12744, stack(0x0000006d17000000,0x0000006d17100000)]
  0x000001bbfa14a800 JavaThread "Cache worker for execution history cache (C:\Users\ad\.gradle\caches\7.5\executionHistory)" [_thread_blocked, id=9984, stack(0x0000006d17100000,0x0000006d17200000)]
  0x000001bbfa14b000 JavaThread "jar transforms" [_thread_blocked, id=3224, stack(0x0000006d17200000,0x0000006d17300000)]
  0x000001bbfa14c000 JavaThread "jar transforms Thread 2" [_thread_blocked, id=3272, stack(0x0000006d17300000,0x0000006d17400000)]
  0x000001bbfa14f000 JavaThread "jar transforms Thread 3" [_thread_blocked, id=8372, stack(0x0000006d17400000,0x0000006d17500000)]
  0x000001bbfa152800 JavaThread "jar transforms Thread 4" [_thread_blocked, id=10136, stack(0x0000006d17500000,0x0000006d17600000)]
  0x000001bbfa151000 JavaThread "Cache worker for dependencies-accessors (D:\SAVE DATA\Android\Source code\ConquerTheExam\.gradle\7.5\dependencies-accessors)" [_thread_blocked, id=10452, stack(0x0000006d17600000,0x0000006d17700000)]
  0x000001bbfa14c800 JavaThread "Cache worker for Build Output Cleanup Cache (D:\SAVE DATA\Android\Source code\ConquerTheExam\.gradle\buildOutputCleanup)" [_thread_blocked, id=10112, stack(0x0000006d17700000,0x0000006d17800000)]
  0x000001bbfa154000 JavaThread "Unconstrained build operations" [_thread_blocked, id=5208, stack(0x0000006d17800000,0x0000006d17900000)]
  0x000001bbfa14e800 JavaThread "Unconstrained build operations Thread 2" [_thread_blocked, id=11636, stack(0x0000006d17900000,0x0000006d17a00000)]
  0x000001bbfa153800 JavaThread "Unconstrained build operations Thread 3" [_thread_blocked, id=596, stack(0x0000006d17a00000,0x0000006d17b00000)]
  0x000001bbfa155000 JavaThread "Unconstrained build operations Thread 4" [_thread_blocked, id=468, stack(0x0000006d17b00000,0x0000006d17c00000)]
  0x000001bbfa151800 JavaThread "Unconstrained build operations Thread 5" [_thread_blocked, id=5008, stack(0x0000006d17c00000,0x0000006d17d00000)]
  0x000001bbfa158000 JavaThread "Unconstrained build operations Thread 6" [_thread_blocked, id=5444, stack(0x0000006d17d00000,0x0000006d17e00000)]
  0x000001bbfa156800 JavaThread "Unconstrained build operations Thread 7" [_thread_blocked, id=9300, stack(0x0000006d17e00000,0x0000006d17f00000)]
  0x000001bbfa157800 JavaThread "Unconstrained build operations Thread 8" [_thread_blocked, id=13096, stack(0x0000006d17f00000,0x0000006d18000000)]
  0x000001bbfa159000 JavaThread "Unconstrained build operations Thread 9" [_thread_blocked, id=9228, stack(0x0000006d18000000,0x0000006d18100000)]
  0x000001bbfa155800 JavaThread "Unconstrained build operations Thread 10" [_thread_blocked, id=12672, stack(0x0000006d18100000,0x0000006d18200000)]
  0x000001bbfcd00000 JavaThread "Unconstrained build operations Thread 11" [_thread_blocked, id=12972, stack(0x0000006d18200000,0x0000006d18300000)]
  0x000001bbfccff000 JavaThread "Unconstrained build operations Thread 12" [_thread_blocked, id=1460, stack(0x0000006d18300000,0x0000006d18400000)]
  0x000001bbfcd06800 JavaThread "Unconstrained build operations Thread 13" [_thread_blocked, id=8456, stack(0x0000006d18400000,0x0000006d18500000)]
  0x000001bbfcd04000 JavaThread "Unconstrained build operations Thread 14" [_thread_blocked, id=3448, stack(0x0000006d18500000,0x0000006d18600000)]
  0x000001bbfcd01000 JavaThread "Unconstrained build operations Thread 15" [_thread_blocked, id=4696, stack(0x0000006d18600000,0x0000006d18700000)]
  0x000001bbfcd07800 JavaThread "Unconstrained build operations Thread 16" [_thread_blocked, id=9716, stack(0x0000006d18700000,0x0000006d18800000)]
  0x000001bbfcd05800 JavaThread "Unconstrained build operations Thread 17" [_thread_blocked, id=10784, stack(0x0000006d18800000,0x0000006d18900000)]
  0x000001bbfcd05000 JavaThread "Unconstrained build operations Thread 18" [_thread_blocked, id=1544, stack(0x0000006d18900000,0x0000006d18a00000)]
  0x000001bbfcd01800 JavaThread "Unconstrained build operations Thread 19" [_thread_blocked, id=12248, stack(0x0000006d18a00000,0x0000006d18b00000)]
  0x000001bbfcd08000 JavaThread "Unconstrained build operations Thread 20" [_thread_blocked, id=9392, stack(0x0000006d18b00000,0x0000006d18c00000)]
  0x000001bbfcd02800 JavaThread "Unconstrained build operations Thread 21" [_thread_blocked, id=5256, stack(0x0000006d18c00000,0x0000006d18d00000)]
  0x000001bbfcd09000 JavaThread "Unconstrained build operations Thread 22" [_thread_blocked, id=9396, stack(0x0000006d18d00000,0x0000006d18e00000)]
  0x000001bbfcd03800 JavaThread "Unconstrained build operations Thread 23" [_thread_blocked, id=1828, stack(0x0000006d18e00000,0x0000006d18f00000)]
  0x000001bbfcd0c800 JavaThread "Unconstrained build operations Thread 24" [_thread_blocked, id=9452, stack(0x0000006d18f00000,0x0000006d19000000)]
  0x000001bbfcd0b800 JavaThread "Unconstrained build operations Thread 25" [_thread_blocked, id=4220, stack(0x0000006d19000000,0x0000006d19100000)]
  0x000001bbfcd0d000 JavaThread "Unconstrained build operations Thread 26" [_thread_blocked, id=6124, stack(0x0000006d19100000,0x0000006d19200000)]
  0x000001bbfcd0e000 JavaThread "Unconstrained build operations Thread 27" [_thread_blocked, id=8428, stack(0x0000006d19200000,0x0000006d19300000)]
  0x000001bbfcd0a000 JavaThread "Unconstrained build operations Thread 28" [_thread_blocked, id=8196, stack(0x0000006d19300000,0x0000006d19400000)]
  0x000001bbfcd0a800 JavaThread "Unconstrained build operations Thread 29" [_thread_blocked, id=8444, stack(0x0000006d19400000,0x0000006d19500000)]
  0x000001bbfac31800 JavaThread "Unconstrained build operations Thread 30" [_thread_blocked, id=3356, stack(0x0000006d19500000,0x0000006d19600000)]
  0x000001bbfac34000 JavaThread "Unconstrained build operations Thread 31" [_thread_blocked, id=9780, stack(0x0000006d19600000,0x0000006d19700000)]
  0x000001bbfac2e800 JavaThread "Unconstrained build operations Thread 32" [_thread_blocked, id=3524, stack(0x0000006d19700000,0x0000006d19800000)]
  0x000001bbfac35000 JavaThread "Unconstrained build operations Thread 33" [_thread_blocked, id=3832, stack(0x0000006d19800000,0x0000006d19900000)]
  0x000001bbfac2f800 JavaThread "Unconstrained build operations Thread 34" [_thread_blocked, id=9888, stack(0x0000006d19900000,0x0000006d19a00000)]
  0x000001bbfac33800 JavaThread "Unconstrained build operations Thread 35" [_thread_blocked, id=9800, stack(0x0000006d19a00000,0x0000006d19b00000)]
  0x000001bbfac36000 JavaThread "Unconstrained build operations Thread 36" [_thread_blocked, id=10056, stack(0x0000006d19b00000,0x0000006d19c00000)]
  0x000001bbfac32800 JavaThread "Unconstrained build operations Thread 37" [_thread_blocked, id=9704, stack(0x0000006d19c00000,0x0000006d19d00000)]
  0x000001bbfac30000 JavaThread "Unconstrained build operations Thread 38" [_thread_blocked, id=4644, stack(0x0000006d19d00000,0x0000006d19e00000)]
  0x000001bbfac36800 JavaThread "Unconstrained build operations Thread 39" [_thread_blocked, id=3828, stack(0x0000006d19e00000,0x0000006d19f00000)]
  0x000001bbfac31000 JavaThread "Unconstrained build operations Thread 40" [_thread_blocked, id=3856, stack(0x0000006d19f00000,0x0000006d1a000000)]

Other Threads:
=>0x000001bbf64f0000 VMThread "VM Thread" [stack: 0x0000006d14e00000,0x0000006d14f00000] [id=3720]
  0x000001bbf6fcf800 WatcherThread [stack: 0x0000006d15800000,0x0000006d15900000] [id=12144]
  0x000001bbd7ca8800 GCTaskThread "GC Thread#0" [stack: 0x0000006d14900000,0x0000006d14a00000] [id=2944]
  0x000001bbf7573000 GCTaskThread "GC Thread#1" [stack: 0x0000006d15a00000,0x0000006d15b00000] [id=5692]
  0x000001bbf7407000 GCTaskThread "GC Thread#2" [stack: 0x0000006d15b00000,0x0000006d15c00000] [id=10184]
  0x000001bbf8950800 GCTaskThread "GC Thread#3" [stack: 0x0000006d15d00000,0x0000006d15e00000] [id=7496]
  0x000001bbd7cd9000 ConcurrentGCThread "G1 Main Marker" [stack: 0x0000006d14a00000,0x0000006d14b00000] [id=2820]
  0x000001bbd7cdc000 ConcurrentGCThread "G1 Conc#0" [stack: 0x0000006d14b00000,0x0000006d14c00000] [id=3608]
  0x000001bbf6340800 ConcurrentGCThread "G1 Refine#0" [stack: 0x0000006d14c00000,0x0000006d14d00000] [id=8244]
  0x000001bbf6341800 ConcurrentGCThread "G1 Young RemSet Sampling" [stack: 0x0000006d14d00000,0x0000006d14e00000] [id=3088]

Threads with active compile tasks:
C2 CompilerThread0     7592 5342       4       sun.nio.fs.WindowsPathParser::normalize (233 bytes)
C2 CompilerThread1     7592 5357       4       java.util.zip.ZipFile$Source::initCEN (697 bytes)

VM state:at safepoint (normal execution)

VM Mutex/Monitor currently owned by a thread:  ([mutex/lock_event])
[0x000001bbd7c8aab0] Threads_lock - owner thread: 0x000001bbf64f0000
[0x000001bbd7c8a630] Heap_lock - owner thread: 0x000001bbf817c800

Heap address: 0x0000000080000000, size: 2048 MB, Compressed Oops mode: 32-bit
Narrow klass base: 0x0000000000000000, Narrow klass shift: 3
Compressed class space size: 1073741824 Address: 0x0000000100000000

Heap:
 garbage-first heap   total 187392K, used 49495K [0x0000000080000000, 0x0000000100000000)
  region size 1024K, 9 young (9216K), 9 survivors (9216K)
 Metaspace       used 50075K, capacity 51387K, committed 51664K, reserved 1093632K
  class space    used 6359K, capacity 6853K, committed 6912K, reserved 1048576K
Heap Regions: E=young(eden), S=young(survivor), O=old, HS=humongous(starts), HC=humongous(continues), CS=collection set, F=free, A=archive, TAMS=top-at-mark-start (previous, next)
|   0|0x0000000080000000, 0x0000000080100000, 0x0000000080100000|100%|HS|  |TAMS 0x0000000080100000, 0x0000000080000000| Complete 
|   1|0x0000000080100000, 0x0000000080200000, 0x0000000080200000|100%|HC|  |TAMS 0x0000000080200000, 0x0000000080100000| Complete 
|   2|0x0000000080200000, 0x0000000080300000, 0x0000000080300000|100%|HC|  |TAMS 0x0000000080300000, 0x0000000080200000| Complete 
|   3|0x0000000080300000, 0x0000000080400000, 0x0000000080400000|100%| O|  |TAMS 0x0000000080400000, 0x0000000080300000| Untracked 
|   4|0x0000000080400000, 0x0000000080500000, 0x0000000080500000|100%| O|  |TAMS 0x0000000080500000, 0x0000000080400000| Untracked 
|   5|0x0000000080500000, 0x0000000080600000, 0x0000000080600000|100%| O|  |TAMS 0x0000000080600000, 0x0000000080500000| Untracked 
|   6|0x0000000080600000, 0x0000000080700000, 0x0000000080700000|100%| O|  |TAMS 0x0000000080700000, 0x0000000080600000| Untracked 
|   7|0x0000000080700000, 0x0000000080800000, 0x0000000080800000|100%| O|  |TAMS 0x0000000080800000, 0x0000000080700000| Untracked 
|   8|0x0000000080800000, 0x0000000080900000, 0x0000000080900000|100%| O|  |TAMS 0x0000000080900000, 0x0000000080800000| Untracked 
|   9|0x0000000080900000, 0x0000000080a00000, 0x0000000080a00000|100%| O|  |TAMS 0x0000000080a00000, 0x0000000080900000| Untracked 
|  10|0x0000000080a00000, 0x0000000080b00000, 0x0000000080b00000|100%| O|  |TAMS 0x0000000080b00000, 0x0000000080a00000| Untracked 
|  11|0x0000000080b00000, 0x0000000080c00000, 0x0000000080c00000|100%| O|  |TAMS 0x0000000080c00000, 0x0000000080b00000| Untracked 
|  12|0x0000000080c00000, 0x0000000080d00000, 0x0000000080d00000|100%| O|  |TAMS 0x0000000080d00000, 0x0000000080c00000| Untracked 
|  13|0x0000000080d00000, 0x0000000080e00000, 0x0000000080e00000|100%| O|  |TAMS 0x0000000080e00000, 0x0000000080d00000| Untracked 
|  14|0x0000000080e00000, 0x0000000080f00000, 0x0000000080f00000|100%| O|  |TAMS 0x0000000080f00000, 0x0000000080e00000| Untracked 
|  15|0x0000000080f00000, 0x0000000081000000, 0x0000000081000000|100%| O|  |TAMS 0x0000000081000000, 0x0000000080f00000| Untracked 
|  16|0x0000000081000000, 0x0000000081100000, 0x0000000081100000|100%| O|  |TAMS 0x0000000081047600, 0x0000000081000000| Untracked 
|  17|0x0000000081100000, 0x0000000081200000, 0x0000000081200000|100%|HS|  |TAMS 0x0000000081100000, 0x0000000081100000| Complete 
|  18|0x0000000081200000, 0x0000000081300000, 0x0000000081300000|100%| O|  |TAMS 0x0000000081200000, 0x0000000081200000| Untracked 
|  19|0x0000000081300000, 0x0000000081400000, 0x0000000081400000|100%| O|  |TAMS 0x0000000081300000, 0x0000000081300000| Untracked 
|  20|0x0000000081400000, 0x0000000081500000, 0x0000000081500000|100%| O|  |TAMS 0x0000000081400000, 0x0000000081400000| Untracked 
|  21|0x0000000081500000, 0x0000000081600000, 0x0000000081600000|100%| O|  |TAMS 0x0000000081500000, 0x0000000081500000| Untracked 
|  22|0x0000000081600000, 0x0000000081700000, 0x0000000081700000|100%| O|  |TAMS 0x0000000081600000, 0x0000000081600000| Untracked 
|  23|0x0000000081700000, 0x0000000081800000, 0x0000000081800000|100%| O|  |TAMS 0x0000000081700000, 0x0000000081700000| Untracked 
|  24|0x0000000081800000, 0x0000000081900000, 0x0000000081900000|100%| O|  |TAMS 0x0000000081800000, 0x0000000081800000| Untracked 
|  25|0x0000000081900000, 0x0000000081a00000, 0x0000000081a00000|100%| O|  |TAMS 0x0000000081900000, 0x0000000081900000| Untracked 
|  26|0x0000000081a00000, 0x0000000081b00000, 0x0000000081b00000|100%| O|  |TAMS 0x0000000081a00000, 0x0000000081a00000| Untracked 
|  27|0x0000000081b00000, 0x0000000081c00000, 0x0000000081c00000|100%| O|  |TAMS 0x0000000081b00000, 0x0000000081b00000| Untracked 
|  28|0x0000000081c00000, 0x0000000081d00000, 0x0000000081d00000|100%| O|  |TAMS 0x0000000081c00000, 0x0000000081c00000| Untracked 
|  29|0x0000000081d00000, 0x0000000081e00000, 0x0000000081e00000|100%|HS|  |TAMS 0x0000000081d00000, 0x0000000081d00000| Complete 
|  30|0x0000000081e00000, 0x0000000081f00000, 0x0000000081f00000|100%|HC|  |TAMS 0x0000000081e00000, 0x0000000081e00000| Complete 
|  31|0x0000000081f00000, 0x0000000082000000, 0x0000000082000000|100%|HS|  |TAMS 0x0000000081f00000, 0x0000000081f00000| Complete 
|  32|0x0000000082000000, 0x0000000082100000, 0x0000000082100000|100%|HS|  |TAMS 0x0000000082000000, 0x0000000082000000| Complete 
|  33|0x0000000082100000, 0x0000000082200000, 0x0000000082200000|100%|HC|  |TAMS 0x0000000082100000, 0x0000000082100000| Complete 
|  34|0x0000000082200000, 0x0000000082300000, 0x0000000082300000|100%|HC|  |TAMS 0x0000000082200000, 0x0000000082200000| Complete 
|  35|0x0000000082300000, 0x0000000082400000, 0x0000000082400000|100%|HC|  |TAMS 0x0000000082300000, 0x0000000082300000| Complete 
|  36|0x0000000082400000, 0x0000000082400000, 0x0000000082500000|  0%| F|  |TAMS 0x0000000082400000, 0x0000000082400000| Untracked 
|  37|0x0000000082500000, 0x0000000082600000, 0x0000000082600000|100%| O|  |TAMS 0x0000000082500000, 0x0000000082500000| Untracked 
|  38|0x0000000082600000, 0x0000000082700000, 0x0000000082700000|100%| O|  |TAMS 0x0000000082600000, 0x0000000082600000| Untracked 
|  39|0x0000000082700000, 0x0000000082800000, 0x0000000082800000|100%| O|  |TAMS 0x0000000082700000, 0x0000000082700000| Untracked 
|  40|0x0000000082800000, 0x0000000082855c00, 0x0000000082900000| 33%| O|  |TAMS 0x0000000082800000, 0x0000000082800000| Untracked 
|  41|0x0000000082900000, 0x0000000082900000, 0x0000000082a00000|  0%| F|  |TAMS 0x0000000082900000, 0x0000000082900000| Untracked 
|  42|0x0000000082a00000, 0x0000000082a00000, 0x0000000082b00000|  0%| F|  |TAMS 0x0000000082a00000, 0x0000000082a00000| Untracked 
|  43|0x0000000082b00000, 0x0000000082b00000, 0x0000000082c00000|  0%| F|  |TAMS 0x0000000082b00000, 0x0000000082b00000| Untracked 
|  44|0x0000000082c00000, 0x0000000082c00000, 0x0000000082d00000|  0%| F|  |TAMS 0x0000000082c00000, 0x0000000082c00000| Untracked 
|  45|0x0000000082d00000, 0x0000000082d00000, 0x0000000082e00000|  0%| F|  |TAMS 0x0000000082d00000, 0x0000000082d00000| Untracked 
|  46|0x0000000082e00000, 0x0000000082e00000, 0x0000000082f00000|  0%| F|  |TAMS 0x0000000082e00000, 0x0000000082e00000| Untracked 
|  47|0x0000000082f00000, 0x0000000082f00000, 0x0000000083000000|  0%| F|  |TAMS 0x0000000082f00000, 0x0000000082f00000| Untracked 
|  48|0x0000000083000000, 0x0000000083000000, 0x0000000083100000|  0%| F|  |TAMS 0x0000000083000000, 0x0000000083000000| Untracked 
|  49|0x0000000083100000, 0x0000000083100000, 0x0000000083200000|  0%| F|  |TAMS 0x0000000083100000, 0x0000000083100000| Untracked 
|  50|0x0000000083200000, 0x0000000083200000, 0x0000000083300000|  0%| F|  |TAMS 0x0000000083200000, 0x0000000083200000| Untracked 
|  51|0x0000000083300000, 0x0000000083300000, 0x0000000083400000|  0%| F|  |TAMS 0x0000000083300000, 0x0000000083300000| Untracked 
|  52|0x0000000083400000, 0x0000000083400000, 0x0000000083500000|  0%| F|  |TAMS 0x0000000083400000, 0x0000000083400000| Untracked 
|  53|0x0000000083500000, 0x0000000083500000, 0x0000000083600000|  0%| F|  |TAMS 0x0000000083500000, 0x0000000083500000| Untracked 
|  54|0x0000000083600000, 0x0000000083600000, 0x0000000083700000|  0%| F|  |TAMS 0x0000000083600000, 0x0000000083600000| Untracked 
|  55|0x0000000083700000, 0x0000000083700000, 0x0000000083800000|  0%| F|  |TAMS 0x0000000083700000, 0x0000000083700000| Untracked 
|  56|0x0000000083800000, 0x0000000083800000, 0x0000000083900000|  0%| F|  |TAMS 0x0000000083800000, 0x0000000083800000| Untracked 
|  57|0x0000000083900000, 0x0000000083900000, 0x0000000083a00000|  0%| F|  |TAMS 0x0000000083900000, 0x0000000083900000| Untracked 
|  58|0x0000000083a00000, 0x0000000083a00000, 0x0000000083b00000|  0%| F|  |TAMS 0x0000000083a00000, 0x0000000083a00000| Untracked 
|  59|0x0000000083b00000, 0x0000000083b00000, 0x0000000083c00000|  0%| F|  |TAMS 0x0000000083b00000, 0x0000000083b00000| Untracked 
|  60|0x0000000083c00000, 0x0000000083c00000, 0x0000000083d00000|  0%| F|  |TAMS 0x0000000083c00000, 0x0000000083c00000| Untracked 
|  61|0x0000000083d00000, 0x0000000083d00000, 0x0000000083e00000|  0%| F|  |TAMS 0x0000000083d00000, 0x0000000083d00000| Untracked 
|  62|0x0000000083e00000, 0x0000000083e00000, 0x0000000083f00000|  0%| F|  |TAMS 0x0000000083e00000, 0x0000000083e00000| Untracked 
|  63|0x0000000083f00000, 0x0000000083f00000, 0x0000000084000000|  0%| F|  |TAMS 0x0000000083f00000, 0x0000000083f00000| Untracked 
|  64|0x0000000084000000, 0x0000000084000000, 0x0000000084100000|  0%| F|  |TAMS 0x0000000084000000, 0x0000000084000000| Untracked 
|  65|0x0000000084100000, 0x0000000084100000, 0x0000000084200000|  0%| F|  |TAMS 0x0000000084100000, 0x0000000084100000| Untracked 
|  66|0x0000000084200000, 0x0000000084200000, 0x0000000084300000|  0%| F|  |TAMS 0x0000000084200000, 0x0000000084200000| Untracked 
|  67|0x0000000084300000, 0x0000000084300000, 0x0000000084400000|  0%| F|  |TAMS 0x0000000084300000, 0x0000000084300000| Untracked 
|  68|0x0000000084400000, 0x0000000084400000, 0x0000000084500000|  0%| F|  |TAMS 0x0000000084400000, 0x0000000084400000| Untracked 
|  69|0x0000000084500000, 0x0000000084500000, 0x0000000084600000|  0%| F|  |TAMS 0x0000000084500000, 0x0000000084500000| Untracked 
|  70|0x0000000084600000, 0x0000000084600000, 0x0000000084700000|  0%| F|  |TAMS 0x0000000084600000, 0x0000000084600000| Untracked 
|  71|0x0000000084700000, 0x0000000084700000, 0x0000000084800000|  0%| F|  |TAMS 0x0000000084700000, 0x0000000084700000| Untracked 
|  72|0x0000000084800000, 0x0000000084900000, 0x0000000084900000|100%| S|CS|TAMS 0x0000000084800000, 0x0000000084800000| Complete 
|  73|0x0000000084900000, 0x0000000084a00000, 0x0000000084a00000|100%| S|CS|TAMS 0x0000000084900000, 0x0000000084900000| Complete 
|  74|0x0000000084a00000, 0x0000000084b00000, 0x0000000084b00000|100%| S|CS|TAMS 0x0000000084a00000, 0x0000000084a00000| Complete 
|  75|0x0000000084b00000, 0x0000000084c00000, 0x0000000084c00000|100%| S|CS|TAMS 0x0000000084b00000, 0x0000000084b00000| Complete 
|  76|0x0000000084c00000, 0x0000000084d00000, 0x0000000084d00000|100%| S|CS|TAMS 0x0000000084c00000, 0x0000000084c00000| Complete 
|  77|0x0000000084d00000, 0x0000000084e00000, 0x0000000084e00000|100%| S|CS|TAMS 0x0000000084d00000, 0x0000000084d00000| Complete 
|  78|0x0000000084e00000, 0x0000000084f00000, 0x0000000084f00000|100%| S|CS|TAMS 0x0000000084e00000, 0x0000000084e00000| Complete 
|  79|0x0000000084f00000, 0x0000000085000000, 0x0000000085000000|100%| S|CS|TAMS 0x0000000084f00000, 0x0000000084f00000| Complete 
|  80|0x0000000085000000, 0x0000000085100000, 0x0000000085100000|100%| S|CS|TAMS 0x0000000085000000, 0x0000000085000000| Complete 
|  81|0x0000000085100000, 0x0000000085100000, 0x0000000085200000|  0%| F|  |TAMS 0x0000000085100000, 0x0000000085100000| Untracked 
|  82|0x0000000085200000, 0x0000000085200000, 0x0000000085300000|  0%| F|  |TAMS 0x0000000085200000, 0x0000000085200000| Untracked 
|  83|0x0000000085300000, 0x0000000085300000, 0x0000000085400000|  0%| F|  |TAMS 0x0000000085300000, 0x0000000085300000| Untracked 
|  84|0x0000000085400000, 0x0000000085400000, 0x0000000085500000|  0%| F|  |TAMS 0x0000000085400000, 0x0000000085400000| Untracked 
|  85|0x0000000085500000, 0x0000000085500000, 0x0000000085600000|  0%| F|  |TAMS 0x0000000085500000, 0x0000000085500000| Untracked 
|  86|0x0000000085600000, 0x0000000085600000, 0x0000000085700000|  0%| F|  |TAMS 0x0000000085600000, 0x0000000085600000| Untracked 
|  87|0x0000000085700000, 0x0000000085700000, 0x0000000085800000|  0%| F|  |TAMS 0x0000000085700000, 0x0000000085700000| Untracked 
|  88|0x0000000085800000, 0x0000000085800000, 0x0000000085900000|  0%| F|  |TAMS 0x0000000085800000, 0x0000000085800000| Untracked 
|  89|0x0000000085900000, 0x0000000085900000, 0x0000000085a00000|  0%| F|  |TAMS 0x0000000085900000, 0x0000000085900000| Untracked 
|  90|0x0000000085a00000, 0x0000000085a00000, 0x0000000085b00000|  0%| F|  |TAMS 0x0000000085a00000, 0x0000000085a00000| Untracked 
|  91|0x0000000085b00000, 0x0000000085b00000, 0x0000000085c00000|  0%| F|  |TAMS 0x0000000085b00000, 0x0000000085b00000| Untracked 
|  92|0x0000000085c00000, 0x0000000085c00000, 0x0000000085d00000|  0%| F|  |TAMS 0x0000000085c00000, 0x0000000085c00000| Untracked 
|  93|0x0000000085d00000, 0x0000000085d00000, 0x0000000085e00000|  0%| F|  |TAMS 0x0000000085d00000, 0x0000000085d00000| Untracked 
|  94|0x0000000085e00000, 0x0000000085e00000, 0x0000000085f00000|  0%| F|  |TAMS 0x0000000085e00000, 0x0000000085e00000| Untracked 
|  95|0x0000000085f00000, 0x0000000085f00000, 0x0000000086000000|  0%| F|  |TAMS 0x0000000085f00000, 0x0000000085f00000| Untracked 
|  96|0x0000000086000000, 0x0000000086000000, 0x0000000086100000|  0%| F|  |TAMS 0x0000000086000000, 0x0000000086000000| Untracked 
|  97|0x0000000086100000, 0x0000000086100000, 0x0000000086200000|  0%| F|  |TAMS 0x0000000086100000, 0x0000000086100000| Untracked 
|  98|0x0000000086200000, 0x0000000086200000, 0x0000000086300000|  0%| F|  |TAMS 0x0000000086200000, 0x0000000086200000| Untracked 
|  99|0x0000000086300000, 0x0000000086300000, 0x0000000086400000|  0%| F|  |TAMS 0x0000000086300000, 0x0000000086300000| Untracked 
| 100|0x0000000086400000, 0x0000000086400000, 0x0000000086500000|  0%| F|  |TAMS 0x0000000086400000, 0x0000000086400000| Untracked 
| 101|0x0000000086500000, 0x0000000086500000, 0x0000000086600000|  0%| F|  |TAMS 0x0000000086500000, 0x0000000086500000| Untracked 
| 102|0x0000000086600000, 0x0000000086600000, 0x0000000086700000|  0%| F|  |TAMS 0x0000000086600000, 0x0000000086600000| Untracked 
| 103|0x0000000086700000, 0x0000000086700000, 0x0000000086800000|  0%| F|  |TAMS 0x0000000086700000, 0x0000000086700000| Untracked 
| 104|0x0000000086800000, 0x0000000086800000, 0x0000000086900000|  0%| F|  |TAMS 0x0000000086800000, 0x0000000086800000| Untracked 
| 105|0x0000000086900000, 0x0000000086900000, 0x0000000086a00000|  0%| F|  |TAMS 0x0000000086900000, 0x0000000086900000| Untracked 
| 106|0x0000000086a00000, 0x0000000086a00000, 0x0000000086b00000|  0%| F|  |TAMS 0x0000000086a00000, 0x0000000086a00000| Untracked 
| 107|0x0000000086b00000, 0x0000000086b00000, 0x0000000086c00000|  0%| F|  |TAMS 0x0000000086b00000, 0x0000000086b00000| Untracked 
| 108|0x0000000086c00000, 0x0000000086c00000, 0x0000000086d00000|  0%| F|  |TAMS 0x0000000086c00000, 0x0000000086c00000| Untracked 
| 109|0x0000000086d00000, 0x0000000086d00000, 0x0000000086e00000|  0%| F|  |TAMS 0x0000000086d00000, 0x0000000086d00000| Untracked 
| 110|0x0000000086e00000, 0x0000000086e00000, 0x0000000086f00000|  0%| F|  |TAMS 0x0000000086e00000, 0x0000000086e00000| Untracked 
| 111|0x0000000086f00000, 0x0000000086f00000, 0x0000000087000000|  0%| F|  |TAMS 0x0000000086f00000, 0x0000000086f00000| Untracked 
| 112|0x0000000087000000, 0x0000000087000000, 0x0000000087100000|  0%| F|  |TAMS 0x0000000087000000, 0x0000000087000000| Untracked 
| 113|0x0000000087100000, 0x0000000087100000, 0x0000000087200000|  0%| F|  |TAMS 0x0000000087100000, 0x0000000087100000| Untracked 
| 114|0x0000000087200000, 0x0000000087200000, 0x0000000087300000|  0%| F|  |TAMS 0x0000000087200000, 0x0000000087200000| Untracked 
| 115|0x0000000087300000, 0x0000000087300000, 0x0000000087400000|  0%| F|  |TAMS 0x0000000087300000, 0x0000000087300000| Untracked 
| 116|0x0000000087400000, 0x0000000087400000, 0x0000000087500000|  0%| F|  |TAMS 0x0000000087400000, 0x0000000087400000| Untracked 
| 117|0x0000000087500000, 0x0000000087500000, 0x0000000087600000|  0%| F|  |TAMS 0x0000000087500000, 0x0000000087500000| Untracked 
| 118|0x0000000087600000, 0x0000000087600000, 0x0000000087700000|  0%| F|  |TAMS 0x0000000087600000, 0x0000000087600000| Untracked 
| 119|0x0000000087700000, 0x0000000087700000, 0x0000000087800000|  0%| F|  |TAMS 0x0000000087700000, 0x0000000087700000| Untracked 
| 120|0x0000000087800000, 0x0000000087800000, 0x0000000087900000|  0%| F|  |TAMS 0x0000000087800000, 0x0000000087800000| Untracked 
| 121|0x0000000087900000, 0x0000000087900000, 0x0000000087a00000|  0%| F|  |TAMS 0x0000000087900000, 0x0000000087900000| Untracked 
| 122|0x0000000087a00000, 0x0000000087a00000, 0x0000000087b00000|  0%| F|  |TAMS 0x0000000087a00000, 0x0000000087a00000| Untracked 
| 123|0x0000000087b00000, 0x0000000087b00000, 0x0000000087c00000|  0%| F|  |TAMS 0x0000000087b00000, 0x0000000087b00000| Untracked 
| 124|0x0000000087c00000, 0x0000000087c00000, 0x0000000087d00000|  0%| F|  |TAMS 0x0000000087c00000, 0x0000000087c00000| Untracked 
| 125|0x0000000087d00000, 0x0000000087d00000, 0x0000000087e00000|  0%| F|  |TAMS 0x0000000087d00000, 0x0000000087d00000| Untracked 
| 126|0x0000000087e00000, 0x0000000087e00000, 0x0000000087f00000|  0%| F|  |TAMS 0x0000000087e00000, 0x0000000087e00000| Untracked 
| 127|0x0000000087f00000, 0x0000000087f00000, 0x0000000088000000|  0%| F|  |TAMS 0x0000000087f00000, 0x0000000087f00000| Untracked 
| 128|0x0000000088000000, 0x0000000088000000, 0x0000000088100000|  0%| F|  |TAMS 0x0000000088000000, 0x0000000088000000| Untracked 
| 129|0x0000000088100000, 0x0000000088100000, 0x0000000088200000|  0%| F|  |TAMS 0x0000000088100000, 0x0000000088100000| Untracked 
| 130|0x0000000088200000, 0x0000000088200000, 0x0000000088300000|  0%| F|  |TAMS 0x0000000088200000, 0x0000000088200000| Untracked 
| 131|0x0000000088300000, 0x0000000088300000, 0x0000000088400000|  0%| F|  |TAMS 0x0000000088300000, 0x0000000088300000| Untracked 
| 132|0x0000000088400000, 0x0000000088400000, 0x0000000088500000|  0%| F|  |TAMS 0x0000000088400000, 0x0000000088400000| Untracked 
| 133|0x0000000088500000, 0x0000000088500000, 0x0000000088600000|  0%| F|  |TAMS 0x0000000088500000, 0x0000000088500000| Untracked 
| 134|0x0000000088600000, 0x0000000088600000, 0x0000000088700000|  0%| F|  |TAMS 0x0000000088600000, 0x0000000088600000| Untracked 
| 135|0x0000000088700000, 0x0000000088700000, 0x0000000088800000|  0%| F|  |TAMS 0x0000000088700000, 0x0000000088700000| Untracked 
| 136|0x0000000088800000, 0x0000000088800000, 0x0000000088900000|  0%| F|  |TAMS 0x0000000088800000, 0x0000000088800000| Untracked 
| 137|0x0000000088900000, 0x0000000088900000, 0x0000000088a00000|  0%| F|  |TAMS 0x0000000088900000, 0x0000000088900000| Untracked 
| 138|0x0000000088a00000, 0x0000000088a00000, 0x0000000088b00000|  0%| F|  |TAMS 0x0000000088a00000, 0x0000000088a00000| Untracked 
| 139|0x0000000088b00000, 0x0000000088b00000, 0x0000000088c00000|  0%| F|  |TAMS 0x0000000088b00000, 0x0000000088b00000| Untracked 
| 140|0x0000000088c00000, 0x0000000088c00000, 0x0000000088d00000|  0%| F|  |TAMS 0x0000000088c00000, 0x0000000088c00000| Untracked 
| 141|0x0000000088d00000, 0x0000000088d00000, 0x0000000088e00000|  0%| F|  |TAMS 0x0000000088d00000, 0x0000000088d00000| Untracked 
| 142|0x0000000088e00000, 0x0000000088e00000, 0x0000000088f00000|  0%| F|  |TAMS 0x0000000088e00000, 0x0000000088e00000| Untracked 
| 143|0x0000000088f00000, 0x0000000088f00000, 0x0000000089000000|  0%| F|  |TAMS 0x0000000088f00000, 0x0000000088f00000| Untracked 
| 144|0x0000000089000000, 0x0000000089000000, 0x0000000089100000|  0%| F|  |TAMS 0x0000000089000000, 0x0000000089000000| Untracked 
| 145|0x0000000089100000, 0x0000000089100000, 0x0000000089200000|  0%| F|  |TAMS 0x0000000089100000, 0x0000000089100000| Untracked 
| 146|0x0000000089200000, 0x0000000089200000, 0x0000000089300000|  0%| F|  |TAMS 0x0000000089200000, 0x0000000089200000| Untracked 
| 147|0x0000000089300000, 0x0000000089300000, 0x0000000089400000|  0%| F|  |TAMS 0x0000000089300000, 0x0000000089300000| Untracked 
| 148|0x0000000089400000, 0x0000000089400000, 0x0000000089500000|  0%| F|  |TAMS 0x0000000089400000, 0x0000000089400000| Untracked 
| 149|0x0000000089500000, 0x0000000089500000, 0x0000000089600000|  0%| F|  |TAMS 0x0000000089500000, 0x0000000089500000| Untracked 
| 150|0x0000000089600000, 0x0000000089600000, 0x0000000089700000|  0%| F|  |TAMS 0x0000000089600000, 0x0000000089600000| Untracked 
| 151|0x0000000089700000, 0x0000000089700000, 0x0000000089800000|  0%| F|  |TAMS 0x0000000089700000, 0x0000000089700000| Untracked 

Card table byte_map: [0x000001bbef800000,0x000001bbefc00000] _byte_map_base: 0x000001bbef400000

Marking Bits (Prev, Next): (CMBitMap*) 0x000001bbd7cd0118, (CMBitMap*) 0x000001bbd7cd0150
 Prev Bits: [0x000001bbf0000000, 0x000001bbf2000000)
 Next Bits: [0x000001bbf2000000, 0x000001bbf4000000)

Polling page: 0x000001bbd5a10000

Metaspace:

Usage:
  Non-class:     43.49 MB capacity,    42.69 MB ( 98%) used,   679.30 KB (  2%) free+waste,   138.69 KB ( <1%) overhead. 
      Class:      6.69 MB capacity,     6.21 MB ( 93%) used,   426.69 KB (  6%) free+waste,    66.38 KB ( <1%) overhead. 
       Both:     50.18 MB capacity,    48.90 MB ( 97%) used,     1.08 MB (  2%) free+waste,   205.06 KB ( <1%) overhead. 

Virtual space:
  Non-class space:       44.00 MB reserved,      43.70 MB (>99%) committed 
      Class space:        1.00 GB reserved,       6.75 MB ( <1%) committed 
             Both:        1.04 GB reserved,      50.45 MB (  5%) committed 

Chunk freelists:
   Non-Class:  26.00 KB
       Class:  27.00 KB
        Both:  53.00 KB

MaxMetaspaceSize: 17179869184.00 GB
CompressedClassSpaceSize: 1.00 GB
Initial GC threshold: 20.80 MB
Current GC threshold: 58.88 MB
CDS: off

CodeHeap 'non-profiled nmethods': size=120064Kb used=2923Kb max_used=2923Kb free=117140Kb
 bounds [0x000001bbe7ec0000, 0x000001bbe81a0000, 0x000001bbef400000]
CodeHeap 'profiled nmethods': size=120000Kb used=10827Kb max_used=10827Kb free=109172Kb
 bounds [0x000001bbe0990000, 0x000001bbe1430000, 0x000001bbe7ec0000]
CodeHeap 'non-nmethods': size=5696Kb used=2301Kb max_used=2337Kb free=3394Kb
 bounds [0x000001bbe0400000, 0x000001bbe0670000, 0x000001bbe0990000]
 total_blobs=6157 nmethods=5355 adapters=714
 compilation: enabled
              stopped_count=0, restarted_count=0
 full_count=0

Compilation events (20 events):
Event: 7.481 Thread 0x000001bbf6520800 5356       3       java.nio.Buffer::discardMark (6 bytes)
Event: 7.481 Thread 0x000001bbf6520800 nmethod 5356 0x000001bbe141e110 code [0x000001bbe141e2c0, 0x000001bbe141e3b8]
Event: 7.482 Thread 0x000001bbf6520800 5358       3       java.util.TreeMap$Values::iterator (19 bytes)
Event: 7.483 Thread 0x000001bbf6520800 nmethod 5358 0x000001bbe141e490 code [0x000001bbe141e680, 0x000001bbe141eb98]
Event: 7.483 Thread 0x000001bbf6520800 5359       3       java.util.TreeMap$ValueIterator::<init> (12 bytes)
Event: 7.483 Thread 0x000001bbf6520800 nmethod 5359 0x000001bbe141ed90 code [0x000001bbe141ef60, 0x000001bbe141f278]
Event: 7.487 Thread 0x000001bbf8288000 nmethod 5331 0x000001bbe8196a90 code [0x000001bbe8196d80, 0x000001bbe8199100]
Event: 7.487 Thread 0x000001bbf8288000 5357       4       java.util.zip.ZipFile$Source::initCEN (697 bytes)
Event: 7.489 Thread 0x000001bbf6520800 5360       3       com.google.common.collect.MapMakerInternalMap$StrongKeyWeakValueSegment::self (5 bytes)
Event: 7.490 Thread 0x000001bbf6520800 nmethod 5360 0x000001bbe141f390 code [0x000001bbe141f540, 0x000001bbe141f698]
Event: 7.490 Thread 0x000001bbf6520800 5361       3       com.google.common.collect.MapMakerInternalMap$StrongKeyWeakValueSegment::self (2 bytes)
Event: 7.490 Thread 0x000001bbf6520800 nmethod 5361 0x000001bbe141f790 code [0x000001bbe141f940, 0x000001bbe141fa38]
Event: 7.491 Thread 0x000001bbf6520800 5362       3       com.google.common.collect.MapMakerInternalMap$Segment::getEntry (80 bytes)
Event: 7.492 Thread 0x000001bbf6520800 nmethod 5362 0x000001bbe141fb10 code [0x000001bbe141fe80, 0x000001bbe1421628]
Event: 7.500 Thread 0x000001bbf6520800 5364       3       org.gradle.internal.util.Trie::find (135 bytes)
Event: 7.500 Thread 0x000001bbf6520800 nmethod 5364 0x000001bbe1421d90 code [0x000001bbe1421fc0, 0x000001bbe1422718]
Event: 7.500 Thread 0x000001bbf6520800 5363       3       org.gradle.internal.classloader.FilteringClassLoader$TrieSet::find (9 bytes)
Event: 7.501 Thread 0x000001bbf6520800 nmethod 5363 0x000001bbe1422990 code [0x000001bbe1422b40, 0x000001bbe1422c88]
Event: 7.506 Thread 0x000001bbf6520800 5365       1       com.google.common.collect.MapMakerInternalMap$AbstractStrongKeyEntry::getKey (5 bytes)
Event: 7.506 Thread 0x000001bbf6520800 nmethod 5365 0x000001bbe819aa10 code [0x000001bbe819abc0, 0x000001bbe819ac78]

GC Heap History (20 events):
Event: 0.534 GC heap after
{Heap after GC invocations=1 (full 0):
 garbage-first heap   total 129024K, used 3957K [0x0000000080000000, 0x0000000100000000)
  region size 1024K, 2 young (2048K), 2 survivors (2048K)
 Metaspace       used 6753K, capacity 6935K, committed 7168K, reserved 1056768K
  class space    used 571K, capacity 649K, committed 768K, reserved 1048576K
}
Event: 1.203 GC heap before
{Heap before GC invocations=1 (full 0):
 garbage-first heap   total 129024K, used 37749K [0x0000000080000000, 0x0000000100000000)
  region size 1024K, 32 young (32768K), 2 survivors (2048K)
 Metaspace       used 10859K, capacity 11083K, committed 11264K, reserved 1058816K
  class space    used 1112K, capacity 1206K, committed 1280K, reserved 1048576K
}
Event: 1.207 GC heap after
{Heap after GC invocations=2 (full 0):
 garbage-first heap   total 129024K, used 9643K [0x0000000080000000, 0x0000000100000000)
  region size 1024K, 4 young (4096K), 4 survivors (4096K)
 Metaspace       used 10859K, capacity 11083K, committed 11264K, reserved 1058816K
  class space    used 1112K, capacity 1206K, committed 1280K, reserved 1048576K
}
Event: 1.660 GC heap before
{Heap before GC invocations=2 (full 0):
 garbage-first heap   total 129024K, used 41387K [0x0000000080000000, 0x0000000100000000)
  region size 1024K, 35 young (35840K), 4 survivors (4096K)
 Metaspace       used 14175K, capacity 14464K, committed 14720K, reserved 1062912K
  class space    used 1562K, capacity 1652K, committed 1664K, reserved 1048576K
}
Event: 1.678 GC heap after
{Heap after GC invocations=3 (full 0):
 garbage-first heap   total 129024K, used 14884K [0x0000000080000000, 0x0000000100000000)
  region size 1024K, 5 young (5120K), 5 survivors (5120K)
 Metaspace       used 14175K, capacity 14464K, committed 14720K, reserved 1062912K
  class space    used 1562K, capacity 1652K, committed 1664K, reserved 1048576K
}
Event: 2.773 GC heap before
{Heap before GC invocations=3 (full 0):
 garbage-first heap   total 129024K, used 52772K [0x0000000080000000, 0x0000000100000000)
  region size 1024K, 42 young (43008K), 5 survivors (5120K)
 Metaspace       used 20221K, capacity 20632K, committed 20864K, reserved 1067008K
  class space    used 2429K, capacity 2582K, committed 2688K, reserved 1048576K
}
Event: 2.778 GC heap after
{Heap after GC invocations=4 (full 0):
 garbage-first heap   total 129024K, used 17034K [0x0000000080000000, 0x0000000100000000)
  region size 1024K, 2 young (2048K), 2 survivors (2048K)
 Metaspace       used 20221K, capacity 20632K, committed 20864K, reserved 1067008K
  class space    used 2429K, capacity 2582K, committed 2688K, reserved 1048576K
}
Event: 2.846 GC heap before
{Heap before GC invocations=4 (full 0):
 garbage-first heap   total 129024K, used 24202K [0x0000000080000000, 0x0000000100000000)
  region size 1024K, 10 young (10240K), 2 survivors (2048K)
 Metaspace       used 20803K, capacity 21198K, committed 21296K, reserved 1069056K
  class space    used 2520K, capacity 2687K, committed 2688K, reserved 1048576K
}
Event: 2.849 GC heap after
{Heap after GC invocations=5 (full 0):
 garbage-first heap   total 129024K, used 17238K [0x0000000080000000, 0x0000000100000000)
  region size 1024K, 3 young (3072K), 3 survivors (3072K)
 Metaspace       used 20803K, capacity 21198K, committed 21296K, reserved 1069056K
  class space    used 2520K, capacity 2687K, committed 2688K, reserved 1048576K
}
Event: 3.320 GC heap before
{Heap before GC invocations=6 (full 0):
 garbage-first heap   total 129024K, used 62294K [0x0000000080000000, 0x0000000100000000)
  region size 1024K, 47 young (48128K), 3 survivors (3072K)
 Metaspace       used 25384K, capacity 25951K, committed 25984K, reserved 1071104K
  class space    used 3260K, capacity 3448K, committed 3456K, reserved 1048576K
}
Event: 3.324 GC heap after
{Heap after GC invocations=7 (full 0):
 garbage-first heap   total 129024K, used 18968K [0x0000000080000000, 0x0000000100000000)
  region size 1024K, 4 young (4096K), 4 survivors (4096K)
 Metaspace       used 25384K, capacity 25951K, committed 25984K, reserved 1071104K
  class space    used 3260K, capacity 3448K, committed 3456K, reserved 1048576K
}
Event: 4.294 GC heap before
{Heap before GC invocations=7 (full 0):
 garbage-first heap   total 129024K, used 86552K [0x0000000080000000, 0x0000000100000000)
  region size 1024K, 70 young (71680K), 4 survivors (4096K)
 Metaspace       used 32449K, capacity 33236K, committed 33408K, reserved 1077248K
  class space    used 4344K, capacity 4649K, committed 4736K, reserved 1048576K
}
Event: 4.303 GC heap after
{Heap after GC invocations=8 (full 0):
 garbage-first heap   total 155648K, used 21013K [0x0000000080000000, 0x0000000100000000)
  region size 1024K, 6 young (6144K), 6 survivors (6144K)
 Metaspace       used 32449K, capacity 33236K, committed 33408K, reserved 1077248K
  class space    used 4344K, capacity 4649K, committed 4736K, reserved 1048576K
}
Event: 4.972 GC heap before
{Heap before GC invocations=8 (full 0):
 garbage-first heap   total 155648K, used 30229K [0x0000000080000000, 0x0000000100000000)
  region size 1024K, 16 young (16384K), 6 survivors (6144K)
 Metaspace       used 34920K, capacity 35832K, committed 36048K, reserved 1081344K
  class space    used 4546K, capacity 4855K, committed 4864K, reserved 1048576K
}
Event: 4.985 GC heap after
{Heap after GC invocations=9 (full 0):
 garbage-first heap   total 155648K, used 22544K [0x0000000080000000, 0x0000000100000000)
  region size 1024K, 6 young (6144K), 6 survivors (6144K)
 Metaspace       used 34920K, capacity 35832K, committed 36048K, reserved 1081344K
  class space    used 4546K, capacity 4855K, committed 4864K, reserved 1048576K
}
Event: 5.861 GC heap before
{Heap before GC invocations=10 (full 0):
 garbage-first heap   total 155648K, used 90128K [0x0000000080000000, 0x0000000100000000)
  region size 1024K, 70 young (71680K), 6 survivors (6144K)
 Metaspace       used 40963K, capacity 41930K, committed 42192K, reserved 1085440K
  class space    used 5192K, capacity 5558K, committed 5632K, reserved 1048576K
}
Event: 5.872 GC heap after
{Heap after GC invocations=11 (full 0):
 garbage-first heap   total 155648K, used 28486K [0x0000000080000000, 0x0000000100000000)
  region size 1024K, 9 young (9216K), 9 survivors (9216K)
 Metaspace       used 40963K, capacity 41930K, committed 42192K, reserved 1085440K
  class space    used 5192K, capacity 5558K, committed 5632K, reserved 1048576K
}
Event: 6.613 GC heap before
{Heap before GC invocations=11 (full 0):
 garbage-first heap   total 155648K, used 95046K [0x0000000080000000, 0x0000000100000000)
  region size 1024K, 74 young (75776K), 9 survivors (9216K)
 Metaspace       used 46791K, capacity 47872K, committed 48080K, reserved 1091584K
  class space    used 5963K, capacity 6379K, committed 6400K, reserved 1048576K
}
Event: 6.624 GC heap after
{Heap after GC invocations=12 (full 0):
 garbage-first heap   total 155648K, used 31552K [0x0000000080000000, 0x0000000100000000)
  region size 1024K, 4 young (4096K), 4 survivors (4096K)
 Metaspace       used 46791K, capacity 47872K, committed 48080K, reserved 1091584K
  class space    used 5963K, capacity 6379K, committed 6400K, reserved 1048576K
}
Event: 7.517 GC heap before
{Heap before GC invocations=12 (full 0):
 garbage-first heap   total 155648K, used 108352K [0x0000000080000000, 0x0000000100000000)
  region size 1024K, 71 young (72704K), 4 survivors (4096K)
 Metaspace       used 50075K, capacity 51387K, committed 51664K, reserved 1093632K
  class space    used 6359K, capacity 6853K, committed 6912K, reserved 1048576K
}

Deoptimization events (20 events):
Event: 7.394 Thread 0x000001bbf817c800 DEOPT PACKING pc=0x000001bbe7f2274c sp=0x0000006d162f73d0
Event: 7.394 Thread 0x000001bbf817c800 DEOPT UNPACKING pc=0x000001bbe044a1af sp=0x0000006d162f7360 mode 2
Event: 7.419 Thread 0x000001bbf817c800 DEOPT PACKING pc=0x000001bbe13f5084 sp=0x0000006d162f06c0
Event: 7.419 Thread 0x000001bbf817c800 DEOPT UNPACKING pc=0x000001bbe044a95e sp=0x0000006d162efc98 mode 0
Event: 7.423 Thread 0x000001bbf817c800 DEOPT PACKING pc=0x000001bbe13f5084 sp=0x0000006d162f06c0
Event: 7.423 Thread 0x000001bbf817c800 DEOPT UNPACKING pc=0x000001bbe044a95e sp=0x0000006d162efc98 mode 0
Event: 7.433 Thread 0x000001bbf817c800 DEOPT PACKING pc=0x000001bbe0f9e34c sp=0x0000006d162f0540
Event: 7.433 Thread 0x000001bbf817c800 DEOPT UNPACKING pc=0x000001bbe044a95e sp=0x0000006d162efae0 mode 0
Event: 7.438 Thread 0x000001bbf817c800 DEOPT PACKING pc=0x000001bbe13f5084 sp=0x0000006d162f06c0
Event: 7.438 Thread 0x000001bbf817c800 DEOPT UNPACKING pc=0x000001bbe044a95e sp=0x0000006d162efc98 mode 0
Event: 7.451 Thread 0x000001bbf817c800 DEOPT PACKING pc=0x000001bbe13f5084 sp=0x0000006d162f0600
Event: 7.451 Thread 0x000001bbf817c800 DEOPT UNPACKING pc=0x000001bbe044a95e sp=0x0000006d162efbd8 mode 0
Event: 7.459 Thread 0x000001bbf817c800 DEOPT PACKING pc=0x000001bbe13f5084 sp=0x0000006d162f0590
Event: 7.459 Thread 0x000001bbf817c800 DEOPT UNPACKING pc=0x000001bbe044a95e sp=0x0000006d162efb68 mode 0
Event: 7.469 Thread 0x000001bbf817c800 DEOPT PACKING pc=0x000001bbe13f5084 sp=0x0000006d162f0590
Event: 7.469 Thread 0x000001bbf817c800 DEOPT UNPACKING pc=0x000001bbe044a95e sp=0x0000006d162efb68 mode 0
Event: 7.478 Thread 0x000001bbf817c800 DEOPT PACKING pc=0x000001bbe0f9e34c sp=0x0000006d162f0410
Event: 7.478 Thread 0x000001bbf817c800 DEOPT UNPACKING pc=0x000001bbe044a95e sp=0x0000006d162ef9b0 mode 0
Event: 7.481 Thread 0x000001bbf817c800 DEOPT PACKING pc=0x000001bbe13f5084 sp=0x0000006d162f0590
Event: 7.481 Thread 0x000001bbf817c800 DEOPT UNPACKING pc=0x000001bbe044a95e sp=0x0000006d162efb68 mode 0

Classes redefined (0 events):
No events

Internal exceptions (20 events):
Event: 7.426 Thread 0x000001bbf817c800 Exception <a 'java/security/PrivilegedActionException'{0x0000000085e77d10}> (0x0000000085e77d10) thrown at [./src/hotspot/share/prims/jvm.cpp, line 1306]
Event: 7.426 Thread 0x000001bbf817c800 Exception <a 'java/security/PrivilegedActionException'{0x0000000085e79278}> (0x0000000085e79278) thrown at [./src/hotspot/share/prims/jvm.cpp, line 1306]
Event: 7.426 Thread 0x000001bbf817c800 Exception <a 'java/security/PrivilegedActionException'{0x0000000085e7c170}> (0x0000000085e7c170) thrown at [./src/hotspot/share/prims/jvm.cpp, line 1306]
Event: 7.426 Thread 0x000001bbf817c800 Exception <a 'java/security/PrivilegedActionException'{0x0000000085e7d6d8}> (0x0000000085e7d6d8) thrown at [./src/hotspot/share/prims/jvm.cpp, line 1306]
Event: 7.426 Thread 0x000001bbf817c800 Exception <a 'java/security/PrivilegedActionException'{0x0000000085e80558}> (0x0000000085e80558) thrown at [./src/hotspot/share/prims/jvm.cpp, line 1306]
Event: 7.426 Thread 0x000001bbf817c800 Exception <a 'java/security/PrivilegedActionException'{0x0000000085e81ac0}> (0x0000000085e81ac0) thrown at [./src/hotspot/share/prims/jvm.cpp, line 1306]
Event: 7.435 Thread 0x000001bbf817c800 Exception <a 'java/security/PrivilegedActionException'{0x0000000085d6eb18}> (0x0000000085d6eb18) thrown at [./src/hotspot/share/prims/jvm.cpp, line 1306]
Event: 7.435 Thread 0x000001bbf817c800 Exception <a 'java/security/PrivilegedActionException'{0x0000000085d70080}> (0x0000000085d70080) thrown at [./src/hotspot/share/prims/jvm.cpp, line 1306]
Event: 7.435 Thread 0x000001bbf817c800 Exception <a 'java/security/PrivilegedActionException'{0x0000000085d72f00}> (0x0000000085d72f00) thrown at [./src/hotspot/share/prims/jvm.cpp, line 1306]
Event: 7.436 Thread 0x000001bbf817c800 Exception <a 'java/security/PrivilegedActionException'{0x0000000085d74468}> (0x0000000085d74468) thrown at [./src/hotspot/share/prims/jvm.cpp, line 1306]
Event: 7.436 Thread 0x000001bbf817c800 Exception <a 'java/security/PrivilegedActionException'{0x0000000085d773b8}> (0x0000000085d773b8) thrown at [./src/hotspot/share/prims/jvm.cpp, line 1306]
Event: 7.436 Thread 0x000001bbf817c800 Exception <a 'java/security/PrivilegedActionException'{0x0000000085d78920}> (0x0000000085d78920) thrown at [./src/hotspot/share/prims/jvm.cpp, line 1306]
Event: 7.436 Thread 0x000001bbf817c800 Exception <a 'java/security/PrivilegedActionException'{0x0000000085d7b7c0}> (0x0000000085d7b7c0) thrown at [./src/hotspot/share/prims/jvm.cpp, line 1306]
Event: 7.436 Thread 0x000001bbf817c800 Exception <a 'java/security/PrivilegedActionException'{0x0000000085d7cd28}> (0x0000000085d7cd28) thrown at [./src/hotspot/share/prims/jvm.cpp, line 1306]
Event: 7.436 Thread 0x000001bbf817c800 Exception <a 'java/security/PrivilegedActionException'{0x0000000085d7fc00}> (0x0000000085d7fc00) thrown at [./src/hotspot/share/prims/jvm.cpp, line 1306]
Event: 7.436 Thread 0x000001bbf817c800 Exception <a 'java/security/PrivilegedActionException'{0x0000000085d81168}> (0x0000000085d81168) thrown at [./src/hotspot/share/prims/jvm.cpp, line 1306]
Event: 7.436 Thread 0x000001bbf817c800 Exception <a 'java/security/PrivilegedActionException'{0x0000000085d840b8}> (0x0000000085d840b8) thrown at [./src/hotspot/share/prims/jvm.cpp, line 1306]
Event: 7.436 Thread 0x000001bbf817c800 Exception <a 'java/security/PrivilegedActionException'{0x0000000085d85620}> (0x0000000085d85620) thrown at [./src/hotspot/share/prims/jvm.cpp, line 1306]
Event: 7.481 Thread 0x000001bbf817c800 Exception <a 'java/lang/ClassNotFoundException'{0x000000008574ee48}: org/gradle/api/internal/plugins/DefaultObjectConfigurationActionBeanInfo> (0x000000008574ee48) thrown at [./src/hotspot/share/classfile/systemDictionary.cpp, line 230]
Event: 7.482 Thread 0x000001bbf817c800 Exception <a 'java/lang/ClassNotFoundException'{0x0000000085786688}: org/gradle/api/internal/plugins/DefaultObjectConfigurationActionCustomizer> (0x0000000085786688) thrown at [./src/hotspot/share/classfile/systemDictionary.cpp, line 230]

Events (20 events):
Event: 7.509 loading class com/google/common/collect/ImmutableCollection done
Event: 7.510 loading class com/google/common/collect/Lists$StringAsImmutableList
Event: 7.510 loading class com/google/common/collect/Lists$StringAsImmutableList done
Event: 7.511 loading class com/google/common/collect/CollectPreconditions
Event: 7.511 loading class com/google/common/collect/CollectPreconditions done
Event: 7.512 loading class com/google/common/base/AbstractIterator$State
Event: 7.512 loading class com/google/common/base/AbstractIterator$State done
Event: 7.512 loading class com/google/common/base/AbstractIterator$1
Event: 7.512 loading class com/google/common/base/AbstractIterator$1 done
Event: 7.513 loading class com/android/ide/common/repository/GradleVersion$VersionSegment
Event: 7.513 loading class com/android/ide/common/repository/GradleVersion$VersionSegment done
Event: 7.514 loading class com/google/common/collect/RegularImmutableAsList
Event: 7.514 loading class com/google/common/collect/RegularImmutableAsList done
Event: 7.514 loading class com/google/common/collect/ImmutableAsList
Event: 7.514 loading class com/google/common/collect/ImmutableAsList done
Event: 7.516 loading class com/google/common/collect/UnmodifiableIterator
Event: 7.516 loading class com/google/common/collect/UnmodifiableIterator done
Event: 7.516 loading class com/google/common/collect/UnmodifiableListIterator
Event: 7.516 loading class com/google/common/collect/UnmodifiableListIterator done
Event: 7.516 Executing VM operation: G1CollectForAllocation


Dynamic libraries:
0x00007ff654a50000 - 0x00007ff654a5d000 	C:\Users\ad\.jdks\corretto-11.0.18\bin\java.exe
0x00007ffbd4920000 - 0x00007ffbd4b10000 	C:\Windows\SYSTEM32\ntdll.dll
0x00007ffbd36b0000 - 0x00007ffbd3762000 	C:\Windows\System32\KERNEL32.DLL
0x00007ffbd18d0000 - 0x00007ffbd1b73000 	C:\Windows\System32\KERNELBASE.dll
0x00007ffbd1c10000 - 0x00007ffbd1d0a000 	C:\Windows\System32\ucrtbase.dll
0x00007ffbcce00000 - 0x00007ffbcce19000 	C:\Users\ad\.jdks\corretto-11.0.18\bin\VCRUNTIME140.dll
0x00007ffbcc8f0000 - 0x00007ffbcc907000 	C:\Users\ad\.jdks\corretto-11.0.18\bin\jli.dll
0x00007ffbd2b90000 - 0x00007ffbd2d24000 	C:\Windows\System32\USER32.dll
0x00007ffbc2760000 - 0x00007ffbc29e5000 	C:\Windows\WinSxS\amd64_microsoft.windows.common-controls_6595b64144ccf1df_6.0.18362.535_none_e6c3b34713100821\COMCTL32.dll
0x00007ffbd1b80000 - 0x00007ffbd1ba1000 	C:\Windows\System32\win32u.dll
0x00007ffbd29d0000 - 0x00007ffbd2a6e000 	C:\Windows\System32\msvcrt.dll
0x00007ffbd3650000 - 0x00007ffbd3676000 	C:\Windows\System32\GDI32.dll
0x00007ffbd2e20000 - 0x00007ffbd3156000 	C:\Windows\System32\combase.dll
0x00007ffbd42e0000 - 0x00007ffbd4400000 	C:\Windows\System32\RPCRT4.dll
0x00007ffbd1de0000 - 0x00007ffbd1f74000 	C:\Windows\System32\gdi32full.dll
0x00007ffbd2080000 - 0x00007ffbd2100000 	C:\Windows\System32\bcryptPrimitives.dll
0x00007ffbd1d40000 - 0x00007ffbd1dde000 	C:\Windows\System32\msvcp_win.dll
0x00007ffbd3680000 - 0x00007ffbd36ae000 	C:\Windows\System32\IMM32.DLL
0x00007ffbcc850000 - 0x00007ffbcc8eb000 	C:\Users\ad\.jdks\corretto-11.0.18\bin\msvcp140.dll
0x00007ffba9770000 - 0x00007ffbaa2fa000 	C:\Users\ad\.jdks\corretto-11.0.18\bin\server\jvm.dll
0x00007ffbd2a80000 - 0x00007ffbd2b23000 	C:\Windows\System32\ADVAPI32.dll
0x00007ffbd3800000 - 0x00007ffbd3897000 	C:\Windows\System32\sechost.dll
0x00007ffbd2a70000 - 0x00007ffbd2a78000 	C:\Windows\System32\PSAPI.DLL
0x00007ffbba580000 - 0x00007ffbba589000 	C:\Windows\SYSTEM32\WSOCK32.dll
0x00007ffbd41c0000 - 0x00007ffbd422f000 	C:\Windows\System32\WS2_32.dll
0x00007ffbcd7f0000 - 0x00007ffbcd814000 	C:\Windows\SYSTEM32\WINMM.dll
0x00007ffbc9580000 - 0x00007ffbc958a000 	C:\Windows\SYSTEM32\VERSION.dll
0x00007ffbcd7c0000 - 0x00007ffbcd7ed000 	C:\Windows\SYSTEM32\WINMMBASE.dll
0x00007ffbd2030000 - 0x00007ffbd207a000 	C:\Windows\System32\cfgmgr32.dll
0x00007ffbd1800000 - 0x00007ffbd1811000 	C:\Windows\System32\kernel.appcore.dll
0x00007ffbcd3b0000 - 0x00007ffbcd3c0000 	C:\Users\ad\.jdks\corretto-11.0.18\bin\verify.dll
0x00007ffbd0100000 - 0x00007ffbd02f4000 	C:\Windows\SYSTEM32\DBGHELP.DLL
0x00007ffbb7f30000 - 0x00007ffbb7f5a000 	C:\Windows\SYSTEM32\dbgcore.DLL
0x00007ffbcb130000 - 0x00007ffbcb158000 	C:\Users\ad\.jdks\corretto-11.0.18\bin\java.dll
0x00007ffbccdf0000 - 0x00007ffbccdfa000 	C:\Users\ad\.jdks\corretto-11.0.18\bin\jimage.dll
0x00007ffbcb020000 - 0x00007ffbcb038000 	C:\Users\ad\.jdks\corretto-11.0.18\bin\zip.dll
0x00007ffbd3ad0000 - 0x00007ffbd41b5000 	C:\Windows\System32\SHELL32.dll
0x00007ffbd4760000 - 0x00007ffbd4809000 	C:\Windows\System32\shcore.dll
0x00007ffbd2250000 - 0x00007ffbd29cf000 	C:\Windows\System32\windows.storage.dll
0x00007ffbd1820000 - 0x00007ffbd183f000 	C:\Windows\System32\profapi.dll
0x00007ffbd1860000 - 0x00007ffbd18aa000 	C:\Windows\System32\powrprof.dll
0x00007ffbd17f0000 - 0x00007ffbd1800000 	C:\Windows\System32\UMPDC.dll
0x00007ffbd2dc0000 - 0x00007ffbd2e12000 	C:\Windows\System32\shlwapi.dll
0x00007ffbd18b0000 - 0x00007ffbd18c7000 	C:\Windows\System32\cryptsp.dll
0x00007ffbcb000000 - 0x00007ffbcb019000 	C:\Users\ad\.jdks\corretto-11.0.18\bin\net.dll
0x00007ffbc3680000 - 0x00007ffbc3770000 	C:\Windows\SYSTEM32\WINHTTP.dll
0x00007ffbd1060000 - 0x00007ffbd10c7000 	C:\Windows\system32\mswsock.dll
0x00007ffbcafe0000 - 0x00007ffbcaff3000 	C:\Users\ad\.jdks\corretto-11.0.18\bin\nio.dll
0x00007ffba6e20000 - 0x00007ffba6e47000 	C:\Users\ad\.gradle\native\e1d6ef7f7dcc3fd88c89a11ec53ec762bb8ba0a96d01ffa2cd45eb1d1d8dd5c5\windows-amd64\native-platform.dll
0x00007ffbb8fc0000 - 0x00007ffbb9104000 	C:\Users\ad\.gradle\native\0d407fdbe67a94daf76414ababcb853783967236a71b16ec16e742cd7a986fd3\windows-amd64\native-platform-file-events.dll
0x00007ffbcaf90000 - 0x00007ffbcaf99000 	C:\Users\ad\.jdks\corretto-11.0.18\bin\management.dll
0x00007ffbcaf80000 - 0x00007ffbcaf8b000 	C:\Users\ad\.jdks\corretto-11.0.18\bin\management_ext.dll
0x00007ffbd0bd0000 - 0x00007ffbd0c03000 	C:\Windows\system32\rsaenh.dll
0x00007ffbd1d10000 - 0x00007ffbd1d36000 	C:\Windows\System32\bcrypt.dll
0x00007ffbd16e0000 - 0x00007ffbd1705000 	C:\Windows\SYSTEM32\USERENV.dll
0x00007ffbd1230000 - 0x00007ffbd123c000 	C:\Windows\SYSTEM32\CRYPTBASE.dll
0x00007ffbd0d70000 - 0x00007ffbd0daa000 	C:\Windows\SYSTEM32\IPHLPAPI.DLL
0x00007ffbd2d30000 - 0x00007ffbd2d38000 	C:\Windows\System32\NSI.dll
0x00007ffbc9540000 - 0x00007ffbc9556000 	C:\Windows\SYSTEM32\dhcpcsvc6.DLL
0x00007ffbc9620000 - 0x00007ffbc963c000 	C:\Windows\SYSTEM32\dhcpcsvc.DLL
0x00007ffbd0db0000 - 0x00007ffbd0e7a000 	C:\Windows\SYSTEM32\DNSAPI.dll

dbghelp: loaded successfully - version: 4.0.5 - missing functions: none
symbol engine: initialized successfully - sym options: 0x614 - pdb path: .;C:\Users\ad\.jdks\corretto-11.0.18\bin;C:\Windows\SYSTEM32;C:\Windows\WinSxS\amd64_microsoft.windows.common-controls_6595b64144ccf1df_6.0.18362.535_none_e6c3b34713100821;C:\Users\ad\.jdks\corretto-11.0.18\bin\server;C:\Users\ad\.gradle\native\e1d6ef7f7dcc3fd88c89a11ec53ec762bb8ba0a96d01ffa2cd45eb1d1d8dd5c5\windows-amd64;C:\Users\ad\.gradle\native\0d407fdbe67a94daf76414ababcb853783967236a71b16ec16e742cd7a986fd3\windows-amd64

VM Arguments:
jvm_args: --add-opens=java.base/java.util=ALL-UNNAMED --add-opens=java.base/java.lang=ALL-UNNAMED --add-opens=java.base/java.lang.invoke=ALL-UNNAMED --add-opens=java.base/java.util=ALL-UNNAMED --add-opens=java.prefs/java.util.prefs=ALL-UNNAMED --add-opens=java.prefs/java.util.prefs=ALL-UNNAMED --add-opens=java.base/java.nio.charset=ALL-UNNAMED --add-opens=java.base/java.net=ALL-UNNAMED --add-opens=java.base/java.util.concurrent.atomic=ALL-UNNAMED -Xmx2048m -Dfile.encoding=UTF-8 -Duser.country=US -Duser.language=en -Duser.variant 
java_command: org.gradle.launcher.daemon.bootstrap.GradleDaemon 7.5
java_class_path (initial): C:\Users\ad\.gradle\wrapper\dists\gradle-7.5-bin\f1w0cc9nuo0eivz97x2xlu9sv\gradle-7.5\lib\gradle-launcher-7.5.jar
Launcher Type: SUN_STANDARD

[Global flags]
     intx CICompilerCount                          = 3                                         {product} {ergonomic}
     uint ConcGCThreads                            = 1                                         {product} {ergonomic}
     uint G1ConcRefinementThreads                  = 4                                         {product} {ergonomic}
   size_t G1HeapRegionSize                         = 1048576                                   {product} {ergonomic}
    uintx GCDrainStackTargetSize                   = 64                                        {product} {ergonomic}
   size_t InitialHeapSize                          = 132120576                                 {product} {ergonomic}
   size_t MarkStackSize                            = 4194304                                   {product} {ergonomic}
   size_t MaxHeapSize                              = 2147483648                                {product} {command line}
   size_t MaxNewSize                               = 1287651328                                {product} {ergonomic}
   size_t MinHeapDeltaBytes                        = 1048576                                   {product} {ergonomic}
    uintx NonNMethodCodeHeapSize                   = 5830732                                {pd product} {ergonomic}
    uintx NonProfiledCodeHeapSize                  = 122913754                              {pd product} {ergonomic}
    uintx ProfiledCodeHeapSize                     = 122913754                              {pd product} {ergonomic}
    uintx ReservedCodeCacheSize                    = 251658240                              {pd product} {ergonomic}
     bool SegmentedCodeCache                       = true                                      {product} {ergonomic}
     bool UseCompressedClassPointers               = true                                 {lp64_product} {ergonomic}
     bool UseCompressedOops                        = true                                 {lp64_product} {ergonomic}
     bool UseG1GC                                  = true                                      {product} {ergonomic}
     bool UseLargePagesIndividualAllocation        = false                                  {pd product} {ergonomic}

Logging:
Log output configuration:
 #0: stdout all=warning uptime,level,tags
 #1: stderr all=off uptime,level,tags

Environment Variables:
PATH=C:\Program Files\Common Files\Oracle\Java\javapath;C:\Windows\system32;C:\Windows;C:\Windows\System32\Wbem;C:\Windows\System32\WindowsPowerShell\v1.0\;C:\Windows\System32\OpenSSH\;C:\Program Files (x86)\NVIDIA Corporation\PhysX\Common;C:\FPC\3.2.2\bin\i386-Win32;C:\Program Files\Azure Data Studio\bin;D:\SAVE DATA\XAMPP\DATA\php;D:\SAVE DATA\XAMPP\Composer;C:\Program Files\Cloudflare\Cloudflare WARP\;D:\VDK\XC8\bin;C:\Program Files\Git\cmd;C:\Users\ad\AppData\Local\Microsoft\WindowsApps;C:\Users\ad\AppData\Local\Programs\Microsoft VS Code\bin;C:\Program Files\Azure Data Studio\bin;C:\Users\ad\AppData\Local\GitHubDesktop\bin;C:\Users\ad\AppData\Roaming\Composer\vendor\bin
USERNAME=ad
OS=Windows_NT
PROCESSOR_IDENTIFIER=Intel64 Family 6 Model 94 Stepping 3, GenuineIntel
TMP=C:\Users\ad\AppData\Local\Temp
TEMP=C:\Users\ad\AppData\Local\Temp



---------------  S Y S T E M  ---------------

OS: Windows 10 , 64 bit Build 18362 (10.0.18362.329)
OS uptime: 0 days 0:06 hours

CPU:total 4 (initial active 4) (4 cores per cpu, 1 threads per core) family 6 model 94 stepping 3 microcode 0xcc, cmov, cx8, fxsr, mmx, sse, sse2, sse3, ssse3, sse4.1, sse4.2, popcnt, avx, avx2, aes, clmul, erms, rtm, 3dnowpref, lzcnt, tsc, tscinvbit, bmi1, bmi2, adx, fma

Memory: 4k page, system-wide physical 8058M (831M free)
TotalPageFile size 8058M (AvailPageFile size 19M)
current process WorkingSet (physical memory assigned to process): 308M, peak: 308M
current process commit charge ("private bytes"): 356M, peak: 386M

vm_info: OpenJDK 64-Bit Server VM (11.0.18+10-LTS) for windows-amd64 JRE (11.0.18+10-LTS), built on Jan 10 2023 20:17:52 by "Administrator" with MS VC++ 15.9 (VS2017)

END.
